#
# There is insufficient memory for the Java Runtime Environment to continue.
# Native memory allocation (malloc) failed to allocate 1029296 bytes for Chunk::new
# Possible reasons:
#   The system is out of physical RAM or swap space
#   The process is running with CompressedOops enabled, and the Java Heap may be blocking the growth of the native heap
# Possible solutions:
#   Reduce memory load on the system
#   Increase physical memory or swap space
#   Check if swap backing store is full
#   Decrease Java heap size (-Xmx/-Xms)
#   Decrease number of Java threads
#   Decrease Java thread stack sizes (-Xss)
#   Set larger code cache with -XX:ReservedCodeCacheSize=
#   JVM is running with Unscaled Compressed Oops mode in which the Java heap is
#     placed in the first 4GB address space. The Java Heap base address is the
#     maximum limit for the native heap growth. Please use -XX:HeapBaseMinAddress
#     to set the Java Heap base and to place the Java Heap above 4GB virtual address.
# This output file may be truncated or incomplete.
#
#  Out of Memory Error (./src/hotspot/share/memory/arena.cpp:197), pid=11512, tid=19980
#
# JRE version: OpenJDK Runtime Environment (11.0.13) (build 11.0.13+0-b1751.21-8125866)
# Java VM: OpenJDK 64-Bit Server VM (11.0.13+0-b1751.21-8125866, mixed mode, tiered, compressed oops, g1 gc, windows-amd64)
# No core dump will be written. Minidumps are not enabled by default on client versions of Windows
#

---------------  S U M M A R Y ------------

Command Line: --add-opens=java.base/java.util=ALL-UNNAMED --add-opens=java.base/java.lang=ALL-UNNAMED --add-opens=java.base/java.lang.invoke=ALL-UNNAMED --add-opens=java.base/java.util=ALL-UNNAMED --add-opens=java.prefs/java.util.prefs=ALL-UNNAMED --add-opens=java.prefs/java.util.prefs=ALL-UNNAMED --add-opens=java.base/java.nio.charset=ALL-UNNAMED --add-opens=java.base/java.net=ALL-UNNAMED --add-opens=java.base/java.util.concurrent.atomic=ALL-UNNAMED -Xmx1536M -Dfile.encoding=windows-1256 -Duser.country=US -Duser.language=en -Duser.variant org.gradle.launcher.daemon.bootstrap.GradleDaemon 7.5

Host: Intel(R) Core(TM) i5-4310M CPU @ 2.70GHz, 4 cores, 7G,  Windows 10 , 64 bit Build 19041 (10.0.19041.546)
Time: Wed Apr 24 22:08:21 2024 Turkey Standard Time elapsed time: 2264.490020 seconds (0d 0h 37m 44s)

---------------  T H R E A D  ---------------

Current thread (0x00000203fa833000):  JavaThread "C2 CompilerThread0" daemon [_thread_in_native, id=19980, stack(0x0000004651000000,0x0000004651100000)]


Current CompileTask:
C2:2264490 7339 %     4       org.gradle.internal.instantiation.generator.AbstractClassGenerator::inspectType @ 207 (560 bytes)

Stack: [0x0000004651000000,0x0000004651100000]
Native frames: (J=compiled Java code, j=interpreted, Vv=VM code, C=native code)
V  [jvm.dll+0x6100fa]
V  [jvm.dll+0x747090]
V  [jvm.dll+0x7486ad]
V  [jvm.dll+0x748d83]
V  [jvm.dll+0x24ab48]
V  [jvm.dll+0xc04dc]
V  [jvm.dll+0xc0a0c]
V  [jvm.dll+0x2bfab4]
V  [jvm.dll+0x524238]
V  [jvm.dll+0x204a21]
V  [jvm.dll+0x2023c2]
V  [jvm.dll+0x188e01]
V  [jvm.dll+0x21106b]
V  [jvm.dll+0x20f8c1]
V  [jvm.dll+0x70de0f]
V  [jvm.dll+0x706a75]
V  [jvm.dll+0x60ed66]
C  [ucrtbase.dll+0x214c2]
C  [KERNEL32.DLL+0x17034]
C  [ntdll.dll+0x4cec1]


---------------  P R O C E S S  ---------------

Threads class SMR info:
_java_thread_list=0x00000203fe599940, length=81, elements={
0x00000203eefc0000, 0x00000203fa811000, 0x00000203fa811800, 0x00000203fa82e000,
0x00000203fa82f000, 0x00000203fa830000, 0x00000203fa833000, 0x00000203fa837000,
0x00000203fa856000, 0x00000203fb32c800, 0x00000203fcd5a800, 0x00000203fc3d8800,
0x00000203fc341800, 0x00000203fbb01000, 0x00000203fc89d800, 0x00000203fbeca800,
0x00000203fbecb800, 0x00000203fc11d800, 0x00000203fbc2a800, 0x00000203fc4d5000,
0x00000203fbff5800, 0x00000203fbff2000, 0x00000203fbff3000, 0x00000203fbff4800,
0x00000203fbff3800, 0x00000203fbff6000, 0x00000203fbff7000, 0x00000203fbff1000,
0x00000203fdf1b000, 0x00000203fdf17000, 0x00000203fdf1c000, 0x00000203fdf18000,
0x00000203fdf1d000, 0x00000203fdf1d800, 0x00000203fdf1e800, 0x00000203fdf1f800,
0x00000203fdf19800, 0x00000203fdf20000, 0x00000203fdf1a800, 0x00000203fdf22800,
0x00000203fdf24000, 0x00000203fdf23800, 0x00000203fdf21000, 0x00000203fdf21800,
0x00000203fdf25000, 0x00000203fbff0800, 0x00000203fe962000, 0x00000203fe95e800,
0x00000203fe95f800, 0x00000203fe960800, 0x00000203fe961000, 0x00000203fe95c800,
0x00000203fe963000, 0x00000203fe95d000, 0x00000203fe963800, 0x00000203fe95e000,
0x00000203fe968800, 0x00000203fe966000, 0x00000203fe967000, 0x00000203fe967800,
0x00000203fe969800, 0x00000203fe96a000, 0x00000203fe964800, 0x00000203fe965800,
0x00000203fe96b000, 0x00000203fe96c800, 0x00000203fe96f800, 0x00000203fe973000,
0x00000203fe96e800, 0x00000203fe972000, 0x00000203fe971000, 0x00000203fe96d000,
0x00000203fe970800, 0x00000203fe973800, 0x00000203fe96e000, 0x00000203fe979800,
0x00000203fe976000, 0x00000203fe977800, 0x00000203fe97a000, 0x00000203fe978800,
0x00000203fe974800
}

Java Threads: ( => current thread )
  0x00000203eefc0000 JavaThread "main" [_thread_blocked, id=508, stack(0x0000004650400000,0x0000004650500000)]
  0x00000203fa811000 JavaThread "Reference Handler" daemon [_thread_blocked, id=18636, stack(0x0000004650b00000,0x0000004650c00000)]
  0x00000203fa811800 JavaThread "Finalizer" daemon [_thread_blocked, id=8064, stack(0x0000004650c00000,0x0000004650d00000)]
  0x00000203fa82e000 JavaThread "Signal Dispatcher" daemon [_thread_blocked, id=18492, stack(0x0000004650d00000,0x0000004650e00000)]
  0x00000203fa82f000 JavaThread "Attach Listener" daemon [_thread_blocked, id=19848, stack(0x0000004650e00000,0x0000004650f00000)]
  0x00000203fa830000 JavaThread "Service Thread" daemon [_thread_blocked, id=19312, stack(0x0000004650f00000,0x0000004651000000)]
=>0x00000203fa833000 JavaThread "C2 CompilerThread0" daemon [_thread_in_native, id=19980, stack(0x0000004651000000,0x0000004651100000)]
  0x00000203fa837000 JavaThread "C1 CompilerThread0" daemon [_thread_blocked, id=1080, stack(0x0000004651100000,0x0000004651200000)]
  0x00000203fa856000 JavaThread "Sweeper thread" daemon [_thread_blocked, id=19864, stack(0x0000004651200000,0x0000004651300000)]
  0x00000203fb32c800 JavaThread "Common-Cleaner" daemon [_thread_blocked, id=11964, stack(0x0000004651300000,0x0000004651400000)]
  0x00000203fcd5a800 JavaThread "Daemon health stats" [_thread_blocked, id=19564, stack(0x0000004650100000,0x0000004650200000)]
  0x00000203fc3d8800 JavaThread "Incoming local TCP Connector on port 56794" [_thread_in_native, id=7700, stack(0x0000004651700000,0x0000004651800000)]
  0x00000203fc341800 JavaThread "Daemon" [_thread_blocked, id=9548, stack(0x0000004651800000,0x0000004651900000)]
  0x00000203fbb01000 JavaThread "Handler for socket connection from /127.0.0.1:56794 to /127.0.0.1:56800" [_thread_in_native, id=16468, stack(0x0000004651900000,0x0000004651a00000)]
  0x00000203fc89d800 JavaThread "Cancel handler" [_thread_blocked, id=20236, stack(0x0000004651a00000,0x0000004651b00000)]
  0x00000203fbeca800 JavaThread "Daemon worker" [_thread_in_native, id=13724, stack(0x0000004651b00000,0x0000004651c00000)]
  0x00000203fbecb800 JavaThread "Asynchronous log dispatcher for DefaultDaemonConnection: socket connection from /127.0.0.1:56794 to /127.0.0.1:56800" [_thread_blocked, id=6436, stack(0x0000004651c00000,0x0000004651d00000)]
  0x00000203fc11d800 JavaThread "Stdin handler" [_thread_blocked, id=20312, stack(0x0000004651d00000,0x0000004651e00000)]
  0x00000203fbc2a800 JavaThread "Daemon client event forwarder" [_thread_blocked, id=9304, stack(0x0000004651f00000,0x0000004652000000)]
  0x00000203fc4d5000 JavaThread "Daemon periodic checks" [_thread_blocked, id=19628, stack(0x0000004652000000,0x0000004652100000)]
  0x00000203fbff5800 JavaThread "Cache worker for journal cache (C:\Users\elaaf\.gradle\caches\journal-1)" [_thread_blocked, id=960, stack(0x0000004650200000,0x0000004650300000)]
  0x00000203fbff2000 JavaThread "File lock request listener" [_thread_in_native, id=20464, stack(0x0000004650300000,0x0000004650400000)]
  0x00000203fbff3000 JavaThread "Cache worker for file hash cache (C:\Users\elaaf\.gradle\caches\7.5\fileHashes)" [_thread_blocked, id=2472, stack(0x0000004652100000,0x0000004652200000)]
  0x00000203fbff4800 JavaThread "File watcher server" daemon [_thread_in_native, id=8328, stack(0x0000004652200000,0x0000004652300000)]
  0x00000203fbff3800 JavaThread "File watcher consumer" daemon [_thread_blocked, id=20412, stack(0x0000004652300000,0x0000004652400000)]
  0x00000203fbff6000 JavaThread "Cache worker for checksums cache (E:\sham_prize\android\.gradle\7.5\checksums)" [_thread_blocked, id=9100, stack(0x0000004652400000,0x0000004652500000)]
  0x00000203fbff7000 JavaThread "Cache worker for cache directory md-rule (C:\Users\elaaf\.gradle\caches\7.5\md-rule)" [_thread_blocked, id=5780, stack(0x0000004652600000,0x0000004652700000)]
  0x00000203fbff1000 JavaThread "Cache worker for file content cache (C:\Users\elaaf\.gradle\caches\7.5\fileContent)" [_thread_blocked, id=20888, stack(0x0000004652700000,0x0000004652800000)]
  0x00000203fdf1b000 JavaThread "Cache worker for file hash cache (E:\sham_prize\android\.gradle\7.5\fileHashes)" [_thread_blocked, id=20760, stack(0x0000004652900000,0x0000004652a00000)]
  0x00000203fdf17000 JavaThread "Cache worker for cache directory md-supplier (C:\Users\elaaf\.gradle\caches\7.5\md-supplier)" [_thread_blocked, id=20828, stack(0x0000004652a00000,0x0000004652b00000)]
  0x00000203fdf1c000 JavaThread "Cache worker for execution history cache (C:\Users\elaaf\.gradle\caches\7.5\executionHistory)" [_thread_blocked, id=10856, stack(0x0000004652b00000,0x0000004652c00000)]
  0x00000203fdf18000 JavaThread "jar transforms" [_thread_blocked, id=18084, stack(0x0000004652800000,0x0000004652900000)]
  0x00000203fdf1d000 JavaThread "jar transforms Thread 2" [_thread_blocked, id=1724, stack(0x0000004652c00000,0x0000004652d00000)]
  0x00000203fdf1d800 JavaThread "jar transforms Thread 3" [_thread_blocked, id=20896, stack(0x0000004652d00000,0x0000004652e00000)]
  0x00000203fdf1e800 JavaThread "jar transforms Thread 4" [_thread_blocked, id=20596, stack(0x0000004652e00000,0x0000004652f00000)]
  0x00000203fdf1f800 JavaThread "Cache worker for dependencies-accessors (E:\sham_prize\android\.gradle\7.5\dependencies-accessors)" [_thread_blocked, id=22048, stack(0x0000004652f00000,0x0000004653000000)]
  0x00000203fdf19800 JavaThread "Cache worker for Build Output Cleanup Cache (E:\sham_prize\android\.gradle\buildOutputCleanup)" [_thread_blocked, id=21856, stack(0x0000004653000000,0x0000004653100000)]
  0x00000203fdf20000 JavaThread "Unconstrained build operations" [_thread_blocked, id=21060, stack(0x0000004653100000,0x0000004653200000)]
  0x00000203fdf1a800 JavaThread "Unconstrained build operations Thread 2" [_thread_blocked, id=15200, stack(0x0000004653200000,0x0000004653300000)]
  0x00000203fdf22800 JavaThread "Unconstrained build operations Thread 3" [_thread_blocked, id=22564, stack(0x0000004653300000,0x0000004653400000)]
  0x00000203fdf24000 JavaThread "Unconstrained build operations Thread 4" [_thread_blocked, id=18756, stack(0x0000004653400000,0x0000004653500000)]
  0x00000203fdf23800 JavaThread "Unconstrained build operations Thread 5" [_thread_blocked, id=23048, stack(0x0000004653500000,0x0000004653600000)]
  0x00000203fdf21000 JavaThread "Unconstrained build operations Thread 6" [_thread_blocked, id=23212, stack(0x0000004653600000,0x0000004653700000)]
  0x00000203fdf21800 JavaThread "Unconstrained build operations Thread 7" [_thread_blocked, id=22544, stack(0x0000004653700000,0x0000004653800000)]
  0x00000203fdf25000 JavaThread "Unconstrained build operations Thread 8" [_thread_blocked, id=23096, stack(0x0000004653800000,0x0000004653900000)]
  0x00000203fbff0800 JavaThread "Unconstrained build operations Thread 9" [_thread_blocked, id=23260, stack(0x0000004653900000,0x0000004653a00000)]
  0x00000203fe962000 JavaThread "Unconstrained build operations Thread 10" [_thread_blocked, id=21608, stack(0x0000004653a00000,0x0000004653b00000)]
  0x00000203fe95e800 JavaThread "Unconstrained build operations Thread 11" [_thread_blocked, id=20604, stack(0x0000004653b00000,0x0000004653c00000)]
  0x00000203fe95f800 JavaThread "Unconstrained build operations Thread 12" [_thread_blocked, id=21900, stack(0x0000004653c00000,0x0000004653d00000)]
  0x00000203fe960800 JavaThread "Unconstrained build operations Thread 13" [_thread_blocked, id=21576, stack(0x0000004653d00000,0x0000004653e00000)]
  0x00000203fe961000 JavaThread "Unconstrained build operations Thread 14" [_thread_blocked, id=22360, stack(0x0000004653e00000,0x0000004653f00000)]
  0x00000203fe95c800 JavaThread "Unconstrained build operations Thread 15" [_thread_blocked, id=22716, stack(0x0000004653f00000,0x0000004654000000)]
  0x00000203fe963000 JavaThread "Unconstrained build operations Thread 16" [_thread_blocked, id=20876, stack(0x0000004654000000,0x0000004654100000)]
  0x00000203fe95d000 JavaThread "Unconstrained build operations Thread 17" [_thread_blocked, id=23336, stack(0x0000004654100000,0x0000004654200000)]
  0x00000203fe963800 JavaThread "Unconstrained build operations Thread 18" [_thread_blocked, id=21084, stack(0x0000004654200000,0x0000004654300000)]
  0x00000203fe95e000 JavaThread "Unconstrained build operations Thread 19" [_thread_blocked, id=18344, stack(0x0000004654300000,0x0000004654400000)]
  0x00000203fe968800 JavaThread "Unconstrained build operations Thread 20" [_thread_blocked, id=21944, stack(0x0000004654400000,0x0000004654500000)]
  0x00000203fe966000 JavaThread "Unconstrained build operations Thread 21" [_thread_blocked, id=23120, stack(0x0000004654500000,0x0000004654600000)]
  0x00000203fe967000 JavaThread "Unconstrained build operations Thread 22" [_thread_blocked, id=6716, stack(0x0000004654600000,0x0000004654700000)]
  0x00000203fe967800 JavaThread "Unconstrained build operations Thread 23" [_thread_blocked, id=19644, stack(0x0000004654700000,0x0000004654800000)]
  0x00000203fe969800 JavaThread "Unconstrained build operations Thread 24" [_thread_blocked, id=10012, stack(0x0000004654800000,0x0000004654900000)]
  0x00000203fe96a000 JavaThread "Unconstrained build operations Thread 25" [_thread_blocked, id=8276, stack(0x0000004654900000,0x0000004654a00000)]
  0x00000203fe964800 JavaThread "Unconstrained build operations Thread 26" [_thread_blocked, id=21508, stack(0x0000004654a00000,0x0000004654b00000)]
  0x00000203fe965800 JavaThread "Unconstrained build operations Thread 27" [_thread_blocked, id=21840, stack(0x0000004654b00000,0x0000004654c00000)]
  0x00000203fe96b000 JavaThread "Unconstrained build operations Thread 28" [_thread_blocked, id=7968, stack(0x0000004654c00000,0x0000004654d00000)]
  0x00000203fe96c800 JavaThread "Unconstrained build operations Thread 29" [_thread_blocked, id=23444, stack(0x0000004654d00000,0x0000004654e00000)]
  0x00000203fe96f800 JavaThread "Unconstrained build operations Thread 30" [_thread_blocked, id=23448, stack(0x0000004654e00000,0x0000004654f00000)]
  0x00000203fe973000 JavaThread "Unconstrained build operations Thread 31" [_thread_blocked, id=23452, stack(0x0000004654f00000,0x0000004655000000)]
  0x00000203fe96e800 JavaThread "Unconstrained build operations Thread 32" [_thread_blocked, id=22748, stack(0x0000004655000000,0x0000004655100000)]
  0x00000203fe972000 JavaThread "Unconstrained build operations Thread 33" [_thread_blocked, id=23472, stack(0x0000004655100000,0x0000004655200000)]
  0x00000203fe971000 JavaThread "Unconstrained build operations Thread 34" [_thread_blocked, id=21368, stack(0x0000004655200000,0x0000004655300000)]
  0x00000203fe96d000 JavaThread "Unconstrained build operations Thread 35" [_thread_blocked, id=23248, stack(0x0000004655300000,0x0000004655400000)]
  0x00000203fe970800 JavaThread "Unconstrained build operations Thread 36" [_thread_blocked, id=13472, stack(0x0000004655400000,0x0000004655500000)]
  0x00000203fe973800 JavaThread "Unconstrained build operations Thread 37" [_thread_blocked, id=18956, stack(0x0000004655500000,0x0000004655600000)]
  0x00000203fe96e000 JavaThread "Unconstrained build operations Thread 38" [_thread_blocked, id=23060, stack(0x0000004655600000,0x0000004655700000)]
  0x00000203fe979800 JavaThread "Unconstrained build operations Thread 39" [_thread_blocked, id=23460, stack(0x0000004655700000,0x0000004655800000)]
  0x00000203fe976000 JavaThread "Unconstrained build operations Thread 40" [_thread_blocked, id=8792, stack(0x0000004655800000,0x0000004655900000)]
  0x00000203fe977800 JavaThread "Cache worker for kotlin-dsl (C:\Users\elaaf\.gradle\caches\7.5\kotlin-dsl)" [_thread_blocked, id=23128, stack(0x0000004652500000,0x0000004652600000)]
  0x00000203fe97a000 JavaThread "File lock release action executor Thread 6" [_thread_blocked, id=24476, stack(0x0000004655900000,0x0000004655a00000)]
  0x00000203fe978800 JavaThread "Cache worker for Build Output Cleanup Cache (D:\flutter\src\flutter\packages\flutter_tools\gradle\.gradle\buildOutputCleanup)" [_thread_blocked, id=14652, stack(0x0000004655a00000,0x0000004655b00000)]
  0x00000203fe974800 JavaThread "Memory manager" [_thread_blocked, id=23264, stack(0x0000004655b00000,0x0000004655c00000)]

Other Threads:
  0x00000203fa7ea000 VMThread "VM Thread" [stack: 0x0000004650a00000,0x0000004650b00000] [id=19976]
  0x00000203fb38d800 WatcherThread [stack: 0x0000004651400000,0x0000004651500000] [id=1752]
  0x00000203eefd9800 GCTaskThread "GC Thread#0" [stack: 0x0000004650500000,0x0000004650600000] [id=18684]
  0x00000203fb785000 GCTaskThread "GC Thread#1" [stack: 0x0000004651500000,0x0000004651600000] [id=10008]
  0x00000203fb45d800 GCTaskThread "GC Thread#2" [stack: 0x0000004651600000,0x0000004651700000] [id=6300]
  0x00000203fd09e000 GCTaskThread "GC Thread#3" [stack: 0x0000004651e00000,0x0000004651f00000] [id=2080]
  0x00000203eeffe800 ConcurrentGCThread "G1 Main Marker" [stack: 0x0000004650600000,0x0000004650700000] [id=15944]
  0x00000203eefff800 ConcurrentGCThread "G1 Conc#0" [stack: 0x0000004650700000,0x0000004650800000] [id=12736]
  0x00000203ef093000 ConcurrentGCThread "G1 Refine#0" [stack: 0x0000004650800000,0x0000004650900000] [id=13532]
  0x00000203ef094000 ConcurrentGCThread "G1 Young RemSet Sampling" [stack: 0x0000004650900000,0x0000004650a00000] [id=7404]

Threads with active compile tasks:
C2 CompilerThread02274609 7339 %     4       org.gradle.internal.instantiation.generator.AbstractClassGenerator::inspectType @ 207 (560 bytes)

VM state:not at safepoint (normal execution)

VM Mutex/Monitor currently owned by a thread: None

Heap address: 0x00000000a0000000, size: 1536 MB, Compressed Oops mode: 32-bit
Narrow klass base: 0x0000000000000000, Narrow klass shift: 3
Compressed class space size: 1073741824 Address: 0x0000000100000000

Heap:
 garbage-first heap   total 131072K, used 64478K [0x00000000a0000000, 0x0000000100000000)
  region size 1024K, 16 young (16384K), 0 survivors (0K)
 Metaspace       used 62466K, capacity 64540K, committed 64684K, reserved 1112064K
  class space    used 8099K, capacity 8846K, committed 8960K, reserved 1048576K
Heap Regions: E=young(eden), S=young(survivor), O=old, HS=humongous(starts), HC=humongous(continues), CS=collection set, F=free, A=archive, TAMS=top-at-mark-start (previous, next)
|   0|0x00000000a0000000, 0x00000000a0100000, 0x00000000a0100000|100%|HS|  |TAMS 0x00000000a0000000, 0x00000000a0000000| Untracked 
|   1|0x00000000a0100000, 0x00000000a0200000, 0x00000000a0200000|100%|HC|  |TAMS 0x00000000a0100000, 0x00000000a0100000| Untracked 
|   2|0x00000000a0200000, 0x00000000a0300000, 0x00000000a0300000|100%|HC|  |TAMS 0x00000000a0200000, 0x00000000a0200000| Untracked 
|   3|0x00000000a0300000, 0x00000000a03e5f68, 0x00000000a0400000| 89%| O|  |TAMS 0x00000000a0300000, 0x00000000a0300000| Untracked 
|   4|0x00000000a0400000, 0x00000000a04ffff8, 0x00000000a0500000| 99%| O|  |TAMS 0x00000000a0400000, 0x00000000a0400000| Untracked 
|   5|0x00000000a0500000, 0x00000000a05fffe8, 0x00000000a0600000| 99%| O|  |TAMS 0x00000000a0500000, 0x00000000a0500000| Untracked 
|   6|0x00000000a0600000, 0x00000000a06fa530, 0x00000000a0700000| 97%| O|  |TAMS 0x00000000a0600000, 0x00000000a0600000| Untracked 
|   7|0x00000000a0700000, 0x00000000a07ffff0, 0x00000000a0800000| 99%| O|  |TAMS 0x00000000a0700000, 0x00000000a0700000| Untracked 
|   8|0x00000000a0800000, 0x00000000a08fa9d8, 0x00000000a0900000| 97%| O|  |TAMS 0x00000000a0800000, 0x00000000a0800000| Untracked 
|   9|0x00000000a0900000, 0x00000000a09eb200, 0x00000000a0a00000| 91%| O|  |TAMS 0x00000000a0900000, 0x00000000a0900000| Untracked 
|  10|0x00000000a0a00000, 0x00000000a0afee00, 0x00000000a0b00000| 99%| O|  |TAMS 0x00000000a0a00000, 0x00000000a0a00000| Untracked 
|  11|0x00000000a0b00000, 0x00000000a0bfffe8, 0x00000000a0c00000| 99%| O|  |TAMS 0x00000000a0b00000, 0x00000000a0b00000| Untracked 
|  12|0x00000000a0c00000, 0x00000000a0cfffe8, 0x00000000a0d00000| 99%| O|  |TAMS 0x00000000a0c00000, 0x00000000a0c00000| Untracked 
|  13|0x00000000a0d00000, 0x00000000a0e00000, 0x00000000a0e00000|100%| O|  |TAMS 0x00000000a0d00000, 0x00000000a0d00000| Untracked 
|  14|0x00000000a0e00000, 0x00000000a0effff8, 0x00000000a0f00000| 99%| O|  |TAMS 0x00000000a0e00000, 0x00000000a0e00000| Untracked 
|  15|0x00000000a0f00000, 0x00000000a0ffffe0, 0x00000000a1000000| 99%| O|  |TAMS 0x00000000a0f00000, 0x00000000a0f00000| Untracked 
|  16|0x00000000a1000000, 0x00000000a10fffa8, 0x00000000a1100000| 99%| O|  |TAMS 0x00000000a1000000, 0x00000000a1000000| Untracked 
|  17|0x00000000a1100000, 0x00000000a11fffd0, 0x00000000a1200000| 99%| O|  |TAMS 0x00000000a1100000, 0x00000000a1100000| Untracked 
|  18|0x00000000a1200000, 0x00000000a12fffe8, 0x00000000a1300000| 99%| O|  |TAMS 0x00000000a1200000, 0x00000000a1200000| Untracked 
|  19|0x00000000a1300000, 0x00000000a13ffff8, 0x00000000a1400000| 99%| O|  |TAMS 0x00000000a1300000, 0x00000000a1300000| Untracked 
|  20|0x00000000a1400000, 0x00000000a14ffff0, 0x00000000a1500000| 99%| O|  |TAMS 0x00000000a1400000, 0x00000000a1400000| Untracked 
|  21|0x00000000a1500000, 0x00000000a15ffe78, 0x00000000a1600000| 99%| O|  |TAMS 0x00000000a1500000, 0x00000000a1500000| Untracked 
|  22|0x00000000a1600000, 0x00000000a1700000, 0x00000000a1700000|100%| O|  |TAMS 0x00000000a1600000, 0x00000000a1600000| Untracked 
|  23|0x00000000a1700000, 0x00000000a17ffff0, 0x00000000a1800000| 99%| O|  |TAMS 0x00000000a1700000, 0x00000000a1700000| Untracked 
|  24|0x00000000a1800000, 0x00000000a1900000, 0x00000000a1900000|100%| O|  |TAMS 0x00000000a1800000, 0x00000000a1800000| Untracked 
|  25|0x00000000a1900000, 0x00000000a19ffff8, 0x00000000a1a00000| 99%| O|  |TAMS 0x00000000a1900000, 0x00000000a1900000| Untracked 
|  26|0x00000000a1a00000, 0x00000000a1affff8, 0x00000000a1b00000| 99%| O|  |TAMS 0x00000000a1a00000, 0x00000000a1a00000| Untracked 
|  27|0x00000000a1b00000, 0x00000000a1beb700, 0x00000000a1c00000| 91%| O|  |TAMS 0x00000000a1b00000, 0x00000000a1b00000| Untracked 
|  28|0x00000000a1c00000, 0x00000000a1cffff8, 0x00000000a1d00000| 99%| O|  |TAMS 0x00000000a1c00000, 0x00000000a1c00000| Untracked 
|  29|0x00000000a1d00000, 0x00000000a1dffff0, 0x00000000a1e00000| 99%| O|  |TAMS 0x00000000a1d00000, 0x00000000a1d00000| Untracked 
|  30|0x00000000a1e00000, 0x00000000a1f00000, 0x00000000a1f00000|100%|HS|  |TAMS 0x00000000a1e00000, 0x00000000a1e00000| Untracked 
|  31|0x00000000a1f00000, 0x00000000a2000000, 0x00000000a2000000|100%|HS|  |TAMS 0x00000000a1f00000, 0x00000000a1f00000| Untracked 
|  32|0x00000000a2000000, 0x00000000a2100000, 0x00000000a2100000|100%|HS|  |TAMS 0x00000000a2000000, 0x00000000a2000000| Untracked 
|  33|0x00000000a2100000, 0x00000000a2200000, 0x00000000a2200000|100%|HS|  |TAMS 0x00000000a2100000, 0x00000000a2100000| Untracked 
|  34|0x00000000a2200000, 0x00000000a2300000, 0x00000000a2300000|100%|HC|  |TAMS 0x00000000a2200000, 0x00000000a2200000| Untracked 
|  35|0x00000000a2300000, 0x00000000a2400000, 0x00000000a2400000|100%|HC|  |TAMS 0x00000000a2300000, 0x00000000a2300000| Untracked 
|  36|0x00000000a2400000, 0x00000000a24ffff8, 0x00000000a2500000| 99%| O|  |TAMS 0x00000000a2400000, 0x00000000a2400000| Untracked 
|  37|0x00000000a2500000, 0x00000000a2600000, 0x00000000a2600000|100%|HS|  |TAMS 0x00000000a2500000, 0x00000000a2500000| Untracked 
|  38|0x00000000a2600000, 0x00000000a2700000, 0x00000000a2700000|100%|HC|  |TAMS 0x00000000a2600000, 0x00000000a2600000| Untracked 
|  39|0x00000000a2700000, 0x00000000a27edcf0, 0x00000000a2800000| 92%| O|  |TAMS 0x00000000a2700000, 0x00000000a2700000| Untracked 
|  40|0x00000000a2800000, 0x00000000a28fffd0, 0x00000000a2900000| 99%| O|  |TAMS 0x00000000a2800000, 0x00000000a2800000| Untracked 
|  41|0x00000000a2900000, 0x00000000a29ff7a8, 0x00000000a2a00000| 99%| O|  |TAMS 0x00000000a2900000, 0x00000000a2900000| Untracked 
|  42|0x00000000a2a00000, 0x00000000a2a8a810, 0x00000000a2b00000| 54%| O|  |TAMS 0x00000000a2a00000, 0x00000000a2a00000| Untracked 
|  43|0x00000000a2b00000, 0x00000000a2bfe3e0, 0x00000000a2c00000| 99%| O|  |TAMS 0x00000000a2b00000, 0x00000000a2b00000| Untracked 
|  44|0x00000000a2c00000, 0x00000000a2cfffe8, 0x00000000a2d00000| 99%| O|  |TAMS 0x00000000a2c00000, 0x00000000a2c00000| Untracked 
|  45|0x00000000a2d00000, 0x00000000a2dffff8, 0x00000000a2e00000| 99%| O|  |TAMS 0x00000000a2d00000, 0x00000000a2d00000| Untracked 
|  46|0x00000000a2e00000, 0x00000000a2eeee50, 0x00000000a2f00000| 93%| O|  |TAMS 0x00000000a2e00000, 0x00000000a2e00000| Untracked 
|  47|0x00000000a2f00000, 0x00000000a2fce998, 0x00000000a3000000| 80%| O|  |TAMS 0x00000000a2f00000, 0x00000000a2f00000| Untracked 
|  48|0x00000000a3000000, 0x00000000a3100000, 0x00000000a3100000|100%| O|  |TAMS 0x00000000a3000000, 0x00000000a3000000| Untracked 
|  49|0x00000000a3100000, 0x00000000a31140b8, 0x00000000a3200000|  7%| O|  |TAMS 0x00000000a3100000, 0x00000000a3100000| Untracked 
|  50|0x00000000a3200000, 0x00000000a3200000, 0x00000000a3300000|  0%| F|  |TAMS 0x00000000a3200000, 0x00000000a3200000| Untracked 
|  51|0x00000000a3300000, 0x00000000a3300000, 0x00000000a3400000|  0%| F|  |TAMS 0x00000000a3300000, 0x00000000a3300000| Untracked 
|  52|0x00000000a3400000, 0x00000000a3400000, 0x00000000a3500000|  0%| F|  |TAMS 0x00000000a3400000, 0x00000000a3400000| Untracked 
|  53|0x00000000a3500000, 0x00000000a3500000, 0x00000000a3600000|  0%| F|  |TAMS 0x00000000a3500000, 0x00000000a3500000| Untracked 
|  54|0x00000000a3600000, 0x00000000a3600000, 0x00000000a3700000|  0%| F|  |TAMS 0x00000000a3600000, 0x00000000a3600000| Untracked 
|  55|0x00000000a3700000, 0x00000000a3700000, 0x00000000a3800000|  0%| F|  |TAMS 0x00000000a3700000, 0x00000000a3700000| Untracked 
|  56|0x00000000a3800000, 0x00000000a3800000, 0x00000000a3900000|  0%| F|  |TAMS 0x00000000a3800000, 0x00000000a3800000| Untracked 
|  57|0x00000000a3900000, 0x00000000a3900000, 0x00000000a3a00000|  0%| F|  |TAMS 0x00000000a3900000, 0x00000000a3900000| Untracked 
|  58|0x00000000a3a00000, 0x00000000a3a00000, 0x00000000a3b00000|  0%| F|  |TAMS 0x00000000a3a00000, 0x00000000a3a00000| Untracked 
|  59|0x00000000a3b00000, 0x00000000a3b00000, 0x00000000a3c00000|  0%| F|  |TAMS 0x00000000a3b00000, 0x00000000a3b00000| Untracked 
|  60|0x00000000a3c00000, 0x00000000a3c00000, 0x00000000a3d00000|  0%| F|  |TAMS 0x00000000a3c00000, 0x00000000a3c00000| Untracked 
|  61|0x00000000a3d00000, 0x00000000a3d00000, 0x00000000a3e00000|  0%| F|  |TAMS 0x00000000a3d00000, 0x00000000a3d00000| Untracked 
|  62|0x00000000a3e00000, 0x00000000a3e00000, 0x00000000a3f00000|  0%| F|  |TAMS 0x00000000a3e00000, 0x00000000a3e00000| Untracked 
|  63|0x00000000a3f00000, 0x00000000a3f00000, 0x00000000a4000000|  0%| F|  |TAMS 0x00000000a3f00000, 0x00000000a3f00000| Untracked 
|  64|0x00000000a4000000, 0x00000000a4000000, 0x00000000a4100000|  0%| F|  |TAMS 0x00000000a4000000, 0x00000000a4000000| Untracked 
|  65|0x00000000a4100000, 0x00000000a4100000, 0x00000000a4200000|  0%| F|  |TAMS 0x00000000a4100000, 0x00000000a4100000| Untracked 
|  66|0x00000000a4200000, 0x00000000a4200000, 0x00000000a4300000|  0%| F|  |TAMS 0x00000000a4200000, 0x00000000a4200000| Untracked 
|  67|0x00000000a4300000, 0x00000000a4300000, 0x00000000a4400000|  0%| F|  |TAMS 0x00000000a4300000, 0x00000000a4300000| Untracked 
|  68|0x00000000a4400000, 0x00000000a4400000, 0x00000000a4500000|  0%| F|  |TAMS 0x00000000a4400000, 0x00000000a4400000| Untracked 
|  69|0x00000000a4500000, 0x00000000a4500000, 0x00000000a4600000|  0%| F|  |TAMS 0x00000000a4500000, 0x00000000a4500000| Untracked 
|  70|0x00000000a4600000, 0x00000000a4600000, 0x00000000a4700000|  0%| F|  |TAMS 0x00000000a4600000, 0x00000000a4600000| Untracked 
|  71|0x00000000a4700000, 0x00000000a4700000, 0x00000000a4800000|  0%| F|  |TAMS 0x00000000a4700000, 0x00000000a4700000| Untracked 
|  72|0x00000000a4800000, 0x00000000a4800000, 0x00000000a4900000|  0%| F|  |TAMS 0x00000000a4800000, 0x00000000a4800000| Untracked 
|  73|0x00000000a4900000, 0x00000000a4900000, 0x00000000a4a00000|  0%| F|  |TAMS 0x00000000a4900000, 0x00000000a4900000| Untracked 
|  74|0x00000000a4a00000, 0x00000000a4a00000, 0x00000000a4b00000|  0%| F|  |TAMS 0x00000000a4a00000, 0x00000000a4a00000| Untracked 
|  75|0x00000000a4b00000, 0x00000000a4b00000, 0x00000000a4c00000|  0%| F|  |TAMS 0x00000000a4b00000, 0x00000000a4b00000| Untracked 
|  76|0x00000000a4c00000, 0x00000000a4c00000, 0x00000000a4d00000|  0%| F|  |TAMS 0x00000000a4c00000, 0x00000000a4c00000| Untracked 
|  77|0x00000000a4d00000, 0x00000000a4d00000, 0x00000000a4e00000|  0%| F|  |TAMS 0x00000000a4d00000, 0x00000000a4d00000| Untracked 
|  78|0x00000000a4e00000, 0x00000000a4e00000, 0x00000000a4f00000|  0%| F|  |TAMS 0x00000000a4e00000, 0x00000000a4e00000| Untracked 
|  79|0x00000000a4f00000, 0x00000000a4f00000, 0x00000000a5000000|  0%| F|  |TAMS 0x00000000a4f00000, 0x00000000a4f00000| Untracked 
|  80|0x00000000a5000000, 0x00000000a5000000, 0x00000000a5100000|  0%| F|  |TAMS 0x00000000a5000000, 0x00000000a5000000| Untracked 
|  81|0x00000000a5100000, 0x00000000a5100000, 0x00000000a5200000|  0%| F|  |TAMS 0x00000000a5100000, 0x00000000a5100000| Untracked 
|  82|0x00000000a5200000, 0x00000000a5200000, 0x00000000a5300000|  0%| F|  |TAMS 0x00000000a5200000, 0x00000000a5200000| Untracked 
|  83|0x00000000a5300000, 0x00000000a5300000, 0x00000000a5400000|  0%| F|  |TAMS 0x00000000a5300000, 0x00000000a5300000| Untracked 
|  84|0x00000000a5400000, 0x00000000a5400000, 0x00000000a5500000|  0%| F|  |TAMS 0x00000000a5400000, 0x00000000a5400000| Untracked 
|  85|0x00000000a5500000, 0x00000000a5500000, 0x00000000a5600000|  0%| F|  |TAMS 0x00000000a5500000, 0x00000000a5500000| Untracked 
|  86|0x00000000a5600000, 0x00000000a5600000, 0x00000000a5700000|  0%| F|  |TAMS 0x00000000a5600000, 0x00000000a5600000| Untracked 
|  87|0x00000000a5700000, 0x00000000a5700000, 0x00000000a5800000|  0%| F|  |TAMS 0x00000000a5700000, 0x00000000a5700000| Untracked 
|  88|0x00000000a5800000, 0x00000000a5800000, 0x00000000a5900000|  0%| F|  |TAMS 0x00000000a5800000, 0x00000000a5800000| Untracked 
|  89|0x00000000a5900000, 0x00000000a5900000, 0x00000000a5a00000|  0%| F|  |TAMS 0x00000000a5900000, 0x00000000a5900000| Untracked 
|  90|0x00000000a5a00000, 0x00000000a5a00000, 0x00000000a5b00000|  0%| F|  |TAMS 0x00000000a5a00000, 0x00000000a5a00000| Untracked 
|  91|0x00000000a5b00000, 0x00000000a5b00000, 0x00000000a5c00000|  0%| F|  |TAMS 0x00000000a5b00000, 0x00000000a5b00000| Untracked 
|  92|0x00000000a5c00000, 0x00000000a5c00000, 0x00000000a5d00000|  0%| F|  |TAMS 0x00000000a5c00000, 0x00000000a5c00000| Untracked 
|  93|0x00000000a5d00000, 0x00000000a5d00000, 0x00000000a5e00000|  0%| F|  |TAMS 0x00000000a5d00000, 0x00000000a5d00000| Untracked 
|  94|0x00000000a5e00000, 0x00000000a5e00000, 0x00000000a5f00000|  0%| F|  |TAMS 0x00000000a5e00000, 0x00000000a5e00000| Untracked 
|  95|0x00000000a5f00000, 0x00000000a5f00000, 0x00000000a6000000|  0%| F|  |TAMS 0x00000000a5f00000, 0x00000000a5f00000| Untracked 
|  96|0x00000000a6000000, 0x00000000a6000000, 0x00000000a6100000|  0%| F|  |TAMS 0x00000000a6000000, 0x00000000a6000000| Untracked 
|  97|0x00000000a6100000, 0x00000000a6100000, 0x00000000a6200000|  0%| F|  |TAMS 0x00000000a6100000, 0x00000000a6100000| Untracked 
|  98|0x00000000a6200000, 0x00000000a6200000, 0x00000000a6300000|  0%| F|  |TAMS 0x00000000a6200000, 0x00000000a6200000| Untracked 
|  99|0x00000000a6300000, 0x00000000a6300000, 0x00000000a6400000|  0%| F|  |TAMS 0x00000000a6300000, 0x00000000a6300000| Untracked 
| 100|0x00000000a6400000, 0x00000000a6400000, 0x00000000a6500000|  0%| F|  |TAMS 0x00000000a6400000, 0x00000000a6400000| Untracked 
| 101|0x00000000a6500000, 0x00000000a6500000, 0x00000000a6600000|  0%| F|  |TAMS 0x00000000a6500000, 0x00000000a6500000| Untracked 
| 102|0x00000000a6600000, 0x00000000a6600000, 0x00000000a6700000|  0%| F|  |TAMS 0x00000000a6600000, 0x00000000a6600000| Untracked 
| 103|0x00000000a6700000, 0x00000000a6700000, 0x00000000a6800000|  0%| F|  |TAMS 0x00000000a6700000, 0x00000000a6700000| Untracked 
| 104|0x00000000a6800000, 0x00000000a6800000, 0x00000000a6900000|  0%| F|  |TAMS 0x00000000a6800000, 0x00000000a6800000| Untracked 
| 105|0x00000000a6900000, 0x00000000a6900000, 0x00000000a6a00000|  0%| F|  |TAMS 0x00000000a6900000, 0x00000000a6900000| Untracked 
| 106|0x00000000a6a00000, 0x00000000a6a00000, 0x00000000a6b00000|  0%| F|  |TAMS 0x00000000a6a00000, 0x00000000a6a00000| Untracked 
| 107|0x00000000a6b00000, 0x00000000a6b00000, 0x00000000a6c00000|  0%| F|  |TAMS 0x00000000a6b00000, 0x00000000a6b00000| Untracked 
| 108|0x00000000a6c00000, 0x00000000a6c00000, 0x00000000a6d00000|  0%| F|  |TAMS 0x00000000a6c00000, 0x00000000a6c00000| Untracked 
| 109|0x00000000a6d00000, 0x00000000a6d00000, 0x00000000a6e00000|  0%| F|  |TAMS 0x00000000a6d00000, 0x00000000a6d00000| Untracked 
| 110|0x00000000a6e00000, 0x00000000a6e224c0, 0x00000000a6f00000| 13%| E|  |TAMS 0x00000000a6e00000, 0x00000000a6e00000| Complete 
| 111|0x00000000a6f00000, 0x00000000a7000000, 0x00000000a7000000|100%| E|CS|TAMS 0x00000000a6f00000, 0x00000000a6f00000| Complete 
| 112|0x00000000a7000000, 0x00000000a7100000, 0x00000000a7100000|100%| E|CS|TAMS 0x00000000a7000000, 0x00000000a7000000| Complete 
| 113|0x00000000a7100000, 0x00000000a7200000, 0x00000000a7200000|100%| E|CS|TAMS 0x00000000a7100000, 0x00000000a7100000| Complete 
| 114|0x00000000a7200000, 0x00000000a7300000, 0x00000000a7300000|100%| E|CS|TAMS 0x00000000a7200000, 0x00000000a7200000| Complete 
| 115|0x00000000a7300000, 0x00000000a7400000, 0x00000000a7400000|100%| E|CS|TAMS 0x00000000a7300000, 0x00000000a7300000| Complete 
| 116|0x00000000a7400000, 0x00000000a7500000, 0x00000000a7500000|100%| E|CS|TAMS 0x00000000a7400000, 0x00000000a7400000| Complete 
| 117|0x00000000a7500000, 0x00000000a7600000, 0x00000000a7600000|100%| E|CS|TAMS 0x00000000a7500000, 0x00000000a7500000| Complete 
| 118|0x00000000a7600000, 0x00000000a7700000, 0x00000000a7700000|100%| E|CS|TAMS 0x00000000a7600000, 0x00000000a7600000| Complete 
| 119|0x00000000a7700000, 0x00000000a7800000, 0x00000000a7800000|100%| E|CS|TAMS 0x00000000a7700000, 0x00000000a7700000| Complete 
| 120|0x00000000a7800000, 0x00000000a7900000, 0x00000000a7900000|100%| E|CS|TAMS 0x00000000a7800000, 0x00000000a7800000| Complete 
| 121|0x00000000a7900000, 0x00000000a7a00000, 0x00000000a7a00000|100%| E|CS|TAMS 0x00000000a7900000, 0x00000000a7900000| Complete 
| 122|0x00000000a7a00000, 0x00000000a7b00000, 0x00000000a7b00000|100%| E|CS|TAMS 0x00000000a7a00000, 0x00000000a7a00000| Complete 
| 123|0x00000000a7b00000, 0x00000000a7c00000, 0x00000000a7c00000|100%| E|CS|TAMS 0x00000000a7b00000, 0x00000000a7b00000| Complete 
| 124|0x00000000a7c00000, 0x00000000a7d00000, 0x00000000a7d00000|100%| E|CS|TAMS 0x00000000a7c00000, 0x00000000a7c00000| Complete 
| 125|0x00000000a7d00000, 0x00000000a7e00000, 0x00000000a7e00000|100%| E|CS|TAMS 0x00000000a7d00000, 0x00000000a7d00000| Complete 
| 126|0x00000000a7e00000, 0x00000000a7f00000, 0x00000000a7f00000|100%| E|CS|TAMS 0x00000000a7e00000, 0x00000000a7e00000| Complete 
| 127|0x00000000a7f00000, 0x00000000a8000000, 0x00000000a8000000|100%| E|CS|TAMS 0x00000000a7f00000, 0x00000000a7f00000| Complete 

Card table byte_map: [0x00000203f4be0000,0x00000203f4ee0000] _byte_map_base: 0x00000203f46e0000

Marking Bits (Prev, Next): (CMBitMap*) 0x00000203eeff77c0, (CMBitMap*) 0x00000203eeff7788
 Prev Bits: [0x00000203f69e0000, 0x00000203f81e0000)
 Next Bits: [0x00000203f51e0000, 0x00000203f69e0000)

Polling page: 0x00000203f4290000

Metaspace:

Usage:
  Non-class:     54.54 MB capacity,    53.24 MB ( 98%) used,     1.11 MB (  2%) free+waste,   201.44 KB ( <1%) overhead. 
      Class:      8.68 MB capacity,     7.94 MB ( 91%) used,   663.32 KB (  7%) free+waste,    96.13 KB (  1%) overhead. 
       Both:     63.23 MB capacity,    61.18 MB ( 97%) used,     1.76 MB (  3%) free+waste,   297.56 KB ( <1%) overhead. 

Virtual space:
  Non-class space:       62.00 MB reserved,      54.67 MB ( 88%) committed 
      Class space:        1.00 GB reserved,       8.75 MB ( <1%) committed 
             Both:        1.06 GB reserved,      63.42 MB (  6%) committed 

Chunk freelists:
   Non-Class:  0 bytes
       Class:  4.00 KB
        Both:  4.00 KB

MaxMetaspaceSize: 17179869184.00 GB
CompressedClassSpaceSize: 1.00 GB
Initial GC threshold: 20.80 MB
Current GC threshold: 103.20 MB
CDS: off

CodeHeap 'non-profiled nmethods': size=120064Kb used=4535Kb max_used=4535Kb free=115529Kb
 bounds [0x0000020387ac0000, 0x0000020387f30000, 0x000002038f000000]
CodeHeap 'profiled nmethods': size=120000Kb used=16070Kb max_used=16070Kb free=103930Kb
 bounds [0x0000020380590000, 0x0000020381550000, 0x0000020387ac0000]
CodeHeap 'non-nmethods': size=5696Kb used=2334Kb max_used=2363Kb free=3361Kb
 bounds [0x0000020380000000, 0x0000020380270000, 0x0000020380590000]
 total_blobs=8347 nmethods=7499 adapters=760
 compilation: enabled
              stopped_count=0, restarted_count=0
 full_count=0

Compilation events (20 events):
Event: 2259.556 Thread 0x00000203fa833000 7330       4       org.gradle.internal.reflect.MethodSet::add (50 bytes)
Event: 2259.756 Thread 0x00000203fa837000 7332       3       org.gradle.internal.instantiation.generator.AbstractClassGenerator$PropertyMetadata::addSetter (41 bytes)
Event: 2259.757 Thread 0x00000203fa837000 nmethod 7332 0x00000203814a4b10 code [0x00000203814a4d00, 0x00000203814a51d8]
Event: 2259.759 Thread 0x00000203fa833000 nmethod 7330 0x0000020387f20f10 code [0x0000020387f21200, 0x0000020387f245f0]
Event: 2259.759 Thread 0x00000203fa833000 7331       4       java.util.TreeMap$ValueIterator::next (8 bytes)
Event: 2259.765 Thread 0x00000203fa833000 nmethod 7331 0x0000020387f25e10 code [0x0000020387f25fa0, 0x0000020387f26278]
Event: 2259.765 Thread 0x00000203fa833000 7333       4       java.lang.Class::forName (47 bytes)
Event: 2259.766 Thread 0x00000203fa837000 7334       3       org.objectweb.asm.Frame::execute (2318 bytes)
Event: 2259.766 Thread 0x00000203fa833000 nmethod 7333 0x0000020387f26410 code [0x0000020387f265c0, 0x0000020387f26668]
Event: 2259.766 Thread 0x00000203fa833000 7337       4       org.objectweb.asm.Frame::pop (44 bytes)
Event: 2259.767 Thread 0x00000203fa833000 nmethod 7337 0x0000020387f26710 code [0x0000020387f268a0, 0x0000020387f26938]
Event: 2259.769 Thread 0x00000203fa833000 7338       4       org.gradle.internal.instantiation.generator.AbstractClassGenerator$MethodMetadata::getReturnType (8 bytes)
Event: 2259.769 Thread 0x00000203fa833000 nmethod 7338 0x0000020387f26a10 code [0x0000020387f26ba0, 0x0000020387f26c18]
Event: 2259.773 Thread 0x00000203fa837000 nmethod 7334 0x00000203814a5390 code [0x00000203814a6100, 0x00000203814ac838]
Event: 2259.773 Thread 0x00000203fa837000 7335       3       org.objectweb.asm.Type::getArgumentsAndReturnSizes (140 bytes)
Event: 2259.776 Thread 0x00000203fa837000 nmethod 7335 0x00000203814ae510 code [0x00000203814ae920, 0x00000203814b08b8]
Event: 2259.776 Thread 0x00000203fa837000 7336       3       org.objectweb.asm.Frame::getAbstractTypeFromDescriptor (415 bytes)
Event: 2259.778 Thread 0x00000203fa837000 nmethod 7336 0x00000203814b1490 code [0x00000203814b1840, 0x00000203814b33d8]
Event: 2259.787 Thread 0x00000203fa833000 7339 %     4       org.gradle.internal.instantiation.generator.AbstractClassGenerator::inspectType @ 207 (560 bytes)
Event: 2260.577 Thread 0x00000203fa837000 7340       3       org.gradle.internal.instantiation.generator.AbstractClassGenerator$ExtensibleTypePropertyHandler::applyTo (228 bytes)

GC Heap History (20 events):
Event: 1789.443 GC heap before
{Heap before GC invocations=20 (full 0):
 garbage-first heap   total 131072K, used 65351K [0x00000000a0000000, 0x0000000100000000)
  region size 1024K, 37 young (37888K), 3 survivors (3072K)
 Metaspace       used 46947K, capacity 48175K, committed 48300K, reserved 1091584K
  class space    used 5933K, capacity 6376K, committed 6400K, reserved 1048576K
}
Event: 1789.450 GC heap after
{Heap after GC invocations=21 (full 0):
 garbage-first heap   total 131072K, used 31796K [0x00000000a0000000, 0x0000000100000000)
  region size 1024K, 4 young (4096K), 4 survivors (4096K)
 Metaspace       used 46947K, capacity 48175K, committed 48300K, reserved 1091584K
  class space    used 5933K, capacity 6376K, committed 6400K, reserved 1048576K
}
Event: 1868.580 GC heap before
{Heap before GC invocations=21 (full 0):
 garbage-first heap   total 131072K, used 71732K [0x00000000a0000000, 0x0000000100000000)
  region size 1024K, 43 young (44032K), 4 survivors (4096K)
 Metaspace       used 48469K, capacity 49731K, committed 49836K, reserved 1093632K
  class space    used 6100K, capacity 6572K, committed 6656K, reserved 1048576K
}
Event: 1868.589 GC heap after
{Heap after GC invocations=22 (full 0):
 garbage-first heap   total 131072K, used 32914K [0x00000000a0000000, 0x0000000100000000)
  region size 1024K, 4 young (4096K), 4 survivors (4096K)
 Metaspace       used 48469K, capacity 49731K, committed 49836K, reserved 1093632K
  class space    used 6100K, capacity 6572K, committed 6656K, reserved 1048576K
}
Event: 1952.832 GC heap before
{Heap before GC invocations=22 (full 0):
 garbage-first heap   total 131072K, used 77970K [0x00000000a0000000, 0x0000000100000000)
  region size 1024K, 49 young (50176K), 4 survivors (4096K)
 Metaspace       used 49269K, capacity 50596K, committed 50860K, reserved 1093632K
  class space    used 6175K, capacity 6643K, committed 6656K, reserved 1048576K
}
Event: 1952.851 GC heap after
{Heap after GC invocations=23 (full 0):
 garbage-first heap   total 131072K, used 33420K [0x00000000a0000000, 0x0000000100000000)
  region size 1024K, 3 young (3072K), 3 survivors (3072K)
 Metaspace       used 49269K, capacity 50596K, committed 50860K, reserved 1093632K
  class space    used 6175K, capacity 6643K, committed 6656K, reserved 1048576K
}
Event: 2171.695 GC heap before
{Heap before GC invocations=23 (full 0):
 garbage-first heap   total 131072K, used 94860K [0x00000000a0000000, 0x0000000100000000)
  region size 1024K, 55 young (56320K), 3 survivors (3072K)
 Metaspace       used 49991K, capacity 51445K, committed 51628K, reserved 1093632K
  class space    used 6261K, capacity 6796K, committed 6912K, reserved 1048576K
}
Event: 2172.221 GC heap after
{Heap after GC invocations=24 (full 0):
 garbage-first heap   total 131072K, used 48621K [0x00000000a0000000, 0x0000000100000000)
  region size 1024K, 7 young (7168K), 7 survivors (7168K)
 Metaspace       used 49991K, capacity 51445K, committed 51628K, reserved 1093632K
  class space    used 6261K, capacity 6796K, committed 6912K, reserved 1048576K
}
Event: 2184.193 GC heap before
{Heap before GC invocations=24 (full 0):
 garbage-first heap   total 131072K, used 60909K [0x00000000a0000000, 0x0000000100000000)
  region size 1024K, 19 young (19456K), 7 survivors (7168K)
 Metaspace       used 50822K, capacity 52322K, committed 52524K, reserved 1095680K
  class space    used 6410K, capacity 6942K, committed 7040K, reserved 1048576K
}
Event: 2184.249 GC heap after
{Heap after GC invocations=25 (full 0):
 garbage-first heap   total 131072K, used 49329K [0x00000000a0000000, 0x0000000100000000)
  region size 1024K, 1 young (1024K), 1 survivors (1024K)
 Metaspace       used 50822K, capacity 52322K, committed 52524K, reserved 1095680K
  class space    used 6410K, capacity 6942K, committed 7040K, reserved 1048576K
}
Event: 2197.581 GC heap before
{Heap before GC invocations=25 (full 0):
 garbage-first heap   total 131072K, used 66737K [0x00000000a0000000, 0x0000000100000000)
  region size 1024K, 18 young (18432K), 1 survivors (1024K)
 Metaspace       used 51232K, capacity 52767K, committed 52780K, reserved 1095680K
  class space    used 6474K, capacity 7027K, committed 7040K, reserved 1048576K
}
Event: 2197.589 GC heap after
{Heap after GC invocations=26 (full 0):
 garbage-first heap   total 131072K, used 49265K [0x00000000a0000000, 0x0000000100000000)
  region size 1024K, 1 young (1024K), 1 survivors (1024K)
 Metaspace       used 51232K, capacity 52767K, committed 52780K, reserved 1095680K
  class space    used 6474K, capacity 7027K, committed 7040K, reserved 1048576K
}
Event: 2215.243 GC heap before
{Heap before GC invocations=26 (full 0):
 garbage-first heap   total 131072K, used 74865K [0x00000000a0000000, 0x0000000100000000)
  region size 1024K, 26 young (26624K), 1 survivors (1024K)
 Metaspace       used 54166K, capacity 55885K, committed 56236K, reserved 1097728K
  class space    used 6913K, capacity 7559K, committed 7680K, reserved 1048576K
}
Event: 2215.247 GC heap after
{Heap after GC invocations=27 (full 0):
 garbage-first heap   total 131072K, used 50246K [0x00000000a0000000, 0x0000000100000000)
  region size 1024K, 2 young (2048K), 2 survivors (2048K)
 Metaspace       used 54166K, capacity 55885K, committed 56236K, reserved 1097728K
  class space    used 6913K, capacity 7559K, committed 7680K, reserved 1048576K
}
Event: 2226.925 GC heap before
{Heap before GC invocations=27 (full 0):
 garbage-first heap   total 131072K, used 84038K [0x00000000a0000000, 0x0000000100000000)
  region size 1024K, 35 young (35840K), 2 survivors (2048K)
 Metaspace       used 56221K, capacity 57942K, committed 58284K, reserved 1099776K
  class space    used 7198K, capacity 7837K, committed 7936K, reserved 1048576K
}
Event: 2226.930 GC heap after
{Heap after GC invocations=28 (full 0):
 garbage-first heap   total 131072K, used 51164K [0x00000000a0000000, 0x0000000100000000)
  region size 1024K, 3 young (3072K), 3 survivors (3072K)
 Metaspace       used 56221K, capacity 57942K, committed 58284K, reserved 1099776K
  class space    used 7198K, capacity 7837K, committed 7936K, reserved 1048576K
}
Event: 2230.616 GC heap before
{Heap before GC invocations=28 (full 0):
 garbage-first heap   total 131072K, used 78812K [0x00000000a0000000, 0x0000000100000000)
  region size 1024K, 31 young (31744K), 3 survivors (3072K)
 Metaspace       used 57979K, capacity 59638K, committed 59692K, reserved 1101824K
  class space    used 7433K, capacity 8061K, committed 8064K, reserved 1048576K
}
Event: 2230.622 GC heap after
{Heap after GC invocations=29 (full 0):
 garbage-first heap   total 131072K, used 51491K [0x00000000a0000000, 0x0000000100000000)
  region size 1024K, 3 young (3072K), 3 survivors (3072K)
 Metaspace       used 57979K, capacity 59638K, committed 59692K, reserved 1101824K
  class space    used 7433K, capacity 8061K, committed 8064K, reserved 1048576K
}
Event: 2243.884 GC heap before
{Heap before GC invocations=30 (full 0):
 garbage-first heap   total 131072K, used 91427K [0x00000000a0000000, 0x0000000100000000)
  region size 1024K, 43 young (44032K), 3 survivors (3072K)
 Metaspace       used 60363K, capacity 62298K, committed 62508K, reserved 1103872K
  class space    used 7771K, capacity 8471K, committed 8576K, reserved 1048576K
}
Event: 2243.896 GC heap after
{Heap after GC invocations=31 (full 0):
 garbage-first heap   total 131072K, used 52316K [0x00000000a0000000, 0x0000000100000000)
  region size 1024K, 4 young (4096K), 4 survivors (4096K)
 Metaspace       used 60363K, capacity 62298K, committed 62508K, reserved 1103872K
  class space    used 7771K, capacity 8471K, committed 8576K, reserved 1048576K
}

Deoptimization events (20 events):
Event: 2257.805 Thread 0x00000203fbeca800 Uncommon trap: trap_request=0xffffffbe fr.pc=0x0000020387f1664c relative=0x0000000000002dec
Event: 2257.805 Thread 0x00000203fbeca800 Uncommon trap: reason=profile_predicate action=maybe_recompile pc=0x0000020387f1664c method=java.util.TreeMap.put(Ljava/lang/Object;Ljava/lang/Object;)Ljava/lang/Object; @ 55 c2
Event: 2257.806 Thread 0x00000203fbeca800 DEOPT PACKING pc=0x0000020387f1664c sp=0x0000004651bf1bc0
Event: 2257.806 Thread 0x00000203fbeca800 DEOPT UNPACKING pc=0x000002038004a1af sp=0x0000004651bf1ba8 mode 2
Event: 2259.133 Thread 0x00000203fbeca800 Uncommon trap: trap_request=0xffffffbe fr.pc=0x0000020387f1664c relative=0x0000000000002dec
Event: 2259.133 Thread 0x00000203fbeca800 Uncommon trap: reason=profile_predicate action=maybe_recompile pc=0x0000020387f1664c method=java.util.TreeMap.put(Ljava/lang/Object;Ljava/lang/Object;)Ljava/lang/Object; @ 55 c2
Event: 2259.133 Thread 0x00000203fbeca800 DEOPT PACKING pc=0x0000020387f1664c sp=0x0000004651bf29c0
Event: 2259.133 Thread 0x00000203fbeca800 DEOPT UNPACKING pc=0x000002038004a1af sp=0x0000004651bf29a8 mode 2
Event: 2259.765 Thread 0x00000203fbeca800 Uncommon trap: trap_request=0xffffff4d fr.pc=0x0000020387eca9b0 relative=0x0000000000000410
Event: 2259.765 Thread 0x00000203fbeca800 Uncommon trap: reason=unstable_if action=reinterpret pc=0x0000020387eca9b0 method=org.objectweb.asm.Type.getArgumentsAndReturnSizes(Ljava/lang/String;)I @ 117 c2
Event: 2259.765 Thread 0x00000203fbeca800 DEOPT PACKING pc=0x0000020387eca9b0 sp=0x0000004651bf1cd0
Event: 2259.765 Thread 0x00000203fbeca800 DEOPT UNPACKING pc=0x000002038004a1af sp=0x0000004651bf1c50 mode 2
Event: 2259.765 Thread 0x00000203fbeca800 Uncommon trap: trap_request=0xffffff4d fr.pc=0x0000020387d926b0 relative=0x0000000000001670
Event: 2259.765 Thread 0x00000203fbeca800 Uncommon trap: reason=unstable_if action=reinterpret pc=0x0000020387d926b0 method=org.objectweb.asm.Type.getArgumentsAndReturnSizes(Ljava/lang/String;)I @ 117 c2
Event: 2259.765 Thread 0x00000203fbeca800 DEOPT PACKING pc=0x0000020387d926b0 sp=0x0000004651bf1a80
Event: 2259.765 Thread 0x00000203fbeca800 DEOPT UNPACKING pc=0x000002038004a1af sp=0x0000004651bf1938 mode 2
Event: 2259.765 Thread 0x00000203fbeca800 Uncommon trap: trap_request=0xffffff4d fr.pc=0x0000020387e99964 relative=0x00000000000006c4
Event: 2259.765 Thread 0x00000203fbeca800 Uncommon trap: reason=unstable_if action=reinterpret pc=0x0000020387e99964 method=org.objectweb.asm.Frame.getAbstractTypeFromDescriptor(Lorg/objectweb/asm/SymbolTable;Ljava/lang/String;I)I @ 5 c2
Event: 2259.765 Thread 0x00000203fbeca800 DEOPT PACKING pc=0x0000020387e99964 sp=0x0000004651bf1900
Event: 2259.765 Thread 0x00000203fbeca800 DEOPT UNPACKING pc=0x000002038004a1af sp=0x0000004651bf18c0 mode 2

Classes redefined (0 events):
No events

Internal exceptions (20 events):
Event: 2202.376 Thread 0x00000203fbeca800 Exception <a 'java/lang/NoSuchMethodError'{0x00000000a7771cd8}: 'java.lang.Object java.lang.invoke.DirectMethodHandle$Holder.invokeStatic(java.lang.Object, java.lang.Object, java.lang.Object, java.lang.Object, int)'> (0x00000000a7771cd8) thrown at [./src/hotspot/share/interpreter/linkResolver.cpp, line 773]
Event: 2202.377 Thread 0x00000203fbeca800 Exception <a 'java/lang/NoSuchMethodError'{0x00000000a7777c10}: 'java.lang.Object java.lang.invoke.DirectMethodHandle$Holder.invokeSpecial(java.lang.Object, java.lang.Object, java.lang.Object, java.lang.Object, java.lang.Object, int)'> (0x00000000a7777c10) thrown at [./src/hotspot/share/interpreter/linkResolver.cpp, line 773]
Event: 2202.377 Thread 0x00000203fbeca800 Exception <a 'java/lang/NoSuchMethodError'{0x00000000a777d790}: 'java.lang.Object java.lang.invoke.Invokers$Holder.linkToTargetMethod(java.lang.Object, java.lang.Object, java.lang.Object, int, java.lang.Object)'> (0x00000000a777d790) thrown at [./src/hotspot/share/interpreter/linkResolver.cpp, line 773]
Event: 2203.014 Thread 0x00000203fbeca800 Exception <a 'java/lang/NoSuchMethodError'{0x00000000a7567540}: 'java.lang.Object java.lang.invoke.DirectMethodHandle$Holder.invokeSpecial(java.lang.Object, java.lang.Object, int, int, java.lang.Object, java.lang.Object, java.lang.Object)'> (0x00000000a7567540) thrown at [./src/hotspot/share/interpreter/linkResolver.cpp, line 773]
Event: 2203.022 Thread 0x00000203fbeca800 Exception <a 'java/lang/NoSuchMethodError'{0x00000000a756d430}: 'java.lang.Object java.lang.invoke.DelegatingMethodHandle$Holder.reinvoke_L(java.lang.Object, int, int, java.lang.Object, java.lang.Object, java.lang.Object)'> (0x00000000a756d430) thrown at [./src/hotspot/share/interpreter/linkResolver.cpp, line 773]
Event: 2206.878 Thread 0x00000203fbeca800 Exception <a 'java/lang/IncompatibleClassChangeError'{0x00000000a7317398}: Found class java.lang.Object, but interface was expected> (0x00000000a7317398) thrown at [./src/hotspot/share/interpreter/linkResolver.cpp, line 839]
Event: 2209.790 Thread 0x00000203fbeca800 Implicit null exception at 0x0000020387eb3fd9 to 0x0000020387eb41d0
Event: 2211.305 Thread 0x00000203fbeca800 Implicit null exception at 0x0000020387d805d4 to 0x0000020387d807b8
Event: 2211.305 Thread 0x00000203fbeca800 Implicit null exception at 0x0000020387d70f14 to 0x0000020387d72204
Event: 2215.233 Thread 0x00000203fbeca800 Exception <a 'java/lang/NoSuchMethodError'{0x00000000a66e3460}: 'java.lang.Object java.lang.invoke.DirectMethodHandle$Holder.invokeStatic(java.lang.Object, int, java.lang.Object, java.lang.Object, java.lang.Object)'> (0x00000000a66e3460) thrown at [./src/hotspot/share/interpreter/linkResolver.cpp, line 773]
Event: 2215.233 Thread 0x00000203fbeca800 Exception <a 'java/lang/NoSuchMethodError'{0x00000000a66e93d8}: 'java.lang.Object java.lang.invoke.DirectMethodHandle$Holder.invokeSpecial(java.lang.Object, java.lang.Object, int, java.lang.Object, java.lang.Object, java.lang.Object)'> (0x00000000a66e93d8) thrown at [./src/hotspot/share/interpreter/linkResolver.cpp, line 773]
Event: 2218.293 Thread 0x00000203fbeca800 Exception <a 'java/lang/ClassNotFoundException'{0x00000000a76cb530}: org/gradle/api/plugins/internal/DefaultBasePluginConventionBeanInfo> (0x00000000a76cb530) thrown at [./src/hotspot/share/classfile/systemDictionary.cpp, line 231]
Event: 2218.296 Thread 0x00000203fbeca800 Exception <a 'java/lang/ClassNotFoundException'{0x00000000a750c610}: org/gradle/api/plugins/BasePluginConventionBeanInfo> (0x00000000a750c610) thrown at [./src/hotspot/share/classfile/systemDictionary.cpp, line 231]
Event: 2218.299 Thread 0x00000203fbeca800 Exception <a 'java/lang/ClassNotFoundException'{0x00000000a754d438}: org/gradle/api/plugins/BasePluginConventionCustomizer> (0x00000000a754d438) thrown at [./src/hotspot/share/classfile/systemDictionary.cpp, line 231]
Event: 2218.302 Thread 0x00000203fbeca800 Exception <a 'java/lang/ClassNotFoundException'{0x00000000a759e948}: org/gradle/api/plugins/internal/DefaultBasePluginConventionCustomizer> (0x00000000a759e948) thrown at [./src/hotspot/share/classfile/systemDictionary.cpp, line 231]
Event: 2218.374 Thread 0x00000203fbeca800 Exception <a 'java/lang/ClassNotFoundException'{0x00000000a74259c8}: org/gradle/api/plugins/internal/DefaultJavaPluginConventionBeanInfo> (0x00000000a74259c8) thrown at [./src/hotspot/share/classfile/systemDictionary.cpp, line 231]
Event: 2218.437 Thread 0x00000203fbeca800 Exception <a 'java/lang/ClassNotFoundException'{0x00000000a7466828}: org/gradle/api/plugins/JavaPluginConventionBeanInfo> (0x00000000a7466828) thrown at [./src/hotspot/share/classfile/systemDictionary.cpp, line 231]
Event: 2218.439 Thread 0x00000203fbeca800 Exception <a 'java/lang/ClassNotFoundException'{0x00000000a74a9bd0}: org/gradle/api/plugins/JavaPluginConventionCustomizer> (0x00000000a74a9bd0) thrown at [./src/hotspot/share/classfile/systemDictionary.cpp, line 231]
Event: 2218.443 Thread 0x00000203fbeca800 Exception <a 'java/lang/ClassNotFoundException'{0x00000000a7304fa8}: org/gradle/api/plugins/internal/DefaultJavaPluginConventionCustomizer> (0x00000000a7304fa8) thrown at [./src/hotspot/share/classfile/systemDictionary.cpp, line 231]
Event: 2244.864 Thread 0x00000203fbeca800 Exception <a 'java/lang/NoSuchMethodError'{0x00000000a7d41310}: 'java.lang.Object java.lang.invoke.Invokers$Holder.linkToTargetMethod(java.lang.Object, int, java.lang.Object)'> (0x00000000a7d41310) thrown at [./src/hotspot/share/interpreter/linkResolver.cpp, line 773]

Events (20 events):
Event: 2259.543 loading class org/gradle/api/tasks/testing/logging/TestLoggingContainer
Event: 2259.543 loading class org/gradle/api/tasks/testing/logging/TestLoggingContainer done
Event: 2259.544 loading class org/gradle/api/tasks/testing/logging/TestLogging
Event: 2259.544 loading class org/gradle/api/tasks/testing/logging/TestLogging done
Event: 2259.545 loading class org/gradle/api/internal/tasks/testing/logging/TestCountLogger
Event: 2259.545 loading class org/gradle/api/internal/tasks/testing/logging/TestCountLogger done
Event: 2259.749 loading class org/gradle/api/internal/tasks/testing/filter/DefaultTestFilter
Event: 2259.749 loading class org/gradle/api/internal/tasks/testing/filter/DefaultTestFilter done
Event: 2259.758 loading class org/gradle/api/tasks/options/Option
Event: 2259.758 loading class org/gradle/api/tasks/options/Option done
Event: 2259.775 loading class org/gradle/api/internal/tasks/testing/logging/DefaultTestLoggingContainer
Event: 2259.775 loading class org/gradle/api/internal/tasks/testing/logging/DefaultTestLoggingContainer done
Event: 2259.777 loading class org/gradle/api/tasks/testing/logging/TestLogEvent
Event: 2259.777 loading class org/gradle/api/tasks/testing/logging/TestLogEvent done
Event: 2259.778 loading class org/gradle/api/tasks/testing/logging/TestStackTraceFilter
Event: 2259.778 loading class org/gradle/api/tasks/testing/logging/TestStackTraceFilter done
Event: 2259.779 loading class org/gradle/api/tasks/testing/logging/TestExceptionFormat
Event: 2259.779 loading class org/gradle/api/tasks/testing/logging/TestExceptionFormat done
Event: 2259.785 loading class org/gradle/api/internal/tasks/testing/logging/DefaultTestLogging
Event: 2259.785 loading class org/gradle/api/internal/tasks/testing/logging/DefaultTestLogging done


Dynamic libraries:
0x00007ff7e6eb0000 - 0x00007ff7e6eba000 	C:\Program Files\Android\Android Studio\jre\bin\java.exe
0x00007ffbb2d70000 - 0x00007ffbb2f66000 	C:\Windows\SYSTEM32\ntdll.dll
0x00007ffbb1630000 - 0x00007ffbb16ed000 	C:\Windows\System32\KERNEL32.DLL
0x00007ffbb04c0000 - 0x00007ffbb0788000 	C:\Windows\System32\KERNELBASE.dll
0x00007ffba3480000 - 0x00007ffba3499000 	C:\Program Files\Android\Android Studio\jre\bin\jli.dll
0x00007ffb7f8b0000 - 0x00007ffb7f8c7000 	C:\Program Files\Android\Android Studio\jre\bin\VCRUNTIME140.dll
0x00007ffb947a0000 - 0x00007ffb94a3b000 	C:\Windows\WinSxS\amd64_microsoft.windows.common-controls_6595b64144ccf1df_6.0.19041.488_none_ca04af081b815d21\COMCTL32.dll
0x00007ffbb1e50000 - 0x00007ffbb1eee000 	C:\Windows\System32\msvcrt.dll
0x00007ffbb0a00000 - 0x00007ffbb0b00000 	C:\Windows\System32\ucrtbase.dll
0x00007ffbb1cb0000 - 0x00007ffbb1e50000 	C:\Windows\System32\USER32.dll
0x00007ffbb0de0000 - 0x00007ffbb0e0a000 	C:\Windows\System32\GDI32.dll
0x00007ffbb0d30000 - 0x00007ffbb0d52000 	C:\Windows\System32\win32u.dll
0x00007ffbb08f0000 - 0x00007ffbb09f9000 	C:\Windows\System32\gdi32full.dll
0x00007ffbb0c40000 - 0x00007ffbb0cdd000 	C:\Windows\System32\msvcp_win.dll
0x00007ffbb1bf0000 - 0x00007ffbb1c20000 	C:\Windows\System32\IMM32.DLL
0x00007ffb795f0000 - 0x00007ffb7968d000 	C:\Program Files\Android\Android Studio\jre\bin\msvcp140.dll
0x00007ffb570a0000 - 0x00007ffb57ba2000 	C:\Program Files\Android\Android Studio\jre\bin\server\jvm.dll
0x00007ffbb17d0000 - 0x00007ffbb187a000 	C:\Windows\System32\ADVAPI32.dll
0x00007ffbb1460000 - 0x00007ffbb14fb000 	C:\Windows\System32\sechost.dll
0x00007ffbb1ef0000 - 0x00007ffbb2014000 	C:\Windows\System32\RPCRT4.dll
0x00007ffbb0fe0000 - 0x00007ffbb0fe8000 	C:\Windows\System32\PSAPI.DLL
0x00007ffbad6f0000 - 0x00007ffbad6f9000 	C:\Windows\SYSTEM32\WSOCK32.dll
0x00007ffb9da40000 - 0x00007ffb9da67000 	C:\Windows\SYSTEM32\WINMM.dll
0x00007ffbb1760000 - 0x00007ffbb17cb000 	C:\Windows\System32\WS2_32.dll
0x00007ffba63b0000 - 0x00007ffba63ba000 	C:\Windows\SYSTEM32\VERSION.dll
0x00007ffbae410000 - 0x00007ffbae422000 	C:\Windows\SYSTEM32\kernel.appcore.dll
0x00007ffb7efe0000 - 0x00007ffb7eff1000 	C:\Program Files\Android\Android Studio\jre\bin\verify.dll
0x00007ffb94af0000 - 0x00007ffb94cd4000 	C:\Windows\SYSTEM32\DBGHELP.DLL
0x00007ffb94ac0000 - 0x00007ffb94aec000 	C:\Windows\SYSTEM32\dbgcore.DLL
0x00007ffbb0d60000 - 0x00007ffbb0ddf000 	C:\Windows\System32\bcryptPrimitives.dll
0x00007ffb7dcd0000 - 0x00007ffb7dcf9000 	C:\Program Files\Android\Android Studio\jre\bin\java.dll
0x00007ffba3470000 - 0x00007ffba347b000 	C:\Program Files\Android\Android Studio\jre\bin\jimage.dll
0x00007ffb7ed30000 - 0x00007ffb7ed48000 	C:\Program Files\Android\Android Studio\jre\bin\zip.dll
0x00007ffbb2590000 - 0x00007ffbb2cd0000 	C:\Windows\System32\SHELL32.dll
0x00007ffbae610000 - 0x00007ffbaeda4000 	C:\Windows\SYSTEM32\windows.storage.dll
0x00007ffbb21d0000 - 0x00007ffbb2525000 	C:\Windows\System32\combase.dll
0x00007ffbaff30000 - 0x00007ffbaff5c000 	C:\Windows\SYSTEM32\Wldp.dll
0x00007ffbb0e10000 - 0x00007ffbb0ebe000 	C:\Windows\System32\SHCORE.dll
0x00007ffbb1700000 - 0x00007ffbb1755000 	C:\Windows\System32\shlwapi.dll
0x00007ffbb03f0000 - 0x00007ffbb0416000 	C:\Windows\SYSTEM32\profapi.dll
0x00007ffb7e4b0000 - 0x00007ffb7e4ca000 	C:\Program Files\Android\Android Studio\jre\bin\net.dll
0x00007ffba0900000 - 0x00007ffba0a00000 	C:\Windows\SYSTEM32\WINHTTP.dll
0x00007ffbafcb0000 - 0x00007ffbafd1a000 	C:\Windows\system32\mswsock.dll
0x00007ffb7e2a0000 - 0x00007ffb7e2b4000 	C:\Program Files\Android\Android Studio\jre\bin\nio.dll
0x00007ffb7f220000 - 0x00007ffb7f247000 	C:\Users\elaaf\.gradle\native\e1d6ef7f7dcc3fd88c89a11ec53ec762bb8ba0a96d01ffa2cd45eb1d1d8dd5c5\windows-amd64\native-platform.dll
0x00007ffb75780000 - 0x00007ffb758c4000 	C:\Users\elaaf\.gradle\native\0d407fdbe67a94daf76414ababcb853783967236a71b16ec16e742cd7a986fd3\windows-amd64\native-platform-file-events.dll
0x00007ffb8f990000 - 0x00007ffb8f99a000 	C:\Program Files\Android\Android Studio\jre\bin\management.dll
0x00007ffb8f120000 - 0x00007ffb8f12d000 	C:\Program Files\Android\Android Studio\jre\bin\management_ext.dll
0x00007ffbafe80000 - 0x00007ffbafe98000 	C:\Windows\SYSTEM32\CRYPTSP.dll
0x00007ffbaf5d0000 - 0x00007ffbaf604000 	C:\Windows\system32\rsaenh.dll
0x00007ffbb0bb0000 - 0x00007ffbb0bd7000 	C:\Windows\System32\bcrypt.dll
0x00007ffbb0370000 - 0x00007ffbb039e000 	C:\Windows\SYSTEM32\USERENV.dll
0x00007ffbafea0000 - 0x00007ffbafeac000 	C:\Windows\SYSTEM32\CRYPTBASE.dll
0x00007ffbaf950000 - 0x00007ffbaf98b000 	C:\Windows\SYSTEM32\IPHLPAPI.DLL
0x00007ffbb16f0000 - 0x00007ffbb16f9000 	C:\Windows\System32\NSI.dll
0x00007ffba5ec0000 - 0x00007ffba5ed7000 	C:\Windows\SYSTEM32\dhcpcsvc6.DLL
0x00007ffba7410000 - 0x00007ffba742d000 	C:\Windows\SYSTEM32\dhcpcsvc.DLL
0x00007ffbaf9a0000 - 0x00007ffbafa6b000 	C:\Windows\SYSTEM32\DNSAPI.dll

dbghelp: loaded successfully - version: 4.0.5 - missing functions: none
symbol engine: initialized successfully - sym options: 0x614 - pdb path: .;C:\Program Files\Android\Android Studio\jre\bin;C:\Windows\SYSTEM32;C:\Windows\WinSxS\amd64_microsoft.windows.common-controls_6595b64144ccf1df_6.0.19041.488_none_ca04af081b815d21;C:\Program Files\Android\Android Studio\jre\bin\server;C:\Users\elaaf\.gradle\native\e1d6ef7f7dcc3fd88c89a11ec53ec762bb8ba0a96d01ffa2cd45eb1d1d8dd5c5\windows-amd64;C:\Users\elaaf\.gradle\native\0d407fdbe67a94daf76414ababcb853783967236a71b16ec16e742cd7a986fd3\windows-amd64

VM Arguments:
jvm_args: --add-opens=java.base/java.util=ALL-UNNAMED --add-opens=java.base/java.lang=ALL-UNNAMED --add-opens=java.base/java.lang.invoke=ALL-UNNAMED --add-opens=java.base/java.util=ALL-UNNAMED --add-opens=java.prefs/java.util.prefs=ALL-UNNAMED --add-opens=java.prefs/java.util.prefs=ALL-UNNAMED --add-opens=java.base/java.nio.charset=ALL-UNNAMED --add-opens=java.base/java.net=ALL-UNNAMED --add-opens=java.base/java.util.concurrent.atomic=ALL-UNNAMED -Xmx1536M -Dfile.encoding=windows-1256 -Duser.country=US -Duser.language=en -Duser.variant 
java_command: org.gradle.launcher.daemon.bootstrap.GradleDaemon 7.5
java_class_path (initial): C:\Users\elaaf\.gradle\wrapper\dists\gradle-7.5-all\6qsw290k5lz422uaf8jf6m7co\gradle-7.5\lib\gradle-launcher-7.5.jar
Launcher Type: SUN_STANDARD

[Global flags]
     intx CICompilerCount                          = 3                                         {product} {ergonomic}
     uint ConcGCThreads                            = 1                                         {product} {ergonomic}
     uint G1ConcRefinementThreads                  = 4                                         {product} {ergonomic}
   size_t G1HeapRegionSize                         = 1048576                                   {product} {ergonomic}
    uintx GCDrainStackTargetSize                   = 64                                        {product} {ergonomic}
   size_t InitialHeapSize                          = 134217728                                 {product} {ergonomic}
   size_t MarkStackSize                            = 4194304                                   {product} {ergonomic}
   size_t MaxHeapSize                              = 1610612736                                {product} {command line}
   size_t MaxNewSize                               = 965738496                                 {product} {ergonomic}
   size_t MinHeapDeltaBytes                        = 1048576                                   {product} {ergonomic}
    uintx NonNMethodCodeHeapSize                   = 5830732                                {pd product} {ergonomic}
    uintx NonProfiledCodeHeapSize                  = 122913754                              {pd product} {ergonomic}
    uintx ProfiledCodeHeapSize                     = 122913754                              {pd product} {ergonomic}
    uintx ReservedCodeCacheSize                    = 251658240                              {pd product} {ergonomic}
     bool SegmentedCodeCache                       = true                                      {product} {ergonomic}
     bool UseCompressedClassPointers               = true                                 {lp64_product} {ergonomic}
     bool UseCompressedOops                        = true                                 {lp64_product} {ergonomic}
     bool UseG1GC                                  = true                                      {product} {ergonomic}
     bool UseLargePagesIndividualAllocation        = false                                  {pd product} {ergonomic}

Logging:
Log output configuration:
 #0: stdout all=warning uptime,level,tags
 #1: stderr all=off uptime,level,tags

Environment Variables:
JAVA_HOME=C:\Program Files\Android\Android Studio\jre
CLASSPATH=E:\sham_prize\android\\gradle\wrapper\gradle-wrapper.jar
PATH=C:\Program Files\Android\Android Studio\jre\bin;C:\oraclexe\app\oracle\product\11.2.0\server\bin;C:\Program Files (x86)\VMware\VMware Workstation\bin\;C:\Program Files (x86)\Common Files\Oracle\Java\javapath;C:\Windows\system32;C:\Windows;C:\Windows\System32\Wbem;C:\Windows\System32\WindowsPowerShell\v1.0\;C:\Windows\System32\OpenSSH\;C:\Program Files\Git\cmd;C:\Program Files\dotnet\;C:\xampp\php;C:\Chrone;C:\Program Files (x86)\Microsoft Emulator Manager\1.0\;C:\Program Files\nodejs\;E:\App;C:\Program Files (x86)\Microsoft SQL Server\150\DTS\Binn\;C:\Program Files\Azure Data Studio\bin;C:\Program Files\Microsoft SQL Server\Client SDK\ODBC\170\Tools\Binn\;C:\Program Files (x86)\Microsoft SQL Server\150\Tools\Binn\;C:\Program Files\Microsoft SQL Server\150\Tools\Binn\;C:\Program Files\Microsoft SQL Server\150\DTS\Binn\;D:\apache-maven-3.9.6\bin;C:\ProgramData\anaconda3\Lib\site-packages\jupyter.py;C:\Users\elaaf\miniconda3;C:\Users\elaaf\miniconda3\Library\mingw-w64\bin;C:\Users\elaaf\miniconda3\Library\usr\bin;C:\Users\elaaf\miniconda3\Library\bin;C:\Users\elaaf\miniconda3\Scripts;C:\Users\elaaf\AppData\Local\Programs\Python\Python312\Scripts\;C:\Users\elaaf\AppData\Local\Programs\Python\Python312\;C:\Users\elaaf\AppData\Local\Programs\Python\Launcher\;C:\Users\elaaf\AppData\Local\Microsoft\WindowsApps;C:\Users\elaaf\AppData\Local\Programs\Microsoft VS Code\bin;D:\flutter\src\flutter\bin;C:\Program Files\Java\jdk1.8.0_241\bin;C:\Users\elaaf\AppData\Local\Android\Sdk\platform-tools;C:\Users\elaaf\AppData\Local\Android\Sdk\tools;C:\Users\elaaf\AppData\Local\Android\Sdk\build-tools\30.0.3\lib;C:\Program Files\Android\Android Studio1;C:\Program Files\Android\Android Studio1\bin;C:\Program Files\Android\Android Studio1\jre;E:\IntelliJ IDEA Community Edition 2022.2.3\bin;;C:\Users\elaaf\AppData\Roaming\Composer\vendor\bin;C:\Program Files\heroku\bin;C:\Users\elaaf\AppData\Roaming\npm;C:\Program Files\Azure Data Studio\bin;D:\apache-maven-3.9.6\bin;;C:\Program Files\JetB
USERNAME=elaaf
OS=Windows_NT
PROCESSOR_IDENTIFIER=Intel64 Family 6 Model 60 Stepping 3, GenuineIntel



---------------  S Y S T E M  ---------------

OS: Windows 10 , 64 bit Build 19041 (10.0.19041.546)
OS uptime: 6 days 20:40 hours

CPU:total 4 (initial active 4) (2 cores per cpu, 2 threads per core) family 6 model 60 stepping 3 microcode 0x27, cmov, cx8, fxsr, mmx, sse, sse2, sse3, ssse3, sse4.1, sse4.2, popcnt, avx, avx2, aes, clmul, erms, lzcnt, ht, tsc, tscinvbit, bmi1, bmi2, fma

Memory: 4k page, system-wide physical 8097M (179M free)
TotalPageFile size 26847M (AvailPageFile size 161M)
current process WorkingSet (physical memory assigned to process): 269M, peak: 269M
current process commit charge ("private bytes"): 342M, peak: 348M

vm_info: OpenJDK 64-Bit Server VM (11.0.13+0-b1751.21-8125866) for windows-amd64 JRE (11.0.13+0-b1751.21-8125866), built on Feb  2 2022 03:00:22 by "builder" with MS VC++ 14.0 (VS2015)

END.
