#
# There is insufficient memory for the Java Runtime Environment to continue.
# Native memory allocation (malloc) failed to allocate 1164976 bytes for Chunk::new
# Possible reasons:
#   The system is out of physical RAM or swap space
#   The process is running with CompressedOops enabled, and the Java Heap may be blocking the growth of the native heap
# Possible solutions:
#   Reduce memory load on the system
#   Increase physical memory or swap space
#   Check if swap backing store is full
#   Decrease Java heap size (-Xmx/-Xms)
#   Decrease number of Java threads
#   Decrease Java thread stack sizes (-Xss)
#   Set larger code cache with -XX:ReservedCodeCacheSize=
#   JVM is running with Unscaled Compressed Oops mode in which the Java heap is
#     placed in the first 4GB address space. The Java Heap base address is the
#     maximum limit for the native heap growth. Please use -XX:HeapBaseMinAddress
#     to set the Java Heap base and to place the Java Heap above 4GB virtual address.
# This output file may be truncated or incomplete.
#
#  Out of Memory Error (./src/hotspot/share/memory/arena.cpp:197), pid=16472, tid=11796
#
# JRE version: OpenJDK Runtime Environment (11.0.13) (build 11.0.13+0-b1751.21-8125866)
# Java VM: OpenJDK 64-Bit Server VM (11.0.13+0-b1751.21-8125866, mixed mode, tiered, compressed oops, g1 gc, windows-amd64)
# No core dump will be written. Minidumps are not enabled by default on client versions of Windows
#

---------------  S U M M A R Y ------------

Command Line: --add-opens=java.base/java.util=ALL-UNNAMED --add-opens=java.base/java.lang=ALL-UNNAMED --add-opens=java.base/java.lang.invoke=ALL-UNNAMED --add-opens=java.base/java.util=ALL-UNNAMED --add-opens=java.prefs/java.util.prefs=ALL-UNNAMED --add-opens=java.prefs/java.util.prefs=ALL-UNNAMED --add-opens=java.base/java.nio.charset=ALL-UNNAMED --add-opens=java.base/java.net=ALL-UNNAMED --add-opens=java.base/java.util.concurrent.atomic=ALL-UNNAMED -Xmx1536M -Dfile.encoding=windows-1256 -Duser.country=US -Duser.language=en -Duser.variant org.gradle.launcher.daemon.bootstrap.GradleDaemon 7.5

Host: Intel(R) Core(TM) i5-4310M CPU @ 2.70GHz, 4 cores, 7G,  Windows 10 , 64 bit Build 19041 (10.0.19041.546)
Time: Wed Apr 24 22:08:20 2024 Turkey Standard Time elapsed time: 2264.537604 seconds (0d 0h 37m 44s)

---------------  T H R E A D  ---------------

Current thread (0x000001835a882800):  JavaThread "C2 CompilerThread0" daemon [_thread_in_native, id=11796, stack(0x0000000fd0100000,0x0000000fd0200000)]


Current CompileTask:
C2:2264537 7321       4       java.util.TreeMap::put (247 bytes)

Stack: [0x0000000fd0100000,0x0000000fd0200000]
Native frames: (J=compiled Java code, j=interpreted, Vv=VM code, C=native code)
V  [jvm.dll+0x6100fa]
V  [jvm.dll+0x747090]
V  [jvm.dll+0x7486ad]
V  [jvm.dll+0x748d83]
V  [jvm.dll+0x24ab48]
V  [jvm.dll+0xc04dc]
V  [jvm.dll+0xc0a0c]
V  [jvm.dll+0x35eb5b]
V  [jvm.dll+0x32b833]
V  [jvm.dll+0x32ad2a]
V  [jvm.dll+0x2032b2]
V  [jvm.dll+0x202437]
V  [jvm.dll+0x188e01]
V  [jvm.dll+0x21106b]
V  [jvm.dll+0x20f8c1]
V  [jvm.dll+0x70de0f]
V  [jvm.dll+0x706a75]
V  [jvm.dll+0x60ed66]
C  [ucrtbase.dll+0x214c2]
C  [KERNEL32.DLL+0x17034]
C  [ntdll.dll+0x4cec1]


---------------  P R O C E S S  ---------------

Threads class SMR info:
_java_thread_list=0x00000183611fa8c0, length=81, elements={
0x0000018341f61800, 0x000001835a85d800, 0x000001835a85f000, 0x000001835a869000,
0x000001835a86a000, 0x000001835a86b000, 0x000001835a882800, 0x000001835a8a9800,
0x000001835b241800, 0x000001835b337800, 0x000001835bc9d000, 0x000001835c86d800,
0x000001835cd32800, 0x000001835c06c800, 0x000001835cd33000, 0x000001835c212000,
0x000001835c638800, 0x000001835ccc2800, 0x000001835c908000, 0x000001835bb8d800,
0x000001835c2bc800, 0x000001835c2b8800, 0x000001835c2b6800, 0x000001835c2ba000,
0x000001835c2bd800, 0x000001835c2b7800, 0x000001835c2bb000, 0x000001835c2bb800,
0x000001835f9ee800, 0x000001835f9ed000, 0x000001835f9ec000, 0x000001835f9ed800,
0x000001835f9f6800, 0x000001835f9f4800, 0x000001835f9f6000, 0x000001835f9f3800,
0x000001835f9f2000, 0x000001835f9f8800, 0x000001835f9f5000, 0x000001835f9f2800,
0x000001835f9f7800, 0x000001835f9f9000, 0x000001835c2b9000, 0x000001835cf1a800,
0x000001835cf1c800, 0x000001835cf20000, 0x000001835cf1d800, 0x000001835cf1e800,
0x000001835cf1c000, 0x000001835cf1b000, 0x000001835cf1f000, 0x000001835cf25000,
0x000001835cf24000, 0x000001835cf21800, 0x000001835cf21000, 0x000001835cf27800,
0x000001835cf26800, 0x000001835cf22800, 0x000001835cf25800, 0x000001835cf23800,
0x000001835cf28000, 0x000001835cf29000, 0x000001835d28e800, 0x000001835d28f800,
0x000001835d290000, 0x000001835d28d000, 0x000001835d28b800, 0x000001835d28d800,
0x000001835d291000, 0x000001835d292000, 0x000001835d28c000, 0x000001835d296000,
0x000001835d296800, 0x000001835d292800, 0x000001835d293800, 0x000001835d29a000,
0x000001835d299000, 0x000001835d294800, 0x000001835d297800, 0x000001835d298800,
0x000001835f9ef800
}

Java Threads: ( => current thread )
  0x0000018341f61800 JavaThread "main" [_thread_blocked, id=16796, stack(0x0000000fcf500000,0x0000000fcf600000)]
  0x000001835a85d800 JavaThread "Reference Handler" daemon [_thread_blocked, id=4920, stack(0x0000000fcfc00000,0x0000000fcfd00000)]
  0x000001835a85f000 JavaThread "Finalizer" daemon [_thread_blocked, id=14256, stack(0x0000000fcfd00000,0x0000000fcfe00000)]
  0x000001835a869000 JavaThread "Signal Dispatcher" daemon [_thread_blocked, id=17192, stack(0x0000000fcfe00000,0x0000000fcff00000)]
  0x000001835a86a000 JavaThread "Attach Listener" daemon [_thread_blocked, id=9464, stack(0x0000000fcff00000,0x0000000fd0000000)]
  0x000001835a86b000 JavaThread "Service Thread" daemon [_thread_blocked, id=20080, stack(0x0000000fd0000000,0x0000000fd0100000)]
=>0x000001835a882800 JavaThread "C2 CompilerThread0" daemon [_thread_in_native, id=11796, stack(0x0000000fd0100000,0x0000000fd0200000)]
  0x000001835a8a9800 JavaThread "C1 CompilerThread0" daemon [_thread_blocked, id=18200, stack(0x0000000fd0200000,0x0000000fd0300000)]
  0x000001835b241800 JavaThread "Sweeper thread" daemon [_thread_blocked, id=15032, stack(0x0000000fd0300000,0x0000000fd0400000)]
  0x000001835b337800 JavaThread "Common-Cleaner" daemon [_thread_blocked, id=19580, stack(0x0000000fd0400000,0x0000000fd0500000)]
  0x000001835bc9d000 JavaThread "Daemon health stats" [_thread_blocked, id=17804, stack(0x0000000fcf200000,0x0000000fcf300000)]
  0x000001835c86d800 JavaThread "Incoming local TCP Connector on port 56791" [_thread_in_native, id=19768, stack(0x0000000fd0800000,0x0000000fd0900000)]
  0x000001835cd32800 JavaThread "Daemon" [_thread_blocked, id=19956, stack(0x0000000fd0900000,0x0000000fd0a00000)]
  0x000001835c06c800 JavaThread "Handler for socket connection from /127.0.0.1:56791 to /127.0.0.1:56795" [_thread_in_native, id=16336, stack(0x0000000fd0a00000,0x0000000fd0b00000)]
  0x000001835cd33000 JavaThread "Daemon periodic checks" [_thread_blocked, id=20388, stack(0x0000000fd0b00000,0x0000000fd0c00000)]
  0x000001835c212000 JavaThread "Cancel handler" [_thread_blocked, id=19972, stack(0x0000000fd0c00000,0x0000000fd0d00000)]
  0x000001835c638800 JavaThread "Daemon worker" [_thread_in_vm, id=17396, stack(0x0000000fd0d00000,0x0000000fd0e00000)]
  0x000001835ccc2800 JavaThread "Asynchronous log dispatcher for DefaultDaemonConnection: socket connection from /127.0.0.1:56791 to /127.0.0.1:56795" [_thread_blocked, id=12192, stack(0x0000000fd0e00000,0x0000000fd0f00000)]
  0x000001835c908000 JavaThread "Stdin handler" [_thread_blocked, id=19268, stack(0x0000000fd0f00000,0x0000000fd1000000)]
  0x000001835bb8d800 JavaThread "Daemon client event forwarder" [_thread_blocked, id=18508, stack(0x0000000fd1000000,0x0000000fd1100000)]
  0x000001835c2bc800 JavaThread "Cache worker for journal cache (C:\Users\elaaf\.gradle\caches\journal-1)" [_thread_blocked, id=19540, stack(0x0000000fcf300000,0x0000000fcf400000)]
  0x000001835c2b8800 JavaThread "File lock request listener" [_thread_in_native, id=10024, stack(0x0000000fd1100000,0x0000000fd1200000)]
  0x000001835c2b6800 JavaThread "Cache worker for file hash cache (C:\Users\elaaf\.gradle\caches\7.5\fileHashes)" [_thread_blocked, id=13332, stack(0x0000000fd1200000,0x0000000fd1300000)]
  0x000001835c2ba000 JavaThread "File watcher server" daemon [_thread_in_native, id=18760, stack(0x0000000fd1300000,0x0000000fd1400000)]
  0x000001835c2bd800 JavaThread "File watcher consumer" daemon [_thread_blocked, id=3508, stack(0x0000000fd1400000,0x0000000fd1500000)]
  0x000001835c2b7800 JavaThread "Cache worker for checksums cache (E:\sham_prize\android\.gradle\7.5\checksums)" [_thread_blocked, id=11664, stack(0x0000000fd1500000,0x0000000fd1600000)]
  0x000001835c2bb000 JavaThread "Cache worker for cache directory md-rule (C:\Users\elaaf\.gradle\caches\7.5\md-rule)" [_thread_blocked, id=6132, stack(0x0000000fd1700000,0x0000000fd1800000)]
  0x000001835c2bb800 JavaThread "Cache worker for file content cache (C:\Users\elaaf\.gradle\caches\7.5\fileContent)" [_thread_blocked, id=20872, stack(0x0000000fd1800000,0x0000000fd1900000)]
  0x000001835f9ee800 JavaThread "Cache worker for file hash cache (E:\sham_prize\android\.gradle\7.5\fileHashes)" [_thread_blocked, id=20776, stack(0x0000000fd1900000,0x0000000fd1a00000)]
  0x000001835f9ed000 JavaThread "Cache worker for cache directory md-supplier (C:\Users\elaaf\.gradle\caches\7.5\md-supplier)" [_thread_blocked, id=21032, stack(0x0000000fd1a00000,0x0000000fd1b00000)]
  0x000001835f9ec000 JavaThread "Cache worker for execution history cache (C:\Users\elaaf\.gradle\caches\7.5\executionHistory)" [_thread_blocked, id=11952, stack(0x0000000fd1b00000,0x0000000fd1c00000)]
  0x000001835f9ed800 JavaThread "jar transforms" [_thread_blocked, id=10264, stack(0x0000000fd1d00000,0x0000000fd1e00000)]
  0x000001835f9f6800 JavaThread "jar transforms Thread 2" [_thread_blocked, id=20548, stack(0x0000000fd1c00000,0x0000000fd1d00000)]
  0x000001835f9f4800 JavaThread "jar transforms Thread 3" [_thread_blocked, id=21548, stack(0x0000000fd1e00000,0x0000000fd1f00000)]
  0x000001835f9f6000 JavaThread "jar transforms Thread 4" [_thread_blocked, id=21812, stack(0x0000000fd1f00000,0x0000000fd2000000)]
  0x000001835f9f3800 JavaThread "Cache worker for dependencies-accessors (E:\sham_prize\android\.gradle\7.5\dependencies-accessors)" [_thread_blocked, id=22088, stack(0x0000000fd2000000,0x0000000fd2100000)]
  0x000001835f9f2000 JavaThread "Cache worker for Build Output Cleanup Cache (E:\sham_prize\android\.gradle\buildOutputCleanup)" [_thread_blocked, id=20460, stack(0x0000000fd2100000,0x0000000fd2200000)]
  0x000001835f9f8800 JavaThread "Unconstrained build operations" [_thread_blocked, id=7376, stack(0x0000000fd2200000,0x0000000fd2300000)]
  0x000001835f9f5000 JavaThread "Unconstrained build operations Thread 2" [_thread_blocked, id=22572, stack(0x0000000fd2300000,0x0000000fd2400000)]
  0x000001835f9f2800 JavaThread "Unconstrained build operations Thread 3" [_thread_blocked, id=18612, stack(0x0000000fd2400000,0x0000000fd2500000)]
  0x000001835f9f7800 JavaThread "Unconstrained build operations Thread 4" [_thread_blocked, id=15304, stack(0x0000000fd2500000,0x0000000fd2600000)]
  0x000001835f9f9000 JavaThread "Unconstrained build operations Thread 5" [_thread_blocked, id=23112, stack(0x0000000fd2600000,0x0000000fd2700000)]
  0x000001835c2b9000 JavaThread "Unconstrained build operations Thread 6" [_thread_blocked, id=10628, stack(0x0000000fd2700000,0x0000000fd2800000)]
  0x000001835cf1a800 JavaThread "Unconstrained build operations Thread 7" [_thread_blocked, id=7068, stack(0x0000000fd2800000,0x0000000fd2900000)]
  0x000001835cf1c800 JavaThread "Unconstrained build operations Thread 8" [_thread_blocked, id=23144, stack(0x0000000fd2900000,0x0000000fd2a00000)]
  0x000001835cf20000 JavaThread "Unconstrained build operations Thread 9" [_thread_blocked, id=8340, stack(0x0000000fd2a00000,0x0000000fd2b00000)]
  0x000001835cf1d800 JavaThread "Unconstrained build operations Thread 10" [_thread_blocked, id=20860, stack(0x0000000fd2b00000,0x0000000fd2c00000)]
  0x000001835cf1e800 JavaThread "Unconstrained build operations Thread 11" [_thread_blocked, id=23236, stack(0x0000000fd2c00000,0x0000000fd2d00000)]
  0x000001835cf1c000 JavaThread "Unconstrained build operations Thread 12" [_thread_blocked, id=8668, stack(0x0000000fd2d00000,0x0000000fd2e00000)]
  0x000001835cf1b000 JavaThread "Unconstrained build operations Thread 13" [_thread_blocked, id=21940, stack(0x0000000fd2e00000,0x0000000fd2f00000)]
  0x000001835cf1f000 JavaThread "Unconstrained build operations Thread 14" [_thread_blocked, id=8932, stack(0x0000000fd2f00000,0x0000000fd3000000)]
  0x000001835cf25000 JavaThread "Unconstrained build operations Thread 15" [_thread_blocked, id=23044, stack(0x0000000fd3000000,0x0000000fd3100000)]
  0x000001835cf24000 JavaThread "Unconstrained build operations Thread 16" [_thread_blocked, id=10332, stack(0x0000000fd3100000,0x0000000fd3200000)]
  0x000001835cf21800 JavaThread "Unconstrained build operations Thread 17" [_thread_blocked, id=21328, stack(0x0000000fd3200000,0x0000000fd3300000)]
  0x000001835cf21000 JavaThread "Unconstrained build operations Thread 18" [_thread_blocked, id=22780, stack(0x0000000fd3300000,0x0000000fd3400000)]
  0x000001835cf27800 JavaThread "Unconstrained build operations Thread 19" [_thread_blocked, id=17284, stack(0x0000000fd3400000,0x0000000fd3500000)]
  0x000001835cf26800 JavaThread "Unconstrained build operations Thread 20" [_thread_blocked, id=10344, stack(0x0000000fd3500000,0x0000000fd3600000)]
  0x000001835cf22800 JavaThread "Unconstrained build operations Thread 21" [_thread_blocked, id=23344, stack(0x0000000fd3600000,0x0000000fd3700000)]
  0x000001835cf25800 JavaThread "Unconstrained build operations Thread 22" [_thread_blocked, id=21264, stack(0x0000000fd3700000,0x0000000fd3800000)]
  0x000001835cf23800 JavaThread "Unconstrained build operations Thread 23" [_thread_blocked, id=21540, stack(0x0000000fd3800000,0x0000000fd3900000)]
  0x000001835cf28000 JavaThread "Unconstrained build operations Thread 24" [_thread_blocked, id=23292, stack(0x0000000fd3900000,0x0000000fd3a00000)]
  0x000001835cf29000 JavaThread "Unconstrained build operations Thread 25" [_thread_blocked, id=17156, stack(0x0000000fd3a00000,0x0000000fd3b00000)]
  0x000001835d28e800 JavaThread "Unconstrained build operations Thread 26" [_thread_blocked, id=22252, stack(0x0000000fd3b00000,0x0000000fd3c00000)]
  0x000001835d28f800 JavaThread "Unconstrained build operations Thread 27" [_thread_blocked, id=22724, stack(0x0000000fd3c00000,0x0000000fd3d00000)]
  0x000001835d290000 JavaThread "Unconstrained build operations Thread 28" [_thread_blocked, id=18364, stack(0x0000000fd3d00000,0x0000000fd3e00000)]
  0x000001835d28d000 JavaThread "Unconstrained build operations Thread 29" [_thread_blocked, id=22624, stack(0x0000000fd3e00000,0x0000000fd3f00000)]
  0x000001835d28b800 JavaThread "Unconstrained build operations Thread 30" [_thread_blocked, id=17684, stack(0x0000000fd3f00000,0x0000000fd4000000)]
  0x000001835d28d800 JavaThread "Unconstrained build operations Thread 31" [_thread_blocked, id=8928, stack(0x0000000fd4000000,0x0000000fd4100000)]
  0x000001835d291000 JavaThread "Unconstrained build operations Thread 32" [_thread_blocked, id=12424, stack(0x0000000fd4100000,0x0000000fd4200000)]
  0x000001835d292000 JavaThread "Unconstrained build operations Thread 33" [_thread_blocked, id=20516, stack(0x0000000fd4200000,0x0000000fd4300000)]
  0x000001835d28c000 JavaThread "Unconstrained build operations Thread 34" [_thread_blocked, id=21180, stack(0x0000000fd4300000,0x0000000fd4400000)]
  0x000001835d296000 JavaThread "Unconstrained build operations Thread 35" [_thread_blocked, id=14196, stack(0x0000000fd4400000,0x0000000fd4500000)]
  0x000001835d296800 JavaThread "Unconstrained build operations Thread 36" [_thread_blocked, id=21316, stack(0x0000000fd4500000,0x0000000fd4600000)]
  0x000001835d292800 JavaThread "Unconstrained build operations Thread 37" [_thread_blocked, id=20788, stack(0x0000000fd4600000,0x0000000fd4700000)]
  0x000001835d293800 JavaThread "Unconstrained build operations Thread 38" [_thread_blocked, id=21092, stack(0x0000000fd4700000,0x0000000fd4800000)]
  0x000001835d29a000 JavaThread "Unconstrained build operations Thread 39" [_thread_blocked, id=21560, stack(0x0000000fd4800000,0x0000000fd4900000)]
  0x000001835d299000 JavaThread "Unconstrained build operations Thread 40" [_thread_blocked, id=23156, stack(0x0000000fd4900000,0x0000000fd4a00000)]
  0x000001835d294800 JavaThread "Cache worker for kotlin-dsl (C:\Users\elaaf\.gradle\caches\7.5\kotlin-dsl)" [_thread_blocked, id=14380, stack(0x0000000fd1600000,0x0000000fd1700000)]
  0x000001835d297800 JavaThread "File lock release action executor Thread 6" [_thread_blocked, id=13736, stack(0x0000000fd4a00000,0x0000000fd4b00000)]
  0x000001835d298800 JavaThread "Cache worker for Build Output Cleanup Cache (D:\flutter\src\flutter\packages\flutter_tools\gradle\.gradle\buildOutputCleanup)" [_thread_blocked, id=15500, stack(0x0000000fd4b00000,0x0000000fd4c00000)]
  0x000001835f9ef800 JavaThread "Memory manager" [_thread_blocked, id=17000, stack(0x0000000fd4c00000,0x0000000fd4d00000)]

Other Threads:
  0x000001835a832000 VMThread "VM Thread" [stack: 0x0000000fcfb00000,0x0000000fcfc00000] [id=19916]
  0x000001835b351800 WatcherThread [stack: 0x0000000fd0500000,0x0000000fd0600000] [id=19568]
  0x0000018341f7b000 GCTaskThread "GC Thread#0" [stack: 0x0000000fcf600000,0x0000000fcf700000] [id=19380]
  0x000001835b5fd000 GCTaskThread "GC Thread#1" [stack: 0x0000000fd0600000,0x0000000fd0700000] [id=19608]
  0x000001835bae2000 GCTaskThread "GC Thread#2" [stack: 0x0000000fd0700000,0x0000000fd0800000] [id=19612]
  0x000001835c585800 GCTaskThread "GC Thread#3" [stack: 0x0000000fcf400000,0x0000000fcf500000] [id=14948]
  0x0000018341fa0000 ConcurrentGCThread "G1 Main Marker" [stack: 0x0000000fcf700000,0x0000000fcf800000] [id=19164]
  0x0000018341fa1000 ConcurrentGCThread "G1 Conc#0" [stack: 0x0000000fcf800000,0x0000000fcf900000] [id=15024]
  0x000001834202e000 ConcurrentGCThread "G1 Refine#0" [stack: 0x0000000fcf900000,0x0000000fcfa00000] [id=20128]
  0x000001834202f000 ConcurrentGCThread "G1 Young RemSet Sampling" [stack: 0x0000000fcfa00000,0x0000000fcfb00000] [id=20476]

Threads with active compile tasks:
C2 CompilerThread02276143 7321       4       java.util.TreeMap::put (247 bytes)

VM state:not at safepoint (normal execution)

VM Mutex/Monitor currently owned by a thread: None

Heap address: 0x00000000a0000000, size: 1536 MB, Compressed Oops mode: 32-bit
Narrow klass base: 0x0000000000000000, Narrow klass shift: 3
Compressed class space size: 1073741824 Address: 0x0000000100000000

Heap:
 garbage-first heap   total 131072K, used 74406K [0x00000000a0000000, 0x0000000100000000)
  region size 1024K, 26 young (26624K), 4 survivors (4096K)
 Metaspace       used 62585K, capacity 64610K, committed 64892K, reserved 1105920K
  class space    used 8138K, capacity 8892K, committed 8960K, reserved 1048576K
Heap Regions: E=young(eden), S=young(survivor), O=old, HS=humongous(starts), HC=humongous(continues), CS=collection set, F=free, A=archive, TAMS=top-at-mark-start (previous, next)
|   0|0x00000000a0000000, 0x00000000a0100000, 0x00000000a0100000|100%|HS|  |TAMS 0x00000000a0100000, 0x00000000a0000000| Complete 
|   1|0x00000000a0100000, 0x00000000a0200000, 0x00000000a0200000|100%|HC|  |TAMS 0x00000000a0200000, 0x00000000a0100000| Complete 
|   2|0x00000000a0200000, 0x00000000a0300000, 0x00000000a0300000|100%|HC|  |TAMS 0x00000000a0300000, 0x00000000a0200000| Complete 
|   3|0x00000000a0300000, 0x00000000a0400000, 0x00000000a0400000|100%| O|  |TAMS 0x00000000a0400000, 0x00000000a0300000| Untracked 
|   4|0x00000000a0400000, 0x00000000a0500000, 0x00000000a0500000|100%| O|  |TAMS 0x00000000a0500000, 0x00000000a0400000| Untracked 
|   5|0x00000000a0500000, 0x00000000a0600000, 0x00000000a0600000|100%| O|  |TAMS 0x00000000a0600000, 0x00000000a0500000| Untracked 
|   6|0x00000000a0600000, 0x00000000a0700000, 0x00000000a0700000|100%| O|  |TAMS 0x00000000a0700000, 0x00000000a0600000| Untracked 
|   7|0x00000000a0700000, 0x00000000a0800000, 0x00000000a0800000|100%| O|  |TAMS 0x00000000a0800000, 0x00000000a0700000| Untracked 
|   8|0x00000000a0800000, 0x00000000a0900000, 0x00000000a0900000|100%| O|  |TAMS 0x00000000a0900000, 0x00000000a0800000| Untracked 
|   9|0x00000000a0900000, 0x00000000a0a00000, 0x00000000a0a00000|100%| O|  |TAMS 0x00000000a0a00000, 0x00000000a0900000| Untracked 
|  10|0x00000000a0a00000, 0x00000000a0b00000, 0x00000000a0b00000|100%| O|  |TAMS 0x00000000a0b00000, 0x00000000a0a00000| Untracked 
|  11|0x00000000a0b00000, 0x00000000a0c00000, 0x00000000a0c00000|100%| O|  |TAMS 0x00000000a0c00000, 0x00000000a0b00000| Untracked 
|  12|0x00000000a0c00000, 0x00000000a0d00000, 0x00000000a0d00000|100%| O|  |TAMS 0x00000000a0d00000, 0x00000000a0c00000| Untracked 
|  13|0x00000000a0d00000, 0x00000000a0e00000, 0x00000000a0e00000|100%| O|  |TAMS 0x00000000a0e00000, 0x00000000a0d00000| Untracked 
|  14|0x00000000a0e00000, 0x00000000a0f00000, 0x00000000a0f00000|100%| O|  |TAMS 0x00000000a0f00000, 0x00000000a0e00000| Untracked 
|  15|0x00000000a0f00000, 0x00000000a1000000, 0x00000000a1000000|100%| O|  |TAMS 0x00000000a1000000, 0x00000000a0f00000| Untracked 
|  16|0x00000000a1000000, 0x00000000a1100000, 0x00000000a1100000|100%| O|  |TAMS 0x00000000a1100000, 0x00000000a1000000| Untracked 
|  17|0x00000000a1100000, 0x00000000a1200000, 0x00000000a1200000|100%| O|  |TAMS 0x00000000a1200000, 0x00000000a1100000| Untracked 
|  18|0x00000000a1200000, 0x00000000a1300000, 0x00000000a1300000|100%| O|  |TAMS 0x00000000a1300000, 0x00000000a1200000| Untracked 
|  19|0x00000000a1300000, 0x00000000a1400000, 0x00000000a1400000|100%| O|  |TAMS 0x00000000a1400000, 0x00000000a1300000| Untracked 
|  20|0x00000000a1400000, 0x00000000a1500000, 0x00000000a1500000|100%| O|  |TAMS 0x00000000a1500000, 0x00000000a1400000| Untracked 
|  21|0x00000000a1500000, 0x00000000a1600000, 0x00000000a1600000|100%| O|  |TAMS 0x00000000a1600000, 0x00000000a1500000| Untracked 
|  22|0x00000000a1600000, 0x00000000a1700000, 0x00000000a1700000|100%| O|  |TAMS 0x00000000a1700000, 0x00000000a1600000| Untracked 
|  23|0x00000000a1700000, 0x00000000a1800000, 0x00000000a1800000|100%| O|  |TAMS 0x00000000a1800000, 0x00000000a1700000| Untracked 
|  24|0x00000000a1800000, 0x00000000a1900000, 0x00000000a1900000|100%| O|  |TAMS 0x00000000a1900000, 0x00000000a1800000| Untracked 
|  25|0x00000000a1900000, 0x00000000a1a00000, 0x00000000a1a00000|100%| O|  |TAMS 0x00000000a1a00000, 0x00000000a1900000| Untracked 
|  26|0x00000000a1a00000, 0x00000000a1b00000, 0x00000000a1b00000|100%| O|  |TAMS 0x00000000a1b00000, 0x00000000a1a00000| Untracked 
|  27|0x00000000a1b00000, 0x00000000a1c00000, 0x00000000a1c00000|100%| O|  |TAMS 0x00000000a1c00000, 0x00000000a1b00000| Untracked 
|  28|0x00000000a1c00000, 0x00000000a1d00000, 0x00000000a1d00000|100%| O|  |TAMS 0x00000000a1d00000, 0x00000000a1c00000| Untracked 
|  29|0x00000000a1d00000, 0x00000000a1e00000, 0x00000000a1e00000|100%| O|  |TAMS 0x00000000a1e00000, 0x00000000a1d00000| Untracked 
|  30|0x00000000a1e00000, 0x00000000a1f00000, 0x00000000a1f00000|100%|HS|  |TAMS 0x00000000a1f00000, 0x00000000a1e00000| Complete 
|  31|0x00000000a1f00000, 0x00000000a2000000, 0x00000000a2000000|100%|HS|  |TAMS 0x00000000a2000000, 0x00000000a1f00000| Complete 
|  32|0x00000000a2000000, 0x00000000a2100000, 0x00000000a2100000|100%|HS|  |TAMS 0x00000000a2100000, 0x00000000a2000000| Complete 
|  33|0x00000000a2100000, 0x00000000a2200000, 0x00000000a2200000|100%|HS|  |TAMS 0x00000000a2200000, 0x00000000a2100000| Complete 
|  34|0x00000000a2200000, 0x00000000a2300000, 0x00000000a2300000|100%|HC|  |TAMS 0x00000000a2300000, 0x00000000a2200000| Complete 
|  35|0x00000000a2300000, 0x00000000a2400000, 0x00000000a2400000|100%|HC|  |TAMS 0x00000000a2400000, 0x00000000a2300000| Complete 
|  36|0x00000000a2400000, 0x00000000a2500000, 0x00000000a2500000|100%| O|  |TAMS 0x00000000a2500000, 0x00000000a2400000| Untracked 
|  37|0x00000000a2500000, 0x00000000a2600000, 0x00000000a2600000|100%|HS|  |TAMS 0x00000000a2600000, 0x00000000a2500000| Complete 
|  38|0x00000000a2600000, 0x00000000a2700000, 0x00000000a2700000|100%|HC|  |TAMS 0x00000000a2700000, 0x00000000a2600000| Complete 
|  39|0x00000000a2700000, 0x00000000a2800000, 0x00000000a2800000|100%| O|  |TAMS 0x00000000a2800000, 0x00000000a2700000| Untracked 
|  40|0x00000000a2800000, 0x00000000a2900000, 0x00000000a2900000|100%| O|  |TAMS 0x00000000a2900000, 0x00000000a2800000| Untracked 
|  41|0x00000000a2900000, 0x00000000a2a00000, 0x00000000a2a00000|100%| O|  |TAMS 0x00000000a2a00000, 0x00000000a2900000| Untracked 
|  42|0x00000000a2a00000, 0x00000000a2b00000, 0x00000000a2b00000|100%| O|  |TAMS 0x00000000a2b00000, 0x00000000a2a00000| Untracked 
|  43|0x00000000a2b00000, 0x00000000a2c00000, 0x00000000a2c00000|100%| O|  |TAMS 0x00000000a2c00000, 0x00000000a2b00000| Untracked 
|  44|0x00000000a2c00000, 0x00000000a2d00000, 0x00000000a2d00000|100%| O|  |TAMS 0x00000000a2d00000, 0x00000000a2c00000| Untracked 
|  45|0x00000000a2d00000, 0x00000000a2e00000, 0x00000000a2e00000|100%| O|  |TAMS 0x00000000a2e00000, 0x00000000a2d00000| Untracked 
|  46|0x00000000a2e00000, 0x00000000a2f00000, 0x00000000a2f00000|100%| O|  |TAMS 0x00000000a2f00000, 0x00000000a2e00000| Untracked 
|  47|0x00000000a2f00000, 0x00000000a3000000, 0x00000000a3000000|100%| O|  |TAMS 0x00000000a3000000, 0x00000000a2f00000| Untracked 
|  48|0x00000000a3000000, 0x00000000a3000000, 0x00000000a3100000|  0%| F|  |TAMS 0x00000000a3000000, 0x00000000a3000000| Untracked 
|  49|0x00000000a3100000, 0x00000000a3100000, 0x00000000a3200000|  0%| F|  |TAMS 0x00000000a3100000, 0x00000000a3100000| Untracked 
|  50|0x00000000a3200000, 0x00000000a3200000, 0x00000000a3300000|  0%| F|  |TAMS 0x00000000a3200000, 0x00000000a3200000| Untracked 
|  51|0x00000000a3300000, 0x00000000a3300000, 0x00000000a3400000|  0%| F|  |TAMS 0x00000000a3300000, 0x00000000a3300000| Untracked 
|  52|0x00000000a3400000, 0x00000000a3400000, 0x00000000a3500000|  0%| F|  |TAMS 0x00000000a3400000, 0x00000000a3400000| Untracked 
|  53|0x00000000a3500000, 0x00000000a3500000, 0x00000000a3600000|  0%| F|  |TAMS 0x00000000a3500000, 0x00000000a3500000| Untracked 
|  54|0x00000000a3600000, 0x00000000a3600000, 0x00000000a3700000|  0%| F|  |TAMS 0x00000000a3600000, 0x00000000a3600000| Untracked 
|  55|0x00000000a3700000, 0x00000000a3700000, 0x00000000a3800000|  0%| F|  |TAMS 0x00000000a3700000, 0x00000000a3700000| Untracked 
|  56|0x00000000a3800000, 0x00000000a3800000, 0x00000000a3900000|  0%| F|  |TAMS 0x00000000a3800000, 0x00000000a3800000| Untracked 
|  57|0x00000000a3900000, 0x00000000a3900000, 0x00000000a3a00000|  0%| F|  |TAMS 0x00000000a3900000, 0x00000000a3900000| Untracked 
|  58|0x00000000a3a00000, 0x00000000a3a00000, 0x00000000a3b00000|  0%| F|  |TAMS 0x00000000a3a00000, 0x00000000a3a00000| Untracked 
|  59|0x00000000a3b00000, 0x00000000a3b00000, 0x00000000a3c00000|  0%| F|  |TAMS 0x00000000a3b00000, 0x00000000a3b00000| Untracked 
|  60|0x00000000a3c00000, 0x00000000a3c00000, 0x00000000a3d00000|  0%| F|  |TAMS 0x00000000a3c00000, 0x00000000a3c00000| Untracked 
|  61|0x00000000a3d00000, 0x00000000a3d00000, 0x00000000a3e00000|  0%| F|  |TAMS 0x00000000a3d00000, 0x00000000a3d00000| Untracked 
|  62|0x00000000a3e00000, 0x00000000a3e00000, 0x00000000a3f00000|  0%| F|  |TAMS 0x00000000a3e00000, 0x00000000a3e00000| Untracked 
|  63|0x00000000a3f00000, 0x00000000a3f00000, 0x00000000a4000000|  0%| F|  |TAMS 0x00000000a3f00000, 0x00000000a3f00000| Untracked 
|  64|0x00000000a4000000, 0x00000000a4000000, 0x00000000a4100000|  0%| F|  |TAMS 0x00000000a4000000, 0x00000000a4000000| Untracked 
|  65|0x00000000a4100000, 0x00000000a4100000, 0x00000000a4200000|  0%| F|  |TAMS 0x00000000a4100000, 0x00000000a4100000| Untracked 
|  66|0x00000000a4200000, 0x00000000a4200000, 0x00000000a4300000|  0%| F|  |TAMS 0x00000000a4200000, 0x00000000a4200000| Untracked 
|  67|0x00000000a4300000, 0x00000000a4300000, 0x00000000a4400000|  0%| F|  |TAMS 0x00000000a4300000, 0x00000000a4300000| Untracked 
|  68|0x00000000a4400000, 0x00000000a4400000, 0x00000000a4500000|  0%| F|  |TAMS 0x00000000a4400000, 0x00000000a4400000| Untracked 
|  69|0x00000000a4500000, 0x00000000a4500000, 0x00000000a4600000|  0%| F|  |TAMS 0x00000000a4500000, 0x00000000a4500000| Untracked 
|  70|0x00000000a4600000, 0x00000000a4600000, 0x00000000a4700000|  0%| F|  |TAMS 0x00000000a4600000, 0x00000000a4600000| Untracked 
|  71|0x00000000a4700000, 0x00000000a4700000, 0x00000000a4800000|  0%| F|  |TAMS 0x00000000a4700000, 0x00000000a4700000| Untracked 
|  72|0x00000000a4800000, 0x00000000a4800000, 0x00000000a4900000|  0%| F|  |TAMS 0x00000000a4800000, 0x00000000a4800000| Untracked 
|  73|0x00000000a4900000, 0x00000000a4900000, 0x00000000a4a00000|  0%| F|  |TAMS 0x00000000a4900000, 0x00000000a4900000| Untracked 
|  74|0x00000000a4a00000, 0x00000000a4a00000, 0x00000000a4b00000|  0%| F|  |TAMS 0x00000000a4a00000, 0x00000000a4a00000| Untracked 
|  75|0x00000000a4b00000, 0x00000000a4ba9b00, 0x00000000a4c00000| 66%| S|CS|TAMS 0x00000000a4b00000, 0x00000000a4b00000| Complete 
|  76|0x00000000a4c00000, 0x00000000a4d00000, 0x00000000a4d00000|100%| S|CS|TAMS 0x00000000a4c00000, 0x00000000a4c00000| Complete 
|  77|0x00000000a4d00000, 0x00000000a4e00000, 0x00000000a4e00000|100%| S|CS|TAMS 0x00000000a4d00000, 0x00000000a4d00000| Complete 
|  78|0x00000000a4e00000, 0x00000000a4f00000, 0x00000000a4f00000|100%| S|CS|TAMS 0x00000000a4e00000, 0x00000000a4e00000| Complete 
|  79|0x00000000a4f00000, 0x00000000a4f00000, 0x00000000a5000000|  0%| F|  |TAMS 0x00000000a4f00000, 0x00000000a4f00000| Untracked 
|  80|0x00000000a5000000, 0x00000000a5000000, 0x00000000a5100000|  0%| F|  |TAMS 0x00000000a5000000, 0x00000000a5000000| Untracked 
|  81|0x00000000a5100000, 0x00000000a5100000, 0x00000000a5200000|  0%| F|  |TAMS 0x00000000a5100000, 0x00000000a5100000| Untracked 
|  82|0x00000000a5200000, 0x00000000a5200000, 0x00000000a5300000|  0%| F|  |TAMS 0x00000000a5200000, 0x00000000a5200000| Untracked 
|  83|0x00000000a5300000, 0x00000000a5300000, 0x00000000a5400000|  0%| F|  |TAMS 0x00000000a5300000, 0x00000000a5300000| Untracked 
|  84|0x00000000a5400000, 0x00000000a5400000, 0x00000000a5500000|  0%| F|  |TAMS 0x00000000a5400000, 0x00000000a5400000| Untracked 
|  85|0x00000000a5500000, 0x00000000a5500000, 0x00000000a5600000|  0%| F|  |TAMS 0x00000000a5500000, 0x00000000a5500000| Untracked 
|  86|0x00000000a5600000, 0x00000000a5600000, 0x00000000a5700000|  0%| F|  |TAMS 0x00000000a5600000, 0x00000000a5600000| Untracked 
|  87|0x00000000a5700000, 0x00000000a5700000, 0x00000000a5800000|  0%| F|  |TAMS 0x00000000a5700000, 0x00000000a5700000| Untracked 
|  88|0x00000000a5800000, 0x00000000a5800000, 0x00000000a5900000|  0%| F|  |TAMS 0x00000000a5800000, 0x00000000a5800000| Untracked 
|  89|0x00000000a5900000, 0x00000000a5900000, 0x00000000a5a00000|  0%| F|  |TAMS 0x00000000a5900000, 0x00000000a5900000| Untracked 
|  90|0x00000000a5a00000, 0x00000000a5a00000, 0x00000000a5b00000|  0%| F|  |TAMS 0x00000000a5a00000, 0x00000000a5a00000| Untracked 
|  91|0x00000000a5b00000, 0x00000000a5b00000, 0x00000000a5c00000|  0%| F|  |TAMS 0x00000000a5b00000, 0x00000000a5b00000| Untracked 
|  92|0x00000000a5c00000, 0x00000000a5c00000, 0x00000000a5d00000|  0%| F|  |TAMS 0x00000000a5c00000, 0x00000000a5c00000| Untracked 
|  93|0x00000000a5d00000, 0x00000000a5d00000, 0x00000000a5e00000|  0%| F|  |TAMS 0x00000000a5d00000, 0x00000000a5d00000| Untracked 
|  94|0x00000000a5e00000, 0x00000000a5e00000, 0x00000000a5f00000|  0%| F|  |TAMS 0x00000000a5e00000, 0x00000000a5e00000| Untracked 
|  95|0x00000000a5f00000, 0x00000000a5f00000, 0x00000000a6000000|  0%| F|  |TAMS 0x00000000a5f00000, 0x00000000a5f00000| Untracked 
|  96|0x00000000a6000000, 0x00000000a6000000, 0x00000000a6100000|  0%| F|  |TAMS 0x00000000a6000000, 0x00000000a6000000| Untracked 
|  97|0x00000000a6100000, 0x00000000a6100000, 0x00000000a6200000|  0%| F|  |TAMS 0x00000000a6100000, 0x00000000a6100000| Untracked 
|  98|0x00000000a6200000, 0x00000000a6200000, 0x00000000a6300000|  0%| F|  |TAMS 0x00000000a6200000, 0x00000000a6200000| Untracked 
|  99|0x00000000a6300000, 0x00000000a6300000, 0x00000000a6400000|  0%| F|  |TAMS 0x00000000a6300000, 0x00000000a6300000| Untracked 
| 100|0x00000000a6400000, 0x00000000a6400000, 0x00000000a6500000|  0%| F|  |TAMS 0x00000000a6400000, 0x00000000a6400000| Untracked 
| 101|0x00000000a6500000, 0x00000000a6500000, 0x00000000a6600000|  0%| F|  |TAMS 0x00000000a6500000, 0x00000000a6500000| Untracked 
| 102|0x00000000a6600000, 0x00000000a6600000, 0x00000000a6700000|  0%| F|  |TAMS 0x00000000a6600000, 0x00000000a6600000| Untracked 
| 103|0x00000000a6700000, 0x00000000a6700000, 0x00000000a6800000|  0%| F|  |TAMS 0x00000000a6700000, 0x00000000a6700000| Untracked 
| 104|0x00000000a6800000, 0x00000000a6800000, 0x00000000a6900000|  0%| F|  |TAMS 0x00000000a6800000, 0x00000000a6800000| Untracked 
| 105|0x00000000a6900000, 0x00000000a6900000, 0x00000000a6a00000|  0%| F|  |TAMS 0x00000000a6900000, 0x00000000a6900000| Untracked 
| 106|0x00000000a6a00000, 0x00000000a6a1eeb0, 0x00000000a6b00000| 12%| E|  |TAMS 0x00000000a6a00000, 0x00000000a6a00000| Complete 
| 107|0x00000000a6b00000, 0x00000000a6c00000, 0x00000000a6c00000|100%| E|CS|TAMS 0x00000000a6b00000, 0x00000000a6b00000| Complete 
| 108|0x00000000a6c00000, 0x00000000a6d00000, 0x00000000a6d00000|100%| E|CS|TAMS 0x00000000a6c00000, 0x00000000a6c00000| Complete 
| 109|0x00000000a6d00000, 0x00000000a6e00000, 0x00000000a6e00000|100%| E|CS|TAMS 0x00000000a6d00000, 0x00000000a6d00000| Complete 
| 110|0x00000000a6e00000, 0x00000000a6f00000, 0x00000000a6f00000|100%| E|CS|TAMS 0x00000000a6e00000, 0x00000000a6e00000| Complete 
| 111|0x00000000a6f00000, 0x00000000a7000000, 0x00000000a7000000|100%| E|CS|TAMS 0x00000000a6f00000, 0x00000000a6f00000| Complete 
| 112|0x00000000a7000000, 0x00000000a7100000, 0x00000000a7100000|100%| E|CS|TAMS 0x00000000a7000000, 0x00000000a7000000| Complete 
| 113|0x00000000a7100000, 0x00000000a7200000, 0x00000000a7200000|100%| E|CS|TAMS 0x00000000a7100000, 0x00000000a7100000| Complete 
| 114|0x00000000a7200000, 0x00000000a7300000, 0x00000000a7300000|100%| E|CS|TAMS 0x00000000a7200000, 0x00000000a7200000| Complete 
| 115|0x00000000a7300000, 0x00000000a7400000, 0x00000000a7400000|100%| E|CS|TAMS 0x00000000a7300000, 0x00000000a7300000| Complete 
| 116|0x00000000a7400000, 0x00000000a7500000, 0x00000000a7500000|100%| E|CS|TAMS 0x00000000a7400000, 0x00000000a7400000| Complete 
| 117|0x00000000a7500000, 0x00000000a7600000, 0x00000000a7600000|100%| E|CS|TAMS 0x00000000a7500000, 0x00000000a7500000| Complete 
| 118|0x00000000a7600000, 0x00000000a7700000, 0x00000000a7700000|100%| E|CS|TAMS 0x00000000a7600000, 0x00000000a7600000| Complete 
| 119|0x00000000a7700000, 0x00000000a7800000, 0x00000000a7800000|100%| E|CS|TAMS 0x00000000a7700000, 0x00000000a7700000| Complete 
| 120|0x00000000a7800000, 0x00000000a7900000, 0x00000000a7900000|100%| E|CS|TAMS 0x00000000a7800000, 0x00000000a7800000| Complete 
| 121|0x00000000a7900000, 0x00000000a7a00000, 0x00000000a7a00000|100%| E|CS|TAMS 0x00000000a7900000, 0x00000000a7900000| Complete 
| 122|0x00000000a7a00000, 0x00000000a7b00000, 0x00000000a7b00000|100%| E|CS|TAMS 0x00000000a7a00000, 0x00000000a7a00000| Complete 
| 123|0x00000000a7b00000, 0x00000000a7c00000, 0x00000000a7c00000|100%| E|CS|TAMS 0x00000000a7b00000, 0x00000000a7b00000| Complete 
| 124|0x00000000a7c00000, 0x00000000a7d00000, 0x00000000a7d00000|100%| E|CS|TAMS 0x00000000a7c00000, 0x00000000a7c00000| Complete 
| 125|0x00000000a7d00000, 0x00000000a7e00000, 0x00000000a7e00000|100%| E|CS|TAMS 0x00000000a7d00000, 0x00000000a7d00000| Complete 
| 126|0x00000000a7e00000, 0x00000000a7f00000, 0x00000000a7f00000|100%| E|CS|TAMS 0x00000000a7e00000, 0x00000000a7e00000| Complete 
| 127|0x00000000a7f00000, 0x00000000a8000000, 0x00000000a8000000|100%| E|CS|TAMS 0x00000000a7f00000, 0x00000000a7f00000| Complete 

Card table byte_map: [0x0000018354d80000,0x0000018355080000] _byte_map_base: 0x0000018354880000

Marking Bits (Prev, Next): (CMBitMap*) 0x0000018341f99100, (CMBitMap*) 0x0000018341f990c8
 Prev Bits: [0x0000018356b80000, 0x0000018358380000)
 Next Bits: [0x0000018355380000, 0x0000018356b80000)

Polling page: 0x000001833fe30000

Metaspace:

Usage:
  Non-class:     54.47 MB capacity,    53.18 MB ( 98%) used,     1.10 MB (  2%) free+waste,   201.00 KB ( <1%) overhead. 
      Class:      8.68 MB capacity,     7.95 MB ( 92%) used,   655.33 KB (  7%) free+waste,    96.13 KB (  1%) overhead. 
       Both:     63.16 MB capacity,    61.13 MB ( 97%) used,     1.74 MB (  3%) free+waste,   297.13 KB ( <1%) overhead. 

Virtual space:
  Non-class space:       56.00 MB reserved,      54.62 MB ( 98%) committed 
      Class space:        1.00 GB reserved,       8.75 MB ( <1%) committed 
             Both:        1.05 GB reserved,      63.37 MB (  6%) committed 

Chunk freelists:
   Non-Class:  22.00 KB
       Class:  4.00 KB
        Both:  26.00 KB

MaxMetaspaceSize: 17179869184.00 GB
CompressedClassSpaceSize: 1.00 GB
Initial GC threshold: 20.80 MB
Current GC threshold: 98.12 MB
CDS: off

CodeHeap 'non-profiled nmethods': size=120064Kb used=4701Kb max_used=4701Kb free=115362Kb
 bounds [0x000001834d540000, 0x000001834d9e0000, 0x0000018354a80000]
CodeHeap 'profiled nmethods': size=120000Kb used=15527Kb max_used=15527Kb free=104472Kb
 bounds [0x0000018346010000, 0x0000018346f40000, 0x000001834d540000]
CodeHeap 'non-nmethods': size=5696Kb used=2335Kb max_used=2369Kb free=3360Kb
 bounds [0x0000018345a80000, 0x0000018345cf0000, 0x0000018346010000]
 total_blobs=8152 nmethods=7304 adapters=760
 compilation: disabled (not enough contiguous free space left)
              stopped_count=1, restarted_count=0
 full_count=1

Compilation events (20 events):
Event: 2260.025 Thread 0x000001835a8a9800 7316       3       org.gradle.internal.operations.DefaultBuildOperationExecutor$ListenerAdapter::close (1 bytes)
Event: 2260.025 Thread 0x000001835a8a9800 nmethod 7316 0x0000018346f1a210 code [0x0000018346f1a3c0, 0x0000018346f1a4b8]
Event: 2260.026 Thread 0x000001835a8a9800 7317       3       org.gradle.api.internal.collections.AbstractIterationOrderRetainingElementSource$RealizedElementCollectionIterator::updateNext (157 bytes)
Event: 2260.027 Thread 0x000001835a8a9800 nmethod 7317 0x0000018346f1a590 code [0x0000018346f1a840, 0x0000018346f1b718]
Event: 2260.027 Thread 0x000001835a8a9800 7318       3       org.gradle.api.internal.collections.AbstractIterationOrderRetainingElementSource$RealizedElementCollectionIterator::hasNext (13 bytes)
Event: 2260.027 Thread 0x000001835a8a9800 nmethod 7318 0x0000018346f1bb90 code [0x0000018346f1bd40, 0x0000018346f1be98]
Event: 2260.028 Thread 0x000001835a8a9800 7319       1       com.google.common.collect.ImmutableMapEntrySet$RegularEntrySet::map (5 bytes)
Event: 2260.029 Thread 0x000001835a8a9800 nmethod 7319 0x000001834d9ca890 code [0x000001834d9caa40, 0x000001834d9caaf8]
Event: 2260.709 Thread 0x000001835a882800 nmethod 7299% 0x000001834d9cab90 code [0x000001834d9cb180, 0x000001834d9d18e0]
Event: 2260.709 Thread 0x000001835a882800 7320       4       java.util.TreeMap$Entry::<init> (25 bytes)
Event: 2260.714 Thread 0x000001835a882800 nmethod 7320 0x000001834d9d6c90 code [0x000001834d9d6e20, 0x000001834d9d70d8]
Event: 2260.887 Thread 0x000001835a882800 7321       4       java.util.TreeMap::put (247 bytes)
Event: 2261.020 Thread 0x000001835a8a9800 7323       3       org.gradle.internal.instantiation.generator.AbstractClassGenerator$PropertyMetadata::addSetter (41 bytes)
Event: 2261.021 Thread 0x000001835a8a9800 nmethod 7323 0x0000018346f1bf10 code [0x0000018346f1c100, 0x0000018346f1c5d8]
Event: 2261.027 Thread 0x000001835a8a9800 7324       3       org.objectweb.asm.Frame::execute (2318 bytes)
Event: 2261.034 Thread 0x000001835a8a9800 nmethod 7324 0x0000018346f1c790 code [0x0000018346f1d500, 0x0000018346f23c38]
Event: 2261.035 Thread 0x000001835a8a9800 7325       3       org.objectweb.asm.Type::getArgumentsAndReturnSizes (140 bytes)
Event: 2261.038 Thread 0x000001835a8a9800 nmethod 7325 0x0000018346f25910 code [0x0000018346f25d20, 0x0000018346f27cb8]
Event: 2261.039 Thread 0x000001835a8a9800 7326       3       org.objectweb.asm.Frame::getAbstractTypeFromDescriptor (415 bytes)
Event: 2261.041 Thread 0x000001835a8a9800 nmethod 7326 0x0000018346f28890 code [0x0000018346f28c40, 0x0000018346f2a7d8]

GC Heap History (20 events):
Event: 1781.766 GC heap before
{Heap before GC invocations=33 (full 0):
 garbage-first heap   total 131072K, used 47448K [0x00000000a0000000, 0x0000000100000000)
  region size 1024K, 18 young (18432K), 1 survivors (1024K)
 Metaspace       used 45495K, capacity 46661K, committed 46896K, reserved 1089536K
  class space    used 5727K, capacity 6145K, committed 6272K, reserved 1048576K
}
Event: 1781.772 GC heap after
{Heap after GC invocations=34 (full 0):
 garbage-first heap   total 131072K, used 31315K [0x00000000a0000000, 0x0000000100000000)
  region size 1024K, 2 young (2048K), 2 survivors (2048K)
 Metaspace       used 45495K, capacity 46661K, committed 46896K, reserved 1089536K
  class space    used 5727K, capacity 6145K, committed 6272K, reserved 1048576K
}
Event: 1790.389 GC heap before
{Heap before GC invocations=34 (full 0):
 garbage-first heap   total 131072K, used 53843K [0x00000000a0000000, 0x0000000100000000)
  region size 1024K, 24 young (24576K), 2 survivors (2048K)
 Metaspace       used 47054K, capacity 48292K, committed 48432K, reserved 1091584K
  class space    used 5958K, capacity 6416K, committed 6528K, reserved 1048576K
}
Event: 1790.394 GC heap after
{Heap after GC invocations=35 (full 0):
 garbage-first heap   total 131072K, used 32012K [0x00000000a0000000, 0x0000000100000000)
  region size 1024K, 2 young (2048K), 2 survivors (2048K)
 Metaspace       used 47054K, capacity 48292K, committed 48432K, reserved 1091584K
  class space    used 5958K, capacity 6416K, committed 6528K, reserved 1048576K
}
Event: 1853.700 GC heap before
{Heap before GC invocations=35 (full 0):
 garbage-first heap   total 131072K, used 62732K [0x00000000a0000000, 0x0000000100000000)
  region size 1024K, 32 young (32768K), 2 survivors (2048K)
 Metaspace       used 48308K, capacity 49661K, committed 49840K, reserved 1093632K
  class space    used 6098K, capacity 6572K, committed 6656K, reserved 1048576K
}
Event: 1853.706 GC heap after
{Heap after GC invocations=36 (full 0):
 garbage-first heap   total 131072K, used 32818K [0x00000000a0000000, 0x0000000100000000)
  region size 1024K, 3 young (3072K), 3 survivors (3072K)
 Metaspace       used 48308K, capacity 49661K, committed 49840K, reserved 1093632K
  class space    used 6098K, capacity 6572K, committed 6656K, reserved 1048576K
}
Event: 1935.241 GC heap before
{Heap before GC invocations=36 (full 0):
 garbage-first heap   total 131072K, used 69682K [0x00000000a0000000, 0x0000000100000000)
  region size 1024K, 39 young (39936K), 3 survivors (3072K)
 Metaspace       used 49124K, capacity 50503K, committed 50608K, reserved 1093632K
  class space    used 6167K, capacity 6635K, committed 6656K, reserved 1048576K
}
Event: 1935.249 GC heap after
{Heap after GC invocations=37 (full 0):
 garbage-first heap   total 131072K, used 33298K [0x00000000a0000000, 0x0000000100000000)
  region size 1024K, 3 young (3072K), 3 survivors (3072K)
 Metaspace       used 49124K, capacity 50503K, committed 50608K, reserved 1093632K
  class space    used 6167K, capacity 6635K, committed 6656K, reserved 1048576K
}
Event: 2010.690 GC heap before
{Heap before GC invocations=37 (full 0):
 garbage-first heap   total 131072K, used 75282K [0x00000000a0000000, 0x0000000100000000)
  region size 1024K, 45 young (46080K), 3 survivors (3072K)
 Metaspace       used 49694K, capacity 51124K, committed 51248K, reserved 1093632K
  class space    used 6217K, capacity 6730K, committed 6784K, reserved 1048576K
}
Event: 2010.707 GC heap after
{Heap after GC invocations=38 (full 0):
 garbage-first heap   total 131072K, used 34126K [0x00000000a0000000, 0x0000000100000000)
  region size 1024K, 4 young (4096K), 4 survivors (4096K)
 Metaspace       used 49694K, capacity 51124K, committed 51248K, reserved 1093632K
  class space    used 6217K, capacity 6730K, committed 6784K, reserved 1048576K
}
Event: 2193.299 GC heap before
{Heap before GC invocations=38 (full 0):
 garbage-first heap   total 131072K, used 92494K [0x00000000a0000000, 0x0000000100000000)
  region size 1024K, 52 young (53248K), 4 survivors (4096K)
 Metaspace       used 50946K, capacity 52533K, committed 52784K, reserved 1095680K
  class space    used 6433K, capacity 7012K, committed 7040K, reserved 1048576K
}
Event: 2193.437 GC heap after
{Heap after GC invocations=39 (full 0):
 garbage-first heap   total 131072K, used 49256K [0x00000000a0000000, 0x0000000100000000)
  region size 1024K, 7 young (7168K), 7 survivors (7168K)
 Metaspace       used 50946K, capacity 52533K, committed 52784K, reserved 1095680K
  class space    used 6433K, capacity 7012K, committed 7040K, reserved 1048576K
}
Event: 2219.964 GC heap before
{Heap before GC invocations=39 (full 0):
 garbage-first heap   total 131072K, used 95336K [0x00000000a0000000, 0x0000000100000000)
  region size 1024K, 52 young (53248K), 7 survivors (7168K)
 Metaspace       used 55154K, capacity 56898K, committed 57136K, reserved 1099776K
  class space    used 7075K, capacity 7745K, committed 7808K, reserved 1048576K
}
Event: 2219.992 GC heap after
{Heap after GC invocations=40 (full 0):
 garbage-first heap   total 131072K, used 51200K [0x00000000a0000000, 0x0000000100000000)
  region size 1024K, 2 young (2048K), 2 survivors (2048K)
 Metaspace       used 55154K, capacity 56898K, committed 57136K, reserved 1099776K
  class space    used 7075K, capacity 7745K, committed 7808K, reserved 1048576K
}
Event: 2232.006 GC heap before
{Heap before GC invocations=40 (full 0):
 garbage-first heap   total 131072K, used 98304K [0x00000000a0000000, 0x0000000100000000)
  region size 1024K, 48 young (49152K), 2 survivors (2048K)
 Metaspace       used 58069K, capacity 59842K, committed 60028K, reserved 1101824K
  class space    used 7459K, capacity 8129K, committed 8192K, reserved 1048576K
}
Event: 2232.015 GC heap after
{Heap after GC invocations=41 (full 0):
 garbage-first heap   total 131072K, used 51631K [0x00000000a0000000, 0x0000000100000000)
  region size 1024K, 3 young (3072K), 3 survivors (3072K)
 Metaspace       used 58069K, capacity 59842K, committed 60028K, reserved 1101824K
  class space    used 7459K, capacity 8129K, committed 8192K, reserved 1048576K
}
Event: 2232.049 GC heap before
{Heap before GC invocations=41 (full 0):
 garbage-first heap   total 131072K, used 52655K [0x00000000a0000000, 0x0000000100000000)
  region size 1024K, 5 young (5120K), 3 survivors (3072K)
 Metaspace       used 58203K, capacity 59906K, committed 60028K, reserved 1101824K
  class space    used 7470K, capacity 8129K, committed 8192K, reserved 1048576K
}
Event: 2232.056 GC heap after
{Heap after GC invocations=42 (full 0):
 garbage-first heap   total 131072K, used 51636K [0x00000000a0000000, 0x0000000100000000)
  region size 1024K, 3 young (3072K), 3 survivors (3072K)
 Metaspace       used 58203K, capacity 59906K, committed 60028K, reserved 1101824K
  class space    used 7470K, capacity 8129K, committed 8192K, reserved 1048576K
}
Event: 2260.952 GC heap before
{Heap before GC invocations=43 (full 0):
 garbage-first heap   total 131072K, used 97716K [0x00000000a0000000, 0x0000000100000000)
  region size 1024K, 49 young (50176K), 3 survivors (3072K)
 Metaspace       used 61087K, capacity 63062K, committed 63356K, reserved 1103872K
  class space    used 7900K, capacity 8617K, committed 8704K, reserved 1048576K
}
Event: 2260.961 GC heap after
{Heap after GC invocations=44 (full 0):
 garbage-first heap   total 131072K, used 52902K [0x00000000a0000000, 0x0000000100000000)
  region size 1024K, 4 young (4096K), 4 survivors (4096K)
 Metaspace       used 61087K, capacity 63062K, committed 63356K, reserved 1103872K
  class space    used 7900K, capacity 8617K, committed 8704K, reserved 1048576K
}

Deoptimization events (20 events):
Event: 2259.898 Thread 0x000001835c638800 Uncommon trap: trap_request=0xffffffbe fr.pc=0x000001834d9c6f00 relative=0x0000000000002da0
Event: 2259.898 Thread 0x000001835c638800 Uncommon trap: reason=profile_predicate action=maybe_recompile pc=0x000001834d9c6f00 method=java.util.TreeMap.put(Ljava/lang/Object;Ljava/lang/Object;)Ljava/lang/Object; @ 55 c2
Event: 2259.898 Thread 0x000001835c638800 DEOPT PACKING pc=0x000001834d9c6f00 sp=0x0000000fd0df2b80
Event: 2259.898 Thread 0x000001835c638800 DEOPT UNPACKING pc=0x0000018345aca1af sp=0x0000000fd0df2b68 mode 2
Event: 2260.023 Thread 0x000001835c638800 Uncommon trap: trap_request=0xffffffbe fr.pc=0x000001834d9c6f00 relative=0x0000000000002da0
Event: 2260.023 Thread 0x000001835c638800 Uncommon trap: reason=profile_predicate action=maybe_recompile pc=0x000001834d9c6f00 method=java.util.TreeMap.put(Ljava/lang/Object;Ljava/lang/Object;)Ljava/lang/Object; @ 55 c2
Event: 2260.023 Thread 0x000001835c638800 DEOPT PACKING pc=0x000001834d9c6f00 sp=0x0000000fd0df2bb0
Event: 2260.023 Thread 0x000001835c638800 DEOPT UNPACKING pc=0x0000018345aca1af sp=0x0000000fd0df2b98 mode 2
Event: 2261.027 Thread 0x000001835c638800 Uncommon trap: trap_request=0xffffff4d fr.pc=0x000001834d97c2b0 relative=0x0000000000000410
Event: 2261.027 Thread 0x000001835c638800 Uncommon trap: reason=unstable_if action=reinterpret pc=0x000001834d97c2b0 method=org.objectweb.asm.Type.getArgumentsAndReturnSizes(Ljava/lang/String;)I @ 117 c2
Event: 2261.027 Thread 0x000001835c638800 DEOPT PACKING pc=0x000001834d97c2b0 sp=0x0000000fd0df1b30
Event: 2261.027 Thread 0x000001835c638800 DEOPT UNPACKING pc=0x0000018345aca1af sp=0x0000000fd0df1ab0 mode 2
Event: 2261.027 Thread 0x000001835c638800 Uncommon trap: trap_request=0xffffff4d fr.pc=0x000001834d84cfc8 relative=0x00000000000015a8
Event: 2261.027 Thread 0x000001835c638800 Uncommon trap: reason=unstable_if action=reinterpret pc=0x000001834d84cfc8 method=org.objectweb.asm.Type.getArgumentsAndReturnSizes(Ljava/lang/String;)I @ 117 c2
Event: 2261.027 Thread 0x000001835c638800 DEOPT PACKING pc=0x000001834d84cfc8 sp=0x0000000fd0df18a0
Event: 2261.027 Thread 0x000001835c638800 DEOPT UNPACKING pc=0x0000018345aca1af sp=0x0000000fd0df1748 mode 2
Event: 2261.027 Thread 0x000001835c638800 Uncommon trap: trap_request=0xffffff4d fr.pc=0x000001834d94d964 relative=0x00000000000006c4
Event: 2261.027 Thread 0x000001835c638800 Uncommon trap: reason=unstable_if action=reinterpret pc=0x000001834d94d964 method=org.objectweb.asm.Frame.getAbstractTypeFromDescriptor(Lorg/objectweb/asm/SymbolTable;Ljava/lang/String;I)I @ 5 c2
Event: 2261.027 Thread 0x000001835c638800 DEOPT PACKING pc=0x000001834d94d964 sp=0x0000000fd0df1710
Event: 2261.027 Thread 0x000001835c638800 DEOPT UNPACKING pc=0x0000018345aca1af sp=0x0000000fd0df16d0 mode 2

Classes redefined (0 events):
No events

Internal exceptions (20 events):
Event: 2203.147 Thread 0x000001835c638800 Exception <a 'java/lang/NoSuchMethodError'{0x00000000a73689d8}: 'java.lang.Object java.lang.invoke.DirectMethodHandle$Holder.invokeSpecial(java.lang.Object, java.lang.Object, java.lang.Object, java.lang.Object, java.lang.Object, int)'> (0x00000000a73689d8) thrown at [./src/hotspot/share/interpreter/linkResolver.cpp, line 773]
Event: 2203.147 Thread 0x000001835c638800 Exception <a 'java/lang/NoSuchMethodError'{0x00000000a736e558}: 'java.lang.Object java.lang.invoke.Invokers$Holder.linkToTargetMethod(java.lang.Object, java.lang.Object, java.lang.Object, int, java.lang.Object)'> (0x00000000a736e558) thrown at [./src/hotspot/share/interpreter/linkResolver.cpp, line 773]
Event: 2203.797 Thread 0x000001835c638800 Exception <a 'java/lang/NoSuchMethodError'{0x00000000a713b550}: 'java.lang.Object java.lang.invoke.DirectMethodHandle$Holder.invokeSpecial(java.lang.Object, java.lang.Object, int, int, java.lang.Object, java.lang.Object, java.lang.Object)'> (0x00000000a713b550) thrown at [./src/hotspot/share/interpreter/linkResolver.cpp, line 773]
Event: 2203.798 Thread 0x000001835c638800 Exception <a 'java/lang/NoSuchMethodError'{0x00000000a7141010}: 'java.lang.Object java.lang.invoke.DelegatingMethodHandle$Holder.reinvoke_L(java.lang.Object, int, int, java.lang.Object, java.lang.Object, java.lang.Object)'> (0x00000000a7141010) thrown at [./src/hotspot/share/interpreter/linkResolver.cpp, line 773]
Event: 2207.657 Thread 0x000001835c638800 Exception <a 'java/lang/IncompatibleClassChangeError'{0x00000000a70ec268}: Found class java.lang.Object, but interface was expected> (0x00000000a70ec268) thrown at [./src/hotspot/share/interpreter/linkResolver.cpp, line 839]
Event: 2211.226 Thread 0x000001835c638800 Implicit null exception at 0x000001834d96b859 to 0x000001834d96ba50
Event: 2211.236 Thread 0x000001835c638800 Implicit null exception at 0x000001834d95ea2d to 0x000001834d95ec58
Event: 2212.054 Thread 0x000001835c638800 Implicit null exception at 0x000001834d830754 to 0x000001834d830938
Event: 2212.055 Thread 0x000001835c638800 Implicit null exception at 0x000001834d824350 to 0x000001834d825eec
Event: 2216.004 Thread 0x000001835c638800 Exception <a 'java/lang/NoSuchMethodError'{0x00000000a639e258}: 'java.lang.Object java.lang.invoke.DirectMethodHandle$Holder.invokeStatic(java.lang.Object, int, java.lang.Object, java.lang.Object, java.lang.Object)'> (0x00000000a639e258) thrown at [./src/hotspot/share/interpreter/linkResolver.cpp, line 773]
Event: 2216.005 Thread 0x000001835c638800 Exception <a 'java/lang/NoSuchMethodError'{0x00000000a63a41d0}: 'java.lang.Object java.lang.invoke.DirectMethodHandle$Holder.invokeSpecial(java.lang.Object, java.lang.Object, int, java.lang.Object, java.lang.Object, java.lang.Object)'> (0x00000000a63a41d0) thrown at [./src/hotspot/share/interpreter/linkResolver.cpp, line 773]
Event: 2219.601 Thread 0x000001835c638800 Exception <a 'java/lang/ClassNotFoundException'{0x00000000a59857c0}: org/gradle/api/plugins/internal/DefaultBasePluginConventionBeanInfo> (0x00000000a59857c0) thrown at [./src/hotspot/share/classfile/systemDictionary.cpp, line 231]
Event: 2219.604 Thread 0x000001835c638800 Exception <a 'java/lang/ClassNotFoundException'{0x00000000a59c6400}: org/gradle/api/plugins/BasePluginConventionBeanInfo> (0x00000000a59c6400) thrown at [./src/hotspot/share/classfile/systemDictionary.cpp, line 231]
Event: 2219.606 Thread 0x000001835c638800 Exception <a 'java/lang/ClassNotFoundException'{0x00000000a5807708}: org/gradle/api/plugins/BasePluginConventionCustomizer> (0x00000000a5807708) thrown at [./src/hotspot/share/classfile/systemDictionary.cpp, line 231]
Event: 2219.617 Thread 0x000001835c638800 Exception <a 'java/lang/ClassNotFoundException'{0x00000000a5858998}: org/gradle/api/plugins/internal/DefaultBasePluginConventionCustomizer> (0x00000000a5858998) thrown at [./src/hotspot/share/classfile/systemDictionary.cpp, line 231]
Event: 2219.700 Thread 0x000001835c638800 Exception <a 'java/lang/ClassNotFoundException'{0x00000000a58df840}: org/gradle/api/plugins/internal/DefaultJavaPluginConventionBeanInfo> (0x00000000a58df840) thrown at [./src/hotspot/share/classfile/systemDictionary.cpp, line 231]
Event: 2219.702 Thread 0x000001835c638800 Exception <a 'java/lang/ClassNotFoundException'{0x00000000a5720c18}: org/gradle/api/plugins/JavaPluginConventionBeanInfo> (0x00000000a5720c18) thrown at [./src/hotspot/share/classfile/systemDictionary.cpp, line 231]
Event: 2219.803 Thread 0x000001835c638800 Exception <a 'java/lang/ClassNotFoundException'{0x00000000a5761a40}: org/gradle/api/plugins/JavaPluginConventionCustomizer> (0x00000000a5761a40) thrown at [./src/hotspot/share/classfile/systemDictionary.cpp, line 231]
Event: 2219.806 Thread 0x000001835c638800 Exception <a 'java/lang/ClassNotFoundException'{0x00000000a57bcbb0}: org/gradle/api/plugins/internal/DefaultJavaPluginConventionCustomizer> (0x00000000a57bcbb0) thrown at [./src/hotspot/share/classfile/systemDictionary.cpp, line 231]
Event: 2245.597 Thread 0x000001835c638800 Exception <a 'java/lang/NoSuchMethodError'{0x00000000a57e3198}: 'java.lang.Object java.lang.invoke.Invokers$Holder.linkToTargetMethod(java.lang.Object, int, java.lang.Object)'> (0x00000000a57e3198) thrown at [./src/hotspot/share/interpreter/linkResolver.cpp, line 773]

Events (20 events):
Event: 2260.962 Executing VM operation: RevokeBias
Event: 2260.963 Executing VM operation: RevokeBias done
Event: 2260.971 Executing VM operation: RevokeBias
Event: 2260.972 Executing VM operation: RevokeBias done
Event: 2261.002 Executing VM operation: RevokeBias
Event: 2261.003 Executing VM operation: RevokeBias done
Event: 2261.017 Executing VM operation: RevokeBias
Event: 2261.018 Executing VM operation: RevokeBias done
Event: 2261.021 loading class org/gradle/api/tasks/options/Option
Event: 2261.021 loading class org/gradle/api/tasks/options/Option done
Event: 2261.047 loading class org/gradle/api/internal/tasks/testing/logging/DefaultTestLoggingContainer
Event: 2261.047 loading class org/gradle/api/internal/tasks/testing/logging/DefaultTestLoggingContainer done
Event: 2261.049 loading class org/gradle/api/tasks/testing/logging/TestLogEvent
Event: 2261.049 loading class org/gradle/api/tasks/testing/logging/TestLogEvent done
Event: 2261.050 loading class org/gradle/api/tasks/testing/logging/TestStackTraceFilter
Event: 2261.050 loading class org/gradle/api/tasks/testing/logging/TestStackTraceFilter done
Event: 2261.051 loading class org/gradle/api/tasks/testing/logging/TestExceptionFormat
Event: 2261.051 loading class org/gradle/api/tasks/testing/logging/TestExceptionFormat done
Event: 2261.056 loading class org/gradle/api/internal/tasks/testing/logging/DefaultTestLogging
Event: 2261.056 loading class org/gradle/api/internal/tasks/testing/logging/DefaultTestLogging done


Dynamic libraries:
0x00007ff7e6eb0000 - 0x00007ff7e6eba000 	C:\Program Files\Android\Android Studio\jre\bin\java.exe
0x00007ffbb2d70000 - 0x00007ffbb2f66000 	C:\Windows\SYSTEM32\ntdll.dll
0x00007ffbb1630000 - 0x00007ffbb16ed000 	C:\Windows\System32\KERNEL32.DLL
0x00007ffbb04c0000 - 0x00007ffbb0788000 	C:\Windows\System32\KERNELBASE.dll
0x00007ffbb0a00000 - 0x00007ffbb0b00000 	C:\Windows\System32\ucrtbase.dll
0x00007ffba3480000 - 0x00007ffba3499000 	C:\Program Files\Android\Android Studio\jre\bin\jli.dll
0x00007ffb7f8b0000 - 0x00007ffb7f8c7000 	C:\Program Files\Android\Android Studio\jre\bin\VCRUNTIME140.dll
0x00007ffbb1cb0000 - 0x00007ffbb1e50000 	C:\Windows\System32\USER32.dll
0x00007ffbb0d30000 - 0x00007ffbb0d52000 	C:\Windows\System32\win32u.dll
0x00007ffb947a0000 - 0x00007ffb94a3b000 	C:\Windows\WinSxS\amd64_microsoft.windows.common-controls_6595b64144ccf1df_6.0.19041.488_none_ca04af081b815d21\COMCTL32.dll
0x00007ffbb0de0000 - 0x00007ffbb0e0a000 	C:\Windows\System32\GDI32.dll
0x00007ffbb1e50000 - 0x00007ffbb1eee000 	C:\Windows\System32\msvcrt.dll
0x00007ffbb08f0000 - 0x00007ffbb09f9000 	C:\Windows\System32\gdi32full.dll
0x00007ffbb0c40000 - 0x00007ffbb0cdd000 	C:\Windows\System32\msvcp_win.dll
0x00007ffbb1bf0000 - 0x00007ffbb1c20000 	C:\Windows\System32\IMM32.DLL
0x00007ffb795f0000 - 0x00007ffb7968d000 	C:\Program Files\Android\Android Studio\jre\bin\msvcp140.dll
0x00007ffb570a0000 - 0x00007ffb57ba2000 	C:\Program Files\Android\Android Studio\jre\bin\server\jvm.dll
0x00007ffbb17d0000 - 0x00007ffbb187a000 	C:\Windows\System32\ADVAPI32.dll
0x00007ffbb1460000 - 0x00007ffbb14fb000 	C:\Windows\System32\sechost.dll
0x00007ffbb1ef0000 - 0x00007ffbb2014000 	C:\Windows\System32\RPCRT4.dll
0x00007ffbb0fe0000 - 0x00007ffbb0fe8000 	C:\Windows\System32\PSAPI.DLL
0x00007ffbad6f0000 - 0x00007ffbad6f9000 	C:\Windows\SYSTEM32\WSOCK32.dll
0x00007ffbb1760000 - 0x00007ffbb17cb000 	C:\Windows\System32\WS2_32.dll
0x00007ffb9da40000 - 0x00007ffb9da67000 	C:\Windows\SYSTEM32\WINMM.dll
0x00007ffba63b0000 - 0x00007ffba63ba000 	C:\Windows\SYSTEM32\VERSION.dll
0x00007ffbae410000 - 0x00007ffbae422000 	C:\Windows\SYSTEM32\kernel.appcore.dll
0x00007ffb7efe0000 - 0x00007ffb7eff1000 	C:\Program Files\Android\Android Studio\jre\bin\verify.dll
0x00007ffb94af0000 - 0x00007ffb94cd4000 	C:\Windows\SYSTEM32\DBGHELP.DLL
0x00007ffb94ac0000 - 0x00007ffb94aec000 	C:\Windows\SYSTEM32\dbgcore.DLL
0x00007ffbb0d60000 - 0x00007ffbb0ddf000 	C:\Windows\System32\bcryptPrimitives.dll
0x00007ffb7dcd0000 - 0x00007ffb7dcf9000 	C:\Program Files\Android\Android Studio\jre\bin\java.dll
0x00007ffba3470000 - 0x00007ffba347b000 	C:\Program Files\Android\Android Studio\jre\bin\jimage.dll
0x00007ffb7ed30000 - 0x00007ffb7ed48000 	C:\Program Files\Android\Android Studio\jre\bin\zip.dll
0x00007ffbb2590000 - 0x00007ffbb2cd0000 	C:\Windows\System32\SHELL32.dll
0x00007ffbae610000 - 0x00007ffbaeda4000 	C:\Windows\SYSTEM32\windows.storage.dll
0x00007ffbb21d0000 - 0x00007ffbb2525000 	C:\Windows\System32\combase.dll
0x00007ffbaff30000 - 0x00007ffbaff5c000 	C:\Windows\SYSTEM32\Wldp.dll
0x00007ffbb0e10000 - 0x00007ffbb0ebe000 	C:\Windows\System32\SHCORE.dll
0x00007ffbb1700000 - 0x00007ffbb1755000 	C:\Windows\System32\shlwapi.dll
0x00007ffbb03f0000 - 0x00007ffbb0416000 	C:\Windows\SYSTEM32\profapi.dll
0x00007ffb7e4b0000 - 0x00007ffb7e4ca000 	C:\Program Files\Android\Android Studio\jre\bin\net.dll
0x00007ffba0900000 - 0x00007ffba0a00000 	C:\Windows\SYSTEM32\WINHTTP.dll
0x00007ffbafcb0000 - 0x00007ffbafd1a000 	C:\Windows\system32\mswsock.dll
0x00007ffb7e2a0000 - 0x00007ffb7e2b4000 	C:\Program Files\Android\Android Studio\jre\bin\nio.dll
0x00007ffb7f220000 - 0x00007ffb7f247000 	C:\Users\elaaf\.gradle\native\e1d6ef7f7dcc3fd88c89a11ec53ec762bb8ba0a96d01ffa2cd45eb1d1d8dd5c5\windows-amd64\native-platform.dll
0x00007ffb75780000 - 0x00007ffb758c4000 	C:\Users\elaaf\.gradle\native\0d407fdbe67a94daf76414ababcb853783967236a71b16ec16e742cd7a986fd3\windows-amd64\native-platform-file-events.dll
0x00007ffb8f990000 - 0x00007ffb8f99a000 	C:\Program Files\Android\Android Studio\jre\bin\management.dll
0x00007ffb8f120000 - 0x00007ffb8f12d000 	C:\Program Files\Android\Android Studio\jre\bin\management_ext.dll
0x00007ffbafe80000 - 0x00007ffbafe98000 	C:\Windows\SYSTEM32\CRYPTSP.dll
0x00007ffbaf5d0000 - 0x00007ffbaf604000 	C:\Windows\system32\rsaenh.dll
0x00007ffbb0bb0000 - 0x00007ffbb0bd7000 	C:\Windows\System32\bcrypt.dll
0x00007ffbb0370000 - 0x00007ffbb039e000 	C:\Windows\SYSTEM32\USERENV.dll
0x00007ffbafea0000 - 0x00007ffbafeac000 	C:\Windows\SYSTEM32\CRYPTBASE.dll
0x00007ffbaf950000 - 0x00007ffbaf98b000 	C:\Windows\SYSTEM32\IPHLPAPI.DLL
0x00007ffbb16f0000 - 0x00007ffbb16f9000 	C:\Windows\System32\NSI.dll
0x00007ffba5ec0000 - 0x00007ffba5ed7000 	C:\Windows\SYSTEM32\dhcpcsvc6.DLL
0x00007ffba7410000 - 0x00007ffba742d000 	C:\Windows\SYSTEM32\dhcpcsvc.DLL
0x00007ffbaf9a0000 - 0x00007ffbafa6b000 	C:\Windows\SYSTEM32\DNSAPI.dll

dbghelp: loaded successfully - version: 4.0.5 - missing functions: none
symbol engine: initialized successfully - sym options: 0x614 - pdb path: .;C:\Program Files\Android\Android Studio\jre\bin;C:\Windows\SYSTEM32;C:\Windows\WinSxS\amd64_microsoft.windows.common-controls_6595b64144ccf1df_6.0.19041.488_none_ca04af081b815d21;C:\Program Files\Android\Android Studio\jre\bin\server;C:\Users\elaaf\.gradle\native\e1d6ef7f7dcc3fd88c89a11ec53ec762bb8ba0a96d01ffa2cd45eb1d1d8dd5c5\windows-amd64;C:\Users\elaaf\.gradle\native\0d407fdbe67a94daf76414ababcb853783967236a71b16ec16e742cd7a986fd3\windows-amd64

VM Arguments:
jvm_args: --add-opens=java.base/java.util=ALL-UNNAMED --add-opens=java.base/java.lang=ALL-UNNAMED --add-opens=java.base/java.lang.invoke=ALL-UNNAMED --add-opens=java.base/java.util=ALL-UNNAMED --add-opens=java.prefs/java.util.prefs=ALL-UNNAMED --add-opens=java.prefs/java.util.prefs=ALL-UNNAMED --add-opens=java.base/java.nio.charset=ALL-UNNAMED --add-opens=java.base/java.net=ALL-UNNAMED --add-opens=java.base/java.util.concurrent.atomic=ALL-UNNAMED -Xmx1536M -Dfile.encoding=windows-1256 -Duser.country=US -Duser.language=en -Duser.variant 
java_command: org.gradle.launcher.daemon.bootstrap.GradleDaemon 7.5
java_class_path (initial): C:\Users\elaaf\.gradle\wrapper\dists\gradle-7.5-all\6qsw290k5lz422uaf8jf6m7co\gradle-7.5\lib\gradle-launcher-7.5.jar
Launcher Type: SUN_STANDARD

[Global flags]
     intx CICompilerCount                          = 3                                         {product} {ergonomic}
     uint ConcGCThreads                            = 1                                         {product} {ergonomic}
     uint G1ConcRefinementThreads                  = 4                                         {product} {ergonomic}
   size_t G1HeapRegionSize                         = 1048576                                   {product} {ergonomic}
    uintx GCDrainStackTargetSize                   = 64                                        {product} {ergonomic}
   size_t InitialHeapSize                          = 134217728                                 {product} {ergonomic}
   size_t MarkStackSize                            = 4194304                                   {product} {ergonomic}
   size_t MaxHeapSize                              = 1610612736                                {product} {command line}
   size_t MaxNewSize                               = 965738496                                 {product} {ergonomic}
   size_t MinHeapDeltaBytes                        = 1048576                                   {product} {ergonomic}
    uintx NonNMethodCodeHeapSize                   = 5830732                                {pd product} {ergonomic}
    uintx NonProfiledCodeHeapSize                  = 122913754                              {pd product} {ergonomic}
    uintx ProfiledCodeHeapSize                     = 122913754                              {pd product} {ergonomic}
    uintx ReservedCodeCacheSize                    = 251658240                              {pd product} {ergonomic}
     bool SegmentedCodeCache                       = true                                      {product} {ergonomic}
     bool UseCompressedClassPointers               = true                                 {lp64_product} {ergonomic}
     bool UseCompressedOops                        = true                                 {lp64_product} {ergonomic}
     bool UseG1GC                                  = true                                      {product} {ergonomic}
     bool UseLargePagesIndividualAllocation        = false                                  {pd product} {ergonomic}

Logging:
Log output configuration:
 #0: stdout all=warning uptime,level,tags
 #1: stderr all=off uptime,level,tags

Environment Variables:
JAVA_HOME=C:\Program Files\Android\Android Studio\jre
CLASSPATH=E:\sham_prize\android\\gradle\wrapper\gradle-wrapper.jar
PATH=C:\Program Files\Android\Android Studio\jre\bin;C:\oraclexe\app\oracle\product\11.2.0\server\bin;C:\Program Files (x86)\VMware\VMware Workstation\bin\;C:\Program Files (x86)\Common Files\Oracle\Java\javapath;C:\Windows\system32;C:\Windows;C:\Windows\System32\Wbem;C:\Windows\System32\WindowsPowerShell\v1.0\;C:\Windows\System32\OpenSSH\;C:\Program Files\Git\cmd;C:\Program Files\dotnet\;C:\xampp\php;C:\Chrone;C:\Program Files (x86)\Microsoft Emulator Manager\1.0\;C:\Program Files\nodejs\;E:\App;C:\Program Files (x86)\Microsoft SQL Server\150\DTS\Binn\;C:\Program Files\Azure Data Studio\bin;C:\Program Files\Microsoft SQL Server\Client SDK\ODBC\170\Tools\Binn\;C:\Program Files (x86)\Microsoft SQL Server\150\Tools\Binn\;C:\Program Files\Microsoft SQL Server\150\Tools\Binn\;C:\Program Files\Microsoft SQL Server\150\DTS\Binn\;D:\apache-maven-3.9.6\bin;C:\ProgramData\anaconda3\Lib\site-packages\jupyter.py;C:\Users\elaaf\miniconda3;C:\Users\elaaf\miniconda3\Library\mingw-w64\bin;C:\Users\elaaf\miniconda3\Library\usr\bin;C:\Users\elaaf\miniconda3\Library\bin;C:\Users\elaaf\miniconda3\Scripts;C:\Users\elaaf\AppData\Local\Programs\Python\Python312\Scripts\;C:\Users\elaaf\AppData\Local\Programs\Python\Python312\;C:\Users\elaaf\AppData\Local\Programs\Python\Launcher\;C:\Users\elaaf\AppData\Local\Microsoft\WindowsApps;C:\Users\elaaf\AppData\Local\Programs\Microsoft VS Code\bin;D:\flutter\src\flutter\bin;C:\Program Files\Java\jdk1.8.0_241\bin;C:\Users\elaaf\AppData\Local\Android\Sdk\platform-tools;C:\Users\elaaf\AppData\Local\Android\Sdk\tools;C:\Users\elaaf\AppData\Local\Android\Sdk\build-tools\30.0.3\lib;C:\Program Files\Android\Android Studio1;C:\Program Files\Android\Android Studio1\bin;C:\Program Files\Android\Android Studio1\jre;E:\IntelliJ IDEA Community Edition 2022.2.3\bin;;C:\Users\elaaf\AppData\Roaming\Composer\vendor\bin;C:\Program Files\heroku\bin;C:\Users\elaaf\AppData\Roaming\npm;C:\Program Files\Azure Data Studio\bin;D:\apache-maven-3.9.6\bin;;C:\Program Files\JetB
USERNAME=elaaf
OS=Windows_NT
PROCESSOR_IDENTIFIER=Intel64 Family 6 Model 60 Stepping 3, GenuineIntel



---------------  S Y S T E M  ---------------

OS: Windows 10 , 64 bit Build 19041 (10.0.19041.546)
OS uptime: 6 days 20:40 hours

CPU:total 4 (initial active 4) (2 cores per cpu, 2 threads per core) family 6 model 60 stepping 3 microcode 0x27, cmov, cx8, fxsr, mmx, sse, sse2, sse3, ssse3, sse4.1, sse4.2, popcnt, avx, avx2, aes, clmul, erms, lzcnt, ht, tsc, tscinvbit, bmi1, bmi2, fma

Memory: 4k page, system-wide physical 8097M (178M free)
TotalPageFile size 26847M (AvailPageFile size 161M)
current process WorkingSet (physical memory assigned to process): 265M, peak: 265M
current process commit charge ("private bytes"): 345M, peak: 345M

vm_info: OpenJDK 64-Bit Server VM (11.0.13+0-b1751.21-8125866) for windows-amd64 JRE (11.0.13+0-b1751.21-8125866), built on Feb  2 2022 03:00:22 by "builder" with MS VC++ 14.0 (VS2015)

END.
