#
# There is insufficient memory for the Java Runtime Environment to continue.
# Native memory allocation (malloc) failed to allocate 1008736 bytes for Chunk::new
# Possible reasons:
#   The system is out of physical RAM or swap space
#   The process is running with CompressedOops enabled, and the Java Heap may be blocking the growth of the native heap
# Possible solutions:
#   Reduce memory load on the system
#   Increase physical memory or swap space
#   Check if swap backing store is full
#   Decrease Java heap size (-Xmx/-Xms)
#   Decrease number of Java threads
#   Decrease Java thread stack sizes (-Xss)
#   Set larger code cache with -XX:ReservedCodeCacheSize=
#   JVM is running with Unscaled Compressed Oops mode in which the Java heap is
#     placed in the first 4GB address space. The Java Heap base address is the
#     maximum limit for the native heap growth. Please use -XX:HeapBaseMinAddress
#     to set the Java Heap base and to place the Java Heap above 4GB virtual address.
# This output file may be truncated or incomplete.
#
#  Out of Memory Error (./src/hotspot/share/memory/arena.cpp:197), pid=3276, tid=12708
#
# JRE version: OpenJDK Runtime Environment (11.0.13) (build 11.0.13+0-b1751.21-8125866)
# Java VM: OpenJDK 64-Bit Server VM (11.0.13+0-b1751.21-8125866, mixed mode, tiered, compressed oops, g1 gc, windows-amd64)
# No core dump will be written. Minidumps are not enabled by default on client versions of Windows
#

---------------  S U M M A R Y ------------

Command Line: --add-opens=java.base/java.util=ALL-UNNAMED --add-opens=java.base/java.lang=ALL-UNNAMED --add-opens=java.base/java.lang.invoke=ALL-UNNAMED --add-opens=java.base/java.util=ALL-UNNAMED --add-opens=java.prefs/java.util.prefs=ALL-UNNAMED --add-opens=java.prefs/java.util.prefs=ALL-UNNAMED --add-opens=java.base/java.nio.charset=ALL-UNNAMED --add-opens=java.base/java.net=ALL-UNNAMED --add-opens=java.base/java.util.concurrent.atomic=ALL-UNNAMED -Xmx1536M -Dfile.encoding=windows-1256 -Duser.country=US -Duser.language=en -Duser.variant org.gradle.launcher.daemon.bootstrap.GradleDaemon 7.5

Host: Intel(R) Core(TM) i5-4310M CPU @ 2.70GHz, 4 cores, 7G,  Windows 10 , 64 bit Build 19041 (10.0.19041.546)
Time: Wed Apr 24 22:08:20 2024 Turkey Standard Time elapsed time: 2262.174645 seconds (0d 0h 37m 42s)

---------------  T H R E A D  ---------------

Current thread (0x000001f620465800):  JavaThread "C2 CompilerThread0" daemon [_thread_in_native, id=12708, stack(0x00000012cb900000,0x00000012cba00000)]


Current CompileTask:
C2:2262174 7379 %     4       org.gradle.internal.instantiation.generator.AbstractClassGenerator::inspectType @ 207 (560 bytes)

Stack: [0x00000012cb900000,0x00000012cba00000]
Native frames: (J=compiled Java code, j=interpreted, Vv=VM code, C=native code)
V  [jvm.dll+0x6100fa]
V  [jvm.dll+0x747090]
V  [jvm.dll+0x7486ad]
V  [jvm.dll+0x748d83]
V  [jvm.dll+0x24ab48]
V  [jvm.dll+0xc04dc]
V  [jvm.dll+0xc0a0c]
V  [jvm.dll+0x2bfab4]
V  [jvm.dll+0x524238]
V  [jvm.dll+0x20491a]
V  [jvm.dll+0x2023c2]
V  [jvm.dll+0x188e01]
V  [jvm.dll+0x21106b]
V  [jvm.dll+0x20f8c1]
V  [jvm.dll+0x70de0f]
V  [jvm.dll+0x706a75]
V  [jvm.dll+0x60ed66]
C  [ucrtbase.dll+0x214c2]
C  [KERNEL32.DLL+0x17034]
C  [ntdll.dll+0x4cec1]


---------------  P R O C E S S  ---------------

Threads class SMR info:
_java_thread_list=0x000001f622f67210, length=81, elements={
0x000001f607b3f800, 0x000001f62043f000, 0x000001f620440800, 0x000001f62045d800,
0x000001f62045f000, 0x000001f620460800, 0x000001f620465800, 0x000001f620469000,
0x000001f620e24000, 0x000001f620f09000, 0x000001f62106e000, 0x000001f623223800,
0x000001f621d77800, 0x000001f621cc9800, 0x000001f621ef2800, 0x000001f6225ac800,
0x000001f622937800, 0x000001f6223ca000, 0x000001f62284b000, 0x000001f62292c800,
0x000001f6226ce000, 0x000001f6226cf000, 0x000001f6226d0000, 0x000001f6226d0800,
0x000001f6226d1800, 0x000001f6226cd800, 0x000001f6226d2000, 0x000001f6226cc800,
0x000001f622798000, 0x000001f622798800, 0x000001f622796800, 0x000001f62279a800,
0x000001f62279c000, 0x000001f622797000, 0x000001f62279d800, 0x000001f62279f800,
0x000001f6227a1000, 0x000001f62279e800, 0x000001f62279b000, 0x000001f6227a1800,
0x000001f6227a2800, 0x000001f6227a3800, 0x000001f6227a4000, 0x000001f6227a5000,
0x000001f6227a0000, 0x000001f6226cb800, 0x000001f626a7a800, 0x000001f626a79800,
0x000001f626a76800, 0x000001f626a7b000, 0x000001f626a7c000, 0x000001f626a78800,
0x000001f626a78000, 0x000001f626a77000, 0x000001f626a80000, 0x000001f626a82800,
0x000001f626a7d800, 0x000001f626a81000, 0x000001f626a81800, 0x000001f626a7d000,
0x000001f626a7f000, 0x000001f626a83800, 0x000001f626a84000, 0x000001f626a7e800,
0x000001f626a85000, 0x000001f626a89800, 0x000001f626a8a800, 0x000001f626a88000,
0x000001f626a88800, 0x000001f626a8c000, 0x000001f626a86800, 0x000001f626a8b000,
0x000001f626a8d000, 0x000001f626a87000, 0x000001f626a8d800, 0x000001f626a93800,
0x000001f626a92800, 0x000001f626a91000, 0x000001f626a94000, 0x000001f626a90000,
0x000001f626a91800
}

Java Threads: ( => current thread )
  0x000001f607b3f800 JavaThread "main" [_thread_blocked, id=19952, stack(0x00000012cad00000,0x00000012cae00000)]
  0x000001f62043f000 JavaThread "Reference Handler" daemon [_thread_blocked, id=20120, stack(0x00000012cb400000,0x00000012cb500000)]
  0x000001f620440800 JavaThread "Finalizer" daemon [_thread_blocked, id=13372, stack(0x00000012cb500000,0x00000012cb600000)]
  0x000001f62045d800 JavaThread "Signal Dispatcher" daemon [_thread_blocked, id=6036, stack(0x00000012cb600000,0x00000012cb700000)]
  0x000001f62045f000 JavaThread "Attach Listener" daemon [_thread_blocked, id=20200, stack(0x00000012cb700000,0x00000012cb800000)]
  0x000001f620460800 JavaThread "Service Thread" daemon [_thread_blocked, id=9160, stack(0x00000012cb800000,0x00000012cb900000)]
=>0x000001f620465800 JavaThread "C2 CompilerThread0" daemon [_thread_in_native, id=12708, stack(0x00000012cb900000,0x00000012cba00000)]
  0x000001f620469000 JavaThread "C1 CompilerThread0" daemon [_thread_blocked, id=13160, stack(0x00000012cba00000,0x00000012cbb00000)]
  0x000001f620e24000 JavaThread "Sweeper thread" daemon [_thread_blocked, id=7548, stack(0x00000012cbb00000,0x00000012cbc00000)]
  0x000001f620f09000 JavaThread "Common-Cleaner" daemon [_thread_blocked, id=9796, stack(0x00000012cbc00000,0x00000012cbd00000)]
  0x000001f62106e000 JavaThread "Daemon health stats" [_thread_blocked, id=12104, stack(0x00000012cab00000,0x00000012cac00000)]
  0x000001f623223800 JavaThread "Incoming local TCP Connector on port 56793" [_thread_in_native, id=10000, stack(0x00000012cc000000,0x00000012cc100000)]
  0x000001f621d77800 JavaThread "Daemon" [_thread_blocked, id=15644, stack(0x00000012cc100000,0x00000012cc200000)]
  0x000001f621cc9800 JavaThread "Handler for socket connection from /127.0.0.1:56793 to /127.0.0.1:56805" [_thread_in_native, id=19324, stack(0x00000012cc200000,0x00000012cc300000)]
  0x000001f621ef2800 JavaThread "Cancel handler" [_thread_blocked, id=19720, stack(0x00000012cc300000,0x00000012cc400000)]
  0x000001f6225ac800 JavaThread "Daemon periodic checks" [_thread_blocked, id=15220, stack(0x00000012cc400000,0x00000012cc500000)]
  0x000001f622937800 JavaThread "Daemon worker" [_thread_in_vm, id=19708, stack(0x00000012cc500000,0x00000012cc600000)]
  0x000001f6223ca000 JavaThread "Asynchronous log dispatcher for DefaultDaemonConnection: socket connection from /127.0.0.1:56793 to /127.0.0.1:56805" [_thread_blocked, id=15476, stack(0x00000012cc600000,0x00000012cc700000)]
  0x000001f62284b000 JavaThread "Stdin handler" [_thread_blocked, id=10908, stack(0x00000012cc700000,0x00000012cc800000)]
  0x000001f62292c800 JavaThread "Daemon client event forwarder" [_thread_blocked, id=14272, stack(0x00000012cc800000,0x00000012cc900000)]
  0x000001f6226ce000 JavaThread "Cache worker for journal cache (C:\Users\elaaf\.gradle\caches\journal-1)" [_thread_blocked, id=12032, stack(0x00000012cac00000,0x00000012cad00000)]
  0x000001f6226cf000 JavaThread "File lock request listener" [_thread_in_native, id=19924, stack(0x00000012cbf00000,0x00000012cc000000)]
  0x000001f6226d0000 JavaThread "Cache worker for file hash cache (C:\Users\elaaf\.gradle\caches\7.5\fileHashes)" [_thread_blocked, id=8644, stack(0x00000012cca00000,0x00000012ccb00000)]
  0x000001f6226d0800 JavaThread "File watcher server" daemon [_thread_in_native, id=19240, stack(0x00000012ccb00000,0x00000012ccc00000)]
  0x000001f6226d1800 JavaThread "File watcher consumer" daemon [_thread_blocked, id=20332, stack(0x00000012ccc00000,0x00000012ccd00000)]
  0x000001f6226cd800 JavaThread "Cache worker for checksums cache (E:\sham_prize\android\.gradle\7.5\checksums)" [_thread_blocked, id=10568, stack(0x00000012ccd00000,0x00000012cce00000)]
  0x000001f6226d2000 JavaThread "Cache worker for cache directory md-rule (C:\Users\elaaf\.gradle\caches\7.5\md-rule)" [_thread_blocked, id=6596, stack(0x00000012ccf00000,0x00000012cd000000)]
  0x000001f6226cc800 JavaThread "Cache worker for file content cache (C:\Users\elaaf\.gradle\caches\7.5\fileContent)" [_thread_blocked, id=3388, stack(0x00000012cd000000,0x00000012cd100000)]
  0x000001f622798000 JavaThread "Cache worker for file hash cache (E:\sham_prize\android\.gradle\7.5\fileHashes)" [_thread_blocked, id=20768, stack(0x00000012cd100000,0x00000012cd200000)]
  0x000001f622798800 JavaThread "Cache worker for cache directory md-supplier (C:\Users\elaaf\.gradle\caches\7.5\md-supplier)" [_thread_blocked, id=20836, stack(0x00000012cd200000,0x00000012cd300000)]
  0x000001f622796800 JavaThread "Cache worker for execution history cache (C:\Users\elaaf\.gradle\caches\7.5\executionHistory)" [_thread_blocked, id=17352, stack(0x00000012cd300000,0x00000012cd400000)]
  0x000001f62279a800 JavaThread "jar transforms" [_thread_blocked, id=21052, stack(0x00000012cd400000,0x00000012cd500000)]
  0x000001f62279c000 JavaThread "jar transforms Thread 2" [_thread_blocked, id=8856, stack(0x00000012cd500000,0x00000012cd600000)]
  0x000001f622797000 JavaThread "jar transforms Thread 3" [_thread_blocked, id=17072, stack(0x00000012cd600000,0x00000012cd700000)]
  0x000001f62279d800 JavaThread "jar transforms Thread 4" [_thread_blocked, id=21516, stack(0x00000012cd700000,0x00000012cd800000)]
  0x000001f62279f800 JavaThread "Cache worker for dependencies-accessors (E:\sham_prize\android\.gradle\7.5\dependencies-accessors)" [_thread_blocked, id=21892, stack(0x00000012cd800000,0x00000012cd900000)]
  0x000001f6227a1000 JavaThread "Cache worker for Build Output Cleanup Cache (E:\sham_prize\android\.gradle\buildOutputCleanup)" [_thread_blocked, id=22008, stack(0x00000012cd900000,0x00000012cda00000)]
  0x000001f62279e800 JavaThread "Unconstrained build operations" [_thread_blocked, id=22784, stack(0x00000012cda00000,0x00000012cdb00000)]
  0x000001f62279b000 JavaThread "Unconstrained build operations Thread 2" [_thread_blocked, id=22744, stack(0x00000012cdb00000,0x00000012cdc00000)]
  0x000001f6227a1800 JavaThread "Unconstrained build operations Thread 3" [_thread_blocked, id=22216, stack(0x00000012cdc00000,0x00000012cdd00000)]
  0x000001f6227a2800 JavaThread "Unconstrained build operations Thread 4" [_thread_blocked, id=22620, stack(0x00000012cdd00000,0x00000012cde00000)]
  0x000001f6227a3800 JavaThread "Unconstrained build operations Thread 5" [_thread_blocked, id=6084, stack(0x00000012cde00000,0x00000012cdf00000)]
  0x000001f6227a4000 JavaThread "Unconstrained build operations Thread 6" [_thread_blocked, id=23232, stack(0x00000012cdf00000,0x00000012ce000000)]
  0x000001f6227a5000 JavaThread "Unconstrained build operations Thread 7" [_thread_blocked, id=23268, stack(0x00000012ce000000,0x00000012ce100000)]
  0x000001f6227a0000 JavaThread "Unconstrained build operations Thread 8" [_thread_blocked, id=19680, stack(0x00000012ce100000,0x00000012ce200000)]
  0x000001f6226cb800 JavaThread "Unconstrained build operations Thread 9" [_thread_blocked, id=23136, stack(0x00000012ce200000,0x00000012ce300000)]
  0x000001f626a7a800 JavaThread "Unconstrained build operations Thread 10" [_thread_blocked, id=10936, stack(0x00000012ce300000,0x00000012ce400000)]
  0x000001f626a79800 JavaThread "Unconstrained build operations Thread 11" [_thread_blocked, id=22756, stack(0x00000012ce400000,0x00000012ce500000)]
  0x000001f626a76800 JavaThread "Unconstrained build operations Thread 12" [_thread_blocked, id=14536, stack(0x00000012ce500000,0x00000012ce600000)]
  0x000001f626a7b000 JavaThread "Unconstrained build operations Thread 13" [_thread_blocked, id=22788, stack(0x00000012ce600000,0x00000012ce700000)]
  0x000001f626a7c000 JavaThread "Unconstrained build operations Thread 14" [_thread_blocked, id=23484, stack(0x00000012ce700000,0x00000012ce800000)]
  0x000001f626a78800 JavaThread "Unconstrained build operations Thread 15" [_thread_blocked, id=9508, stack(0x00000012ce800000,0x00000012ce900000)]
  0x000001f626a78000 JavaThread "Unconstrained build operations Thread 16" [_thread_blocked, id=5260, stack(0x00000012ce900000,0x00000012cea00000)]
  0x000001f626a77000 JavaThread "Unconstrained build operations Thread 17" [_thread_blocked, id=21324, stack(0x00000012cea00000,0x00000012ceb00000)]
  0x000001f626a80000 JavaThread "Unconstrained build operations Thread 18" [_thread_blocked, id=4476, stack(0x00000012ceb00000,0x00000012cec00000)]
  0x000001f626a82800 JavaThread "Unconstrained build operations Thread 19" [_thread_blocked, id=12120, stack(0x00000012cec00000,0x00000012ced00000)]
  0x000001f626a7d800 JavaThread "Unconstrained build operations Thread 20" [_thread_blocked, id=23440, stack(0x00000012ced00000,0x00000012cee00000)]
  0x000001f626a81000 JavaThread "Unconstrained build operations Thread 21" [_thread_blocked, id=23104, stack(0x00000012cee00000,0x00000012cef00000)]
  0x000001f626a81800 JavaThread "Unconstrained build operations Thread 22" [_thread_blocked, id=8428, stack(0x00000012cef00000,0x00000012cf000000)]
  0x000001f626a7d000 JavaThread "Unconstrained build operations Thread 23" [_thread_blocked, id=22652, stack(0x00000012cf000000,0x00000012cf100000)]
  0x000001f626a7f000 JavaThread "Unconstrained build operations Thread 24" [_thread_blocked, id=18020, stack(0x00000012cf100000,0x00000012cf200000)]
  0x000001f626a83800 JavaThread "Unconstrained build operations Thread 25" [_thread_blocked, id=23476, stack(0x00000012cf200000,0x00000012cf300000)]
  0x000001f626a84000 JavaThread "Unconstrained build operations Thread 26" [_thread_blocked, id=20960, stack(0x00000012cf300000,0x00000012cf400000)]
  0x000001f626a7e800 JavaThread "Unconstrained build operations Thread 27" [_thread_blocked, id=22608, stack(0x00000012cf400000,0x00000012cf500000)]
  0x000001f626a85000 JavaThread "Unconstrained build operations Thread 28" [_thread_blocked, id=20616, stack(0x00000012cf500000,0x00000012cf600000)]
  0x000001f626a89800 JavaThread "Unconstrained build operations Thread 29" [_thread_blocked, id=9300, stack(0x00000012cf600000,0x00000012cf700000)]
  0x000001f626a8a800 JavaThread "Unconstrained build operations Thread 30" [_thread_blocked, id=22820, stack(0x00000012cf700000,0x00000012cf800000)]
  0x000001f626a88000 JavaThread "Unconstrained build operations Thread 31" [_thread_blocked, id=20600, stack(0x00000012cf800000,0x00000012cf900000)]
  0x000001f626a88800 JavaThread "Unconstrained build operations Thread 32" [_thread_blocked, id=19792, stack(0x00000012cf900000,0x00000012cfa00000)]
  0x000001f626a8c000 JavaThread "Unconstrained build operations Thread 33" [_thread_blocked, id=14812, stack(0x00000012cfa00000,0x00000012cfb00000)]
  0x000001f626a86800 JavaThread "Unconstrained build operations Thread 34" [_thread_blocked, id=22768, stack(0x00000012cfb00000,0x00000012cfc00000)]
  0x000001f626a8b000 JavaThread "Unconstrained build operations Thread 35" [_thread_blocked, id=8724, stack(0x00000012cfc00000,0x00000012cfd00000)]
  0x000001f626a8d000 JavaThread "Unconstrained build operations Thread 36" [_thread_blocked, id=21768, stack(0x00000012cfd00000,0x00000012cfe00000)]
  0x000001f626a87000 JavaThread "Unconstrained build operations Thread 37" [_thread_blocked, id=23324, stack(0x00000012cfe00000,0x00000012cff00000)]
  0x000001f626a8d800 JavaThread "Unconstrained build operations Thread 38" [_thread_blocked, id=20868, stack(0x00000012cff00000,0x00000012d0000000)]
  0x000001f626a93800 JavaThread "Unconstrained build operations Thread 39" [_thread_blocked, id=468, stack(0x00000012d0000000,0x00000012d0100000)]
  0x000001f626a92800 JavaThread "Unconstrained build operations Thread 40" [_thread_blocked, id=12132, stack(0x00000012d0100000,0x00000012d0200000)]
  0x000001f626a91000 JavaThread "Cache worker for kotlin-dsl (C:\Users\elaaf\.gradle\caches\7.5\kotlin-dsl)" [_thread_blocked, id=24520, stack(0x00000012cce00000,0x00000012ccf00000)]
  0x000001f626a94000 JavaThread "File lock release action executor Thread 5" [_thread_blocked, id=23680, stack(0x00000012d0200000,0x00000012d0300000)]
  0x000001f626a90000 JavaThread "Cache worker for Build Output Cleanup Cache (D:\flutter\src\flutter\packages\flutter_tools\gradle\.gradle\buildOutputCleanup)" [_thread_blocked, id=19396, stack(0x00000012d0300000,0x00000012d0400000)]
  0x000001f626a91800 JavaThread "Memory manager" [_thread_blocked, id=20628, stack(0x00000012d0400000,0x00000012d0500000)]

Other Threads:
  0x000001f62043a000 VMThread "VM Thread" [stack: 0x00000012cb300000,0x00000012cb400000] [id=19780]
  0x000001f620f38000 WatcherThread [stack: 0x00000012cbd00000,0x00000012cbe00000] [id=20100]
  0x000001f607b5a000 GCTaskThread "GC Thread#0" [stack: 0x00000012cae00000,0x00000012caf00000] [id=10436]
  0x000001f620fe4800 GCTaskThread "GC Thread#1" [stack: 0x00000012caa00000,0x00000012cab00000] [id=19716]
  0x000001f62118e000 GCTaskThread "GC Thread#2" [stack: 0x00000012cbe00000,0x00000012cbf00000] [id=1828]
  0x000001f622886000 GCTaskThread "GC Thread#3" [stack: 0x00000012cc900000,0x00000012cca00000] [id=17956]
  0x000001f607b7e800 ConcurrentGCThread "G1 Main Marker" [stack: 0x00000012caf00000,0x00000012cb000000] [id=8336]
  0x000001f607b7f800 ConcurrentGCThread "G1 Conc#0" [stack: 0x00000012cb000000,0x00000012cb100000] [id=13216]
  0x000001f607c0d800 ConcurrentGCThread "G1 Refine#0" [stack: 0x00000012cb100000,0x00000012cb200000] [id=14324]
  0x000001f607c0e800 ConcurrentGCThread "G1 Young RemSet Sampling" [stack: 0x00000012cb200000,0x00000012cb300000] [id=9248]

Threads with active compile tasks:
C2 CompilerThread02275335 7379 %     4       org.gradle.internal.instantiation.generator.AbstractClassGenerator::inspectType @ 207 (560 bytes)

VM state:not at safepoint (normal execution)

VM Mutex/Monitor currently owned by a thread: None

Heap address: 0x00000000a0000000, size: 1536 MB, Compressed Oops mode: 32-bit
Narrow klass base: 0x0000000000000000, Narrow klass shift: 3
Compressed class space size: 1073741824 Address: 0x0000000100000000

Heap:
 garbage-first heap   total 131072K, used 71218K [0x00000000a0000000, 0x0000000100000000)
  region size 1024K, 22 young (22528K), 4 survivors (4096K)
 Metaspace       used 62641K, capacity 64741K, committed 64928K, reserved 1110016K
  class space    used 8132K, capacity 8892K, committed 8948K, reserved 1048576K
Heap Regions: E=young(eden), S=young(survivor), O=old, HS=humongous(starts), HC=humongous(continues), CS=collection set, F=free, A=archive, TAMS=top-at-mark-start (previous, next)
|   0|0x00000000a0000000, 0x00000000a0100000, 0x00000000a0100000|100%|HS|  |TAMS 0x00000000a0100000, 0x00000000a0000000| Complete 
|   1|0x00000000a0100000, 0x00000000a0200000, 0x00000000a0200000|100%|HC|  |TAMS 0x00000000a0200000, 0x00000000a0100000| Complete 
|   2|0x00000000a0200000, 0x00000000a0300000, 0x00000000a0300000|100%|HC|  |TAMS 0x00000000a0300000, 0x00000000a0200000| Complete 
|   3|0x00000000a0300000, 0x00000000a0400000, 0x00000000a0400000|100%| O|  |TAMS 0x00000000a0400000, 0x00000000a0300000| Untracked 
|   4|0x00000000a0400000, 0x00000000a0500000, 0x00000000a0500000|100%| O|  |TAMS 0x00000000a0500000, 0x00000000a0400000| Untracked 
|   5|0x00000000a0500000, 0x00000000a0600000, 0x00000000a0600000|100%| O|  |TAMS 0x00000000a0600000, 0x00000000a0500000| Untracked 
|   6|0x00000000a0600000, 0x00000000a0700000, 0x00000000a0700000|100%| O|  |TAMS 0x00000000a0700000, 0x00000000a0600000| Untracked 
|   7|0x00000000a0700000, 0x00000000a0800000, 0x00000000a0800000|100%| O|  |TAMS 0x00000000a0800000, 0x00000000a0700000| Untracked 
|   8|0x00000000a0800000, 0x00000000a0900000, 0x00000000a0900000|100%| O|  |TAMS 0x00000000a0900000, 0x00000000a0800000| Untracked 
|   9|0x00000000a0900000, 0x00000000a0a00000, 0x00000000a0a00000|100%| O|  |TAMS 0x00000000a0a00000, 0x00000000a0900000| Untracked 
|  10|0x00000000a0a00000, 0x00000000a0b00000, 0x00000000a0b00000|100%| O|  |TAMS 0x00000000a0b00000, 0x00000000a0a00000| Untracked 
|  11|0x00000000a0b00000, 0x00000000a0c00000, 0x00000000a0c00000|100%| O|  |TAMS 0x00000000a0c00000, 0x00000000a0b00000| Untracked 
|  12|0x00000000a0c00000, 0x00000000a0d00000, 0x00000000a0d00000|100%| O|  |TAMS 0x00000000a0d00000, 0x00000000a0c00000| Untracked 
|  13|0x00000000a0d00000, 0x00000000a0e00000, 0x00000000a0e00000|100%| O|  |TAMS 0x00000000a0e00000, 0x00000000a0d00000| Untracked 
|  14|0x00000000a0e00000, 0x00000000a0f00000, 0x00000000a0f00000|100%| O|  |TAMS 0x00000000a0f00000, 0x00000000a0e00000| Untracked 
|  15|0x00000000a0f00000, 0x00000000a1000000, 0x00000000a1000000|100%| O|  |TAMS 0x00000000a1000000, 0x00000000a0f00000| Untracked 
|  16|0x00000000a1000000, 0x00000000a1100000, 0x00000000a1100000|100%| O|  |TAMS 0x00000000a1100000, 0x00000000a1000000| Untracked 
|  17|0x00000000a1100000, 0x00000000a1200000, 0x00000000a1200000|100%| O|  |TAMS 0x00000000a1200000, 0x00000000a1100000| Untracked 
|  18|0x00000000a1200000, 0x00000000a1300000, 0x00000000a1300000|100%| O|  |TAMS 0x00000000a1300000, 0x00000000a1200000| Untracked 
|  19|0x00000000a1300000, 0x00000000a1400000, 0x00000000a1400000|100%| O|  |TAMS 0x00000000a1400000, 0x00000000a1300000| Untracked 
|  20|0x00000000a1400000, 0x00000000a1500000, 0x00000000a1500000|100%| O|  |TAMS 0x00000000a1500000, 0x00000000a1400000| Untracked 
|  21|0x00000000a1500000, 0x00000000a1600000, 0x00000000a1600000|100%| O|  |TAMS 0x00000000a1600000, 0x00000000a1500000| Untracked 
|  22|0x00000000a1600000, 0x00000000a1700000, 0x00000000a1700000|100%| O|  |TAMS 0x00000000a1700000, 0x00000000a1600000| Untracked 
|  23|0x00000000a1700000, 0x00000000a1800000, 0x00000000a1800000|100%| O|  |TAMS 0x00000000a1800000, 0x00000000a1700000| Untracked 
|  24|0x00000000a1800000, 0x00000000a1900000, 0x00000000a1900000|100%| O|  |TAMS 0x00000000a1900000, 0x00000000a1800000| Untracked 
|  25|0x00000000a1900000, 0x00000000a1a00000, 0x00000000a1a00000|100%| O|  |TAMS 0x00000000a1a00000, 0x00000000a1900000| Untracked 
|  26|0x00000000a1a00000, 0x00000000a1b00000, 0x00000000a1b00000|100%| O|  |TAMS 0x00000000a1b00000, 0x00000000a1a00000| Untracked 
|  27|0x00000000a1b00000, 0x00000000a1c00000, 0x00000000a1c00000|100%| O|  |TAMS 0x00000000a1c00000, 0x00000000a1b00000| Untracked 
|  28|0x00000000a1c00000, 0x00000000a1d00000, 0x00000000a1d00000|100%| O|  |TAMS 0x00000000a1d00000, 0x00000000a1c00000| Untracked 
|  29|0x00000000a1d00000, 0x00000000a1e00000, 0x00000000a1e00000|100%| O|  |TAMS 0x00000000a1e00000, 0x00000000a1d00000| Untracked 
|  30|0x00000000a1e00000, 0x00000000a1f00000, 0x00000000a1f00000|100%| O|  |TAMS 0x00000000a1f00000, 0x00000000a1e00000| Untracked 
|  31|0x00000000a1f00000, 0x00000000a2000000, 0x00000000a2000000|100%|HS|  |TAMS 0x00000000a2000000, 0x00000000a1f00000| Complete 
|  32|0x00000000a2000000, 0x00000000a2100000, 0x00000000a2100000|100%|HS|  |TAMS 0x00000000a2100000, 0x00000000a2000000| Complete 
|  33|0x00000000a2100000, 0x00000000a2200000, 0x00000000a2200000|100%|HS|  |TAMS 0x00000000a2200000, 0x00000000a2100000| Complete 
|  34|0x00000000a2200000, 0x00000000a2300000, 0x00000000a2300000|100%|HS|  |TAMS 0x00000000a2300000, 0x00000000a2200000| Complete 
|  35|0x00000000a2300000, 0x00000000a2400000, 0x00000000a2400000|100%|HC|  |TAMS 0x00000000a2400000, 0x00000000a2300000| Complete 
|  36|0x00000000a2400000, 0x00000000a2500000, 0x00000000a2500000|100%|HC|  |TAMS 0x00000000a2500000, 0x00000000a2400000| Complete 
|  37|0x00000000a2500000, 0x00000000a2600000, 0x00000000a2600000|100%| O|  |TAMS 0x00000000a2600000, 0x00000000a2500000| Untracked 
|  38|0x00000000a2600000, 0x00000000a2700000, 0x00000000a2700000|100%|HS|  |TAMS 0x00000000a2700000, 0x00000000a2600000| Complete 
|  39|0x00000000a2700000, 0x00000000a2800000, 0x00000000a2800000|100%|HC|  |TAMS 0x00000000a2800000, 0x00000000a2700000| Complete 
|  40|0x00000000a2800000, 0x00000000a2900000, 0x00000000a2900000|100%| O|  |TAMS 0x00000000a2900000, 0x00000000a2800000| Untracked 
|  41|0x00000000a2900000, 0x00000000a2a00000, 0x00000000a2a00000|100%| O|  |TAMS 0x00000000a2a00000, 0x00000000a2900000| Untracked 
|  42|0x00000000a2a00000, 0x00000000a2b00000, 0x00000000a2b00000|100%| O|  |TAMS 0x00000000a2b00000, 0x00000000a2a00000| Untracked 
|  43|0x00000000a2b00000, 0x00000000a2c00000, 0x00000000a2c00000|100%| O|  |TAMS 0x00000000a2c00000, 0x00000000a2b00000| Untracked 
|  44|0x00000000a2c00000, 0x00000000a2d00000, 0x00000000a2d00000|100%| O|  |TAMS 0x00000000a2d00000, 0x00000000a2c00000| Untracked 
|  45|0x00000000a2d00000, 0x00000000a2e00000, 0x00000000a2e00000|100%| O|  |TAMS 0x00000000a2e00000, 0x00000000a2d00000| Untracked 
|  46|0x00000000a2e00000, 0x00000000a2f00000, 0x00000000a2f00000|100%| O|  |TAMS 0x00000000a2f00000, 0x00000000a2e00000| Untracked 
|  47|0x00000000a2f00000, 0x00000000a3000000, 0x00000000a3000000|100%| O|  |TAMS 0x00000000a3000000, 0x00000000a2f00000| Untracked 
|  48|0x00000000a3000000, 0x00000000a3100000, 0x00000000a3100000|100%| O|  |TAMS 0x00000000a3100000, 0x00000000a3000000| Untracked 
|  49|0x00000000a3100000, 0x00000000a3162200, 0x00000000a3200000| 38%| O|  |TAMS 0x00000000a3162200, 0x00000000a3100000| Untracked 
|  50|0x00000000a3200000, 0x00000000a3200000, 0x00000000a3300000|  0%| F|  |TAMS 0x00000000a3200000, 0x00000000a3200000| Untracked 
|  51|0x00000000a3300000, 0x00000000a3300000, 0x00000000a3400000|  0%| F|  |TAMS 0x00000000a3300000, 0x00000000a3300000| Untracked 
|  52|0x00000000a3400000, 0x00000000a3400000, 0x00000000a3500000|  0%| F|  |TAMS 0x00000000a3400000, 0x00000000a3400000| Untracked 
|  53|0x00000000a3500000, 0x00000000a3500000, 0x00000000a3600000|  0%| F|  |TAMS 0x00000000a3500000, 0x00000000a3500000| Untracked 
|  54|0x00000000a3600000, 0x00000000a3600000, 0x00000000a3700000|  0%| F|  |TAMS 0x00000000a3600000, 0x00000000a3600000| Untracked 
|  55|0x00000000a3700000, 0x00000000a3700000, 0x00000000a3800000|  0%| F|  |TAMS 0x00000000a3700000, 0x00000000a3700000| Untracked 
|  56|0x00000000a3800000, 0x00000000a3800000, 0x00000000a3900000|  0%| F|  |TAMS 0x00000000a3800000, 0x00000000a3800000| Untracked 
|  57|0x00000000a3900000, 0x00000000a3900000, 0x00000000a3a00000|  0%| F|  |TAMS 0x00000000a3900000, 0x00000000a3900000| Untracked 
|  58|0x00000000a3a00000, 0x00000000a3a00000, 0x00000000a3b00000|  0%| F|  |TAMS 0x00000000a3a00000, 0x00000000a3a00000| Untracked 
|  59|0x00000000a3b00000, 0x00000000a3b00000, 0x00000000a3c00000|  0%| F|  |TAMS 0x00000000a3b00000, 0x00000000a3b00000| Untracked 
|  60|0x00000000a3c00000, 0x00000000a3c00000, 0x00000000a3d00000|  0%| F|  |TAMS 0x00000000a3c00000, 0x00000000a3c00000| Untracked 
|  61|0x00000000a3d00000, 0x00000000a3d00000, 0x00000000a3e00000|  0%| F|  |TAMS 0x00000000a3d00000, 0x00000000a3d00000| Untracked 
|  62|0x00000000a3e00000, 0x00000000a3e00000, 0x00000000a3f00000|  0%| F|  |TAMS 0x00000000a3e00000, 0x00000000a3e00000| Untracked 
|  63|0x00000000a3f00000, 0x00000000a3f00000, 0x00000000a4000000|  0%| F|  |TAMS 0x00000000a3f00000, 0x00000000a3f00000| Untracked 
|  64|0x00000000a4000000, 0x00000000a4000000, 0x00000000a4100000|  0%| F|  |TAMS 0x00000000a4000000, 0x00000000a4000000| Untracked 
|  65|0x00000000a4100000, 0x00000000a4100000, 0x00000000a4200000|  0%| F|  |TAMS 0x00000000a4100000, 0x00000000a4100000| Untracked 
|  66|0x00000000a4200000, 0x00000000a4200000, 0x00000000a4300000|  0%| F|  |TAMS 0x00000000a4200000, 0x00000000a4200000| Untracked 
|  67|0x00000000a4300000, 0x00000000a4300000, 0x00000000a4400000|  0%| F|  |TAMS 0x00000000a4300000, 0x00000000a4300000| Untracked 
|  68|0x00000000a4400000, 0x00000000a4400000, 0x00000000a4500000|  0%| F|  |TAMS 0x00000000a4400000, 0x00000000a4400000| Untracked 
|  69|0x00000000a4500000, 0x00000000a4500000, 0x00000000a4600000|  0%| F|  |TAMS 0x00000000a4500000, 0x00000000a4500000| Untracked 
|  70|0x00000000a4600000, 0x00000000a4600000, 0x00000000a4700000|  0%| F|  |TAMS 0x00000000a4600000, 0x00000000a4600000| Untracked 
|  71|0x00000000a4700000, 0x00000000a4700000, 0x00000000a4800000|  0%| F|  |TAMS 0x00000000a4700000, 0x00000000a4700000| Untracked 
|  72|0x00000000a4800000, 0x00000000a4800000, 0x00000000a4900000|  0%| F|  |TAMS 0x00000000a4800000, 0x00000000a4800000| Untracked 
|  73|0x00000000a4900000, 0x00000000a4900000, 0x00000000a4a00000|  0%| F|  |TAMS 0x00000000a4900000, 0x00000000a4900000| Untracked 
|  74|0x00000000a4a00000, 0x00000000a4a00000, 0x00000000a4b00000|  0%| F|  |TAMS 0x00000000a4a00000, 0x00000000a4a00000| Untracked 
|  75|0x00000000a4b00000, 0x00000000a4b00000, 0x00000000a4c00000|  0%| F|  |TAMS 0x00000000a4b00000, 0x00000000a4b00000| Untracked 
|  76|0x00000000a4c00000, 0x00000000a4c00000, 0x00000000a4d00000|  0%| F|  |TAMS 0x00000000a4c00000, 0x00000000a4c00000| Untracked 
|  77|0x00000000a4d00000, 0x00000000a4d00000, 0x00000000a4e00000|  0%| F|  |TAMS 0x00000000a4d00000, 0x00000000a4d00000| Untracked 
|  78|0x00000000a4e00000, 0x00000000a4e00000, 0x00000000a4f00000|  0%| F|  |TAMS 0x00000000a4e00000, 0x00000000a4e00000| Untracked 
|  79|0x00000000a4f00000, 0x00000000a4f00000, 0x00000000a5000000|  0%| F|  |TAMS 0x00000000a4f00000, 0x00000000a4f00000| Untracked 
|  80|0x00000000a5000000, 0x00000000a5000000, 0x00000000a5100000|  0%| F|  |TAMS 0x00000000a5000000, 0x00000000a5000000| Untracked 
|  81|0x00000000a5100000, 0x00000000a5100000, 0x00000000a5200000|  0%| F|  |TAMS 0x00000000a5100000, 0x00000000a5100000| Untracked 
|  82|0x00000000a5200000, 0x00000000a5200000, 0x00000000a5300000|  0%| F|  |TAMS 0x00000000a5200000, 0x00000000a5200000| Untracked 
|  83|0x00000000a5300000, 0x00000000a5300000, 0x00000000a5400000|  0%| F|  |TAMS 0x00000000a5300000, 0x00000000a5300000| Untracked 
|  84|0x00000000a5400000, 0x00000000a5400000, 0x00000000a5500000|  0%| F|  |TAMS 0x00000000a5400000, 0x00000000a5400000| Untracked 
|  85|0x00000000a5500000, 0x00000000a5500000, 0x00000000a5600000|  0%| F|  |TAMS 0x00000000a5500000, 0x00000000a5500000| Untracked 
|  86|0x00000000a5600000, 0x00000000a5600000, 0x00000000a5700000|  0%| F|  |TAMS 0x00000000a5600000, 0x00000000a5600000| Untracked 
|  87|0x00000000a5700000, 0x00000000a5700000, 0x00000000a5800000|  0%| F|  |TAMS 0x00000000a5700000, 0x00000000a5700000| Untracked 
|  88|0x00000000a5800000, 0x00000000a5800000, 0x00000000a5900000|  0%| F|  |TAMS 0x00000000a5800000, 0x00000000a5800000| Untracked 
|  89|0x00000000a5900000, 0x00000000a5900000, 0x00000000a5a00000|  0%| F|  |TAMS 0x00000000a5900000, 0x00000000a5900000| Untracked 
|  90|0x00000000a5a00000, 0x00000000a5a00000, 0x00000000a5b00000|  0%| F|  |TAMS 0x00000000a5a00000, 0x00000000a5a00000| Untracked 
|  91|0x00000000a5b00000, 0x00000000a5b00000, 0x00000000a5c00000|  0%| F|  |TAMS 0x00000000a5b00000, 0x00000000a5b00000| Untracked 
|  92|0x00000000a5c00000, 0x00000000a5c00000, 0x00000000a5d00000|  0%| F|  |TAMS 0x00000000a5c00000, 0x00000000a5c00000| Untracked 
|  93|0x00000000a5d00000, 0x00000000a5d00000, 0x00000000a5e00000|  0%| F|  |TAMS 0x00000000a5d00000, 0x00000000a5d00000| Untracked 
|  94|0x00000000a5e00000, 0x00000000a5e00000, 0x00000000a5f00000|  0%| F|  |TAMS 0x00000000a5e00000, 0x00000000a5e00000| Untracked 
|  95|0x00000000a5f00000, 0x00000000a5f00000, 0x00000000a6000000|  0%| F|  |TAMS 0x00000000a5f00000, 0x00000000a5f00000| Untracked 
|  96|0x00000000a6000000, 0x00000000a6000000, 0x00000000a6100000|  0%| F|  |TAMS 0x00000000a6000000, 0x00000000a6000000| Untracked 
|  97|0x00000000a6100000, 0x00000000a6100000, 0x00000000a6200000|  0%| F|  |TAMS 0x00000000a6100000, 0x00000000a6100000| Untracked 
|  98|0x00000000a6200000, 0x00000000a6200000, 0x00000000a6300000|  0%| F|  |TAMS 0x00000000a6200000, 0x00000000a6200000| Untracked 
|  99|0x00000000a6300000, 0x00000000a6300000, 0x00000000a6400000|  0%| F|  |TAMS 0x00000000a6300000, 0x00000000a6300000| Untracked 
| 100|0x00000000a6400000, 0x00000000a6400000, 0x00000000a6500000|  0%| F|  |TAMS 0x00000000a6400000, 0x00000000a6400000| Untracked 
| 101|0x00000000a6500000, 0x00000000a6500000, 0x00000000a6600000|  0%| F|  |TAMS 0x00000000a6500000, 0x00000000a6500000| Untracked 
| 102|0x00000000a6600000, 0x00000000a6600000, 0x00000000a6700000|  0%| F|  |TAMS 0x00000000a6600000, 0x00000000a6600000| Untracked 
| 103|0x00000000a6700000, 0x00000000a6700000, 0x00000000a6800000|  0%| F|  |TAMS 0x00000000a6700000, 0x00000000a6700000| Untracked 
| 104|0x00000000a6800000, 0x00000000a6800000, 0x00000000a6900000|  0%| F|  |TAMS 0x00000000a6800000, 0x00000000a6800000| Untracked 
| 105|0x00000000a6900000, 0x00000000a6900000, 0x00000000a6a00000|  0%| F|  |TAMS 0x00000000a6900000, 0x00000000a6900000| Untracked 
| 106|0x00000000a6a00000, 0x00000000a6a2f588, 0x00000000a6b00000| 18%| E|  |TAMS 0x00000000a6a00000, 0x00000000a6a00000| Complete 
| 107|0x00000000a6b00000, 0x00000000a6c00000, 0x00000000a6c00000|100%| E|CS|TAMS 0x00000000a6b00000, 0x00000000a6b00000| Complete 
| 108|0x00000000a6c00000, 0x00000000a6d00000, 0x00000000a6d00000|100%| E|CS|TAMS 0x00000000a6c00000, 0x00000000a6c00000| Complete 
| 109|0x00000000a6d00000, 0x00000000a6e00000, 0x00000000a6e00000|100%| E|CS|TAMS 0x00000000a6d00000, 0x00000000a6d00000| Complete 
| 110|0x00000000a6e00000, 0x00000000a6f00000, 0x00000000a6f00000|100%| E|CS|TAMS 0x00000000a6e00000, 0x00000000a6e00000| Complete 
| 111|0x00000000a6f00000, 0x00000000a7000000, 0x00000000a7000000|100%| E|CS|TAMS 0x00000000a6f00000, 0x00000000a6f00000| Complete 
| 112|0x00000000a7000000, 0x00000000a7100000, 0x00000000a7100000|100%| E|CS|TAMS 0x00000000a7000000, 0x00000000a7000000| Complete 
| 113|0x00000000a7100000, 0x00000000a7200000, 0x00000000a7200000|100%| E|CS|TAMS 0x00000000a7100000, 0x00000000a7100000| Complete 
| 114|0x00000000a7200000, 0x00000000a7300000, 0x00000000a7300000|100%| E|CS|TAMS 0x00000000a7200000, 0x00000000a7200000| Complete 
| 115|0x00000000a7300000, 0x00000000a7400000, 0x00000000a7400000|100%| E|CS|TAMS 0x00000000a7300000, 0x00000000a7300000| Complete 
| 116|0x00000000a7400000, 0x00000000a7500000, 0x00000000a7500000|100%| E|CS|TAMS 0x00000000a7400000, 0x00000000a7400000| Complete 
| 117|0x00000000a7500000, 0x00000000a752a7b8, 0x00000000a7600000| 16%| S|CS|TAMS 0x00000000a7500000, 0x00000000a7500000| Complete 
| 118|0x00000000a7600000, 0x00000000a7700000, 0x00000000a7700000|100%| S|CS|TAMS 0x00000000a7600000, 0x00000000a7600000| Complete 
| 119|0x00000000a7700000, 0x00000000a7800000, 0x00000000a7800000|100%| S|CS|TAMS 0x00000000a7700000, 0x00000000a7700000| Complete 
| 120|0x00000000a7800000, 0x00000000a7900000, 0x00000000a7900000|100%| S|CS|TAMS 0x00000000a7800000, 0x00000000a7800000| Complete 
| 121|0x00000000a7900000, 0x00000000a7a00000, 0x00000000a7a00000|100%| E|CS|TAMS 0x00000000a7900000, 0x00000000a7900000| Complete 
| 122|0x00000000a7a00000, 0x00000000a7b00000, 0x00000000a7b00000|100%| E|CS|TAMS 0x00000000a7a00000, 0x00000000a7a00000| Complete 
| 123|0x00000000a7b00000, 0x00000000a7c00000, 0x00000000a7c00000|100%| E|CS|TAMS 0x00000000a7b00000, 0x00000000a7b00000| Complete 
| 124|0x00000000a7c00000, 0x00000000a7d00000, 0x00000000a7d00000|100%| E|CS|TAMS 0x00000000a7c00000, 0x00000000a7c00000| Complete 
| 125|0x00000000a7d00000, 0x00000000a7e00000, 0x00000000a7e00000|100%| E|CS|TAMS 0x00000000a7d00000, 0x00000000a7d00000| Complete 
| 126|0x00000000a7e00000, 0x00000000a7f00000, 0x00000000a7f00000|100%| E|CS|TAMS 0x00000000a7e00000, 0x00000000a7e00000| Complete 
| 127|0x00000000a7f00000, 0x00000000a8000000, 0x00000000a8000000|100%| E|CS|TAMS 0x00000000a7f00000, 0x00000000a7f00000| Complete 

Card table byte_map: [0x000001f61a960000,0x000001f61ac60000] _byte_map_base: 0x000001f61a460000

Marking Bits (Prev, Next): (CMBitMap*) 0x000001f607b77898, (CMBitMap*) 0x000001f607b778d0
 Prev Bits: [0x000001f61af60000, 0x000001f61c760000)
 Next Bits: [0x000001f61c760000, 0x000001f61df60000)

Polling page: 0x000001f605a20000

Metaspace:

Usage:
  Non-class:     54.54 MB capacity,    53.23 MB ( 98%) used,     1.11 MB (  2%) free+waste,   201.25 KB ( <1%) overhead. 
      Class:      8.68 MB capacity,     7.94 MB ( 91%) used,   662.80 KB (  7%) free+waste,    96.13 KB (  1%) overhead. 
       Both:     63.22 MB capacity,    61.18 MB ( 97%) used,     1.76 MB (  3%) free+waste,   297.38 KB ( <1%) overhead. 

Virtual space:
  Non-class space:       60.00 MB reserved,      54.67 MB ( 91%) committed 
      Class space:        1.00 GB reserved,       8.74 MB ( <1%) committed 
             Both:        1.06 GB reserved,      63.41 MB (  6%) committed 

Chunk freelists:
   Non-Class:  3.00 KB
       Class:  4.00 KB
        Both:  7.00 KB

MaxMetaspaceSize: 17179869184.00 GB
CompressedClassSpaceSize: 1.00 GB
Initial GC threshold: 20.80 MB
Current GC threshold: 103.59 MB
CDS: off

CodeHeap 'non-profiled nmethods': size=120064Kb used=4568Kb max_used=4568Kb free=115495Kb
 bounds [0x000001f613120000, 0x000001f6135a0000, 0x000001f61a660000]
CodeHeap 'profiled nmethods': size=120000Kb used=16049Kb max_used=16049Kb free=103950Kb
 bounds [0x000001f60bbf0000, 0x000001f60cba0000, 0x000001f613120000]
CodeHeap 'non-nmethods': size=5696Kb used=2335Kb max_used=2363Kb free=3360Kb
 bounds [0x000001f60b660000, 0x000001f60b8d0000, 0x000001f60bbf0000]
 total_blobs=8390 nmethods=7542 adapters=760
 compilation: enabled
              stopped_count=0, restarted_count=0
 full_count=0

Compilation events (20 events):
Event: 2257.757 Thread 0x000001f620469000 nmethod 7366 0x000001f613584d10 code [0x000001f613584ec0, 0x000001f613584f78]
Event: 2257.758 Thread 0x000001f620469000 7371       1       com.google.common.collect.ImmutableMapEntrySet$RegularEntrySet::map (5 bytes)
Event: 2257.759 Thread 0x000001f620469000 nmethod 7371 0x000001f613585010 code [0x000001f6135851c0, 0x000001f613585278]
Event: 2257.759 Thread 0x000001f620465800 7372       4       org.gradle.internal.logging.slf4j.OutputEventListenerBackedLogger::debug (7 bytes)
Event: 2257.760 Thread 0x000001f620465800 nmethod 7372 0x000001f613585310 code [0x000001f6135854c0, 0x000001f6135855b8]
Event: 2258.279 Thread 0x000001f620465800 7373       4       java.util.TreeMap::put (247 bytes)
Event: 2258.414 Thread 0x000001f620469000 7375       3       org.gradle.internal.instantiation.generator.AbstractClassGenerator$PropertyMetadata::addSetter (41 bytes)
Event: 2258.415 Thread 0x000001f620469000 nmethod 7375 0x000001f60cb06110 code [0x000001f60cb06300, 0x000001f60cb067d8]
Event: 2258.424 Thread 0x000001f620469000 7376       3       org.objectweb.asm.Type::getArgumentsAndReturnSizes (140 bytes)
Event: 2258.427 Thread 0x000001f620469000 nmethod 7376 0x000001f60cb06990 code [0x000001f60cb06da0, 0x000001f60cb08d38]
Event: 2258.428 Thread 0x000001f620469000 7377       3       org.objectweb.asm.Frame::execute (2318 bytes)
Event: 2258.436 Thread 0x000001f620469000 nmethod 7377 0x000001f60cb09910 code [0x000001f60cb0a680, 0x000001f60cb10db8]
Event: 2258.440 Thread 0x000001f620469000 7378       3       org.objectweb.asm.Frame::getAbstractTypeFromDescriptor (415 bytes)
Event: 2258.442 Thread 0x000001f620469000 nmethod 7378 0x000001f60cb12a90 code [0x000001f60cb12e40, 0x000001f60cb149d8]
Event: 2258.543 Thread 0x000001f620465800 nmethod 7373 0x000001f613585790 code [0x000001f6135859e0, 0x000001f6135890e8]
Event: 2258.543 Thread 0x000001f620465800 7374       4       org.gradle.internal.reflect.MethodSet::add (50 bytes)
Event: 2258.754 Thread 0x000001f620465800 nmethod 7374 0x000001f613589f10 code [0x000001f61358a200, 0x000001f61358d670]
Event: 2259.045 Thread 0x000001f620465800 7379 %     4       org.gradle.internal.instantiation.generator.AbstractClassGenerator::inspectType @ 207 (560 bytes)
Event: 2259.048 Thread 0x000001f620469000 7380       3       org.gradle.internal.instantiation.generator.AbstractClassGenerator$ExtensibleTypePropertyHandler::applyTo (228 bytes)
Event: 2259.051 Thread 0x000001f620469000 nmethod 7380 0x000001f60cb15310 code [0x000001f60cb15700, 0x000001f60cb173b8]

GC Heap History (20 events):
Event: 1660.410 GC heap before
{Heap before GC invocations=17 (full 0):
 garbage-first heap   total 131072K, used 58923K [0x00000000a0000000, 0x0000000100000000)
  region size 1024K, 33 young (33792K), 4 survivors (4096K)
 Metaspace       used 40509K, capacity 41587K, committed 41772K, reserved 1085440K
  class space    used 5039K, capacity 5420K, committed 5504K, reserved 1048576K
}
Event: 1660.437 GC heap after
{Heap after GC invocations=18 (full 0):
 garbage-first heap   total 131072K, used 27479K [0x00000000a0000000, 0x0000000100000000)
  region size 1024K, 3 young (3072K), 3 survivors (3072K)
 Metaspace       used 40509K, capacity 41587K, committed 41772K, reserved 1085440K
  class space    used 5039K, capacity 5420K, committed 5504K, reserved 1048576K
}
Event: 1764.003 GC heap before
{Heap before GC invocations=18 (full 0):
 garbage-first heap   total 131072K, used 62295K [0x00000000a0000000, 0x0000000100000000)
  region size 1024K, 37 young (37888K), 3 survivors (3072K)
 Metaspace       used 42519K, capacity 43650K, committed 43948K, reserved 1087488K
  class space    used 5356K, capacity 5762K, committed 5888K, reserved 1048576K
}
Event: 1764.010 GC heap after
{Heap after GC invocations=19 (full 0):
 garbage-first heap   total 131072K, used 28792K [0x00000000a0000000, 0x0000000100000000)
  region size 1024K, 4 young (4096K), 4 survivors (4096K)
 Metaspace       used 42519K, capacity 43650K, committed 43948K, reserved 1087488K
  class space    used 5356K, capacity 5762K, committed 5888K, reserved 1048576K
}
Event: 1781.684 GC heap before
{Heap before GC invocations=19 (full 0):
 garbage-first heap   total 131072K, used 73848K [0x00000000a0000000, 0x0000000100000000)
  region size 1024K, 48 young (49152K), 4 survivors (4096K)
 Metaspace       used 45846K, capacity 47069K, committed 47148K, reserved 1089536K
  class space    used 5772K, capacity 6217K, committed 6272K, reserved 1048576K
}
Event: 1781.694 GC heap after
{Heap after GC invocations=20 (full 0):
 garbage-first heap   total 131072K, used 31416K [0x00000000a0000000, 0x0000000100000000)
  region size 1024K, 4 young (4096K), 4 survivors (4096K)
 Metaspace       used 45846K, capacity 47069K, committed 47148K, reserved 1089536K
  class space    used 5772K, capacity 6217K, committed 6272K, reserved 1048576K
}
Event: 1860.453 GC heap before
{Heap before GC invocations=20 (full 0):
 garbage-first heap   total 131072K, used 82616K [0x00000000a0000000, 0x0000000100000000)
  region size 1024K, 54 young (55296K), 4 survivors (4096K)
 Metaspace       used 48406K, capacity 49661K, committed 49836K, reserved 1093632K
  class space    used 6098K, capacity 6572K, committed 6656K, reserved 1048576K
}
Event: 1860.501 GC heap after
{Heap after GC invocations=21 (full 0):
 garbage-first heap   total 131072K, used 32641K [0x00000000a0000000, 0x0000000100000000)
  region size 1024K, 4 young (4096K), 4 survivors (4096K)
 Metaspace       used 48406K, capacity 49661K, committed 49836K, reserved 1093632K
  class space    used 6098K, capacity 6572K, committed 6656K, reserved 1048576K
}
Event: 1958.866 GC heap before
{Heap before GC invocations=21 (full 0):
 garbage-first heap   total 131072K, used 84865K [0x00000000a0000000, 0x0000000100000000)
  region size 1024K, 55 young (56320K), 4 survivors (4096K)
 Metaspace       used 49272K, capacity 50595K, committed 50860K, reserved 1093632K
  class space    used 6176K, capacity 6644K, committed 6656K, reserved 1048576K
}
Event: 1959.100 GC heap after
{Heap after GC invocations=22 (full 0):
 garbage-first heap   total 131072K, used 33488K [0x00000000a0000000, 0x0000000100000000)
  region size 1024K, 2 young (2048K), 2 survivors (2048K)
 Metaspace       used 49272K, capacity 50595K, committed 50860K, reserved 1093632K
  class space    used 6176K, capacity 6644K, committed 6656K, reserved 1048576K
}
Event: 2167.135 GC heap before
{Heap before GC invocations=22 (full 0):
 garbage-first heap   total 131072K, used 87760K [0x00000000a0000000, 0x0000000100000000)
  region size 1024K, 47 young (48128K), 2 survivors (2048K)
 Metaspace       used 49940K, capacity 51389K, committed 51500K, reserved 1093632K
  class space    used 6252K, capacity 6757K, committed 6784K, reserved 1048576K
}
Event: 2167.189 GC heap after
{Heap after GC invocations=23 (full 0):
 garbage-first heap   total 131072K, used 49032K [0x00000000a0000000, 0x0000000100000000)
  region size 1024K, 6 young (6144K), 6 survivors (6144K)
 Metaspace       used 49940K, capacity 51389K, committed 51500K, reserved 1093632K
  class space    used 6252K, capacity 6757K, committed 6784K, reserved 1048576K
}
Event: 2209.855 GC heap before
{Heap before GC invocations=23 (full 0):
 garbage-first heap   total 131072K, used 95112K [0x00000000a0000000, 0x0000000100000000)
  region size 1024K, 51 young (52224K), 6 survivors (6144K)
 Metaspace       used 53391K, capacity 55015K, committed 55212K, reserved 1097728K
  class space    used 6786K, capacity 7398K, committed 7424K, reserved 1048576K
}
Event: 2210.188 GC heap after
{Heap after GC invocations=24 (full 0):
 garbage-first heap   total 131072K, used 50810K [0x00000000a0000000, 0x0000000100000000)
  region size 1024K, 2 young (2048K), 2 survivors (2048K)
 Metaspace       used 53391K, capacity 55015K, committed 55212K, reserved 1097728K
  class space    used 6786K, capacity 7398K, committed 7424K, reserved 1048576K
}
Event: 2221.961 GC heap before
{Heap before GC invocations=24 (full 0):
 garbage-first heap   total 131072K, used 87674K [0x00000000a0000000, 0x0000000100000000)
  region size 1024K, 38 young (38912K), 2 survivors (2048K)
 Metaspace       used 55765K, capacity 57424K, committed 57644K, reserved 1099776K
  class space    used 7136K, capacity 7773K, committed 7808K, reserved 1048576K
}
Event: 2221.966 GC heap after
{Heap after GC invocations=25 (full 0):
 garbage-first heap   total 131072K, used 51730K [0x00000000a0000000, 0x0000000100000000)
  region size 1024K, 3 young (3072K), 3 survivors (3072K)
 Metaspace       used 55765K, capacity 57424K, committed 57644K, reserved 1099776K
  class space    used 7136K, capacity 7773K, committed 7808K, reserved 1048576K
}
Event: 2229.566 GC heap before
{Heap before GC invocations=25 (full 0):
 garbage-first heap   total 131072K, used 87570K [0x00000000a0000000, 0x0000000100000000)
  region size 1024K, 39 young (39936K), 3 survivors (3072K)
 Metaspace       used 57991K, capacity 59664K, committed 59808K, reserved 1101824K
  class space    used 7436K, capacity 8093K, committed 8180K, reserved 1048576K
}
Event: 2229.573 GC heap after
{Heap after GC invocations=26 (full 0):
 garbage-first heap   total 131072K, used 52208K [0x00000000a0000000, 0x0000000100000000)
  region size 1024K, 3 young (3072K), 3 survivors (3072K)
 Metaspace       used 57991K, capacity 59664K, committed 59808K, reserved 1101824K
  class space    used 7436K, capacity 8093K, committed 8180K, reserved 1048576K
}
Event: 2255.874 GC heap before
{Heap before GC invocations=27 (full 0):
 garbage-first heap   total 131072K, used 100336K [0x00000000a0000000, 0x0000000100000000)
  region size 1024K, 50 young (51200K), 3 survivors (3072K)
 Metaspace       used 60903K, capacity 62903K, committed 63136K, reserved 1103872K
  class space    used 7862K, capacity 8609K, committed 8692K, reserved 1048576K
}
Event: 2255.887 GC heap after
{Heap after GC invocations=28 (full 0):
 garbage-first heap   total 131072K, used 53353K [0x00000000a0000000, 0x0000000100000000)
  region size 1024K, 4 young (4096K), 4 survivors (4096K)
 Metaspace       used 60903K, capacity 62903K, committed 63136K, reserved 1103872K
  class space    used 7862K, capacity 8609K, committed 8692K, reserved 1048576K
}

Deoptimization events (20 events):
Event: 2255.896 Thread 0x000001f622937800 Uncommon trap: trap_request=0xffffffbe fr.pc=0x000001f61357df4c relative=0x0000000000002dec
Event: 2255.896 Thread 0x000001f622937800 Uncommon trap: reason=profile_predicate action=maybe_recompile pc=0x000001f61357df4c method=java.util.TreeMap.put(Ljava/lang/Object;Ljava/lang/Object;)Ljava/lang/Object; @ 55 c2
Event: 2255.896 Thread 0x000001f622937800 DEOPT PACKING pc=0x000001f61357df4c sp=0x00000012cc5f1aa0
Event: 2255.896 Thread 0x000001f622937800 DEOPT UNPACKING pc=0x000001f60b6aa1af sp=0x00000012cc5f1a88 mode 2
Event: 2257.747 Thread 0x000001f622937800 Uncommon trap: trap_request=0xffffffbe fr.pc=0x000001f61357df4c relative=0x0000000000002dec
Event: 2257.747 Thread 0x000001f622937800 Uncommon trap: reason=profile_predicate action=maybe_recompile pc=0x000001f61357df4c method=java.util.TreeMap.put(Ljava/lang/Object;Ljava/lang/Object;)Ljava/lang/Object; @ 55 c2
Event: 2257.747 Thread 0x000001f622937800 DEOPT PACKING pc=0x000001f61357df4c sp=0x00000012cc5f28a0
Event: 2257.747 Thread 0x000001f622937800 DEOPT UNPACKING pc=0x000001f60b6aa1af sp=0x00000012cc5f2888 mode 2
Event: 2258.424 Thread 0x000001f622937800 Uncommon trap: trap_request=0xffffff4d fr.pc=0x000001f6135388b0 relative=0x0000000000000410
Event: 2258.424 Thread 0x000001f622937800 Uncommon trap: reason=unstable_if action=reinterpret pc=0x000001f6135388b0 method=org.objectweb.asm.Type.getArgumentsAndReturnSizes(Ljava/lang/String;)I @ 117 c2
Event: 2258.424 Thread 0x000001f622937800 DEOPT PACKING pc=0x000001f6135388b0 sp=0x00000012cc5f1bb0
Event: 2258.424 Thread 0x000001f622937800 DEOPT UNPACKING pc=0x000001f60b6aa1af sp=0x00000012cc5f1b30 mode 2
Event: 2258.424 Thread 0x000001f622937800 Uncommon trap: trap_request=0xffffff4d fr.pc=0x000001f6134192d8 relative=0x00000000000016f8
Event: 2258.424 Thread 0x000001f622937800 Uncommon trap: reason=unstable_if action=reinterpret pc=0x000001f6134192d8 method=org.objectweb.asm.Type.getArgumentsAndReturnSizes(Ljava/lang/String;)I @ 117 c2
Event: 2258.424 Thread 0x000001f622937800 DEOPT PACKING pc=0x000001f6134192d8 sp=0x00000012cc5f1960
Event: 2258.424 Thread 0x000001f622937800 DEOPT UNPACKING pc=0x000001f60b6aa1af sp=0x00000012cc5f1818 mode 2
Event: 2258.424 Thread 0x000001f622937800 Uncommon trap: trap_request=0xffffff4d fr.pc=0x000001f6135078e4 relative=0x00000000000006c4
Event: 2258.424 Thread 0x000001f622937800 Uncommon trap: reason=unstable_if action=reinterpret pc=0x000001f6135078e4 method=org.objectweb.asm.Frame.getAbstractTypeFromDescriptor(Lorg/objectweb/asm/SymbolTable;Ljava/lang/String;I)I @ 5 c2
Event: 2258.424 Thread 0x000001f622937800 DEOPT PACKING pc=0x000001f6135078e4 sp=0x00000012cc5f17e0
Event: 2258.424 Thread 0x000001f622937800 DEOPT UNPACKING pc=0x000001f60b6aa1af sp=0x00000012cc5f17a0 mode 2

Classes redefined (0 events):
No events

Internal exceptions (20 events):
Event: 2201.379 Thread 0x000001f622937800 Exception <a 'java/lang/NoSuchMethodError'{0x00000000a5898bd0}: 'java.lang.Object java.lang.invoke.DirectMethodHandle$Holder.invokeStatic(java.lang.Object, java.lang.Object, java.lang.Object, java.lang.Object, int)'> (0x00000000a5898bd0) thrown at [./src/hotspot/share/interpreter/linkResolver.cpp, line 773]
Event: 2201.380 Thread 0x000001f622937800 Exception <a 'java/lang/NoSuchMethodError'{0x00000000a58a01e8}: 'java.lang.Object java.lang.invoke.DirectMethodHandle$Holder.invokeSpecial(java.lang.Object, java.lang.Object, java.lang.Object, java.lang.Object, java.lang.Object, int)'> (0x00000000a58a01e8) thrown at [./src/hotspot/share/interpreter/linkResolver.cpp, line 773]
Event: 2201.380 Thread 0x000001f622937800 Exception <a 'java/lang/NoSuchMethodError'{0x00000000a58a5d68}: 'java.lang.Object java.lang.invoke.Invokers$Holder.linkToTargetMethod(java.lang.Object, java.lang.Object, java.lang.Object, int, java.lang.Object)'> (0x00000000a58a5d68) thrown at [./src/hotspot/share/interpreter/linkResolver.cpp, line 773]
Event: 2202.011 Thread 0x000001f622937800 Exception <a 'java/lang/NoSuchMethodError'{0x00000000a56795a8}: 'java.lang.Object java.lang.invoke.DirectMethodHandle$Holder.invokeSpecial(java.lang.Object, java.lang.Object, int, int, java.lang.Object, java.lang.Object, java.lang.Object)'> (0x00000000a56795a8) thrown at [./src/hotspot/share/interpreter/linkResolver.cpp, line 773]
Event: 2202.011 Thread 0x000001f622937800 Exception <a 'java/lang/NoSuchMethodError'{0x00000000a567f068}: 'java.lang.Object java.lang.invoke.DelegatingMethodHandle$Holder.reinvoke_L(java.lang.Object, int, int, java.lang.Object, java.lang.Object, java.lang.Object)'> (0x00000000a567f068) thrown at [./src/hotspot/share/interpreter/linkResolver.cpp, line 773]
Event: 2205.332 Thread 0x000001f622937800 Exception <a 'java/lang/IncompatibleClassChangeError'{0x00000000a5424070}: Found class java.lang.Object, but interface was expected> (0x00000000a5424070) thrown at [./src/hotspot/share/interpreter/linkResolver.cpp, line 839]
Event: 2208.501 Thread 0x000001f622937800 Implicit null exception at 0x000001f61352b159 to 0x000001f61352b348
Event: 2209.766 Thread 0x000001f622937800 Implicit null exception at 0x000001f6133f9b54 to 0x000001f6133f9d44
Event: 2209.766 Thread 0x000001f622937800 Implicit null exception at 0x000001f6133ed378 to 0x000001f6133ef1b0
Event: 2213.732 Thread 0x000001f622937800 Exception <a 'java/lang/NoSuchMethodError'{0x00000000a740a6d0}: 'java.lang.Object java.lang.invoke.DirectMethodHandle$Holder.invokeStatic(java.lang.Object, int, java.lang.Object, java.lang.Object, java.lang.Object)'> (0x00000000a740a6d0) thrown at [./src/hotspot/share/interpreter/linkResolver.cpp, line 773]
Event: 2213.732 Thread 0x000001f622937800 Exception <a 'java/lang/NoSuchMethodError'{0x00000000a7410648}: 'java.lang.Object java.lang.invoke.DirectMethodHandle$Holder.invokeSpecial(java.lang.Object, java.lang.Object, int, java.lang.Object, java.lang.Object, java.lang.Object)'> (0x00000000a7410648) thrown at [./src/hotspot/share/interpreter/linkResolver.cpp, line 773]
Event: 2217.258 Thread 0x000001f622937800 Exception <a 'java/lang/ClassNotFoundException'{0x00000000a6beb058}: org/gradle/api/plugins/internal/DefaultBasePluginConventionBeanInfo> (0x00000000a6beb058) thrown at [./src/hotspot/share/classfile/systemDictionary.cpp, line 231]
Event: 2217.261 Thread 0x000001f622937800 Exception <a 'java/lang/ClassNotFoundException'{0x00000000a6a30638}: org/gradle/api/plugins/BasePluginConventionBeanInfo> (0x00000000a6a30638) thrown at [./src/hotspot/share/classfile/systemDictionary.cpp, line 231]
Event: 2217.265 Thread 0x000001f622937800 Exception <a 'java/lang/ClassNotFoundException'{0x00000000a6a71460}: org/gradle/api/plugins/BasePluginConventionCustomizer> (0x00000000a6a71460) thrown at [./src/hotspot/share/classfile/systemDictionary.cpp, line 231]
Event: 2217.268 Thread 0x000001f622937800 Exception <a 'java/lang/ClassNotFoundException'{0x00000000a6ac2940}: org/gradle/api/plugins/internal/DefaultBasePluginConventionCustomizer> (0x00000000a6ac2940) thrown at [./src/hotspot/share/classfile/systemDictionary.cpp, line 231]
Event: 2217.424 Thread 0x000001f622937800 Exception <a 'java/lang/ClassNotFoundException'{0x00000000a6949920}: org/gradle/api/plugins/internal/DefaultJavaPluginConventionBeanInfo> (0x00000000a6949920) thrown at [./src/hotspot/share/classfile/systemDictionary.cpp, line 231]
Event: 2217.426 Thread 0x000001f622937800 Exception <a 'java/lang/ClassNotFoundException'{0x00000000a698aa10}: org/gradle/api/plugins/JavaPluginConventionBeanInfo> (0x00000000a698aa10) thrown at [./src/hotspot/share/classfile/systemDictionary.cpp, line 231]
Event: 2217.429 Thread 0x000001f622937800 Exception <a 'java/lang/ClassNotFoundException'{0x00000000a69cb838}: org/gradle/api/plugins/JavaPluginConventionCustomizer> (0x00000000a69cb838) thrown at [./src/hotspot/share/classfile/systemDictionary.cpp, line 231]
Event: 2217.432 Thread 0x000001f622937800 Exception <a 'java/lang/ClassNotFoundException'{0x00000000a6826c50}: org/gradle/api/plugins/internal/DefaultJavaPluginConventionCustomizer> (0x00000000a6826c50) thrown at [./src/hotspot/share/classfile/systemDictionary.cpp, line 231]
Event: 2243.456 Thread 0x000001f622937800 Exception <a 'java/lang/NoSuchMethodError'{0x00000000a53dfa10}: 'java.lang.Object java.lang.invoke.Invokers$Holder.linkToTargetMethod(java.lang.Object, int, java.lang.Object)'> (0x00000000a53dfa10) thrown at [./src/hotspot/share/interpreter/linkResolver.cpp, line 773]

Events (20 events):
Event: 2258.457 loading class org/gradle/api/tasks/testing/logging/TestExceptionFormat
Event: 2258.457 loading class org/gradle/api/tasks/testing/logging/TestExceptionFormat done
Event: 2259.043 loading class org/gradle/api/internal/tasks/testing/logging/DefaultTestLogging
Event: 2259.043 loading class org/gradle/api/internal/tasks/testing/logging/DefaultTestLogging done
Event: 2259.053 loading class org/gradle/api/internal/tasks/testing/DefaultTestTaskReports
Event: 2259.053 loading class org/gradle/api/internal/tasks/testing/DefaultTestTaskReports done
Event: 2259.054 loading class org/gradle/api/reporting/internal/TaskReportContainer
Event: 2259.054 loading class org/gradle/api/reporting/internal/TaskReportContainer done
Event: 2259.055 loading class org/gradle/api/reporting/internal/DefaultReportContainer
Event: 2259.055 loading class org/gradle/api/reporting/internal/DefaultReportContainer done
Event: 2259.058 loading class org/gradle/api/reporting/ReportContainer$ImmutableViolationException
Event: 2259.058 loading class org/gradle/api/reporting/ReportContainer$ImmutableViolationException done
Event: 2259.060 loading class org/gradle/api/tasks/testing/JUnitXmlReport
Event: 2259.060 loading class org/gradle/api/tasks/testing/JUnitXmlReport done
Event: 2259.068 loading class org/gradle/api/reporting/Report$1
Event: 2259.068 loading class org/gradle/api/reporting/Report$1 done
Event: 2259.069 loading class org/gradle/api/reporting/internal/DefaultReportContainer$1
Event: 2259.069 loading class org/gradle/api/reporting/internal/DefaultReportContainer$1 done
Event: 2259.070 loading class org/gradle/api/internal/DefaultCollectionCallbackActionDecorator$1
Event: 2259.070 loading class org/gradle/api/internal/DefaultCollectionCallbackActionDecorator$1 done


Dynamic libraries:
0x00007ff7e6eb0000 - 0x00007ff7e6eba000 	C:\Program Files\Android\Android Studio\jre\bin\java.exe
0x00007ffbb2d70000 - 0x00007ffbb2f66000 	C:\Windows\SYSTEM32\ntdll.dll
0x00007ffbb1630000 - 0x00007ffbb16ed000 	C:\Windows\System32\KERNEL32.DLL
0x00007ffbb04c0000 - 0x00007ffbb0788000 	C:\Windows\System32\KERNELBASE.dll
0x00007ffbb0a00000 - 0x00007ffbb0b00000 	C:\Windows\System32\ucrtbase.dll
0x00007ffba3480000 - 0x00007ffba3499000 	C:\Program Files\Android\Android Studio\jre\bin\jli.dll
0x00007ffb7f8b0000 - 0x00007ffb7f8c7000 	C:\Program Files\Android\Android Studio\jre\bin\VCRUNTIME140.dll
0x00007ffbb1cb0000 - 0x00007ffbb1e50000 	C:\Windows\System32\USER32.dll
0x00007ffbb0d30000 - 0x00007ffbb0d52000 	C:\Windows\System32\win32u.dll
0x00007ffbb0de0000 - 0x00007ffbb0e0a000 	C:\Windows\System32\GDI32.dll
0x00007ffbb08f0000 - 0x00007ffbb09f9000 	C:\Windows\System32\gdi32full.dll
0x00007ffbb0c40000 - 0x00007ffbb0cdd000 	C:\Windows\System32\msvcp_win.dll
0x00007ffb947a0000 - 0x00007ffb94a3b000 	C:\Windows\WinSxS\amd64_microsoft.windows.common-controls_6595b64144ccf1df_6.0.19041.488_none_ca04af081b815d21\COMCTL32.dll
0x00007ffbb1e50000 - 0x00007ffbb1eee000 	C:\Windows\System32\msvcrt.dll
0x00007ffbb1bf0000 - 0x00007ffbb1c20000 	C:\Windows\System32\IMM32.DLL
0x00007ffb795f0000 - 0x00007ffb7968d000 	C:\Program Files\Android\Android Studio\jre\bin\msvcp140.dll
0x00007ffb570a0000 - 0x00007ffb57ba2000 	C:\Program Files\Android\Android Studio\jre\bin\server\jvm.dll
0x00007ffbb17d0000 - 0x00007ffbb187a000 	C:\Windows\System32\ADVAPI32.dll
0x00007ffbb1460000 - 0x00007ffbb14fb000 	C:\Windows\System32\sechost.dll
0x00007ffbb1ef0000 - 0x00007ffbb2014000 	C:\Windows\System32\RPCRT4.dll
0x00007ffbb0fe0000 - 0x00007ffbb0fe8000 	C:\Windows\System32\PSAPI.DLL
0x00007ffbad6f0000 - 0x00007ffbad6f9000 	C:\Windows\SYSTEM32\WSOCK32.dll
0x00007ffbb1760000 - 0x00007ffbb17cb000 	C:\Windows\System32\WS2_32.dll
0x00007ffb9da40000 - 0x00007ffb9da67000 	C:\Windows\SYSTEM32\WINMM.dll
0x00007ffba63b0000 - 0x00007ffba63ba000 	C:\Windows\SYSTEM32\VERSION.dll
0x00007ffbae410000 - 0x00007ffbae422000 	C:\Windows\SYSTEM32\kernel.appcore.dll
0x00007ffb7efe0000 - 0x00007ffb7eff1000 	C:\Program Files\Android\Android Studio\jre\bin\verify.dll
0x00007ffb94af0000 - 0x00007ffb94cd4000 	C:\Windows\SYSTEM32\DBGHELP.DLL
0x00007ffb94ac0000 - 0x00007ffb94aec000 	C:\Windows\SYSTEM32\dbgcore.DLL
0x00007ffbb0d60000 - 0x00007ffbb0ddf000 	C:\Windows\System32\bcryptPrimitives.dll
0x00007ffb7dcd0000 - 0x00007ffb7dcf9000 	C:\Program Files\Android\Android Studio\jre\bin\java.dll
0x00007ffba3470000 - 0x00007ffba347b000 	C:\Program Files\Android\Android Studio\jre\bin\jimage.dll
0x00007ffb7ed30000 - 0x00007ffb7ed48000 	C:\Program Files\Android\Android Studio\jre\bin\zip.dll
0x00007ffbb2590000 - 0x00007ffbb2cd0000 	C:\Windows\System32\SHELL32.dll
0x00007ffbae610000 - 0x00007ffbaeda4000 	C:\Windows\SYSTEM32\windows.storage.dll
0x00007ffbb21d0000 - 0x00007ffbb2525000 	C:\Windows\System32\combase.dll
0x00007ffbaff30000 - 0x00007ffbaff5c000 	C:\Windows\SYSTEM32\Wldp.dll
0x00007ffbb0e10000 - 0x00007ffbb0ebe000 	C:\Windows\System32\SHCORE.dll
0x00007ffbb1700000 - 0x00007ffbb1755000 	C:\Windows\System32\shlwapi.dll
0x00007ffbb03f0000 - 0x00007ffbb0416000 	C:\Windows\SYSTEM32\profapi.dll
0x00007ffb7e4b0000 - 0x00007ffb7e4ca000 	C:\Program Files\Android\Android Studio\jre\bin\net.dll
0x00007ffba0900000 - 0x00007ffba0a00000 	C:\Windows\SYSTEM32\WINHTTP.dll
0x00007ffbafcb0000 - 0x00007ffbafd1a000 	C:\Windows\system32\mswsock.dll
0x00007ffb7e2a0000 - 0x00007ffb7e2b4000 	C:\Program Files\Android\Android Studio\jre\bin\nio.dll
0x00007ffb7f220000 - 0x00007ffb7f247000 	C:\Users\elaaf\.gradle\native\e1d6ef7f7dcc3fd88c89a11ec53ec762bb8ba0a96d01ffa2cd45eb1d1d8dd5c5\windows-amd64\native-platform.dll
0x00007ffb75780000 - 0x00007ffb758c4000 	C:\Users\elaaf\.gradle\native\0d407fdbe67a94daf76414ababcb853783967236a71b16ec16e742cd7a986fd3\windows-amd64\native-platform-file-events.dll
0x00007ffb8f990000 - 0x00007ffb8f99a000 	C:\Program Files\Android\Android Studio\jre\bin\management.dll
0x00007ffb8f120000 - 0x00007ffb8f12d000 	C:\Program Files\Android\Android Studio\jre\bin\management_ext.dll
0x00007ffbafe80000 - 0x00007ffbafe98000 	C:\Windows\SYSTEM32\CRYPTSP.dll
0x00007ffbaf5d0000 - 0x00007ffbaf604000 	C:\Windows\system32\rsaenh.dll
0x00007ffbb0bb0000 - 0x00007ffbb0bd7000 	C:\Windows\System32\bcrypt.dll
0x00007ffbb0370000 - 0x00007ffbb039e000 	C:\Windows\SYSTEM32\USERENV.dll
0x00007ffbafea0000 - 0x00007ffbafeac000 	C:\Windows\SYSTEM32\CRYPTBASE.dll
0x00007ffbaf950000 - 0x00007ffbaf98b000 	C:\Windows\SYSTEM32\IPHLPAPI.DLL
0x00007ffbb16f0000 - 0x00007ffbb16f9000 	C:\Windows\System32\NSI.dll
0x00007ffba5ec0000 - 0x00007ffba5ed7000 	C:\Windows\SYSTEM32\dhcpcsvc6.DLL
0x00007ffba7410000 - 0x00007ffba742d000 	C:\Windows\SYSTEM32\dhcpcsvc.DLL
0x00007ffbaf9a0000 - 0x00007ffbafa6b000 	C:\Windows\SYSTEM32\DNSAPI.dll

dbghelp: loaded successfully - version: 4.0.5 - missing functions: none
symbol engine: initialized successfully - sym options: 0x614 - pdb path: .;C:\Program Files\Android\Android Studio\jre\bin;C:\Windows\SYSTEM32;C:\Windows\WinSxS\amd64_microsoft.windows.common-controls_6595b64144ccf1df_6.0.19041.488_none_ca04af081b815d21;C:\Program Files\Android\Android Studio\jre\bin\server;C:\Users\elaaf\.gradle\native\e1d6ef7f7dcc3fd88c89a11ec53ec762bb8ba0a96d01ffa2cd45eb1d1d8dd5c5\windows-amd64;C:\Users\elaaf\.gradle\native\0d407fdbe67a94daf76414ababcb853783967236a71b16ec16e742cd7a986fd3\windows-amd64

VM Arguments:
jvm_args: --add-opens=java.base/java.util=ALL-UNNAMED --add-opens=java.base/java.lang=ALL-UNNAMED --add-opens=java.base/java.lang.invoke=ALL-UNNAMED --add-opens=java.base/java.util=ALL-UNNAMED --add-opens=java.prefs/java.util.prefs=ALL-UNNAMED --add-opens=java.prefs/java.util.prefs=ALL-UNNAMED --add-opens=java.base/java.nio.charset=ALL-UNNAMED --add-opens=java.base/java.net=ALL-UNNAMED --add-opens=java.base/java.util.concurrent.atomic=ALL-UNNAMED -Xmx1536M -Dfile.encoding=windows-1256 -Duser.country=US -Duser.language=en -Duser.variant 
java_command: org.gradle.launcher.daemon.bootstrap.GradleDaemon 7.5
java_class_path (initial): C:\Users\elaaf\.gradle\wrapper\dists\gradle-7.5-all\6qsw290k5lz422uaf8jf6m7co\gradle-7.5\lib\gradle-launcher-7.5.jar
Launcher Type: SUN_STANDARD

[Global flags]
     intx CICompilerCount                          = 3                                         {product} {ergonomic}
     uint ConcGCThreads                            = 1                                         {product} {ergonomic}
     uint G1ConcRefinementThreads                  = 4                                         {product} {ergonomic}
   size_t G1HeapRegionSize                         = 1048576                                   {product} {ergonomic}
    uintx GCDrainStackTargetSize                   = 64                                        {product} {ergonomic}
   size_t InitialHeapSize                          = 134217728                                 {product} {ergonomic}
   size_t MarkStackSize                            = 4194304                                   {product} {ergonomic}
   size_t MaxHeapSize                              = 1610612736                                {product} {command line}
   size_t MaxNewSize                               = 965738496                                 {product} {ergonomic}
   size_t MinHeapDeltaBytes                        = 1048576                                   {product} {ergonomic}
    uintx NonNMethodCodeHeapSize                   = 5830732                                {pd product} {ergonomic}
    uintx NonProfiledCodeHeapSize                  = 122913754                              {pd product} {ergonomic}
    uintx ProfiledCodeHeapSize                     = 122913754                              {pd product} {ergonomic}
    uintx ReservedCodeCacheSize                    = 251658240                              {pd product} {ergonomic}
     bool SegmentedCodeCache                       = true                                      {product} {ergonomic}
     bool UseCompressedClassPointers               = true                                 {lp64_product} {ergonomic}
     bool UseCompressedOops                        = true                                 {lp64_product} {ergonomic}
     bool UseG1GC                                  = true                                      {product} {ergonomic}
     bool UseLargePagesIndividualAllocation        = false                                  {pd product} {ergonomic}

Logging:
Log output configuration:
 #0: stdout all=warning uptime,level,tags
 #1: stderr all=off uptime,level,tags

Environment Variables:
JAVA_HOME=C:\Program Files\Android\Android Studio\jre
CLASSPATH=E:\sham_prize\android\\gradle\wrapper\gradle-wrapper.jar
PATH=C:\Program Files\Android\Android Studio\jre\bin;C:\oraclexe\app\oracle\product\11.2.0\server\bin;C:\Program Files (x86)\VMware\VMware Workstation\bin\;C:\Program Files (x86)\Common Files\Oracle\Java\javapath;C:\Windows\system32;C:\Windows;C:\Windows\System32\Wbem;C:\Windows\System32\WindowsPowerShell\v1.0\;C:\Windows\System32\OpenSSH\;C:\Program Files\Git\cmd;C:\Program Files\dotnet\;C:\xampp\php;C:\Chrone;C:\Program Files (x86)\Microsoft Emulator Manager\1.0\;C:\Program Files\nodejs\;E:\App;C:\Program Files (x86)\Microsoft SQL Server\150\DTS\Binn\;C:\Program Files\Azure Data Studio\bin;C:\Program Files\Microsoft SQL Server\Client SDK\ODBC\170\Tools\Binn\;C:\Program Files (x86)\Microsoft SQL Server\150\Tools\Binn\;C:\Program Files\Microsoft SQL Server\150\Tools\Binn\;C:\Program Files\Microsoft SQL Server\150\DTS\Binn\;D:\apache-maven-3.9.6\bin;C:\ProgramData\anaconda3\Lib\site-packages\jupyter.py;C:\Users\elaaf\miniconda3;C:\Users\elaaf\miniconda3\Library\mingw-w64\bin;C:\Users\elaaf\miniconda3\Library\usr\bin;C:\Users\elaaf\miniconda3\Library\bin;C:\Users\elaaf\miniconda3\Scripts;C:\Users\elaaf\AppData\Local\Programs\Python\Python312\Scripts\;C:\Users\elaaf\AppData\Local\Programs\Python\Python312\;C:\Users\elaaf\AppData\Local\Programs\Python\Launcher\;C:\Users\elaaf\AppData\Local\Microsoft\WindowsApps;C:\Users\elaaf\AppData\Local\Programs\Microsoft VS Code\bin;D:\flutter\src\flutter\bin;C:\Program Files\Java\jdk1.8.0_241\bin;C:\Users\elaaf\AppData\Local\Android\Sdk\platform-tools;C:\Users\elaaf\AppData\Local\Android\Sdk\tools;C:\Users\elaaf\AppData\Local\Android\Sdk\build-tools\30.0.3\lib;C:\Program Files\Android\Android Studio1;C:\Program Files\Android\Android Studio1\bin;C:\Program Files\Android\Android Studio1\jre;E:\IntelliJ IDEA Community Edition 2022.2.3\bin;;C:\Users\elaaf\AppData\Roaming\Composer\vendor\bin;C:\Program Files\heroku\bin;C:\Users\elaaf\AppData\Roaming\npm;C:\Program Files\Azure Data Studio\bin;D:\apache-maven-3.9.6\bin;;C:\Program Files\JetB
USERNAME=elaaf
OS=Windows_NT
PROCESSOR_IDENTIFIER=Intel64 Family 6 Model 60 Stepping 3, GenuineIntel



---------------  S Y S T E M  ---------------

OS: Windows 10 , 64 bit Build 19041 (10.0.19041.546)
OS uptime: 6 days 20:40 hours

CPU:total 4 (initial active 4) (2 cores per cpu, 2 threads per core) family 6 model 60 stepping 3 microcode 0x27, cmov, cx8, fxsr, mmx, sse, sse2, sse3, ssse3, sse4.1, sse4.2, popcnt, avx, avx2, aes, clmul, erms, lzcnt, ht, tsc, tscinvbit, bmi1, bmi2, fma

Memory: 4k page, system-wide physical 8097M (179M free)
TotalPageFile size 26847M (AvailPageFile size 161M)
current process WorkingSet (physical memory assigned to process): 260M, peak: 260M
current process commit charge ("private bytes"): 339M, peak: 339M

vm_info: OpenJDK 64-Bit Server VM (11.0.13+0-b1751.21-8125866) for windows-amd64 JRE (11.0.13+0-b1751.21-8125866), built on Feb  2 2022 03:00:22 by "builder" with MS VC++ 14.0 (VS2015)

END.
