#
# There is insufficient memory for the Java Runtime Environment to continue.
# Native memory allocation (malloc) failed to allocate 65552 bytes for Chunk::new
# Possible reasons:
#   The system is out of physical RAM or swap space
#   The process is running with CompressedOops enabled, and the Java Heap may be blocking the growth of the native heap
# Possible solutions:
#   Reduce memory load on the system
#   Increase physical memory or swap space
#   Check if swap backing store is full
#   Decrease Java heap size (-Xmx/-Xms)
#   Decrease number of Java threads
#   Decrease Java thread stack sizes (-Xss)
#   Set larger code cache with -XX:ReservedCodeCacheSize=
#   JVM is running with Unscaled Compressed Oops mode in which the Java heap is
#     placed in the first 4GB address space. The Java Heap base address is the
#     maximum limit for the native heap growth. Please use -XX:HeapBaseMinAddress
#     to set the Java Heap base and to place the Java Heap above 4GB virtual address.
# This output file may be truncated or incomplete.
#
#  Out of Memory Error (./src/hotspot/share/memory/arena.cpp:197), pid=18812, tid=18076
#
# JRE version: OpenJDK Runtime Environment (11.0.13) (build 11.0.13+0-b1751.21-8125866)
# Java VM: OpenJDK 64-Bit Server VM (11.0.13+0-b1751.21-8125866, mixed mode, tiered, compressed oops, g1 gc, windows-amd64)
# No core dump will be written. Minidumps are not enabled by default on client versions of Windows
#

---------------  S U M M A R Y ------------

Command Line: --add-opens=java.base/java.util=ALL-UNNAMED --add-opens=java.base/java.lang=ALL-UNNAMED --add-opens=java.base/java.lang.invoke=ALL-UNNAMED --add-opens=java.base/java.util=ALL-UNNAMED --add-opens=java.prefs/java.util.prefs=ALL-UNNAMED --add-opens=java.prefs/java.util.prefs=ALL-UNNAMED --add-opens=java.base/java.nio.charset=ALL-UNNAMED --add-opens=java.base/java.net=ALL-UNNAMED --add-opens=java.base/java.util.concurrent.atomic=ALL-UNNAMED -Xmx1536M -Dfile.encoding=windows-1256 -Duser.country=US -Duser.language=en -Duser.variant org.gradle.launcher.daemon.bootstrap.GradleDaemon 7.5

Host: Intel(R) Core(TM) i5-4310M CPU @ 2.70GHz, 4 cores, 7G,  Windows 10 , 64 bit Build 19041 (10.0.19041.546)
Time: Wed Apr 24 22:08:20 2024 Turkey Standard Time elapsed time: 2435.079908 seconds (0d 0h 40m 35s)

---------------  T H R E A D  ---------------

Current thread (0x000001fe1b9c3000):  JavaThread "C2 CompilerThread0" daemon [_thread_in_native, id=18076, stack(0x000000f193100000,0x000000f193200000)]


Current CompileTask:
C2:2435080 7348 %     4       org.gradle.internal.instantiation.generator.AbstractClassGenerator::inspectType @ 207 (560 bytes)

Stack: [0x000000f193100000,0x000000f193200000]
Native frames: (J=compiled Java code, j=interpreted, Vv=VM code, C=native code)
V  [jvm.dll+0x6100fa]
V  [jvm.dll+0x747090]
V  [jvm.dll+0x7486ad]
V  [jvm.dll+0x748d83]
V  [jvm.dll+0x24ab48]
V  [jvm.dll+0xc04dc]
V  [jvm.dll+0xc0a0c]
V  [jvm.dll+0xc060c]
V  [jvm.dll+0x5eed90]
V  [jvm.dll+0x51247e]
V  [jvm.dll+0x5118f5]
V  [jvm.dll+0x511711]
V  [jvm.dll+0x514540]
V  [jvm.dll+0x51419b]
V  [jvm.dll+0x51396f]
V  [jvm.dll+0x513983]
V  [jvm.dll+0x524796]
V  [jvm.dll+0x20491a]
V  [jvm.dll+0x2023c2]
V  [jvm.dll+0x188e01]
V  [jvm.dll+0x21106b]
V  [jvm.dll+0x20f8c1]
V  [jvm.dll+0x70de0f]
V  [jvm.dll+0x706a75]
V  [jvm.dll+0x60ed66]
C  [ucrtbase.dll+0x214c2]
C  [KERNEL32.DLL+0x17034]
C  [ntdll.dll+0x4cec1]


---------------  P R O C E S S  ---------------

Threads class SMR info:
_java_thread_list=0x000001fe20a2c330, length=81, elements={
0x000001fe01151800, 0x000001fe1b99f000, 0x000001fe1b9a0800, 0x000001fe1b9bc800,
0x000001fe1b9bd800, 0x000001fe1b9bf000, 0x000001fe1b9c3000, 0x000001fe1b9c8800,
0x000001fe1b9cd800, 0x000001fe1c4c1000, 0x000001fe1e4f9800, 0x000001fe1d49c800,
0x000001fe1d617800, 0x000001fe1d647800, 0x000001fe1d46c800, 0x000001fe1e3f1000,
0x000001fe1c8f6000, 0x000001fe1c8f0000, 0x000001fe1cc91800, 0x000001fe1e11c800,
0x000001fe1e359800, 0x000001fe1e35b000, 0x000001fe1e35a000, 0x000001fe1e35e000,
0x000001fe1e360000, 0x000001fe1e35b800, 0x000001fe1e35d800, 0x000001fe1e35f000,
0x000001fe1e33c800, 0x000001fe1e33b000, 0x000001fe1e33c000, 0x000001fe1e33e800,
0x000001fe1e340000, 0x000001fe1e33a800, 0x000001fe1e343800, 0x000001fe1e344000,
0x000001fe1e345000, 0x000001fe1e345800, 0x000001fe1e341800, 0x000001fe1e346800,
0x000001fe1e341000, 0x000001fe1e347800, 0x000001fe1e348000, 0x000001fe1e342800,
0x000001fe1e349000, 0x000001fe1e35c800, 0x000001fe1e214800, 0x000001fe1e212800,
0x000001fe1e215000, 0x000001fe1e217000, 0x000001fe1e216000, 0x000001fe1e217800,
0x000001fe1e218800, 0x000001fe1e219000, 0x000001fe1e213800, 0x000001fe1e21a000,
0x000001fe1e21b800, 0x000001fe1e21b000, 0x000001fe1e21e000, 0x000001fe1e21c800,
0x000001fe1e221800, 0x000001fe1e220800, 0x000001fe1e21f000, 0x000001fe1e21d800,
0x000001fe1e21f800, 0x000001fe1e97e000, 0x000001fe1e97f000, 0x000001fe1e979000,
0x000001fe1e97f800, 0x000001fe1e97b800, 0x000001fe1e97c800, 0x000001fe1e97a000,
0x000001fe1e980800, 0x000001fe1e97a800, 0x000001fe1e981800, 0x000001fe1e983000,
0x000001fe1e982000, 0x000001fe1e97d000, 0x000001fe1e983800, 0x000001fe1e984800,
0x000001fe1e985800
}

Java Threads: ( => current thread )
  0x000001fe01151800 JavaThread "main" [_thread_blocked, id=7428, stack(0x000000f192500000,0x000000f192600000)]
  0x000001fe1b99f000 JavaThread "Reference Handler" daemon [_thread_blocked, id=9032, stack(0x000000f192c00000,0x000000f192d00000)]
  0x000001fe1b9a0800 JavaThread "Finalizer" daemon [_thread_blocked, id=18316, stack(0x000000f192d00000,0x000000f192e00000)]
  0x000001fe1b9bc800 JavaThread "Signal Dispatcher" daemon [_thread_blocked, id=13564, stack(0x000000f192e00000,0x000000f192f00000)]
  0x000001fe1b9bd800 JavaThread "Attach Listener" daemon [_thread_blocked, id=15528, stack(0x000000f192f00000,0x000000f193000000)]
  0x000001fe1b9bf000 JavaThread "Service Thread" daemon [_thread_blocked, id=16164, stack(0x000000f193000000,0x000000f193100000)]
=>0x000001fe1b9c3000 JavaThread "C2 CompilerThread0" daemon [_thread_in_native, id=18076, stack(0x000000f193100000,0x000000f193200000)]
  0x000001fe1b9c8800 JavaThread "C1 CompilerThread0" daemon [_thread_blocked, id=15640, stack(0x000000f193200000,0x000000f193300000)]
  0x000001fe1b9cd800 JavaThread "Sweeper thread" daemon [_thread_blocked, id=3312, stack(0x000000f193300000,0x000000f193400000)]
  0x000001fe1c4c1000 JavaThread "Common-Cleaner" daemon [_thread_blocked, id=7400, stack(0x000000f193400000,0x000000f193500000)]
  0x000001fe1e4f9800 JavaThread "Daemon health stats" [_thread_blocked, id=10924, stack(0x000000f192200000,0x000000f192300000)]
  0x000001fe1d49c800 JavaThread "Incoming local TCP Connector on port 56776" [_thread_in_native, id=20392, stack(0x000000f193900000,0x000000f193a00000)]
  0x000001fe1d617800 JavaThread "Daemon periodic checks" [_thread_blocked, id=19948, stack(0x000000f193c00000,0x000000f193d00000)]
  0x000001fe1d647800 JavaThread "Daemon" [_thread_blocked, id=18460, stack(0x000000f192300000,0x000000f192400000)]
  0x000001fe1d46c800 JavaThread "Handler for socket connection from /127.0.0.1:56776 to /127.0.0.1:56782" [_thread_in_native, id=12560, stack(0x000000f193d00000,0x000000f193e00000)]
  0x000001fe1e3f1000 JavaThread "Cancel handler" [_thread_blocked, id=15124, stack(0x000000f193e00000,0x000000f193f00000)]
  0x000001fe1c8f6000 JavaThread "Daemon worker" [_thread_blocked, id=8780, stack(0x000000f193f00000,0x000000f194000000)]
  0x000001fe1c8f0000 JavaThread "Asynchronous log dispatcher for DefaultDaemonConnection: socket connection from /127.0.0.1:56776 to /127.0.0.1:56782" [_thread_blocked, id=19800, stack(0x000000f194000000,0x000000f194100000)]
  0x000001fe1cc91800 JavaThread "Stdin handler" [_thread_blocked, id=14232, stack(0x000000f194100000,0x000000f194200000)]
  0x000001fe1e11c800 JavaThread "Daemon client event forwarder" [_thread_blocked, id=19876, stack(0x000000f194200000,0x000000f194300000)]
  0x000001fe1e359800 JavaThread "Cache worker for journal cache (C:\Users\elaaf\.gradle\caches\journal-1)" [_thread_blocked, id=4616, stack(0x000000f192400000,0x000000f192500000)]
  0x000001fe1e35b000 JavaThread "File lock request listener" [_thread_in_native, id=5128, stack(0x000000f193800000,0x000000f193900000)]
  0x000001fe1e35a000 JavaThread "Cache worker for file hash cache (C:\Users\elaaf\.gradle\caches\7.5\fileHashes)" [_thread_blocked, id=10840, stack(0x000000f194300000,0x000000f194400000)]
  0x000001fe1e35e000 JavaThread "File watcher server" daemon [_thread_in_native, id=11152, stack(0x000000f194400000,0x000000f194500000)]
  0x000001fe1e360000 JavaThread "File watcher consumer" daemon [_thread_blocked, id=20172, stack(0x000000f194500000,0x000000f194600000)]
  0x000001fe1e35b800 JavaThread "Cache worker for checksums cache (E:\sham_prize\android\.gradle\7.5\checksums)" [_thread_blocked, id=20144, stack(0x000000f194600000,0x000000f194700000)]
  0x000001fe1e35d800 JavaThread "Cache worker for cache directory md-rule (C:\Users\elaaf\.gradle\caches\7.5\md-rule)" [_thread_blocked, id=19700, stack(0x000000f194800000,0x000000f194900000)]
  0x000001fe1e35f000 JavaThread "Cache worker for file content cache (C:\Users\elaaf\.gradle\caches\7.5\fileContent)" [_thread_blocked, id=20884, stack(0x000000f194900000,0x000000f194a00000)]
  0x000001fe1e33c800 JavaThread "Cache worker for file hash cache (E:\sham_prize\android\.gradle\7.5\fileHashes)" [_thread_blocked, id=20260, stack(0x000000f194a00000,0x000000f194b00000)]
  0x000001fe1e33b000 JavaThread "Cache worker for cache directory md-supplier (C:\Users\elaaf\.gradle\caches\7.5\md-supplier)" [_thread_blocked, id=20840, stack(0x000000f194b00000,0x000000f194c00000)]
  0x000001fe1e33c000 JavaThread "Cache worker for execution history cache (C:\Users\elaaf\.gradle\caches\7.5\executionHistory)" [_thread_blocked, id=8540, stack(0x000000f194c00000,0x000000f194d00000)]
  0x000001fe1e33e800 JavaThread "jar transforms" [_thread_blocked, id=14492, stack(0x000000f194d00000,0x000000f194e00000)]
  0x000001fe1e340000 JavaThread "jar transforms Thread 2" [_thread_blocked, id=17740, stack(0x000000f194e00000,0x000000f194f00000)]
  0x000001fe1e33a800 JavaThread "jar transforms Thread 3" [_thread_blocked, id=13740, stack(0x000000f194f00000,0x000000f195000000)]
  0x000001fe1e343800 JavaThread "jar transforms Thread 4" [_thread_blocked, id=7384, stack(0x000000f195000000,0x000000f195100000)]
  0x000001fe1e344000 JavaThread "Cache worker for dependencies-accessors (E:\sham_prize\android\.gradle\7.5\dependencies-accessors)" [_thread_blocked, id=22092, stack(0x000000f195100000,0x000000f195200000)]
  0x000001fe1e345000 JavaThread "Cache worker for Build Output Cleanup Cache (E:\sham_prize\android\.gradle\buildOutputCleanup)" [_thread_blocked, id=22004, stack(0x000000f195200000,0x000000f195300000)]
  0x000001fe1e345800 JavaThread "Unconstrained build operations" [_thread_blocked, id=21716, stack(0x000000f195300000,0x000000f195400000)]
  0x000001fe1e341800 JavaThread "Unconstrained build operations Thread 2" [_thread_blocked, id=20748, stack(0x000000f195400000,0x000000f195500000)]
  0x000001fe1e346800 JavaThread "Unconstrained build operations Thread 3" [_thread_blocked, id=21000, stack(0x000000f195500000,0x000000f195600000)]
  0x000001fe1e341000 JavaThread "Unconstrained build operations Thread 4" [_thread_blocked, id=13804, stack(0x000000f195600000,0x000000f195700000)]
  0x000001fe1e347800 JavaThread "Unconstrained build operations Thread 5" [_thread_blocked, id=20728, stack(0x000000f195700000,0x000000f195800000)]
  0x000001fe1e348000 JavaThread "Unconstrained build operations Thread 6" [_thread_blocked, id=23528, stack(0x000000f195800000,0x000000f195900000)]
  0x000001fe1e342800 JavaThread "Unconstrained build operations Thread 7" [_thread_blocked, id=21968, stack(0x000000f195900000,0x000000f195a00000)]
  0x000001fe1e349000 JavaThread "Unconstrained build operations Thread 8" [_thread_blocked, id=23524, stack(0x000000f195a00000,0x000000f195b00000)]
  0x000001fe1e35c800 JavaThread "Unconstrained build operations Thread 9" [_thread_blocked, id=23456, stack(0x000000f195b00000,0x000000f195c00000)]
  0x000001fe1e214800 JavaThread "Unconstrained build operations Thread 10" [_thread_blocked, id=7088, stack(0x000000f195c00000,0x000000f195d00000)]
  0x000001fe1e212800 JavaThread "Unconstrained build operations Thread 11" [_thread_blocked, id=21444, stack(0x000000f195d00000,0x000000f195e00000)]
  0x000001fe1e215000 JavaThread "Unconstrained build operations Thread 12" [_thread_blocked, id=11248, stack(0x000000f195e00000,0x000000f195f00000)]
  0x000001fe1e217000 JavaThread "Unconstrained build operations Thread 13" [_thread_blocked, id=10796, stack(0x000000f195f00000,0x000000f196000000)]
  0x000001fe1e216000 JavaThread "Unconstrained build operations Thread 14" [_thread_blocked, id=16324, stack(0x000000f196000000,0x000000f196100000)]
  0x000001fe1e217800 JavaThread "Unconstrained build operations Thread 15" [_thread_blocked, id=20340, stack(0x000000f196100000,0x000000f196200000)]
  0x000001fe1e218800 JavaThread "Unconstrained build operations Thread 16" [_thread_blocked, id=11364, stack(0x000000f196200000,0x000000f196300000)]
  0x000001fe1e219000 JavaThread "Unconstrained build operations Thread 17" [_thread_blocked, id=5496, stack(0x000000f196300000,0x000000f196400000)]
  0x000001fe1e213800 JavaThread "Unconstrained build operations Thread 18" [_thread_blocked, id=10584, stack(0x000000f196400000,0x000000f196500000)]
  0x000001fe1e21a000 JavaThread "Unconstrained build operations Thread 19" [_thread_blocked, id=23276, stack(0x000000f196500000,0x000000f196600000)]
  0x000001fe1e21b800 JavaThread "Unconstrained build operations Thread 20" [_thread_blocked, id=18828, stack(0x000000f196600000,0x000000f196700000)]
  0x000001fe1e21b000 JavaThread "Unconstrained build operations Thread 21" [_thread_blocked, id=20816, stack(0x000000f196700000,0x000000f196800000)]
  0x000001fe1e21e000 JavaThread "Unconstrained build operations Thread 22" [_thread_blocked, id=3280, stack(0x000000f196800000,0x000000f196900000)]
  0x000001fe1e21c800 JavaThread "Unconstrained build operations Thread 23" [_thread_blocked, id=11712, stack(0x000000f196900000,0x000000f196a00000)]
  0x000001fe1e221800 JavaThread "Unconstrained build operations Thread 24" [_thread_blocked, id=23496, stack(0x000000f196a00000,0x000000f196b00000)]
  0x000001fe1e220800 JavaThread "Unconstrained build operations Thread 25" [_thread_blocked, id=20640, stack(0x000000f196b00000,0x000000f196c00000)]
  0x000001fe1e21f000 JavaThread "Unconstrained build operations Thread 26" [_thread_blocked, id=9844, stack(0x000000f196c00000,0x000000f196d00000)]
  0x000001fe1e21d800 JavaThread "Unconstrained build operations Thread 27" [_thread_blocked, id=23216, stack(0x000000f196d00000,0x000000f196e00000)]
  0x000001fe1e21f800 JavaThread "Unconstrained build operations Thread 28" [_thread_blocked, id=21532, stack(0x000000f196e00000,0x000000f196f00000)]
  0x000001fe1e97e000 JavaThread "Unconstrained build operations Thread 29" [_thread_blocked, id=20556, stack(0x000000f196f00000,0x000000f197000000)]
  0x000001fe1e97f000 JavaThread "Unconstrained build operations Thread 30" [_thread_blocked, id=15924, stack(0x000000f197000000,0x000000f197100000)]
  0x000001fe1e979000 JavaThread "Unconstrained build operations Thread 31" [_thread_blocked, id=10220, stack(0x000000f197100000,0x000000f197200000)]
  0x000001fe1e97f800 JavaThread "Unconstrained build operations Thread 32" [_thread_blocked, id=22124, stack(0x000000f197200000,0x000000f197300000)]
  0x000001fe1e97b800 JavaThread "Unconstrained build operations Thread 33" [_thread_blocked, id=21420, stack(0x000000f197300000,0x000000f197400000)]
  0x000001fe1e97c800 JavaThread "Unconstrained build operations Thread 34" [_thread_blocked, id=21056, stack(0x000000f197400000,0x000000f197500000)]
  0x000001fe1e97a000 JavaThread "Unconstrained build operations Thread 35" [_thread_blocked, id=18260, stack(0x000000f197500000,0x000000f197600000)]
  0x000001fe1e980800 JavaThread "Unconstrained build operations Thread 36" [_thread_blocked, id=21284, stack(0x000000f197600000,0x000000f197700000)]
  0x000001fe1e97a800 JavaThread "Unconstrained build operations Thread 37" [_thread_blocked, id=23168, stack(0x000000f197700000,0x000000f197800000)]
  0x000001fe1e981800 JavaThread "Unconstrained build operations Thread 38" [_thread_blocked, id=22776, stack(0x000000f197800000,0x000000f197900000)]
  0x000001fe1e983000 JavaThread "Unconstrained build operations Thread 39" [_thread_blocked, id=10848, stack(0x000000f197900000,0x000000f197a00000)]
  0x000001fe1e982000 JavaThread "Unconstrained build operations Thread 40" [_thread_blocked, id=10116, stack(0x000000f197a00000,0x000000f197b00000)]
  0x000001fe1e97d000 JavaThread "Cache worker for kotlin-dsl (C:\Users\elaaf\.gradle\caches\7.5\kotlin-dsl)" [_thread_blocked, id=2040, stack(0x000000f194700000,0x000000f194800000)]
  0x000001fe1e983800 JavaThread "File lock release action executor Thread 6" [_thread_blocked, id=22684, stack(0x000000f197b00000,0x000000f197c00000)]
  0x000001fe1e984800 JavaThread "Cache worker for Build Output Cleanup Cache (D:\flutter\src\flutter\packages\flutter_tools\gradle\.gradle\buildOutputCleanup)" [_thread_blocked, id=21272, stack(0x000000f197c00000,0x000000f197d00000)]
  0x000001fe1e985800 JavaThread "Memory manager" [_thread_blocked, id=14924, stack(0x000000f197d00000,0x000000f197e00000)]

Other Threads:
  0x000001fe1b978800 VMThread "VM Thread" [stack: 0x000000f192b00000,0x000000f192c00000] [id=11444]
  0x000001fe1c4de000 WatcherThread [stack: 0x000000f193500000,0x000000f193600000] [id=12952]
  0x000001fe0116b000 GCTaskThread "GC Thread#0" [stack: 0x000000f192600000,0x000000f192700000] [id=11600]
  0x000001fe1ca00000 GCTaskThread "GC Thread#1" [stack: 0x000000f193600000,0x000000f193700000] [id=6464]
  0x000001fe1c71e800 GCTaskThread "GC Thread#2" [stack: 0x000000f193700000,0x000000f193800000] [id=10364]
  0x000001fe1d2b6000 GCTaskThread "GC Thread#3" [stack: 0x000000f193a00000,0x000000f193b00000] [id=13716]
  0x000001fe0118f800 ConcurrentGCThread "G1 Main Marker" [stack: 0x000000f192700000,0x000000f192800000] [id=13780]
  0x000001fe01191000 ConcurrentGCThread "G1 Conc#0" [stack: 0x000000f192800000,0x000000f192900000] [id=9644]
  0x000001fe01220000 ConcurrentGCThread "G1 Refine#0" [stack: 0x000000f192900000,0x000000f192a00000] [id=15400]
  0x000001fe1d25d000 ConcurrentGCThread "G1 Refine#1" [stack: 0x000000f193b00000,0x000000f193c00000] [id=17256]
  0x000001fe01221000 ConcurrentGCThread "G1 Young RemSet Sampling" [stack: 0x000000f192a00000,0x000000f192b00000] [id=12412]

Threads with active compile tasks:
C2 CompilerThread02445985 7348 %     4       org.gradle.internal.instantiation.generator.AbstractClassGenerator::inspectType @ 207 (560 bytes)

VM state:at safepoint (normal execution)

VM Mutex/Monitor currently owned by a thread:  ([mutex/lock_event])
[0x000001fe0114dd60] Threads_lock - owner thread: 0x000001fe1b978800
[0x000001fe0114e420] Heap_lock - owner thread: 0x000001fe1c8f6000

Heap address: 0x00000000a0000000, size: 1536 MB, Compressed Oops mode: 32-bit
Narrow klass base: 0x0000000000000000, Narrow klass shift: 3
Compressed class space size: 1073741824 Address: 0x0000000100000000

Heap:
 garbage-first heap   total 209920K, used 53936K [0x00000000a0000000, 0x0000000100000000)
  region size 1024K, 2 young (2048K), 2 survivors (2048K)
 Metaspace       used 61304K, capacity 63341K, committed 63408K, reserved 1103872K
  class space    used 7929K, capacity 8666K, committed 8704K, reserved 1048576K
Heap Regions: E=young(eden), S=young(survivor), O=old, HS=humongous(starts), HC=humongous(continues), CS=collection set, F=free, A=archive, TAMS=top-at-mark-start (previous, next)
|   0|0x00000000a0000000, 0x00000000a0100000, 0x00000000a0100000|100%|HS|  |TAMS 0x00000000a0100000, 0x00000000a0000000| Complete 
|   1|0x00000000a0100000, 0x00000000a0200000, 0x00000000a0200000|100%|HC|  |TAMS 0x00000000a0200000, 0x00000000a0100000| Complete 
|   2|0x00000000a0200000, 0x00000000a0300000, 0x00000000a0300000|100%|HC|  |TAMS 0x00000000a0300000, 0x00000000a0200000| Complete 
|   3|0x00000000a0300000, 0x00000000a0400000, 0x00000000a0400000|100%| O|  |TAMS 0x00000000a0400000, 0x00000000a0300000| Untracked 
|   4|0x00000000a0400000, 0x00000000a0500000, 0x00000000a0500000|100%| O|  |TAMS 0x00000000a0500000, 0x00000000a0400000| Untracked 
|   5|0x00000000a0500000, 0x00000000a0600000, 0x00000000a0600000|100%| O|  |TAMS 0x00000000a0600000, 0x00000000a0500000| Untracked 
|   6|0x00000000a0600000, 0x00000000a0700000, 0x00000000a0700000|100%| O|  |TAMS 0x00000000a0700000, 0x00000000a0600000| Untracked 
|   7|0x00000000a0700000, 0x00000000a0800000, 0x00000000a0800000|100%| O|  |TAMS 0x00000000a0800000, 0x00000000a0700000| Untracked 
|   8|0x00000000a0800000, 0x00000000a0900000, 0x00000000a0900000|100%| O|  |TAMS 0x00000000a0900000, 0x00000000a0800000| Untracked 
|   9|0x00000000a0900000, 0x00000000a0a00000, 0x00000000a0a00000|100%| O|  |TAMS 0x00000000a0a00000, 0x00000000a0900000| Untracked 
|  10|0x00000000a0a00000, 0x00000000a0b00000, 0x00000000a0b00000|100%| O|  |TAMS 0x00000000a0b00000, 0x00000000a0a00000| Untracked 
|  11|0x00000000a0b00000, 0x00000000a0c00000, 0x00000000a0c00000|100%| O|  |TAMS 0x00000000a0c00000, 0x00000000a0b00000| Untracked 
|  12|0x00000000a0c00000, 0x00000000a0d00000, 0x00000000a0d00000|100%| O|  |TAMS 0x00000000a0d00000, 0x00000000a0c00000| Untracked 
|  13|0x00000000a0d00000, 0x00000000a0e00000, 0x00000000a0e00000|100%| O|  |TAMS 0x00000000a0e00000, 0x00000000a0d00000| Untracked 
|  14|0x00000000a0e00000, 0x00000000a0f00000, 0x00000000a0f00000|100%| O|  |TAMS 0x00000000a0f00000, 0x00000000a0e00000| Untracked 
|  15|0x00000000a0f00000, 0x00000000a1000000, 0x00000000a1000000|100%| O|  |TAMS 0x00000000a1000000, 0x00000000a0f00000| Untracked 
|  16|0x00000000a1000000, 0x00000000a1100000, 0x00000000a1100000|100%| O|  |TAMS 0x00000000a1100000, 0x00000000a1000000| Untracked 
|  17|0x00000000a1100000, 0x00000000a1200000, 0x00000000a1200000|100%| O|  |TAMS 0x00000000a1200000, 0x00000000a1100000| Untracked 
|  18|0x00000000a1200000, 0x00000000a1300000, 0x00000000a1300000|100%| O|  |TAMS 0x00000000a1300000, 0x00000000a1200000| Untracked 
|  19|0x00000000a1300000, 0x00000000a1400000, 0x00000000a1400000|100%| O|  |TAMS 0x00000000a1400000, 0x00000000a1300000| Untracked 
|  20|0x00000000a1400000, 0x00000000a1500000, 0x00000000a1500000|100%| O|  |TAMS 0x00000000a1476000, 0x00000000a1400000| Untracked 
|  21|0x00000000a1500000, 0x00000000a1600000, 0x00000000a1600000|100%| O|  |TAMS 0x00000000a1500000, 0x00000000a1500000| Untracked 
|  22|0x00000000a1600000, 0x00000000a1700000, 0x00000000a1700000|100%| O|  |TAMS 0x00000000a1600000, 0x00000000a1600000| Untracked 
|  23|0x00000000a1700000, 0x00000000a1800000, 0x00000000a1800000|100%| O|  |TAMS 0x00000000a1700000, 0x00000000a1700000| Untracked 
|  24|0x00000000a1800000, 0x00000000a1900000, 0x00000000a1900000|100%| O|  |TAMS 0x00000000a1800000, 0x00000000a1800000| Untracked 
|  25|0x00000000a1900000, 0x00000000a1a00000, 0x00000000a1a00000|100%| O|  |TAMS 0x00000000a1900000, 0x00000000a1900000| Untracked 
|  26|0x00000000a1a00000, 0x00000000a1b00000, 0x00000000a1b00000|100%| O|  |TAMS 0x00000000a1a00000, 0x00000000a1a00000| Untracked 
|  27|0x00000000a1b00000, 0x00000000a1c00000, 0x00000000a1c00000|100%| O|  |TAMS 0x00000000a1b00000, 0x00000000a1b00000| Untracked 
|  28|0x00000000a1c00000, 0x00000000a1d00000, 0x00000000a1d00000|100%| O|  |TAMS 0x00000000a1c00000, 0x00000000a1c00000| Untracked 
|  29|0x00000000a1d00000, 0x00000000a1e00000, 0x00000000a1e00000|100%| O|  |TAMS 0x00000000a1d00000, 0x00000000a1d00000| Untracked 
|  30|0x00000000a1e00000, 0x00000000a1f00000, 0x00000000a1f00000|100%| O|  |TAMS 0x00000000a1e00000, 0x00000000a1e00000| Untracked 
|  31|0x00000000a1f00000, 0x00000000a2000000, 0x00000000a2000000|100%| O|  |TAMS 0x00000000a1f00000, 0x00000000a1f00000| Untracked 
|  32|0x00000000a2000000, 0x00000000a2100000, 0x00000000a2100000|100%| O|  |TAMS 0x00000000a2000000, 0x00000000a2000000| Untracked 
|  33|0x00000000a2100000, 0x00000000a2200000, 0x00000000a2200000|100%|HS|  |TAMS 0x00000000a2100000, 0x00000000a2100000| Complete 
|  34|0x00000000a2200000, 0x00000000a2300000, 0x00000000a2300000|100%|HS|  |TAMS 0x00000000a2200000, 0x00000000a2200000| Complete 
|  35|0x00000000a2300000, 0x00000000a2400000, 0x00000000a2400000|100%|HS|  |TAMS 0x00000000a2300000, 0x00000000a2300000| Complete 
|  36|0x00000000a2400000, 0x00000000a2500000, 0x00000000a2500000|100%|HS|  |TAMS 0x00000000a2400000, 0x00000000a2400000| Complete 
|  37|0x00000000a2500000, 0x00000000a2600000, 0x00000000a2600000|100%|HC|  |TAMS 0x00000000a2500000, 0x00000000a2500000| Complete 
|  38|0x00000000a2600000, 0x00000000a2700000, 0x00000000a2700000|100%|HC|  |TAMS 0x00000000a2600000, 0x00000000a2600000| Complete 
|  39|0x00000000a2700000, 0x00000000a2800000, 0x00000000a2800000|100%| O|  |TAMS 0x00000000a2700000, 0x00000000a2700000| Untracked 
|  40|0x00000000a2800000, 0x00000000a2900000, 0x00000000a2900000|100%|HS|  |TAMS 0x00000000a2800000, 0x00000000a2800000| Complete 
|  41|0x00000000a2900000, 0x00000000a2a00000, 0x00000000a2a00000|100%|HC|  |TAMS 0x00000000a2900000, 0x00000000a2900000| Complete 
|  42|0x00000000a2a00000, 0x00000000a2b00000, 0x00000000a2b00000|100%| O|  |TAMS 0x00000000a2a00000, 0x00000000a2a00000| Untracked 
|  43|0x00000000a2b00000, 0x00000000a2c00000, 0x00000000a2c00000|100%| O|  |TAMS 0x00000000a2b00000, 0x00000000a2b00000| Untracked 
|  44|0x00000000a2c00000, 0x00000000a2d00000, 0x00000000a2d00000|100%| O|  |TAMS 0x00000000a2c00000, 0x00000000a2c00000| Untracked 
|  45|0x00000000a2d00000, 0x00000000a2e00000, 0x00000000a2e00000|100%| O|  |TAMS 0x00000000a2d00000, 0x00000000a2d00000| Untracked 
|  46|0x00000000a2e00000, 0x00000000a2f00000, 0x00000000a2f00000|100%| O|  |TAMS 0x00000000a2e00000, 0x00000000a2e00000| Untracked 
|  47|0x00000000a2f00000, 0x00000000a3000000, 0x00000000a3000000|100%| O|  |TAMS 0x00000000a2f00000, 0x00000000a2f00000| Untracked 
|  48|0x00000000a3000000, 0x00000000a3100000, 0x00000000a3100000|100%| O|  |TAMS 0x00000000a3000000, 0x00000000a3000000| Untracked 
|  49|0x00000000a3100000, 0x00000000a3200000, 0x00000000a3200000|100%| O|  |TAMS 0x00000000a3100000, 0x00000000a3100000| Untracked 
|  50|0x00000000a3200000, 0x00000000a3300000, 0x00000000a3300000|100%| O|  |TAMS 0x00000000a3200000, 0x00000000a3200000| Untracked 
|  51|0x00000000a3300000, 0x00000000a3345600, 0x00000000a3400000| 27%| O|  |TAMS 0x00000000a3300000, 0x00000000a3300000| Untracked 
|  52|0x00000000a3400000, 0x00000000a3400000, 0x00000000a3500000|  0%| F|  |TAMS 0x00000000a3400000, 0x00000000a3400000| Untracked 
|  53|0x00000000a3500000, 0x00000000a3500000, 0x00000000a3600000|  0%| F|  |TAMS 0x00000000a3500000, 0x00000000a3500000| Untracked 
|  54|0x00000000a3600000, 0x00000000a3600000, 0x00000000a3700000|  0%| F|  |TAMS 0x00000000a3600000, 0x00000000a3600000| Untracked 
|  55|0x00000000a3700000, 0x00000000a3700000, 0x00000000a3800000|  0%| F|  |TAMS 0x00000000a3700000, 0x00000000a3700000| Untracked 
|  56|0x00000000a3800000, 0x00000000a3800000, 0x00000000a3900000|  0%| F|  |TAMS 0x00000000a3800000, 0x00000000a3800000| Untracked 
|  57|0x00000000a3900000, 0x00000000a3900000, 0x00000000a3a00000|  0%| F|  |TAMS 0x00000000a3900000, 0x00000000a3900000| Untracked 
|  58|0x00000000a3a00000, 0x00000000a3a00000, 0x00000000a3b00000|  0%| F|  |TAMS 0x00000000a3a00000, 0x00000000a3a00000| Untracked 
|  59|0x00000000a3b00000, 0x00000000a3b00000, 0x00000000a3c00000|  0%| F|  |TAMS 0x00000000a3b00000, 0x00000000a3b00000| Untracked 
|  60|0x00000000a3c00000, 0x00000000a3c00000, 0x00000000a3d00000|  0%| F|  |TAMS 0x00000000a3c00000, 0x00000000a3c00000| Untracked 
|  61|0x00000000a3d00000, 0x00000000a3d00000, 0x00000000a3e00000|  0%| F|  |TAMS 0x00000000a3d00000, 0x00000000a3d00000| Untracked 
|  62|0x00000000a3e00000, 0x00000000a3e00000, 0x00000000a3f00000|  0%| F|  |TAMS 0x00000000a3e00000, 0x00000000a3e00000| Untracked 
|  63|0x00000000a3f00000, 0x00000000a3f00000, 0x00000000a4000000|  0%| F|  |TAMS 0x00000000a3f00000, 0x00000000a3f00000| Untracked 
|  64|0x00000000a4000000, 0x00000000a4000000, 0x00000000a4100000|  0%| F|  |TAMS 0x00000000a4000000, 0x00000000a4000000| Untracked 
|  65|0x00000000a4100000, 0x00000000a4100000, 0x00000000a4200000|  0%| F|  |TAMS 0x00000000a4100000, 0x00000000a4100000| Untracked 
|  66|0x00000000a4200000, 0x00000000a4200000, 0x00000000a4300000|  0%| F|  |TAMS 0x00000000a4200000, 0x00000000a4200000| Untracked 
|  67|0x00000000a4300000, 0x00000000a4300000, 0x00000000a4400000|  0%| F|  |TAMS 0x00000000a4300000, 0x00000000a4300000| Untracked 
|  68|0x00000000a4400000, 0x00000000a4400000, 0x00000000a4500000|  0%| F|  |TAMS 0x00000000a4400000, 0x00000000a4400000| Untracked 
|  69|0x00000000a4500000, 0x00000000a4500000, 0x00000000a4600000|  0%| F|  |TAMS 0x00000000a4500000, 0x00000000a4500000| Untracked 
|  70|0x00000000a4600000, 0x00000000a4600000, 0x00000000a4700000|  0%| F|  |TAMS 0x00000000a4600000, 0x00000000a4600000| Untracked 
|  71|0x00000000a4700000, 0x00000000a4700000, 0x00000000a4800000|  0%| F|  |TAMS 0x00000000a4700000, 0x00000000a4700000| Untracked 
|  72|0x00000000a4800000, 0x00000000a4800000, 0x00000000a4900000|  0%| F|  |TAMS 0x00000000a4800000, 0x00000000a4800000| Untracked 
|  73|0x00000000a4900000, 0x00000000a4900000, 0x00000000a4a00000|  0%| F|  |TAMS 0x00000000a4900000, 0x00000000a4900000| Untracked 
|  74|0x00000000a4a00000, 0x00000000a4a00000, 0x00000000a4b00000|  0%| F|  |TAMS 0x00000000a4a00000, 0x00000000a4a00000| Untracked 
|  75|0x00000000a4b00000, 0x00000000a4b00000, 0x00000000a4c00000|  0%| F|  |TAMS 0x00000000a4b00000, 0x00000000a4b00000| Untracked 
|  76|0x00000000a4c00000, 0x00000000a4c00000, 0x00000000a4d00000|  0%| F|  |TAMS 0x00000000a4c00000, 0x00000000a4c00000| Untracked 
|  77|0x00000000a4d00000, 0x00000000a4d00000, 0x00000000a4e00000|  0%| F|  |TAMS 0x00000000a4d00000, 0x00000000a4d00000| Untracked 
|  78|0x00000000a4e00000, 0x00000000a4e00000, 0x00000000a4f00000|  0%| F|  |TAMS 0x00000000a4e00000, 0x00000000a4e00000| Untracked 
|  79|0x00000000a4f00000, 0x00000000a4f00000, 0x00000000a5000000|  0%| F|  |TAMS 0x00000000a4f00000, 0x00000000a4f00000| Untracked 
|  80|0x00000000a5000000, 0x00000000a5000000, 0x00000000a5100000|  0%| F|  |TAMS 0x00000000a5000000, 0x00000000a5000000| Untracked 
|  81|0x00000000a5100000, 0x00000000a5100000, 0x00000000a5200000|  0%| F|  |TAMS 0x00000000a5100000, 0x00000000a5100000| Untracked 
|  82|0x00000000a5200000, 0x00000000a5200000, 0x00000000a5300000|  0%| F|  |TAMS 0x00000000a5200000, 0x00000000a5200000| Untracked 
|  83|0x00000000a5300000, 0x00000000a5300000, 0x00000000a5400000|  0%| F|  |TAMS 0x00000000a5300000, 0x00000000a5300000| Untracked 
|  84|0x00000000a5400000, 0x00000000a5400000, 0x00000000a5500000|  0%| F|  |TAMS 0x00000000a5400000, 0x00000000a5400000| Untracked 
|  85|0x00000000a5500000, 0x00000000a5500000, 0x00000000a5600000|  0%| F|  |TAMS 0x00000000a5500000, 0x00000000a5500000| Untracked 
|  86|0x00000000a5600000, 0x00000000a5600000, 0x00000000a5700000|  0%| F|  |TAMS 0x00000000a5600000, 0x00000000a5600000| Untracked 
|  87|0x00000000a5700000, 0x00000000a5700000, 0x00000000a5800000|  0%| F|  |TAMS 0x00000000a5700000, 0x00000000a5700000| Untracked 
|  88|0x00000000a5800000, 0x00000000a5800000, 0x00000000a5900000|  0%| F|  |TAMS 0x00000000a5800000, 0x00000000a5800000| Untracked 
|  89|0x00000000a5900000, 0x00000000a5900000, 0x00000000a5a00000|  0%| F|  |TAMS 0x00000000a5900000, 0x00000000a5900000| Untracked 
|  90|0x00000000a5a00000, 0x00000000a5a00000, 0x00000000a5b00000|  0%| F|  |TAMS 0x00000000a5a00000, 0x00000000a5a00000| Untracked 
|  91|0x00000000a5b00000, 0x00000000a5b00000, 0x00000000a5c00000|  0%| F|  |TAMS 0x00000000a5b00000, 0x00000000a5b00000| Untracked 
|  92|0x00000000a5c00000, 0x00000000a5c00000, 0x00000000a5d00000|  0%| F|  |TAMS 0x00000000a5c00000, 0x00000000a5c00000| Untracked 
|  93|0x00000000a5d00000, 0x00000000a5d00000, 0x00000000a5e00000|  0%| F|  |TAMS 0x00000000a5d00000, 0x00000000a5d00000| Untracked 
|  94|0x00000000a5e00000, 0x00000000a5e00000, 0x00000000a5f00000|  0%| F|  |TAMS 0x00000000a5e00000, 0x00000000a5e00000| Untracked 
|  95|0x00000000a5f00000, 0x00000000a5f00000, 0x00000000a6000000|  0%| F|  |TAMS 0x00000000a5f00000, 0x00000000a5f00000| Untracked 
|  96|0x00000000a6000000, 0x00000000a6000000, 0x00000000a6100000|  0%| F|  |TAMS 0x00000000a6000000, 0x00000000a6000000| Untracked 
|  97|0x00000000a6100000, 0x00000000a6100000, 0x00000000a6200000|  0%| F|  |TAMS 0x00000000a6100000, 0x00000000a6100000| Untracked 
|  98|0x00000000a6200000, 0x00000000a6200000, 0x00000000a6300000|  0%| F|  |TAMS 0x00000000a6200000, 0x00000000a6200000| Untracked 
|  99|0x00000000a6300000, 0x00000000a6300000, 0x00000000a6400000|  0%| F|  |TAMS 0x00000000a6300000, 0x00000000a6300000| Untracked 
| 100|0x00000000a6400000, 0x00000000a6400000, 0x00000000a6500000|  0%| F|  |TAMS 0x00000000a6400000, 0x00000000a6400000| Untracked 
| 101|0x00000000a6500000, 0x00000000a6500000, 0x00000000a6600000|  0%| F|  |TAMS 0x00000000a6500000, 0x00000000a6500000| Untracked 
| 102|0x00000000a6600000, 0x00000000a6600000, 0x00000000a6700000|  0%| F|  |TAMS 0x00000000a6600000, 0x00000000a6600000| Untracked 
| 103|0x00000000a6700000, 0x00000000a6700000, 0x00000000a6800000|  0%| F|  |TAMS 0x00000000a6700000, 0x00000000a6700000| Untracked 
| 104|0x00000000a6800000, 0x00000000a6800000, 0x00000000a6900000|  0%| F|  |TAMS 0x00000000a6800000, 0x00000000a6800000| Untracked 
| 105|0x00000000a6900000, 0x00000000a6900000, 0x00000000a6a00000|  0%| F|  |TAMS 0x00000000a6900000, 0x00000000a6900000| Untracked 
| 106|0x00000000a6a00000, 0x00000000a6a00000, 0x00000000a6b00000|  0%| F|  |TAMS 0x00000000a6a00000, 0x00000000a6a00000| Untracked 
| 107|0x00000000a6b00000, 0x00000000a6b00000, 0x00000000a6c00000|  0%| F|  |TAMS 0x00000000a6b00000, 0x00000000a6b00000| Untracked 
| 108|0x00000000a6c00000, 0x00000000a6c00000, 0x00000000a6d00000|  0%| F|  |TAMS 0x00000000a6c00000, 0x00000000a6c00000| Untracked 
| 109|0x00000000a6d00000, 0x00000000a6d00000, 0x00000000a6e00000|  0%| F|  |TAMS 0x00000000a6d00000, 0x00000000a6d00000| Untracked 
| 110|0x00000000a6e00000, 0x00000000a6e00000, 0x00000000a6f00000|  0%| F|  |TAMS 0x00000000a6e00000, 0x00000000a6e00000| Untracked 
| 111|0x00000000a6f00000, 0x00000000a6f00000, 0x00000000a7000000|  0%| F|  |TAMS 0x00000000a6f00000, 0x00000000a6f00000| Untracked 
| 112|0x00000000a7000000, 0x00000000a7000000, 0x00000000a7100000|  0%| F|  |TAMS 0x00000000a7000000, 0x00000000a7000000| Untracked 
| 113|0x00000000a7100000, 0x00000000a7100000, 0x00000000a7200000|  0%| F|  |TAMS 0x00000000a7100000, 0x00000000a7100000| Untracked 
| 114|0x00000000a7200000, 0x00000000a7200000, 0x00000000a7300000|  0%| F|  |TAMS 0x00000000a7200000, 0x00000000a7200000| Untracked 
| 115|0x00000000a7300000, 0x00000000a7300000, 0x00000000a7400000|  0%| F|  |TAMS 0x00000000a7300000, 0x00000000a7300000| Untracked 
| 116|0x00000000a7400000, 0x00000000a7466b70, 0x00000000a7500000| 40%| S|CS|TAMS 0x00000000a7400000, 0x00000000a7400000| Complete 
| 117|0x00000000a7500000, 0x00000000a7600000, 0x00000000a7600000|100%| S|CS|TAMS 0x00000000a7500000, 0x00000000a7500000| Complete 
| 118|0x00000000a7600000, 0x00000000a7600000, 0x00000000a7700000|  0%| F|  |TAMS 0x00000000a7600000, 0x00000000a7600000| Untracked 
| 119|0x00000000a7700000, 0x00000000a7700000, 0x00000000a7800000|  0%| F|  |TAMS 0x00000000a7700000, 0x00000000a7700000| Untracked 
| 120|0x00000000a7800000, 0x00000000a7800000, 0x00000000a7900000|  0%| F|  |TAMS 0x00000000a7800000, 0x00000000a7800000| Untracked 
| 121|0x00000000a7900000, 0x00000000a7900000, 0x00000000a7a00000|  0%| F|  |TAMS 0x00000000a7900000, 0x00000000a7900000| Untracked 
| 122|0x00000000a7a00000, 0x00000000a7a00000, 0x00000000a7b00000|  0%| F|  |TAMS 0x00000000a7a00000, 0x00000000a7a00000| Untracked 
| 123|0x00000000a7b00000, 0x00000000a7b00000, 0x00000000a7c00000|  0%| F|  |TAMS 0x00000000a7b00000, 0x00000000a7b00000| Untracked 
| 124|0x00000000a7c00000, 0x00000000a7c00000, 0x00000000a7d00000|  0%| F|  |TAMS 0x00000000a7c00000, 0x00000000a7c00000| Untracked 
| 125|0x00000000a7d00000, 0x00000000a7d00000, 0x00000000a7e00000|  0%| F|  |TAMS 0x00000000a7d00000, 0x00000000a7d00000| Untracked 
| 126|0x00000000a7e00000, 0x00000000a7e00000, 0x00000000a7f00000|  0%| F|  |TAMS 0x00000000a7e00000, 0x00000000a7e00000| Untracked 
| 127|0x00000000a7f00000, 0x00000000a7f00000, 0x00000000a8000000|  0%| F|  |TAMS 0x00000000a7f00000, 0x00000000a7f00000| Untracked 

Card table byte_map: [0x000001fe15d70000,0x000001fe16070000] _byte_map_base: 0x000001fe15870000

Marking Bits (Prev, Next): (CMBitMap*) 0x000001fe01188ca0, (CMBitMap*) 0x000001fe01188c68
 Prev Bits: [0x000001fe17b70000, 0x000001fe19370000)
 Next Bits: [0x000001fe16370000, 0x000001fe17b70000)

Polling page: 0x000001fe01230000

Metaspace:

Usage:
  Non-class:     53.39 MB capacity,    52.12 MB ( 98%) used,     1.08 MB (  2%) free+waste,   191.44 KB ( <1%) overhead. 
      Class:      8.46 MB capacity,     7.74 MB ( 92%) used,   644.87 KB (  7%) free+waste,    91.69 KB (  1%) overhead. 
       Both:     61.86 MB capacity,    59.87 MB ( 97%) used,     1.71 MB (  3%) free+waste,   283.13 KB ( <1%) overhead. 

Virtual space:
  Non-class space:       54.00 MB reserved,      53.42 MB ( 99%) committed 
      Class space:        1.00 GB reserved,       8.50 MB ( <1%) committed 
             Both:        1.05 GB reserved,      61.92 MB (  6%) committed 

Chunk freelists:
   Non-Class:  29.00 KB
       Class:  6.00 KB
        Both:  35.00 KB

MaxMetaspaceSize: 17179869184.00 GB
CompressedClassSpaceSize: 1.00 GB
Initial GC threshold: 20.80 MB
Current GC threshold: 62.79 MB
CDS: off

CodeHeap 'non-profiled nmethods': size=120064Kb used=4589Kb max_used=4589Kb free=115474Kb
 bounds [0x000001fe0df00000, 0x000001fe0e380000, 0x000001fe15440000]
CodeHeap 'profiled nmethods': size=120000Kb used=15313Kb max_used=15313Kb free=104686Kb
 bounds [0x000001fe069d0000, 0x000001fe078d0000, 0x000001fe0df00000]
CodeHeap 'non-nmethods': size=5696Kb used=2330Kb max_used=2363Kb free=3365Kb
 bounds [0x000001fe06440000, 0x000001fe066b0000, 0x000001fe069d0000]
 total_blobs=8155 nmethods=7312 adapters=755
 compilation: enabled
              stopped_count=0, restarted_count=0
 full_count=0

Compilation events (20 events):
Event: 2430.481 Thread 0x000001fe1b9c8800 nmethod 7338 0x000001fe078b2810 code [0x000001fe078b29c0, 0x000001fe078b2b18]
Event: 2430.481 Thread 0x000001fe1b9c8800 7339       1       com.google.common.collect.ImmutableMapEntrySet$RegularEntrySet::map (5 bytes)
Event: 2430.481 Thread 0x000001fe1b9c8800 nmethod 7339 0x000001fe0e371610 code [0x000001fe0e3717c0, 0x000001fe0e371878]
Event: 2430.630 Thread 0x000001fe1b9c3000 7340       4       java.util.TreeMap$Entry::<init> (25 bytes)
Event: 2430.634 Thread 0x000001fe1b9c3000 nmethod 7340 0x000001fe0e371910 code [0x000001fe0e371aa0, 0x000001fe0e371d58]
Event: 2431.156 Thread 0x000001fe1b9c3000 7341       4       org.gradle.internal.reflect.MethodSet::add (50 bytes)
Event: 2431.159 Thread 0x000001fe1b9c8800 7343       3       org.gradle.internal.instantiation.generator.AbstractClassGenerator$PropertyMetadata::addSetter (41 bytes)
Event: 2431.159 Thread 0x000001fe1b9c8800 nmethod 7343 0x000001fe078b2b90 code [0x000001fe078b2d80, 0x000001fe078b3258]
Event: 2431.167 Thread 0x000001fe1b9c8800 7344       3       org.objectweb.asm.Frame::execute (2318 bytes)
Event: 2431.174 Thread 0x000001fe1b9c8800 nmethod 7344 0x000001fe078b3410 code [0x000001fe078b4180, 0x000001fe078ba8b8]
Event: 2431.175 Thread 0x000001fe1b9c8800 7345       3       org.objectweb.asm.Type::getArgumentsAndReturnSizes (140 bytes)
Event: 2431.178 Thread 0x000001fe1b9c8800 nmethod 7345 0x000001fe078bc590 code [0x000001fe078bc9a0, 0x000001fe078be938]
Event: 2431.178 Thread 0x000001fe1b9c8800 7346       3       org.objectweb.asm.Frame::getAbstractTypeFromDescriptor (415 bytes)
Event: 2431.181 Thread 0x000001fe1b9c8800 nmethod 7346 0x000001fe078bf510 code [0x000001fe078bf8c0, 0x000001fe078c1458]
Event: 2431.370 Thread 0x000001fe1b9c3000 nmethod 7341 0x000001fe0e371e10 code [0x000001fe0e372100, 0x000001fe0e375630]
Event: 2431.370 Thread 0x000001fe1b9c3000 7342       4       java.util.TreeMap::put (247 bytes)
Event: 2431.484 Thread 0x000001fe1b9c8800 7349       3       org.gradle.internal.instantiation.generator.AbstractClassGenerator$ExtensibleTypePropertyHandler::applyTo (228 bytes)
Event: 2431.486 Thread 0x000001fe1b9c8800 nmethod 7349 0x000001fe078c1d90 code [0x000001fe078c2180, 0x000001fe078c3e38]
Event: 2431.642 Thread 0x000001fe1b9c3000 nmethod 7342 0x000001fe0e376e10 code [0x000001fe0e377060, 0x000001fe0e37a6c8]
Event: 2431.643 Thread 0x000001fe1b9c3000 7348 %     4       org.gradle.internal.instantiation.generator.AbstractClassGenerator::inspectType @ 207 (560 bytes)

GC Heap History (20 events):
Event: 2399.438 GC heap before
{Heap before GC invocations=38 (full 0):
 garbage-first heap   total 131072K, used 55796K [0x00000000a0000000, 0x0000000100000000)
  region size 1024K, 6 young (6144K), 2 survivors (2048K)
 Metaspace       used 56460K, capacity 58202K, committed 58288K, reserved 1099776K
  class space    used 7248K, capacity 7882K, committed 7936K, reserved 1048576K
}
Event: 2399.923 GC heap after
{Heap after GC invocations=39 (full 0):
 garbage-first heap   total 131072K, used 51789K [0x00000000a0000000, 0x0000000100000000)
  region size 1024K, 1 young (1024K), 1 survivors (1024K)
 Metaspace       used 56460K, capacity 58202K, committed 58288K, reserved 1099776K
  class space    used 7248K, capacity 7882K, committed 7936K, reserved 1048576K
}
Event: 2399.971 GC heap before
{Heap before GC invocations=39 (full 0):
 garbage-first heap   total 131072K, used 55885K [0x00000000a0000000, 0x0000000100000000)
  region size 1024K, 6 young (6144K), 1 survivors (1024K)
 Metaspace       used 56796K, capacity 58522K, committed 58672K, reserved 1099776K
  class space    used 7292K, capacity 7946K, committed 8064K, reserved 1048576K
}
Event: 2399.973 GC heap after
{Heap after GC invocations=40 (full 0):
 garbage-first heap   total 131072K, used 51779K [0x00000000a0000000, 0x0000000100000000)
  region size 1024K, 1 young (1024K), 1 survivors (1024K)
 Metaspace       used 56796K, capacity 58522K, committed 58672K, reserved 1099776K
  class space    used 7292K, capacity 7946K, committed 8064K, reserved 1048576K
}
Event: 2400.865 GC heap before
{Heap before GC invocations=40 (full 0):
 garbage-first heap   total 131072K, used 57923K [0x00000000a0000000, 0x0000000100000000)
  region size 1024K, 7 young (7168K), 1 survivors (1024K)
 Metaspace       used 57167K, capacity 58874K, committed 59184K, reserved 1099776K
  class space    used 7343K, capacity 7978K, committed 8064K, reserved 1048576K
}
Event: 2400.867 GC heap after
{Heap after GC invocations=41 (full 0):
 garbage-first heap   total 131072K, used 51856K [0x00000000a0000000, 0x0000000100000000)
  region size 1024K, 1 young (1024K), 1 survivors (1024K)
 Metaspace       used 57167K, capacity 58874K, committed 59184K, reserved 1099776K
  class space    used 7343K, capacity 7978K, committed 8064K, reserved 1048576K
}
Event: 2401.691 GC heap before
{Heap before GC invocations=41 (full 0):
 garbage-first heap   total 131072K, used 58000K [0x00000000a0000000, 0x0000000100000000)
  region size 1024K, 8 young (8192K), 1 survivors (1024K)
 Metaspace       used 57688K, capacity 59386K, committed 59440K, reserved 1101824K
  class space    used 7403K, capacity 8042K, committed 8064K, reserved 1048576K
}
Event: 2401.944 GC heap after
{Heap after GC invocations=42 (full 0):
 garbage-first heap   total 131072K, used 51912K [0x00000000a0000000, 0x0000000100000000)
  region size 1024K, 1 young (1024K), 1 survivors (1024K)
 Metaspace       used 57688K, capacity 59386K, committed 59440K, reserved 1101824K
  class space    used 7403K, capacity 8042K, committed 8064K, reserved 1048576K
}
Event: 2402.474 GC heap before
{Heap before GC invocations=42 (full 0):
 garbage-first heap   total 131072K, used 57032K [0x00000000a0000000, 0x0000000100000000)
  region size 1024K, 6 young (6144K), 1 survivors (1024K)
 Metaspace       used 57968K, capacity 59706K, committed 59824K, reserved 1101824K
  class space    used 7448K, capacity 8106K, committed 8192K, reserved 1048576K
}
Event: 2402.475 GC heap after
{Heap after GC invocations=43 (full 0):
 garbage-first heap   total 131072K, used 51906K [0x00000000a0000000, 0x0000000100000000)
  region size 1024K, 1 young (1024K), 1 survivors (1024K)
 Metaspace       used 57968K, capacity 59706K, committed 59824K, reserved 1101824K
  class space    used 7448K, capacity 8106K, committed 8192K, reserved 1048576K
}
Event: 2403.024 GC heap before
{Heap before GC invocations=43 (full 0):
 garbage-first heap   total 131072K, used 58050K [0x00000000a0000000, 0x0000000100000000)
  region size 1024K, 7 young (7168K), 1 survivors (1024K)
 Metaspace       used 58387K, capacity 60128K, committed 60336K, reserved 1101824K
  class space    used 7492K, capacity 8139K, committed 8192K, reserved 1048576K
}
Event: 2403.027 GC heap after
{Heap after GC invocations=44 (full 0):
 garbage-first heap   total 131072K, used 52049K [0x00000000a0000000, 0x0000000100000000)
  region size 1024K, 1 young (1024K), 1 survivors (1024K)
 Metaspace       used 58387K, capacity 60128K, committed 60336K, reserved 1101824K
  class space    used 7492K, capacity 8139K, committed 8192K, reserved 1048576K
}
Event: 2403.527 GC heap before
{Heap before GC invocations=44 (full 0):
 garbage-first heap   total 131072K, used 59217K [0x00000000a0000000, 0x0000000100000000)
  region size 1024K, 8 young (8192K), 1 survivors (1024K)
 Metaspace       used 58870K, capacity 60672K, committed 60976K, reserved 1101824K
  class space    used 7549K, capacity 8235K, committed 8320K, reserved 1048576K
}
Event: 2403.530 GC heap after
{Heap after GC invocations=45 (full 0):
 garbage-first heap   total 131072K, used 52120K [0x00000000a0000000, 0x0000000100000000)
  region size 1024K, 1 young (1024K), 1 survivors (1024K)
 Metaspace       used 58870K, capacity 60672K, committed 60976K, reserved 1101824K
  class space    used 7549K, capacity 8235K, committed 8320K, reserved 1048576K
}
Event: 2412.410 GC heap before
{Heap before GC invocations=45 (full 0):
 garbage-first heap   total 131072K, used 61336K [0x00000000a0000000, 0x0000000100000000)
  region size 1024K, 10 young (10240K), 1 survivors (1024K)
 Metaspace       used 59009K, capacity 60809K, committed 60976K, reserved 1101824K
  class space    used 7557K, capacity 8235K, committed 8320K, reserved 1048576K
}
Event: 2412.413 GC heap after
{Heap after GC invocations=46 (full 0):
 garbage-first heap   total 131072K, used 52534K [0x00000000a0000000, 0x0000000100000000)
  region size 1024K, 1 young (1024K), 1 survivors (1024K)
 Metaspace       used 59009K, capacity 60809K, committed 60976K, reserved 1101824K
  class space    used 7557K, capacity 8235K, committed 8320K, reserved 1048576K
}
Event: 2413.279 GC heap before
{Heap before GC invocations=46 (full 0):
 garbage-first heap   total 131072K, used 62774K [0x00000000a0000000, 0x0000000100000000)
  region size 1024K, 11 young (11264K), 1 survivors (1024K)
 Metaspace       used 59725K, capacity 61606K, committed 61872K, reserved 1103872K
  class space    used 7688K, capacity 8393K, committed 8448K, reserved 1048576K
}
Event: 2413.282 GC heap after
{Heap after GC invocations=47 (full 0):
 garbage-first heap   total 131072K, used 52819K [0x00000000a0000000, 0x0000000100000000)
  region size 1024K, 2 young (2048K), 2 survivors (2048K)
 Metaspace       used 59725K, capacity 61606K, committed 61872K, reserved 1103872K
  class space    used 7688K, capacity 8393K, committed 8448K, reserved 1048576K
}
Event: 2416.675 GC heap before
{Heap before GC invocations=47 (full 0):
 garbage-first heap   total 131072K, used 64083K [0x00000000a0000000, 0x0000000100000000)
  region size 1024K, 13 young (13312K), 2 survivors (2048K)
 Metaspace       used 60715K, capacity 62691K, committed 62768K, reserved 1103872K
  class space    used 7833K, capacity 8538K, committed 8576K, reserved 1048576K
}
Event: 2416.968 GC heap after
{Heap after GC invocations=48 (full 0):
 garbage-first heap   total 131072K, used 53378K [0x00000000a0000000, 0x0000000100000000)
  region size 1024K, 2 young (2048K), 2 survivors (2048K)
 Metaspace       used 60715K, capacity 62691K, committed 62768K, reserved 1103872K
  class space    used 7833K, capacity 8538K, committed 8576K, reserved 1048576K
}

Deoptimization events (20 events):
Event: 2430.477 Thread 0x000001fe1c8f6000 Uncommon trap: trap_request=0xffffffbe fr.pc=0x000001fe0e36cc50 relative=0x0000000000002d70
Event: 2430.477 Thread 0x000001fe1c8f6000 Uncommon trap: reason=profile_predicate action=maybe_recompile pc=0x000001fe0e36cc50 method=java.util.TreeMap.put(Ljava/lang/Object;Ljava/lang/Object;)Ljava/lang/Object; @ 55 c2
Event: 2430.477 Thread 0x000001fe1c8f6000 DEOPT PACKING pc=0x000001fe0e36cc50 sp=0x000000f193ff27b0
Event: 2430.477 Thread 0x000001fe1c8f6000 DEOPT UNPACKING pc=0x000001fe0648a1af sp=0x000000f193ff2798 mode 2
Event: 2430.478 Thread 0x000001fe1c8f6000 Uncommon trap: trap_request=0xffffffbe fr.pc=0x000001fe0e36cc50 relative=0x0000000000002d70
Event: 2430.478 Thread 0x000001fe1c8f6000 Uncommon trap: reason=profile_predicate action=maybe_recompile pc=0x000001fe0e36cc50 method=java.util.TreeMap.put(Ljava/lang/Object;Ljava/lang/Object;)Ljava/lang/Object; @ 55 c2
Event: 2430.478 Thread 0x000001fe1c8f6000 DEOPT PACKING pc=0x000001fe0e36cc50 sp=0x000000f193ff27e0
Event: 2430.478 Thread 0x000001fe1c8f6000 DEOPT UNPACKING pc=0x000001fe0648a1af sp=0x000000f193ff27c8 mode 2
Event: 2431.166 Thread 0x000001fe1c8f6000 Uncommon trap: trap_request=0xffffff4d fr.pc=0x000001fe0e31d6b0 relative=0x0000000000000410
Event: 2431.166 Thread 0x000001fe1c8f6000 Uncommon trap: reason=unstable_if action=reinterpret pc=0x000001fe0e31d6b0 method=org.objectweb.asm.Type.getArgumentsAndReturnSizes(Ljava/lang/String;)I @ 117 c2
Event: 2431.166 Thread 0x000001fe1c8f6000 DEOPT PACKING pc=0x000001fe0e31d6b0 sp=0x000000f193ff1760
Event: 2431.166 Thread 0x000001fe1c8f6000 DEOPT UNPACKING pc=0x000001fe0648a1af sp=0x000000f193ff16e0 mode 2
Event: 2431.166 Thread 0x000001fe1c8f6000 Uncommon trap: trap_request=0xffffff4d fr.pc=0x000001fe0e1e9a5c relative=0x00000000000015bc
Event: 2431.166 Thread 0x000001fe1c8f6000 Uncommon trap: reason=unstable_if action=reinterpret pc=0x000001fe0e1e9a5c method=org.objectweb.asm.Type.getArgumentsAndReturnSizes(Ljava/lang/String;)I @ 117 c2
Event: 2431.166 Thread 0x000001fe1c8f6000 DEOPT PACKING pc=0x000001fe0e1e9a5c sp=0x000000f193ff14d0
Event: 2431.166 Thread 0x000001fe1c8f6000 DEOPT UNPACKING pc=0x000001fe0648a1af sp=0x000000f193ff1378 mode 2
Event: 2431.166 Thread 0x000001fe1c8f6000 Uncommon trap: trap_request=0xffffff4d fr.pc=0x000001fe0e2e93e4 relative=0x00000000000006c4
Event: 2431.166 Thread 0x000001fe1c8f6000 Uncommon trap: reason=unstable_if action=reinterpret pc=0x000001fe0e2e93e4 method=org.objectweb.asm.Frame.getAbstractTypeFromDescriptor(Lorg/objectweb/asm/SymbolTable;Ljava/lang/String;I)I @ 5 c2
Event: 2431.166 Thread 0x000001fe1c8f6000 DEOPT PACKING pc=0x000001fe0e2e93e4 sp=0x000000f193ff1340
Event: 2431.166 Thread 0x000001fe1c8f6000 DEOPT UNPACKING pc=0x000001fe0648a1af sp=0x000000f193ff1300 mode 2

Classes redefined (0 events):
No events

Internal exceptions (20 events):
Event: 2374.313 Thread 0x000001fe1c8f6000 Exception <a 'java/lang/NoSuchMethodError'{0x00000000a7d942c8}: 'java.lang.Object java.lang.invoke.DirectMethodHandle$Holder.invokeStatic(java.lang.Object, java.lang.Object, java.lang.Object, java.lang.Object, int)'> (0x00000000a7d942c8) thrown at [./src/hotspot/share/interpreter/linkResolver.cpp, line 773]
Event: 2374.313 Thread 0x000001fe1c8f6000 Exception <a 'java/lang/NoSuchMethodError'{0x00000000a7d9a200}: 'java.lang.Object java.lang.invoke.DirectMethodHandle$Holder.invokeSpecial(java.lang.Object, java.lang.Object, java.lang.Object, java.lang.Object, java.lang.Object, int)'> (0x00000000a7d9a200) thrown at [./src/hotspot/share/interpreter/linkResolver.cpp, line 773]
Event: 2374.314 Thread 0x000001fe1c8f6000 Exception <a 'java/lang/NoSuchMethodError'{0x00000000a7d9fd80}: 'java.lang.Object java.lang.invoke.Invokers$Holder.linkToTargetMethod(java.lang.Object, java.lang.Object, java.lang.Object, int, java.lang.Object)'> (0x00000000a7d9fd80) thrown at [./src/hotspot/share/interpreter/linkResolver.cpp, line 773]
Event: 2374.653 Thread 0x000001fe1c8f6000 Exception <a 'java/lang/NoSuchMethodError'{0x00000000a7b71f28}: 'java.lang.Object java.lang.invoke.DirectMethodHandle$Holder.invokeSpecial(java.lang.Object, java.lang.Object, int, int, java.lang.Object, java.lang.Object, java.lang.Object)'> (0x00000000a7b71f28) thrown at [./src/hotspot/share/interpreter/linkResolver.cpp, line 773]
Event: 2374.654 Thread 0x000001fe1c8f6000 Exception <a 'java/lang/NoSuchMethodError'{0x00000000a7b779e8}: 'java.lang.Object java.lang.invoke.DelegatingMethodHandle$Holder.reinvoke_L(java.lang.Object, int, int, java.lang.Object, java.lang.Object, java.lang.Object)'> (0x00000000a7b779e8) thrown at [./src/hotspot/share/interpreter/linkResolver.cpp, line 773]
Event: 2378.256 Thread 0x000001fe1c8f6000 Exception <a 'java/lang/IncompatibleClassChangeError'{0x00000000a7923cd0}: Found class java.lang.Object, but interface was expected> (0x00000000a7923cd0) thrown at [./src/hotspot/share/interpreter/linkResolver.cpp, line 839]
Event: 2381.398 Thread 0x000001fe1c8f6000 Implicit null exception at 0x000001fe0e30dcd9 to 0x000001fe0e30dec8
Event: 2382.660 Thread 0x000001fe1c8f6000 Implicit null exception at 0x000001fe0e1d87d4 to 0x000001fe0e1d89b8
Event: 2382.661 Thread 0x000001fe1c8f6000 Implicit null exception at 0x000001fe0e1cd8db to 0x000001fe0e1ce1e8
Event: 2386.558 Thread 0x000001fe1c8f6000 Exception <a 'java/lang/NoSuchMethodError'{0x00000000a7cea110}: 'java.lang.Object java.lang.invoke.DirectMethodHandle$Holder.invokeStatic(java.lang.Object, int, java.lang.Object, java.lang.Object, java.lang.Object)'> (0x00000000a7cea110) thrown at [./src/hotspot/share/interpreter/linkResolver.cpp, line 773]
Event: 2386.559 Thread 0x000001fe1c8f6000 Exception <a 'java/lang/NoSuchMethodError'{0x00000000a7cf02e0}: 'java.lang.Object java.lang.invoke.DirectMethodHandle$Holder.invokeSpecial(java.lang.Object, java.lang.Object, int, java.lang.Object, java.lang.Object, java.lang.Object)'> (0x00000000a7cf02e0) thrown at [./src/hotspot/share/interpreter/linkResolver.cpp, line 773]
Event: 2390.149 Thread 0x000001fe1c8f6000 Exception <a 'java/lang/ClassNotFoundException'{0x00000000a72f1ac8}: org/gradle/api/plugins/internal/DefaultBasePluginConventionBeanInfo> (0x00000000a72f1ac8) thrown at [./src/hotspot/share/classfile/systemDictionary.cpp, line 231]
Event: 2390.152 Thread 0x000001fe1c8f6000 Exception <a 'java/lang/ClassNotFoundException'{0x00000000a7132bd8}: org/gradle/api/plugins/BasePluginConventionBeanInfo> (0x00000000a7132bd8) thrown at [./src/hotspot/share/classfile/systemDictionary.cpp, line 231]
Event: 2390.154 Thread 0x000001fe1c8f6000 Exception <a 'java/lang/ClassNotFoundException'{0x00000000a7173c50}: org/gradle/api/plugins/BasePluginConventionCustomizer> (0x00000000a7173c50) thrown at [./src/hotspot/share/classfile/systemDictionary.cpp, line 231]
Event: 2390.157 Thread 0x000001fe1c8f6000 Exception <a 'java/lang/ClassNotFoundException'{0x00000000a71c5150}: org/gradle/api/plugins/internal/DefaultBasePluginConventionCustomizer> (0x00000000a71c5150) thrown at [./src/hotspot/share/classfile/systemDictionary.cpp, line 231]
Event: 2390.359 Thread 0x000001fe1c8f6000 Exception <a 'java/lang/ClassNotFoundException'{0x00000000a704c3e8}: org/gradle/api/plugins/internal/DefaultJavaPluginConventionBeanInfo> (0x00000000a704c3e8) thrown at [./src/hotspot/share/classfile/systemDictionary.cpp, line 231]
Event: 2390.366 Thread 0x000001fe1c8f6000 Exception <a 'java/lang/ClassNotFoundException'{0x00000000a708d590}: org/gradle/api/plugins/JavaPluginConventionBeanInfo> (0x00000000a708d590) thrown at [./src/hotspot/share/classfile/systemDictionary.cpp, line 231]
Event: 2390.370 Thread 0x000001fe1c8f6000 Exception <a 'java/lang/ClassNotFoundException'{0x00000000a70ce5f8}: org/gradle/api/plugins/JavaPluginConventionCustomizer> (0x00000000a70ce5f8) thrown at [./src/hotspot/share/classfile/systemDictionary.cpp, line 231]
Event: 2390.374 Thread 0x000001fe1c8f6000 Exception <a 'java/lang/ClassNotFoundException'{0x00000000a6d29c00}: org/gradle/api/plugins/internal/DefaultJavaPluginConventionCustomizer> (0x00000000a6d29c00) thrown at [./src/hotspot/share/classfile/systemDictionary.cpp, line 231]
Event: 2416.292 Thread 0x000001fe1c8f6000 Exception <a 'java/lang/NoSuchMethodError'{0x00000000a754a950}: 'java.lang.Object java.lang.invoke.Invokers$Holder.linkToTargetMethod(java.lang.Object, int, java.lang.Object)'> (0x00000000a754a950) thrown at [./src/hotspot/share/interpreter/linkResolver.cpp, line 773]

Events (20 events):
Event: 2431.126 loading class org/gradle/api/tasks/testing/logging/TestLogging
Event: 2431.126 loading class org/gradle/api/tasks/testing/logging/TestLogging done
Event: 2431.127 loading class org/gradle/api/tasks/testing/logging/TestLoggingContainer
Event: 2431.127 loading class org/gradle/api/tasks/testing/logging/TestLoggingContainer done
Event: 2431.155 loading class org/gradle/api/internal/tasks/testing/junit/result/TestOutputStore
Event: 2431.155 loading class org/gradle/api/internal/tasks/testing/junit/result/TestOutputStore done
Event: 2431.156 loading class org/gradle/api/internal/tasks/testing/filter/DefaultTestFilter
Event: 2431.156 loading class org/gradle/api/internal/tasks/testing/filter/DefaultTestFilter done
Event: 2431.159 loading class org/gradle/api/tasks/options/Option
Event: 2431.159 loading class org/gradle/api/tasks/options/Option done
Event: 2431.189 loading class org/gradle/api/internal/tasks/testing/logging/DefaultTestLoggingContainer
Event: 2431.189 loading class org/gradle/api/internal/tasks/testing/logging/DefaultTestLoggingContainer done
Event: 2431.374 loading class org/gradle/api/tasks/testing/logging/TestLogEvent
Event: 2431.374 loading class org/gradle/api/tasks/testing/logging/TestLogEvent done
Event: 2431.375 loading class org/gradle/api/tasks/testing/logging/TestStackTraceFilter
Event: 2431.375 loading class org/gradle/api/tasks/testing/logging/TestStackTraceFilter done
Event: 2431.438 loading class org/gradle/api/tasks/testing/logging/TestExceptionFormat
Event: 2431.438 loading class org/gradle/api/tasks/testing/logging/TestExceptionFormat done
Event: 2431.480 loading class org/gradle/api/internal/tasks/testing/logging/DefaultTestLogging
Event: 2431.480 loading class org/gradle/api/internal/tasks/testing/logging/DefaultTestLogging done


Dynamic libraries:
0x00007ff7e6eb0000 - 0x00007ff7e6eba000 	C:\Program Files\Android\Android Studio\jre\bin\java.exe
0x00007ffbb2d70000 - 0x00007ffbb2f66000 	C:\Windows\SYSTEM32\ntdll.dll
0x00007ffbb1630000 - 0x00007ffbb16ed000 	C:\Windows\System32\KERNEL32.DLL
0x00007ffbb04c0000 - 0x00007ffbb0788000 	C:\Windows\System32\KERNELBASE.dll
0x00007ffbb0a00000 - 0x00007ffbb0b00000 	C:\Windows\System32\ucrtbase.dll
0x00007ffba3480000 - 0x00007ffba3499000 	C:\Program Files\Android\Android Studio\jre\bin\jli.dll
0x00007ffbb1cb0000 - 0x00007ffbb1e50000 	C:\Windows\System32\USER32.dll
0x00007ffb7f8b0000 - 0x00007ffb7f8c7000 	C:\Program Files\Android\Android Studio\jre\bin\VCRUNTIME140.dll
0x00007ffbb0d30000 - 0x00007ffbb0d52000 	C:\Windows\System32\win32u.dll
0x00007ffbb0de0000 - 0x00007ffbb0e0a000 	C:\Windows\System32\GDI32.dll
0x00007ffbb08f0000 - 0x00007ffbb09f9000 	C:\Windows\System32\gdi32full.dll
0x00007ffbb0c40000 - 0x00007ffbb0cdd000 	C:\Windows\System32\msvcp_win.dll
0x00007ffb947a0000 - 0x00007ffb94a3b000 	C:\Windows\WinSxS\amd64_microsoft.windows.common-controls_6595b64144ccf1df_6.0.19041.488_none_ca04af081b815d21\COMCTL32.dll
0x00007ffbb1e50000 - 0x00007ffbb1eee000 	C:\Windows\System32\msvcrt.dll
0x00007ffbb1bf0000 - 0x00007ffbb1c20000 	C:\Windows\System32\IMM32.DLL
0x00007ffb795f0000 - 0x00007ffb7968d000 	C:\Program Files\Android\Android Studio\jre\bin\msvcp140.dll
0x00007ffb570a0000 - 0x00007ffb57ba2000 	C:\Program Files\Android\Android Studio\jre\bin\server\jvm.dll
0x00007ffbb17d0000 - 0x00007ffbb187a000 	C:\Windows\System32\ADVAPI32.dll
0x00007ffbb1460000 - 0x00007ffbb14fb000 	C:\Windows\System32\sechost.dll
0x00007ffbb1ef0000 - 0x00007ffbb2014000 	C:\Windows\System32\RPCRT4.dll
0x00007ffbb0fe0000 - 0x00007ffbb0fe8000 	C:\Windows\System32\PSAPI.DLL
0x00007ffbad6f0000 - 0x00007ffbad6f9000 	C:\Windows\SYSTEM32\WSOCK32.dll
0x00007ffbb1760000 - 0x00007ffbb17cb000 	C:\Windows\System32\WS2_32.dll
0x00007ffb9da40000 - 0x00007ffb9da67000 	C:\Windows\SYSTEM32\WINMM.dll
0x00007ffba63b0000 - 0x00007ffba63ba000 	C:\Windows\SYSTEM32\VERSION.dll
0x00007ffbae410000 - 0x00007ffbae422000 	C:\Windows\SYSTEM32\kernel.appcore.dll
0x00007ffb7efe0000 - 0x00007ffb7eff1000 	C:\Program Files\Android\Android Studio\jre\bin\verify.dll
0x00007ffb94af0000 - 0x00007ffb94cd4000 	C:\Windows\SYSTEM32\DBGHELP.DLL
0x00007ffb94ac0000 - 0x00007ffb94aec000 	C:\Windows\SYSTEM32\dbgcore.DLL
0x00007ffbb0d60000 - 0x00007ffbb0ddf000 	C:\Windows\System32\bcryptPrimitives.dll
0x00007ffb7dcd0000 - 0x00007ffb7dcf9000 	C:\Program Files\Android\Android Studio\jre\bin\java.dll
0x00007ffba3470000 - 0x00007ffba347b000 	C:\Program Files\Android\Android Studio\jre\bin\jimage.dll
0x00007ffb7ed30000 - 0x00007ffb7ed48000 	C:\Program Files\Android\Android Studio\jre\bin\zip.dll
0x00007ffbb2590000 - 0x00007ffbb2cd0000 	C:\Windows\System32\SHELL32.dll
0x00007ffbae610000 - 0x00007ffbaeda4000 	C:\Windows\SYSTEM32\windows.storage.dll
0x00007ffbb21d0000 - 0x00007ffbb2525000 	C:\Windows\System32\combase.dll
0x00007ffbaff30000 - 0x00007ffbaff5c000 	C:\Windows\SYSTEM32\Wldp.dll
0x00007ffbb0e10000 - 0x00007ffbb0ebe000 	C:\Windows\System32\SHCORE.dll
0x00007ffbb1700000 - 0x00007ffbb1755000 	C:\Windows\System32\shlwapi.dll
0x00007ffbb03f0000 - 0x00007ffbb0416000 	C:\Windows\SYSTEM32\profapi.dll
0x00007ffb7e4b0000 - 0x00007ffb7e4ca000 	C:\Program Files\Android\Android Studio\jre\bin\net.dll
0x00007ffba0900000 - 0x00007ffba0a00000 	C:\Windows\SYSTEM32\WINHTTP.dll
0x00007ffbafcb0000 - 0x00007ffbafd1a000 	C:\Windows\system32\mswsock.dll
0x00007ffb7e2a0000 - 0x00007ffb7e2b4000 	C:\Program Files\Android\Android Studio\jre\bin\nio.dll
0x00007ffb7f220000 - 0x00007ffb7f247000 	C:\Users\elaaf\.gradle\native\e1d6ef7f7dcc3fd88c89a11ec53ec762bb8ba0a96d01ffa2cd45eb1d1d8dd5c5\windows-amd64\native-platform.dll
0x00007ffb75780000 - 0x00007ffb758c4000 	C:\Users\elaaf\.gradle\native\0d407fdbe67a94daf76414ababcb853783967236a71b16ec16e742cd7a986fd3\windows-amd64\native-platform-file-events.dll
0x00007ffb8f990000 - 0x00007ffb8f99a000 	C:\Program Files\Android\Android Studio\jre\bin\management.dll
0x00007ffb8f120000 - 0x00007ffb8f12d000 	C:\Program Files\Android\Android Studio\jre\bin\management_ext.dll
0x00007ffbafe80000 - 0x00007ffbafe98000 	C:\Windows\SYSTEM32\CRYPTSP.dll
0x00007ffbaf5d0000 - 0x00007ffbaf604000 	C:\Windows\system32\rsaenh.dll
0x00007ffbb0bb0000 - 0x00007ffbb0bd7000 	C:\Windows\System32\bcrypt.dll
0x00007ffbb0370000 - 0x00007ffbb039e000 	C:\Windows\SYSTEM32\USERENV.dll
0x00007ffbafea0000 - 0x00007ffbafeac000 	C:\Windows\SYSTEM32\CRYPTBASE.dll
0x00007ffbaf950000 - 0x00007ffbaf98b000 	C:\Windows\SYSTEM32\IPHLPAPI.DLL
0x00007ffbb16f0000 - 0x00007ffbb16f9000 	C:\Windows\System32\NSI.dll
0x00007ffba5ec0000 - 0x00007ffba5ed7000 	C:\Windows\SYSTEM32\dhcpcsvc6.DLL
0x00007ffba7410000 - 0x00007ffba742d000 	C:\Windows\SYSTEM32\dhcpcsvc.DLL
0x00007ffbaf9a0000 - 0x00007ffbafa6b000 	C:\Windows\SYSTEM32\DNSAPI.dll

dbghelp: loaded successfully - version: 4.0.5 - missing functions: none
symbol engine: initialized successfully - sym options: 0x614 - pdb path: .;C:\Program Files\Android\Android Studio\jre\bin;C:\Windows\SYSTEM32;C:\Windows\WinSxS\amd64_microsoft.windows.common-controls_6595b64144ccf1df_6.0.19041.488_none_ca04af081b815d21;C:\Program Files\Android\Android Studio\jre\bin\server;C:\Users\elaaf\.gradle\native\e1d6ef7f7dcc3fd88c89a11ec53ec762bb8ba0a96d01ffa2cd45eb1d1d8dd5c5\windows-amd64;C:\Users\elaaf\.gradle\native\0d407fdbe67a94daf76414ababcb853783967236a71b16ec16e742cd7a986fd3\windows-amd64

VM Arguments:
jvm_args: --add-opens=java.base/java.util=ALL-UNNAMED --add-opens=java.base/java.lang=ALL-UNNAMED --add-opens=java.base/java.lang.invoke=ALL-UNNAMED --add-opens=java.base/java.util=ALL-UNNAMED --add-opens=java.prefs/java.util.prefs=ALL-UNNAMED --add-opens=java.prefs/java.util.prefs=ALL-UNNAMED --add-opens=java.base/java.nio.charset=ALL-UNNAMED --add-opens=java.base/java.net=ALL-UNNAMED --add-opens=java.base/java.util.concurrent.atomic=ALL-UNNAMED -Xmx1536M -Dfile.encoding=windows-1256 -Duser.country=US -Duser.language=en -Duser.variant 
java_command: org.gradle.launcher.daemon.bootstrap.GradleDaemon 7.5
java_class_path (initial): C:\Users\elaaf\.gradle\wrapper\dists\gradle-7.5-all\6qsw290k5lz422uaf8jf6m7co\gradle-7.5\lib\gradle-launcher-7.5.jar
Launcher Type: SUN_STANDARD

[Global flags]
     intx CICompilerCount                          = 3                                         {product} {ergonomic}
     uint ConcGCThreads                            = 1                                         {product} {ergonomic}
     uint G1ConcRefinementThreads                  = 4                                         {product} {ergonomic}
   size_t G1HeapRegionSize                         = 1048576                                   {product} {ergonomic}
    uintx GCDrainStackTargetSize                   = 64                                        {product} {ergonomic}
   size_t InitialHeapSize                          = 134217728                                 {product} {ergonomic}
   size_t MarkStackSize                            = 4194304                                   {product} {ergonomic}
   size_t MaxHeapSize                              = 1610612736                                {product} {command line}
   size_t MaxNewSize                               = 965738496                                 {product} {ergonomic}
   size_t MinHeapDeltaBytes                        = 1048576                                   {product} {ergonomic}
    uintx NonNMethodCodeHeapSize                   = 5830732                                {pd product} {ergonomic}
    uintx NonProfiledCodeHeapSize                  = 122913754                              {pd product} {ergonomic}
    uintx ProfiledCodeHeapSize                     = 122913754                              {pd product} {ergonomic}
    uintx ReservedCodeCacheSize                    = 251658240                              {pd product} {ergonomic}
     bool SegmentedCodeCache                       = true                                      {product} {ergonomic}
     bool UseCompressedClassPointers               = true                                 {lp64_product} {ergonomic}
     bool UseCompressedOops                        = true                                 {lp64_product} {ergonomic}
     bool UseG1GC                                  = true                                      {product} {ergonomic}
     bool UseLargePagesIndividualAllocation        = false                                  {pd product} {ergonomic}

Logging:
Log output configuration:
 #0: stdout all=warning uptime,level,tags
 #1: stderr all=off uptime,level,tags

Environment Variables:
JAVA_HOME=C:\Program Files\Android\Android Studio\jre
CLASSPATH=E:\sham_prize\android\\gradle\wrapper\gradle-wrapper.jar
PATH=C:\Program Files\Android\Android Studio\jre\bin;C:\oraclexe\app\oracle\product\11.2.0\server\bin;C:\Program Files (x86)\VMware\VMware Workstation\bin\;C:\Program Files (x86)\Common Files\Oracle\Java\javapath;C:\Windows\system32;C:\Windows;C:\Windows\System32\Wbem;C:\Windows\System32\WindowsPowerShell\v1.0\;C:\Windows\System32\OpenSSH\;C:\Program Files\Git\cmd;C:\Program Files\dotnet\;C:\xampp\php;C:\Chrone;C:\Program Files (x86)\Microsoft Emulator Manager\1.0\;C:\Program Files\nodejs\;E:\App;C:\Program Files (x86)\Microsoft SQL Server\150\DTS\Binn\;C:\Program Files\Azure Data Studio\bin;C:\Program Files\Microsoft SQL Server\Client SDK\ODBC\170\Tools\Binn\;C:\Program Files (x86)\Microsoft SQL Server\150\Tools\Binn\;C:\Program Files\Microsoft SQL Server\150\Tools\Binn\;C:\Program Files\Microsoft SQL Server\150\DTS\Binn\;D:\apache-maven-3.9.6\bin;C:\ProgramData\anaconda3\Lib\site-packages\jupyter.py;C:\Users\elaaf\miniconda3;C:\Users\elaaf\miniconda3\Library\mingw-w64\bin;C:\Users\elaaf\miniconda3\Library\usr\bin;C:\Users\elaaf\miniconda3\Library\bin;C:\Users\elaaf\miniconda3\Scripts;C:\Users\elaaf\AppData\Local\Programs\Python\Python312\Scripts\;C:\Users\elaaf\AppData\Local\Programs\Python\Python312\;C:\Users\elaaf\AppData\Local\Programs\Python\Launcher\;C:\Users\elaaf\AppData\Local\Microsoft\WindowsApps;C:\Users\elaaf\AppData\Local\Programs\Microsoft VS Code\bin;D:\flutter\src\flutter\bin;C:\Program Files\Java\jdk1.8.0_241\bin;C:\Users\elaaf\AppData\Local\Android\Sdk\platform-tools;C:\Users\elaaf\AppData\Local\Android\Sdk\tools;C:\Users\elaaf\AppData\Local\Android\Sdk\build-tools\30.0.3\lib;C:\Program Files\Android\Android Studio1;C:\Program Files\Android\Android Studio1\bin;C:\Program Files\Android\Android Studio1\jre;E:\IntelliJ IDEA Community Edition 2022.2.3\bin;;C:\Users\elaaf\AppData\Roaming\Composer\vendor\bin;C:\Program Files\heroku\bin;C:\Users\elaaf\AppData\Roaming\npm;C:\Program Files\Azure Data Studio\bin;D:\apache-maven-3.9.6\bin;;C:\Program Files\JetB
USERNAME=elaaf
OS=Windows_NT
PROCESSOR_IDENTIFIER=Intel64 Family 6 Model 60 Stepping 3, GenuineIntel



---------------  S Y S T E M  ---------------

OS: Windows 10 , 64 bit Build 19041 (10.0.19041.546)
OS uptime: 6 days 20:40 hours

CPU:total 4 (initial active 4) (2 cores per cpu, 2 threads per core) family 6 model 60 stepping 3 microcode 0x27, cmov, cx8, fxsr, mmx, sse, sse2, sse3, ssse3, sse4.1, sse4.2, popcnt, avx, avx2, aes, clmul, erms, lzcnt, ht, tsc, tscinvbit, bmi1, bmi2, fma

Memory: 4k page, system-wide physical 8097M (178M free)
TotalPageFile size 26847M (AvailPageFile size 161M)
current process WorkingSet (physical memory assigned to process): 254M, peak: 255M
current process commit charge ("private bytes"): 336M, peak: 413M

vm_info: OpenJDK 64-Bit Server VM (11.0.13+0-b1751.21-8125866) for windows-amd64 JRE (11.0.13+0-b1751.21-8125866), built on Feb  2 2022 03:00:22 by "builder" with MS VC++ 14.0 (VS2015)

END.
