#
# There is insufficient memory for the Java Runtime Environment to continue.
# Native memory allocation (malloc) failed to allocate 1008736 bytes for Chunk::new
# Possible reasons:
#   The system is out of physical RAM or swap space
#   The process is running with CompressedOops enabled, and the Java Heap may be blocking the growth of the native heap
# Possible solutions:
#   Reduce memory load on the system
#   Increase physical memory or swap space
#   Check if swap backing store is full
#   Decrease Java heap size (-Xmx/-Xms)
#   Decrease number of Java threads
#   Decrease Java thread stack sizes (-Xss)
#   Set larger code cache with -XX:ReservedCodeCacheSize=
#   JVM is running with Unscaled Compressed Oops mode in which the Java heap is
#     placed in the first 4GB address space. The Java Heap base address is the
#     maximum limit for the native heap growth. Please use -XX:HeapBaseMinAddress
#     to set the Java Heap base and to place the Java Heap above 4GB virtual address.
# This output file may be truncated or incomplete.
#
#  Out of Memory Error (./src/hotspot/share/memory/arena.cpp:197), pid=21580, tid=22332
#
# JRE version: OpenJDK Runtime Environment (11.0.13) (build 11.0.13+0-b1751.21-8125866)
# Java VM: OpenJDK 64-Bit Server VM (11.0.13+0-b1751.21-8125866, mixed mode, tiered, compressed oops, g1 gc, windows-amd64)
# No core dump will be written. Minidumps are not enabled by default on client versions of Windows
#

---------------  S U M M A R Y ------------

Command Line: --add-opens=java.base/java.util=ALL-UNNAMED --add-opens=java.base/java.lang=ALL-UNNAMED --add-opens=java.base/java.lang.invoke=ALL-UNNAMED --add-opens=java.base/java.util=ALL-UNNAMED --add-opens=java.prefs/java.util.prefs=ALL-UNNAMED --add-opens=java.prefs/java.util.prefs=ALL-UNNAMED --add-opens=java.base/java.nio.charset=ALL-UNNAMED --add-opens=java.base/java.net=ALL-UNNAMED --add-opens=java.base/java.util.concurrent.atomic=ALL-UNNAMED -Xmx1536M -Dfile.encoding=windows-1256 -Duser.country=US -Duser.language=en -Duser.variant org.gradle.launcher.daemon.bootstrap.GradleDaemon 7.5

Host: Intel(R) Core(TM) i5-4310M CPU @ 2.70GHz, 4 cores, 7G,  Windows 10 , 64 bit Build 19041 (10.0.19041.546)
Time: Wed Apr 24 22:08:20 2024 Turkey Standard Time elapsed time: 496.539645 seconds (0d 0h 8m 16s)

---------------  T H R E A D  ---------------

Current thread (0x00000280bb123800):  JavaThread "C2 CompilerThread0" daemon [_thread_in_native, id=22332, stack(0x000000e555400000,0x000000e555500000)]


Current CompileTask:
C2: 496539 6983 %     4       org.gradle.internal.instantiation.generator.AbstractClassGenerator::inspectType @ 207 (560 bytes)

Stack: [0x000000e555400000,0x000000e555500000]
Native frames: (J=compiled Java code, j=interpreted, Vv=VM code, C=native code)
V  [jvm.dll+0x6100fa]
V  [jvm.dll+0x747090]
V  [jvm.dll+0x7486ad]
V  [jvm.dll+0x748d83]
V  [jvm.dll+0x24ab48]
V  [jvm.dll+0xc04dc]
V  [jvm.dll+0xc0a0c]
V  [jvm.dll+0x2bfab4]
V  [jvm.dll+0x524238]
V  [jvm.dll+0x20491a]
V  [jvm.dll+0x2023c2]
V  [jvm.dll+0x188e01]
V  [jvm.dll+0x21106b]
V  [jvm.dll+0x20f8c1]
V  [jvm.dll+0x70de0f]
V  [jvm.dll+0x706a75]
V  [jvm.dll+0x60ed66]
C  [ucrtbase.dll+0x214c2]
C  [KERNEL32.DLL+0x17034]
C  [ntdll.dll+0x4cec1]


---------------  P R O C E S S  ---------------

Threads class SMR info:
_java_thread_list=0x00000280c0352fe0, length=81, elements={
0x00000280a27ee800, 0x00000280bb0ff800, 0x00000280bb101000, 0x00000280bb11e000,
0x00000280bb11f000, 0x00000280bb120800, 0x00000280bb123800, 0x00000280bb129800,
0x00000280bb12e800, 0x00000280bbbdb000, 0x00000280bd971800, 0x00000280bd481800,
0x00000280bcdc3000, 0x00000280bccb9800, 0x00000280bd997800, 0x00000280bcd4a800,
0x00000280bce5b000, 0x00000280bce99800, 0x00000280bdc9b000, 0x00000280bcf62800,
0x00000280bcb8b800, 0x00000280bcb8a800, 0x00000280bcb89000, 0x00000280bdb92800,
0x00000280bdb8f000, 0x00000280bdb93000, 0x00000280bdb94000, 0x00000280bdb8e000,
0x00000280bdb90800, 0x00000280bdb95000, 0x00000280bdb95800, 0x00000280bdb90000,
0x00000280bdb98000, 0x00000280bdb9c000, 0x00000280bdb99800, 0x00000280bdb9a800,
0x00000280bdb99000, 0x00000280bdb9b800, 0x00000280bdb96800, 0x00000280bdb9d000,
0x00000280bcb8a000, 0x00000280be559800, 0x00000280be55d800, 0x00000280be55c800,
0x00000280be55e000, 0x00000280be55c000, 0x00000280be55f000, 0x00000280be560000,
0x00000280be55a000, 0x00000280be560800, 0x00000280be55b000, 0x00000280be565800,
0x00000280be562800, 0x00000280be565000, 0x00000280be563000, 0x00000280be566800,
0x00000280be567000, 0x00000280be561800, 0x00000280be568000, 0x00000280be564000,
0x00000280c029c000, 0x00000280c029d000, 0x00000280c029f800, 0x00000280c029d800,
0x00000280c029e800, 0x00000280c02a1000, 0x00000280c02a0000, 0x00000280c029b000,
0x00000280c02a6800, 0x00000280c02a4000, 0x00000280c02a6000, 0x00000280c02a7800,
0x00000280c02a5000, 0x00000280c02a3800, 0x00000280c02a2000, 0x00000280c02a8800,
0x00000280c02a2800, 0x00000280c02aa000, 0x00000280c02a9000, 0x00000280bdb97000,
0x00000280be5fa800
}

Java Threads: ( => current thread )
  0x00000280a27ee800 JavaThread "main" [_thread_blocked, id=22044, stack(0x000000e554800000,0x000000e554900000)]
  0x00000280bb0ff800 JavaThread "Reference Handler" daemon [_thread_blocked, id=22228, stack(0x000000e554f00000,0x000000e555000000)]
  0x00000280bb101000 JavaThread "Finalizer" daemon [_thread_blocked, id=22232, stack(0x000000e555000000,0x000000e555100000)]
  0x00000280bb11e000 JavaThread "Signal Dispatcher" daemon [_thread_blocked, id=22304, stack(0x000000e555100000,0x000000e555200000)]
  0x00000280bb11f000 JavaThread "Attach Listener" daemon [_thread_blocked, id=22308, stack(0x000000e555200000,0x000000e555300000)]
  0x00000280bb120800 JavaThread "Service Thread" daemon [_thread_blocked, id=20096, stack(0x000000e555300000,0x000000e555400000)]
=>0x00000280bb123800 JavaThread "C2 CompilerThread0" daemon [_thread_in_native, id=22332, stack(0x000000e555400000,0x000000e555500000)]
  0x00000280bb129800 JavaThread "C1 CompilerThread0" daemon [_thread_in_native, id=22040, stack(0x000000e555500000,0x000000e555600000)]
  0x00000280bb12e800 JavaThread "Sweeper thread" daemon [_thread_blocked, id=9776, stack(0x000000e555600000,0x000000e555700000)]
  0x00000280bbbdb000 JavaThread "Common-Cleaner" daemon [_thread_blocked, id=22496, stack(0x000000e555700000,0x000000e555800000)]
  0x00000280bd971800 JavaThread "Daemon health stats" [_thread_blocked, id=11992, stack(0x000000e554500000,0x000000e554600000)]
  0x00000280bd481800 JavaThread "Incoming local TCP Connector on port 49743" [_thread_in_native, id=22968, stack(0x000000e555b00000,0x000000e555c00000)]
  0x00000280bcdc3000 JavaThread "Daemon periodic checks" [_thread_blocked, id=18860, stack(0x000000e555c00000,0x000000e555d00000)]
  0x00000280bccb9800 JavaThread "Daemon" [_thread_blocked, id=9212, stack(0x000000e555d00000,0x000000e555e00000)]
  0x00000280bd997800 JavaThread "Handler for socket connection from /127.0.0.1:49743 to /127.0.0.1:49745" [_thread_in_native, id=22672, stack(0x000000e555e00000,0x000000e555f00000)]
  0x00000280bcd4a800 JavaThread "Cancel handler" [_thread_blocked, id=20444, stack(0x000000e555f00000,0x000000e556000000)]
  0x00000280bce5b000 JavaThread "Daemon worker" [_thread_in_Java, id=20216, stack(0x000000e556000000,0x000000e556100000)]
  0x00000280bce99800 JavaThread "Asynchronous log dispatcher for DefaultDaemonConnection: socket connection from /127.0.0.1:49743 to /127.0.0.1:49745" [_thread_blocked, id=21004, stack(0x000000e556100000,0x000000e556200000)]
  0x00000280bdc9b000 JavaThread "Stdin handler" [_thread_blocked, id=7484, stack(0x000000e556200000,0x000000e556300000)]
  0x00000280bcf62800 JavaThread "Daemon client event forwarder" [_thread_blocked, id=5464, stack(0x000000e556300000,0x000000e556400000)]
  0x00000280bcb8b800 JavaThread "Cache worker for journal cache (C:\Users\elaaf\.gradle\caches\journal-1)" [_thread_blocked, id=22964, stack(0x000000e556500000,0x000000e556600000)]
  0x00000280bcb8a800 JavaThread "File lock request listener" [_thread_in_native, id=18600, stack(0x000000e556600000,0x000000e556700000)]
  0x00000280bcb89000 JavaThread "Cache worker for file hash cache (C:\Users\elaaf\.gradle\caches\7.5\fileHashes)" [_thread_blocked, id=22444, stack(0x000000e556700000,0x000000e556800000)]
  0x00000280bdb92800 JavaThread "File watcher server" daemon [_thread_in_native, id=22948, stack(0x000000e554700000,0x000000e554800000)]
  0x00000280bdb8f000 JavaThread "File watcher consumer" daemon [_thread_blocked, id=19492, stack(0x000000e556a00000,0x000000e556b00000)]
  0x00000280bdb93000 JavaThread "Cache worker for checksums cache (E:\sham_prize\android\.gradle\7.5\checksums)" [_thread_blocked, id=20756, stack(0x000000e556b00000,0x000000e556c00000)]
  0x00000280bdb94000 JavaThread "Cache worker for cache directory md-rule (C:\Users\elaaf\.gradle\caches\7.5\md-rule)" [_thread_blocked, id=23544, stack(0x000000e556c00000,0x000000e556d00000)]
  0x00000280bdb8e000 JavaThread "Cache worker for file content cache (C:\Users\elaaf\.gradle\caches\7.5\fileContent)" [_thread_blocked, id=21920, stack(0x000000e556d00000,0x000000e556e00000)]
  0x00000280bdb90800 JavaThread "Cache worker for file hash cache (E:\sham_prize\android\.gradle\7.5\fileHashes)" [_thread_blocked, id=9460, stack(0x000000e556e00000,0x000000e556f00000)]
  0x00000280bdb95000 JavaThread "Cache worker for cache directory md-supplier (C:\Users\elaaf\.gradle\caches\7.5\md-supplier)" [_thread_blocked, id=11616, stack(0x000000e556f00000,0x000000e557000000)]
  0x00000280bdb95800 JavaThread "Cache worker for execution history cache (C:\Users\elaaf\.gradle\caches\7.5\executionHistory)" [_thread_blocked, id=22824, stack(0x000000e557000000,0x000000e557100000)]
  0x00000280bdb90000 JavaThread "jar transforms" [_thread_blocked, id=22920, stack(0x000000e557100000,0x000000e557200000)]
  0x00000280bdb98000 JavaThread "jar transforms Thread 2" [_thread_blocked, id=24244, stack(0x000000e556800000,0x000000e556900000)]
  0x00000280bdb9c000 JavaThread "jar transforms Thread 3" [_thread_blocked, id=24304, stack(0x000000e557300000,0x000000e557400000)]
  0x00000280bdb99800 JavaThread "jar transforms Thread 4" [_thread_blocked, id=4940, stack(0x000000e557400000,0x000000e557500000)]
  0x00000280bdb9a800 JavaThread "Cache worker for dependencies-accessors (E:\sham_prize\android\.gradle\7.5\dependencies-accessors)" [_thread_blocked, id=22500, stack(0x000000e557500000,0x000000e557600000)]
  0x00000280bdb99000 JavaThread "Cache worker for Build Output Cleanup Cache (E:\sham_prize\android\.gradle\buildOutputCleanup)" [_thread_blocked, id=22140, stack(0x000000e557600000,0x000000e557700000)]
  0x00000280bdb9b800 JavaThread "Unconstrained build operations" [_thread_blocked, id=9764, stack(0x000000e554600000,0x000000e554700000)]
  0x00000280bdb96800 JavaThread "Unconstrained build operations Thread 2" [_thread_blocked, id=23616, stack(0x000000e556900000,0x000000e556a00000)]
  0x00000280bdb9d000 JavaThread "Unconstrained build operations Thread 3" [_thread_blocked, id=22804, stack(0x000000e557700000,0x000000e557800000)]
  0x00000280bcb8a000 JavaThread "Unconstrained build operations Thread 4" [_thread_blocked, id=20660, stack(0x000000e557800000,0x000000e557900000)]
  0x00000280be559800 JavaThread "Unconstrained build operations Thread 5" [_thread_blocked, id=15464, stack(0x000000e557900000,0x000000e557a00000)]
  0x00000280be55d800 JavaThread "Unconstrained build operations Thread 6" [_thread_blocked, id=16012, stack(0x000000e557a00000,0x000000e557b00000)]
  0x00000280be55c800 JavaThread "Unconstrained build operations Thread 7" [_thread_blocked, id=24080, stack(0x000000e557b00000,0x000000e557c00000)]
  0x00000280be55e000 JavaThread "Unconstrained build operations Thread 8" [_thread_blocked, id=24140, stack(0x000000e557c00000,0x000000e557d00000)]
  0x00000280be55c000 JavaThread "Unconstrained build operations Thread 9" [_thread_blocked, id=20132, stack(0x000000e557d00000,0x000000e557e00000)]
  0x00000280be55f000 JavaThread "Unconstrained build operations Thread 10" [_thread_blocked, id=23892, stack(0x000000e557e00000,0x000000e557f00000)]
  0x00000280be560000 JavaThread "Unconstrained build operations Thread 11" [_thread_blocked, id=24144, stack(0x000000e557f00000,0x000000e558000000)]
  0x00000280be55a000 JavaThread "Unconstrained build operations Thread 12" [_thread_blocked, id=24316, stack(0x000000e558000000,0x000000e558100000)]
  0x00000280be560800 JavaThread "Unconstrained build operations Thread 13" [_thread_blocked, id=24016, stack(0x000000e558100000,0x000000e558200000)]
  0x00000280be55b000 JavaThread "Unconstrained build operations Thread 14" [_thread_blocked, id=24208, stack(0x000000e558200000,0x000000e558300000)]
  0x00000280be565800 JavaThread "Unconstrained build operations Thread 15" [_thread_blocked, id=21188, stack(0x000000e558300000,0x000000e558400000)]
  0x00000280be562800 JavaThread "Unconstrained build operations Thread 16" [_thread_blocked, id=23948, stack(0x000000e558400000,0x000000e558500000)]
  0x00000280be565000 JavaThread "Unconstrained build operations Thread 17" [_thread_blocked, id=24372, stack(0x000000e558500000,0x000000e558600000)]
  0x00000280be563000 JavaThread "Unconstrained build operations Thread 18" [_thread_blocked, id=24076, stack(0x000000e558600000,0x000000e558700000)]
  0x00000280be566800 JavaThread "Unconstrained build operations Thread 19" [_thread_blocked, id=24332, stack(0x000000e558700000,0x000000e558800000)]
  0x00000280be567000 JavaThread "Unconstrained build operations Thread 20" [_thread_blocked, id=24184, stack(0x000000e558800000,0x000000e558900000)]
  0x00000280be561800 JavaThread "Unconstrained build operations Thread 21" [_thread_blocked, id=24380, stack(0x000000e558900000,0x000000e558a00000)]
  0x00000280be568000 JavaThread "Unconstrained build operations Thread 22" [_thread_blocked, id=23872, stack(0x000000e558a00000,0x000000e558b00000)]
  0x00000280be564000 JavaThread "Unconstrained build operations Thread 23" [_thread_blocked, id=24344, stack(0x000000e558b00000,0x000000e558c00000)]
  0x00000280c029c000 JavaThread "Unconstrained build operations Thread 24" [_thread_blocked, id=22424, stack(0x000000e558c00000,0x000000e558d00000)]
  0x00000280c029d000 JavaThread "Unconstrained build operations Thread 25" [_thread_blocked, id=24224, stack(0x000000e558d00000,0x000000e558e00000)]
  0x00000280c029f800 JavaThread "Unconstrained build operations Thread 26" [_thread_blocked, id=23960, stack(0x000000e558e00000,0x000000e558f00000)]
  0x00000280c029d800 JavaThread "Unconstrained build operations Thread 27" [_thread_blocked, id=24132, stack(0x000000e558f00000,0x000000e559000000)]
  0x00000280c029e800 JavaThread "Unconstrained build operations Thread 28" [_thread_blocked, id=24128, stack(0x000000e559000000,0x000000e559100000)]
  0x00000280c02a1000 JavaThread "Unconstrained build operations Thread 29" [_thread_blocked, id=24248, stack(0x000000e559100000,0x000000e559200000)]
  0x00000280c02a0000 JavaThread "Unconstrained build operations Thread 30" [_thread_blocked, id=24232, stack(0x000000e559200000,0x000000e559300000)]
  0x00000280c029b000 JavaThread "Unconstrained build operations Thread 31" [_thread_blocked, id=24072, stack(0x000000e559300000,0x000000e559400000)]
  0x00000280c02a6800 JavaThread "Unconstrained build operations Thread 32" [_thread_blocked, id=24096, stack(0x000000e559400000,0x000000e559500000)]
  0x00000280c02a4000 JavaThread "Unconstrained build operations Thread 33" [_thread_blocked, id=23876, stack(0x000000e559500000,0x000000e559600000)]
  0x00000280c02a6000 JavaThread "Unconstrained build operations Thread 34" [_thread_blocked, id=24420, stack(0x000000e559600000,0x000000e559700000)]
  0x00000280c02a7800 JavaThread "Unconstrained build operations Thread 35" [_thread_blocked, id=24396, stack(0x000000e559700000,0x000000e559800000)]
  0x00000280c02a5000 JavaThread "Unconstrained build operations Thread 36" [_thread_blocked, id=24376, stack(0x000000e559800000,0x000000e559900000)]
  0x00000280c02a3800 JavaThread "Unconstrained build operations Thread 37" [_thread_blocked, id=24240, stack(0x000000e559900000,0x000000e559a00000)]
  0x00000280c02a2000 JavaThread "Unconstrained build operations Thread 38" [_thread_blocked, id=24100, stack(0x000000e559a00000,0x000000e559b00000)]
  0x00000280c02a8800 JavaThread "Unconstrained build operations Thread 39" [_thread_blocked, id=24108, stack(0x000000e559b00000,0x000000e559c00000)]
  0x00000280c02a2800 JavaThread "Unconstrained build operations Thread 40" [_thread_blocked, id=24112, stack(0x000000e559c00000,0x000000e559d00000)]
  0x00000280c02aa000 JavaThread "Cache worker for kotlin-dsl (C:\Users\elaaf\.gradle\caches\7.5\kotlin-dsl)" [_thread_blocked, id=6312, stack(0x000000e557200000,0x000000e557300000)]
  0x00000280c02a9000 JavaThread "Cache worker for Build Output Cleanup Cache (D:\flutter\src\flutter\packages\flutter_tools\gradle\.gradle\buildOutputCleanup)" [_thread_blocked, id=14880, stack(0x000000e559d00000,0x000000e559e00000)]
  0x00000280bdb97000 JavaThread "File lock release action executor Thread 4" [_thread_blocked, id=23576, stack(0x000000e559e00000,0x000000e559f00000)]
  0x00000280be5fa800 JavaThread "Memory manager" [_thread_blocked, id=18376, stack(0x000000e559f00000,0x000000e55a000000)]

Other Threads:
  0x00000280bb0d8800 VMThread "VM Thread" [stack: 0x000000e554e00000,0x000000e554f00000] [id=22192]
  0x00000280bbc26000 WatcherThread [stack: 0x000000e555800000,0x000000e555900000] [id=22460]
  0x00000280a2807800 GCTaskThread "GC Thread#0" [stack: 0x000000e554900000,0x000000e554a00000] [id=4696]
  0x00000280bc0d7800 GCTaskThread "GC Thread#1" [stack: 0x000000e555900000,0x000000e555a00000] [id=22188]
  0x00000280bbdfb000 GCTaskThread "GC Thread#2" [stack: 0x000000e555a00000,0x000000e555b00000] [id=22196]
  0x00000280bce7f800 GCTaskThread "GC Thread#3" [stack: 0x000000e556400000,0x000000e556500000] [id=22012]
  0x00000280a282c800 ConcurrentGCThread "G1 Main Marker" [stack: 0x000000e554a00000,0x000000e554b00000] [id=21788]
  0x00000280a282e000 ConcurrentGCThread "G1 Conc#0" [stack: 0x000000e554b00000,0x000000e554c00000] [id=21776]
  0x00000280a28bf800 ConcurrentGCThread "G1 Refine#0" [stack: 0x000000e554c00000,0x000000e554d00000] [id=21772]
  0x00000280a28c2800 ConcurrentGCThread "G1 Young RemSet Sampling" [stack: 0x000000e554d00000,0x000000e554e00000] [id=22184]

Threads with active compile tasks:
C2 CompilerThread0 506643 6983 %     4       org.gradle.internal.instantiation.generator.AbstractClassGenerator::inspectType @ 207 (560 bytes)
C1 CompilerThread0 506643 6987   !   3       org.gradle.internal.instantiation.generator.AbstractClassGenerator::generateUnderLock (702 bytes)

VM state:synchronizing (normal execution)

VM Mutex/Monitor currently owned by a thread:  ([mutex/lock_event])
[0x00000280a27eafe0] Threads_lock - owner thread: 0x00000280bb0d8800

Heap address: 0x00000000a0000000, size: 1536 MB, Compressed Oops mode: 32-bit
Narrow klass base: 0x0000000000000000, Narrow klass shift: 3
Compressed class space size: 1073741824 Address: 0x0000000100000000

Heap:
 garbage-first heap   total 131072K, used 55236K [0x00000000a0000000, 0x0000000100000000)
  region size 1024K, 8 young (8192K), 5 survivors (5120K)
 Metaspace       used 62303K, capacity 64426K, committed 64592K, reserved 1105920K
  class space    used 8105K, capacity 8856K, committed 8864K, reserved 1048576K
Heap Regions: E=young(eden), S=young(survivor), O=old, HS=humongous(starts), HC=humongous(continues), CS=collection set, F=free, A=archive, TAMS=top-at-mark-start (previous, next)
|   0|0x00000000a0000000, 0x00000000a0100000, 0x00000000a0100000|100%|HS|  |TAMS 0x00000000a0100000, 0x00000000a0000000| Complete 
|   1|0x00000000a0100000, 0x00000000a0200000, 0x00000000a0200000|100%|HC|  |TAMS 0x00000000a0200000, 0x00000000a0100000| Complete 
|   2|0x00000000a0200000, 0x00000000a0300000, 0x00000000a0300000|100%|HC|  |TAMS 0x00000000a0300000, 0x00000000a0200000| Complete 
|   3|0x00000000a0300000, 0x00000000a0400000, 0x00000000a0400000|100%| O|  |TAMS 0x00000000a0400000, 0x00000000a0300000| Untracked 
|   4|0x00000000a0400000, 0x00000000a0500000, 0x00000000a0500000|100%| O|  |TAMS 0x00000000a0500000, 0x00000000a0400000| Untracked 
|   5|0x00000000a0500000, 0x00000000a0600000, 0x00000000a0600000|100%| O|  |TAMS 0x00000000a0600000, 0x00000000a0500000| Untracked 
|   6|0x00000000a0600000, 0x00000000a0700000, 0x00000000a0700000|100%| O|  |TAMS 0x00000000a0700000, 0x00000000a0600000| Untracked 
|   7|0x00000000a0700000, 0x00000000a0800000, 0x00000000a0800000|100%| O|  |TAMS 0x00000000a0800000, 0x00000000a0700000| Untracked 
|   8|0x00000000a0800000, 0x00000000a0900000, 0x00000000a0900000|100%| O|  |TAMS 0x00000000a0900000, 0x00000000a0800000| Untracked 
|   9|0x00000000a0900000, 0x00000000a0a00000, 0x00000000a0a00000|100%| O|  |TAMS 0x00000000a0a00000, 0x00000000a0900000| Untracked 
|  10|0x00000000a0a00000, 0x00000000a0b00000, 0x00000000a0b00000|100%| O|  |TAMS 0x00000000a0b00000, 0x00000000a0a00000| Untracked 
|  11|0x00000000a0b00000, 0x00000000a0c00000, 0x00000000a0c00000|100%| O|  |TAMS 0x00000000a0c00000, 0x00000000a0b00000| Untracked 
|  12|0x00000000a0c00000, 0x00000000a0d00000, 0x00000000a0d00000|100%| O|  |TAMS 0x00000000a0d00000, 0x00000000a0c00000| Untracked 
|  13|0x00000000a0d00000, 0x00000000a0e00000, 0x00000000a0e00000|100%| O|  |TAMS 0x00000000a0e00000, 0x00000000a0d00000| Untracked 
|  14|0x00000000a0e00000, 0x00000000a0f00000, 0x00000000a0f00000|100%| O|  |TAMS 0x00000000a0f00000, 0x00000000a0e00000| Untracked 
|  15|0x00000000a0f00000, 0x00000000a1000000, 0x00000000a1000000|100%| O|  |TAMS 0x00000000a1000000, 0x00000000a0f00000| Untracked 
|  16|0x00000000a1000000, 0x00000000a1100000, 0x00000000a1100000|100%| O|  |TAMS 0x00000000a1100000, 0x00000000a1000000| Untracked 
|  17|0x00000000a1100000, 0x00000000a1200000, 0x00000000a1200000|100%| O|  |TAMS 0x00000000a1200000, 0x00000000a1100000| Untracked 
|  18|0x00000000a1200000, 0x00000000a1300000, 0x00000000a1300000|100%| O|  |TAMS 0x00000000a1300000, 0x00000000a1200000| Untracked 
|  19|0x00000000a1300000, 0x00000000a1400000, 0x00000000a1400000|100%| O|  |TAMS 0x00000000a1400000, 0x00000000a1300000| Untracked 
|  20|0x00000000a1400000, 0x00000000a1500000, 0x00000000a1500000|100%| O|  |TAMS 0x00000000a1500000, 0x00000000a1400000| Untracked 
|  21|0x00000000a1500000, 0x00000000a1600000, 0x00000000a1600000|100%| O|  |TAMS 0x00000000a1600000, 0x00000000a1500000| Untracked 
|  22|0x00000000a1600000, 0x00000000a1700000, 0x00000000a1700000|100%| O|  |TAMS 0x00000000a1700000, 0x00000000a1600000| Untracked 
|  23|0x00000000a1700000, 0x00000000a1800000, 0x00000000a1800000|100%| O|  |TAMS 0x00000000a1800000, 0x00000000a1700000| Untracked 
|  24|0x00000000a1800000, 0x00000000a1900000, 0x00000000a1900000|100%| O|  |TAMS 0x00000000a1900000, 0x00000000a1800000| Untracked 
|  25|0x00000000a1900000, 0x00000000a1a00000, 0x00000000a1a00000|100%| O|  |TAMS 0x00000000a1a00000, 0x00000000a1900000| Untracked 
|  26|0x00000000a1a00000, 0x00000000a1b00000, 0x00000000a1b00000|100%| O|  |TAMS 0x00000000a1b00000, 0x00000000a1a00000| Untracked 
|  27|0x00000000a1b00000, 0x00000000a1c00000, 0x00000000a1c00000|100%|HS|  |TAMS 0x00000000a1c00000, 0x00000000a1b00000| Complete 
|  28|0x00000000a1c00000, 0x00000000a1d00000, 0x00000000a1d00000|100%|HS|  |TAMS 0x00000000a1d00000, 0x00000000a1c00000| Complete 
|  29|0x00000000a1d00000, 0x00000000a1e00000, 0x00000000a1e00000|100%|HS|  |TAMS 0x00000000a1e00000, 0x00000000a1d00000| Complete 
|  30|0x00000000a1e00000, 0x00000000a1f00000, 0x00000000a1f00000|100%|HS|  |TAMS 0x00000000a1f00000, 0x00000000a1e00000| Complete 
|  31|0x00000000a1f00000, 0x00000000a2000000, 0x00000000a2000000|100%|HC|  |TAMS 0x00000000a2000000, 0x00000000a1f00000| Complete 
|  32|0x00000000a2000000, 0x00000000a2100000, 0x00000000a2100000|100%|HC|  |TAMS 0x00000000a2100000, 0x00000000a2000000| Complete 
|  33|0x00000000a2100000, 0x00000000a2200000, 0x00000000a2200000|100%| O|  |TAMS 0x00000000a2200000, 0x00000000a2100000| Untracked 
|  34|0x00000000a2200000, 0x00000000a2300000, 0x00000000a2300000|100%|HS|  |TAMS 0x00000000a2300000, 0x00000000a2200000| Complete 
|  35|0x00000000a2300000, 0x00000000a2400000, 0x00000000a2400000|100%|HC|  |TAMS 0x00000000a2400000, 0x00000000a2300000| Complete 
|  36|0x00000000a2400000, 0x00000000a2500000, 0x00000000a2500000|100%| O|  |TAMS 0x00000000a2500000, 0x00000000a2400000| Untracked 
|  37|0x00000000a2500000, 0x00000000a2600000, 0x00000000a2600000|100%| O|  |TAMS 0x00000000a2600000, 0x00000000a2500000| Untracked 
|  38|0x00000000a2600000, 0x00000000a2700000, 0x00000000a2700000|100%| O|  |TAMS 0x00000000a2700000, 0x00000000a2600000| Untracked 
|  39|0x00000000a2700000, 0x00000000a2800000, 0x00000000a2800000|100%| O|  |TAMS 0x00000000a2800000, 0x00000000a2700000| Untracked 
|  40|0x00000000a2800000, 0x00000000a2900000, 0x00000000a2900000|100%| O|  |TAMS 0x00000000a2900000, 0x00000000a2800000| Untracked 
|  41|0x00000000a2900000, 0x00000000a2a00000, 0x00000000a2a00000|100%| O|  |TAMS 0x00000000a2a00000, 0x00000000a2900000| Untracked 
|  42|0x00000000a2a00000, 0x00000000a2b00000, 0x00000000a2b00000|100%| O|  |TAMS 0x00000000a2b00000, 0x00000000a2a00000| Untracked 
|  43|0x00000000a2b00000, 0x00000000a2c00000, 0x00000000a2c00000|100%| O|  |TAMS 0x00000000a2c00000, 0x00000000a2b00000| Untracked 
|  44|0x00000000a2c00000, 0x00000000a2d00000, 0x00000000a2d00000|100%| O|  |TAMS 0x00000000a2d00000, 0x00000000a2c00000| Untracked 
|  45|0x00000000a2d00000, 0x00000000a2d00000, 0x00000000a2e00000|  0%| F|  |TAMS 0x00000000a2d00000, 0x00000000a2d00000| Untracked 
|  46|0x00000000a2e00000, 0x00000000a2e00000, 0x00000000a2f00000|  0%| F|  |TAMS 0x00000000a2e00000, 0x00000000a2e00000| Untracked 
|  47|0x00000000a2f00000, 0x00000000a2f00000, 0x00000000a3000000|  0%| F|  |TAMS 0x00000000a2f00000, 0x00000000a2f00000| Untracked 
|  48|0x00000000a3000000, 0x00000000a3000000, 0x00000000a3100000|  0%| F|  |TAMS 0x00000000a3000000, 0x00000000a3000000| Untracked 
|  49|0x00000000a3100000, 0x00000000a3100000, 0x00000000a3200000|  0%| F|  |TAMS 0x00000000a3100000, 0x00000000a3100000| Untracked 
|  50|0x00000000a3200000, 0x00000000a3200000, 0x00000000a3300000|  0%| F|  |TAMS 0x00000000a3200000, 0x00000000a3200000| Untracked 
|  51|0x00000000a3300000, 0x00000000a3400000, 0x00000000a3400000|100%| O|  |TAMS 0x00000000a3400000, 0x00000000a3300000| Untracked 
|  52|0x00000000a3400000, 0x00000000a3500000, 0x00000000a3500000|100%| O|  |TAMS 0x00000000a3500000, 0x00000000a3400000| Untracked 
|  53|0x00000000a3500000, 0x00000000a356e200, 0x00000000a3600000| 43%| O|  |TAMS 0x00000000a356e200, 0x00000000a3500000| Untracked 
|  54|0x00000000a3600000, 0x00000000a3600000, 0x00000000a3700000|  0%| F|  |TAMS 0x00000000a3600000, 0x00000000a3600000| Untracked 
|  55|0x00000000a3700000, 0x00000000a3700000, 0x00000000a3800000|  0%| F|  |TAMS 0x00000000a3700000, 0x00000000a3700000| Untracked 
|  56|0x00000000a3800000, 0x00000000a3800000, 0x00000000a3900000|  0%| F|  |TAMS 0x00000000a3800000, 0x00000000a3800000| Untracked 
|  57|0x00000000a3900000, 0x00000000a3900000, 0x00000000a3a00000|  0%| F|  |TAMS 0x00000000a3900000, 0x00000000a3900000| Untracked 
|  58|0x00000000a3a00000, 0x00000000a3a00000, 0x00000000a3b00000|  0%| F|  |TAMS 0x00000000a3a00000, 0x00000000a3a00000| Untracked 
|  59|0x00000000a3b00000, 0x00000000a3b00000, 0x00000000a3c00000|  0%| F|  |TAMS 0x00000000a3b00000, 0x00000000a3b00000| Untracked 
|  60|0x00000000a3c00000, 0x00000000a3c00000, 0x00000000a3d00000|  0%| F|  |TAMS 0x00000000a3c00000, 0x00000000a3c00000| Untracked 
|  61|0x00000000a3d00000, 0x00000000a3d00000, 0x00000000a3e00000|  0%| F|  |TAMS 0x00000000a3d00000, 0x00000000a3d00000| Untracked 
|  62|0x00000000a3e00000, 0x00000000a3e00000, 0x00000000a3f00000|  0%| F|  |TAMS 0x00000000a3e00000, 0x00000000a3e00000| Untracked 
|  63|0x00000000a3f00000, 0x00000000a3f00000, 0x00000000a4000000|  0%| F|  |TAMS 0x00000000a3f00000, 0x00000000a3f00000| Untracked 
|  64|0x00000000a4000000, 0x00000000a4000000, 0x00000000a4100000|  0%| F|  |TAMS 0x00000000a4000000, 0x00000000a4000000| Untracked 
|  65|0x00000000a4100000, 0x00000000a4100000, 0x00000000a4200000|  0%| F|  |TAMS 0x00000000a4100000, 0x00000000a4100000| Untracked 
|  66|0x00000000a4200000, 0x00000000a4200000, 0x00000000a4300000|  0%| F|  |TAMS 0x00000000a4200000, 0x00000000a4200000| Untracked 
|  67|0x00000000a4300000, 0x00000000a4382f00, 0x00000000a4400000| 51%| S|CS|TAMS 0x00000000a4300000, 0x00000000a4300000| Complete 
|  68|0x00000000a4400000, 0x00000000a4500000, 0x00000000a4500000|100%| S|CS|TAMS 0x00000000a4400000, 0x00000000a4400000| Complete 
|  69|0x00000000a4500000, 0x00000000a4600000, 0x00000000a4600000|100%| S|CS|TAMS 0x00000000a4500000, 0x00000000a4500000| Complete 
|  70|0x00000000a4600000, 0x00000000a4700000, 0x00000000a4700000|100%| S|CS|TAMS 0x00000000a4600000, 0x00000000a4600000| Complete 
|  71|0x00000000a4700000, 0x00000000a4700000, 0x00000000a4800000|  0%| F|  |TAMS 0x00000000a4700000, 0x00000000a4700000| Untracked 
|  72|0x00000000a4800000, 0x00000000a4900000, 0x00000000a4900000|100%| S|CS|TAMS 0x00000000a4800000, 0x00000000a4800000| Complete 
|  73|0x00000000a4900000, 0x00000000a4900000, 0x00000000a4a00000|  0%| F|  |TAMS 0x00000000a4900000, 0x00000000a4900000| Untracked 
|  74|0x00000000a4a00000, 0x00000000a4a00000, 0x00000000a4b00000|  0%| F|  |TAMS 0x00000000a4a00000, 0x00000000a4a00000| Untracked 
|  75|0x00000000a4b00000, 0x00000000a4b00000, 0x00000000a4c00000|  0%| F|  |TAMS 0x00000000a4b00000, 0x00000000a4b00000| Untracked 
|  76|0x00000000a4c00000, 0x00000000a4c00000, 0x00000000a4d00000|  0%| F|  |TAMS 0x00000000a4c00000, 0x00000000a4c00000| Untracked 
|  77|0x00000000a4d00000, 0x00000000a4d00000, 0x00000000a4e00000|  0%| F|  |TAMS 0x00000000a4d00000, 0x00000000a4d00000| Untracked 
|  78|0x00000000a4e00000, 0x00000000a4e00000, 0x00000000a4f00000|  0%| F|  |TAMS 0x00000000a4e00000, 0x00000000a4e00000| Untracked 
|  79|0x00000000a4f00000, 0x00000000a4f00000, 0x00000000a5000000|  0%| F|  |TAMS 0x00000000a4f00000, 0x00000000a4f00000| Untracked 
|  80|0x00000000a5000000, 0x00000000a5000000, 0x00000000a5100000|  0%| F|  |TAMS 0x00000000a5000000, 0x00000000a5000000| Untracked 
|  81|0x00000000a5100000, 0x00000000a5100000, 0x00000000a5200000|  0%| F|  |TAMS 0x00000000a5100000, 0x00000000a5100000| Untracked 
|  82|0x00000000a5200000, 0x00000000a5200000, 0x00000000a5300000|  0%| F|  |TAMS 0x00000000a5200000, 0x00000000a5200000| Untracked 
|  83|0x00000000a5300000, 0x00000000a5300000, 0x00000000a5400000|  0%| F|  |TAMS 0x00000000a5300000, 0x00000000a5300000| Untracked 
|  84|0x00000000a5400000, 0x00000000a5400000, 0x00000000a5500000|  0%| F|  |TAMS 0x00000000a5400000, 0x00000000a5400000| Untracked 
|  85|0x00000000a5500000, 0x00000000a5500000, 0x00000000a5600000|  0%| F|  |TAMS 0x00000000a5500000, 0x00000000a5500000| Untracked 
|  86|0x00000000a5600000, 0x00000000a5600000, 0x00000000a5700000|  0%| F|  |TAMS 0x00000000a5600000, 0x00000000a5600000| Untracked 
|  87|0x00000000a5700000, 0x00000000a5700000, 0x00000000a5800000|  0%| F|  |TAMS 0x00000000a5700000, 0x00000000a5700000| Untracked 
|  88|0x00000000a5800000, 0x00000000a5800000, 0x00000000a5900000|  0%| F|  |TAMS 0x00000000a5800000, 0x00000000a5800000| Untracked 
|  89|0x00000000a5900000, 0x00000000a5900000, 0x00000000a5a00000|  0%| F|  |TAMS 0x00000000a5900000, 0x00000000a5900000| Untracked 
|  90|0x00000000a5a00000, 0x00000000a5a00000, 0x00000000a5b00000|  0%| F|  |TAMS 0x00000000a5a00000, 0x00000000a5a00000| Untracked 
|  91|0x00000000a5b00000, 0x00000000a5b00000, 0x00000000a5c00000|  0%| F|  |TAMS 0x00000000a5b00000, 0x00000000a5b00000| Untracked 
|  92|0x00000000a5c00000, 0x00000000a5c00000, 0x00000000a5d00000|  0%| F|  |TAMS 0x00000000a5c00000, 0x00000000a5c00000| Untracked 
|  93|0x00000000a5d00000, 0x00000000a5d00000, 0x00000000a5e00000|  0%| F|  |TAMS 0x00000000a5d00000, 0x00000000a5d00000| Untracked 
|  94|0x00000000a5e00000, 0x00000000a5e00000, 0x00000000a5f00000|  0%| F|  |TAMS 0x00000000a5e00000, 0x00000000a5e00000| Untracked 
|  95|0x00000000a5f00000, 0x00000000a5f00000, 0x00000000a6000000|  0%| F|  |TAMS 0x00000000a5f00000, 0x00000000a5f00000| Untracked 
|  96|0x00000000a6000000, 0x00000000a6000000, 0x00000000a6100000|  0%| F|  |TAMS 0x00000000a6000000, 0x00000000a6000000| Untracked 
|  97|0x00000000a6100000, 0x00000000a6100000, 0x00000000a6200000|  0%| F|  |TAMS 0x00000000a6100000, 0x00000000a6100000| Untracked 
|  98|0x00000000a6200000, 0x00000000a6200000, 0x00000000a6300000|  0%| F|  |TAMS 0x00000000a6200000, 0x00000000a6200000| Untracked 
|  99|0x00000000a6300000, 0x00000000a6300000, 0x00000000a6400000|  0%| F|  |TAMS 0x00000000a6300000, 0x00000000a6300000| Untracked 
| 100|0x00000000a6400000, 0x00000000a6400000, 0x00000000a6500000|  0%| F|  |TAMS 0x00000000a6400000, 0x00000000a6400000| Untracked 
| 101|0x00000000a6500000, 0x00000000a6500000, 0x00000000a6600000|  0%| F|  |TAMS 0x00000000a6500000, 0x00000000a6500000| Untracked 
| 102|0x00000000a6600000, 0x00000000a6600000, 0x00000000a6700000|  0%| F|  |TAMS 0x00000000a6600000, 0x00000000a6600000| Untracked 
| 103|0x00000000a6700000, 0x00000000a6700000, 0x00000000a6800000|  0%| F|  |TAMS 0x00000000a6700000, 0x00000000a6700000| Untracked 
| 104|0x00000000a6800000, 0x00000000a6800000, 0x00000000a6900000|  0%| F|  |TAMS 0x00000000a6800000, 0x00000000a6800000| Untracked 
| 105|0x00000000a6900000, 0x00000000a6900000, 0x00000000a6a00000|  0%| F|  |TAMS 0x00000000a6900000, 0x00000000a6900000| Untracked 
| 106|0x00000000a6a00000, 0x00000000a6a00000, 0x00000000a6b00000|  0%| F|  |TAMS 0x00000000a6a00000, 0x00000000a6a00000| Untracked 
| 107|0x00000000a6b00000, 0x00000000a6b00000, 0x00000000a6c00000|  0%| F|  |TAMS 0x00000000a6b00000, 0x00000000a6b00000| Untracked 
| 108|0x00000000a6c00000, 0x00000000a6c00000, 0x00000000a6d00000|  0%| F|  |TAMS 0x00000000a6c00000, 0x00000000a6c00000| Untracked 
| 109|0x00000000a6d00000, 0x00000000a6d00000, 0x00000000a6e00000|  0%| F|  |TAMS 0x00000000a6d00000, 0x00000000a6d00000| Untracked 
| 110|0x00000000a6e00000, 0x00000000a6e00000, 0x00000000a6f00000|  0%| F|  |TAMS 0x00000000a6e00000, 0x00000000a6e00000| Untracked 
| 111|0x00000000a6f00000, 0x00000000a6f00000, 0x00000000a7000000|  0%| F|  |TAMS 0x00000000a6f00000, 0x00000000a6f00000| Untracked 
| 112|0x00000000a7000000, 0x00000000a7000000, 0x00000000a7100000|  0%| F|  |TAMS 0x00000000a7000000, 0x00000000a7000000| Untracked 
| 113|0x00000000a7100000, 0x00000000a7100000, 0x00000000a7200000|  0%| F|  |TAMS 0x00000000a7100000, 0x00000000a7100000| Untracked 
| 114|0x00000000a7200000, 0x00000000a7200000, 0x00000000a7300000|  0%| F|  |TAMS 0x00000000a7200000, 0x00000000a7200000| Untracked 
| 115|0x00000000a7300000, 0x00000000a7300000, 0x00000000a7400000|  0%| F|  |TAMS 0x00000000a7300000, 0x00000000a7300000| Untracked 
| 116|0x00000000a7400000, 0x00000000a7400000, 0x00000000a7500000|  0%| F|  |TAMS 0x00000000a7400000, 0x00000000a7400000| Untracked 
| 117|0x00000000a7500000, 0x00000000a7500000, 0x00000000a7600000|  0%| F|  |TAMS 0x00000000a7500000, 0x00000000a7500000| Untracked 
| 118|0x00000000a7600000, 0x00000000a7600000, 0x00000000a7700000|  0%| F|  |TAMS 0x00000000a7600000, 0x00000000a7600000| Untracked 
| 119|0x00000000a7700000, 0x00000000a7700000, 0x00000000a7800000|  0%| F|  |TAMS 0x00000000a7700000, 0x00000000a7700000| Untracked 
| 120|0x00000000a7800000, 0x00000000a7800000, 0x00000000a7900000|  0%| F|  |TAMS 0x00000000a7800000, 0x00000000a7800000| Untracked 
| 121|0x00000000a7900000, 0x00000000a7900000, 0x00000000a7a00000|  0%| F|  |TAMS 0x00000000a7900000, 0x00000000a7900000| Untracked 
| 122|0x00000000a7a00000, 0x00000000a7a00000, 0x00000000a7b00000|  0%| F|  |TAMS 0x00000000a7a00000, 0x00000000a7a00000| Untracked 
| 123|0x00000000a7b00000, 0x00000000a7bb0970, 0x00000000a7c00000| 68%| E|  |TAMS 0x00000000a7b00000, 0x00000000a7b00000| Complete 
| 124|0x00000000a7c00000, 0x00000000a7d00000, 0x00000000a7d00000|100%| E|CS|TAMS 0x00000000a7c00000, 0x00000000a7c00000| Complete 
| 125|0x00000000a7d00000, 0x00000000a7e00000, 0x00000000a7e00000|100%| E|CS|TAMS 0x00000000a7d00000, 0x00000000a7d00000| Complete 
| 126|0x00000000a7e00000, 0x00000000a7f00000, 0x00000000a7f00000|100%| E|CS|TAMS 0x00000000a7e00000, 0x00000000a7e00000| Complete 
| 127|0x00000000a7f00000, 0x00000000a8000000, 0x00000000a8000000|100%| E|CS|TAMS 0x00000000a7f00000, 0x00000000a7f00000| Complete 

Card table byte_map: [0x00000280b5610000,0x00000280b5910000] _byte_map_base: 0x00000280b5110000

Marking Bits (Prev, Next): (CMBitMap*) 0x00000280a2825dc0, (CMBitMap*) 0x00000280a2825d88
 Prev Bits: [0x00000280b7410000, 0x00000280b8c10000)
 Next Bits: [0x00000280b5c10000, 0x00000280b7410000)

Polling page: 0x00000280a05f0000

Metaspace:

Usage:
  Non-class:     54.36 MB capacity,    53.06 MB ( 98%) used,     1.10 MB (  2%) free+waste,   201.44 KB ( <1%) overhead. 
      Class:      8.69 MB capacity,     7.95 MB ( 91%) used,   668.05 KB (  8%) free+waste,    96.75 KB (  1%) overhead. 
       Both:     63.05 MB capacity,    61.01 MB ( 97%) used,     1.75 MB (  3%) free+waste,   298.19 KB ( <1%) overhead. 

Virtual space:
  Non-class space:       56.00 MB reserved,      54.42 MB ( 97%) committed 
      Class space:        1.00 GB reserved,       8.78 MB ( <1%) committed 
             Both:        1.05 GB reserved,      63.20 MB (  6%) committed 

Chunk freelists:
   Non-Class:  1.00 KB
       Class:  26.00 KB
        Both:  27.00 KB

MaxMetaspaceSize: 17179869184.00 GB
CompressedClassSpaceSize: 1.00 GB
Initial GC threshold: 20.80 MB
Current GC threshold: 99.02 MB
CDS: off

CodeHeap 'non-profiled nmethods': size=120064Kb used=3976Kb max_used=3976Kb free=116087Kb
 bounds [0x00000280addd0000, 0x00000280ae1c0000, 0x00000280b5310000]
CodeHeap 'profiled nmethods': size=120000Kb used=14674Kb max_used=14674Kb free=105325Kb
 bounds [0x00000280a68a0000, 0x00000280a7700000, 0x00000280addd0000]
CodeHeap 'non-nmethods': size=5696Kb used=2333Kb max_used=2367Kb free=3362Kb
 bounds [0x00000280a6310000, 0x00000280a6580000, 0x00000280a68a0000]
 total_blobs=7818 nmethods=6970 adapters=760
 compilation: enabled
              stopped_count=0, restarted_count=0
 full_count=0

Compilation events (20 events):
Event: 493.153 Thread 0x00000280bb123800 nmethod 6974 0x00000280ae1b0490 code [0x00000280ae1b0620, 0x00000280ae1b08f8]
Event: 493.170 Thread 0x00000280bb129800 6975       3       org.gradle.internal.instantiation.generator.AbstractClassGenerator$PropertyMetadata::addSetter (41 bytes)
Event: 493.171 Thread 0x00000280bb129800 nmethod 6975 0x00000280a76e3010 code [0x00000280a76e3200, 0x00000280a76e36d8]
Event: 493.171 Thread 0x00000280bb123800 6976       4       java.lang.Class::forName (47 bytes)
Event: 493.172 Thread 0x00000280bb123800 nmethod 6976 0x00000280ae1b0a90 code [0x00000280ae1b0c40, 0x00000280ae1b0ce8]
Event: 493.181 Thread 0x00000280bb123800 6977       4       org.gradle.internal.instantiation.generator.AbstractClassGenerator$PropertyMetadata::getType (34 bytes)
Event: 493.183 Thread 0x00000280bb129800 6978       3       org.objectweb.asm.Frame::execute (2318 bytes)
Event: 493.185 Thread 0x00000280bb123800 nmethod 6977 0x00000280ae1b0d90 code [0x00000280ae1b0f40, 0x00000280ae1b11b8]
Event: 493.186 Thread 0x00000280bb123800 6979       4       org.objectweb.asm.Frame::getLocal (46 bytes)
Event: 493.187 Thread 0x00000280bb123800 nmethod 6979 0x00000280ae1b1410 code [0x00000280ae1b15a0, 0x00000280ae1b1658]
Event: 493.191 Thread 0x00000280bb129800 nmethod 6978 0x00000280a76e3890 code [0x00000280a76e4600, 0x00000280a76ead38]
Event: 493.191 Thread 0x00000280bb129800 6981       3       org.objectweb.asm.Type::getArgumentsAndReturnSizes (140 bytes)
Event: 493.194 Thread 0x00000280bb129800 nmethod 6981 0x00000280a76eca10 code [0x00000280a76ece20, 0x00000280a76eedb8]
Event: 493.194 Thread 0x00000280bb129800 6980       3       org.objectweb.asm.Frame::getAbstractTypeFromDescriptor (415 bytes)
Event: 493.197 Thread 0x00000280bb129800 nmethod 6980 0x00000280a76ef990 code [0x00000280a76efd40, 0x00000280a76f18d8]
Event: 493.202 Thread 0x00000280bb123800 6982       4       org.objectweb.asm.ByteVector::putByteArray (49 bytes)
Event: 493.204 Thread 0x00000280bb123800 nmethod 6982 0x00000280ae1b1710 code [0x00000280ae1b18a0, 0x00000280ae1b19f8]
Event: 493.217 Thread 0x00000280bb123800 6983 %     4       org.gradle.internal.instantiation.generator.AbstractClassGenerator::inspectType @ 207 (560 bytes)
Event: 493.340 Thread 0x00000280bb129800 6984       3       org.gradle.internal.instantiation.generator.AbstractClassGenerator$ExtensibleTypePropertyHandler::applyTo (228 bytes)
Event: 493.342 Thread 0x00000280bb129800 nmethod 6984 0x00000280a76f2210 code [0x00000280a76f2600, 0x00000280a76f42b8]

GC Heap History (20 events):
Event: 108.985 GC heap before
{Heap before GC invocations=4 (full 0):
 garbage-first heap   total 131072K, used 43873K [0x00000000a0000000, 0x0000000100000000)
  region size 1024K, 34 young (34816K), 6 survivors (6144K)
 Metaspace       used 20730K, capacity 21141K, committed 21296K, reserved 1069056K
  class space    used 2480K, capacity 2621K, committed 2688K, reserved 1048576K
}
Event: 109.012 GC heap after
{Heap after GC invocations=5 (full 0):
 garbage-first heap   total 131072K, used 17781K [0x00000000a0000000, 0x0000000100000000)
  region size 1024K, 2 young (2048K), 2 survivors (2048K)
 Metaspace       used 20730K, capacity 21141K, committed 21296K, reserved 1069056K
  class space    used 2480K, capacity 2621K, committed 2688K, reserved 1048576K
}
Event: 143.937 GC heap before
{Heap before GC invocations=6 (full 0):
 garbage-first heap   total 131072K, used 66933K [0x00000000a0000000, 0x0000000100000000)
  region size 1024K, 50 young (51200K), 2 survivors (2048K)
 Metaspace       used 25731K, capacity 26357K, committed 26492K, reserved 1073152K
  class space    used 3286K, capacity 3517K, committed 3532K, reserved 1048576K
}
Event: 143.943 GC heap after
{Heap after GC invocations=7 (full 0):
 garbage-first heap   total 131072K, used 19264K [0x00000000a0000000, 0x0000000100000000)
  region size 1024K, 3 young (3072K), 3 survivors (3072K)
 Metaspace       used 25731K, capacity 26357K, committed 26492K, reserved 1073152K
  class space    used 3286K, capacity 3517K, committed 3532K, reserved 1048576K
}
Event: 181.609 GC heap before
{Heap before GC invocations=7 (full 0):
 garbage-first heap   total 131072K, used 83776K [0x00000000a0000000, 0x0000000100000000)
  region size 1024K, 66 young (67584K), 3 survivors (3072K)
 Metaspace       used 32462K, capacity 33151K, committed 33276K, reserved 1077248K
  class space    used 4284K, capacity 4576K, committed 4684K, reserved 1048576K
}
Event: 181.621 GC heap after
{Heap after GC invocations=8 (full 0):
 garbage-first heap   total 131072K, used 21781K [0x00000000a0000000, 0x0000000100000000)
  region size 1024K, 6 young (6144K), 6 survivors (6144K)
 Metaspace       used 32462K, capacity 33151K, committed 33276K, reserved 1077248K
  class space    used 4284K, capacity 4576K, committed 4684K, reserved 1048576K
}
Event: 183.694 GC heap before
{Heap before GC invocations=8 (full 0):
 garbage-first heap   total 131072K, used 26901K [0x00000000a0000000, 0x0000000100000000)
  region size 1024K, 12 young (12288K), 6 survivors (6144K)
 Metaspace       used 35174K, capacity 35953K, committed 36048K, reserved 1081344K
  class space    used 4497K, capacity 4827K, committed 4896K, reserved 1048576K
}
Event: 183.707 GC heap after
{Heap after GC invocations=9 (full 0):
 garbage-first heap   total 131072K, used 22857K [0x00000000a0000000, 0x0000000100000000)
  region size 1024K, 6 young (6144K), 6 survivors (6144K)
 Metaspace       used 35174K, capacity 35953K, committed 36048K, reserved 1081344K
  class space    used 4497K, capacity 4827K, committed 4896K, reserved 1048576K
}
Event: 223.232 GC heap before
{Heap before GC invocations=10 (full 0):
 garbage-first heap   total 131072K, used 91465K [0x00000000a0000000, 0x0000000100000000)
  region size 1024K, 71 young (72704K), 6 survivors (6144K)
 Metaspace       used 40556K, capacity 41648K, committed 41808K, reserved 1085440K
  class space    used 5095K, capacity 5529K, committed 5536K, reserved 1048576K
}
Event: 223.250 GC heap after
{Heap after GC invocations=11 (full 0):
 garbage-first heap   total 131072K, used 27896K [0x00000000a0000000, 0x0000000100000000)
  region size 1024K, 9 young (9216K), 9 survivors (9216K)
 Metaspace       used 40556K, capacity 41648K, committed 41808K, reserved 1085440K
  class space    used 5095K, capacity 5529K, committed 5536K, reserved 1048576K
}
Event: 244.189 GC heap before
{Heap before GC invocations=11 (full 0):
 garbage-first heap   total 131072K, used 96504K [0x00000000a0000000, 0x0000000100000000)
  region size 1024K, 76 young (77824K), 9 survivors (9216K)
 Metaspace       used 45722K, capacity 46963K, committed 47184K, reserved 1089536K
  class space    used 5799K, capacity 6249K, committed 6304K, reserved 1048576K
}
Event: 244.228 GC heap after
{Heap after GC invocations=12 (full 0):
 garbage-first heap   total 131072K, used 30629K [0x00000000a0000000, 0x0000000100000000)
  region size 1024K, 8 young (8192K), 8 survivors (8192K)
 Metaspace       used 45722K, capacity 46963K, committed 47184K, reserved 1089536K
  class space    used 5799K, capacity 6249K, committed 6304K, reserved 1048576K
}
Event: 280.326 GC heap before
{Heap before GC invocations=12 (full 0):
 garbage-first heap   total 131072K, used 99237K [0x00000000a0000000, 0x0000000100000000)
  region size 1024K, 75 young (76800K), 8 survivors (8192K)
 Metaspace       used 49030K, capacity 50331K, committed 50384K, reserved 1093632K
  class space    used 6180K, capacity 6667K, committed 6688K, reserved 1048576K
}
Event: 280.346 GC heap after
{Heap after GC invocations=13 (full 0):
 garbage-first heap   total 131072K, used 32914K [0x00000000a0000000, 0x0000000100000000)
  region size 1024K, 6 young (6144K), 6 survivors (6144K)
 Metaspace       used 49030K, capacity 50331K, committed 50384K, reserved 1093632K
  class space    used 6180K, capacity 6667K, committed 6688K, reserved 1048576K
}
Event: 423.541 GC heap before
{Heap before GC invocations=13 (full 0):
 garbage-first heap   total 131072K, used 109714K [0x00000000a0000000, 0x0000000100000000)
  region size 1024K, 73 young (74752K), 6 survivors (6144K)
 Metaspace       used 50735K, capacity 52280K, committed 52560K, reserved 1095680K
  class space    used 6434K, capacity 6974K, committed 7072K, reserved 1048576K
}
Event: 423.554 GC heap after
{Heap after GC invocations=14 (full 0):
 garbage-first heap   total 131072K, used 48520K [0x00000000a0000000, 0x0000000100000000)
  region size 1024K, 10 young (10240K), 10 survivors (10240K)
 Metaspace       used 50735K, capacity 52280K, committed 52560K, reserved 1095680K
  class space    used 6434K, capacity 6974K, committed 7072K, reserved 1048576K
}
Event: 455.077 GC heap before
{Heap before GC invocations=14 (full 0):
 garbage-first heap   total 131072K, used 102792K [0x00000000a0000000, 0x0000000100000000)
  region size 1024K, 63 young (64512K), 10 survivors (10240K)
 Metaspace       used 55510K, capacity 57274K, committed 57424K, reserved 1099776K
  class space    used 7126K, capacity 7789K, committed 7840K, reserved 1048576K
}
Event: 455.090 GC heap after
{Heap after GC invocations=15 (full 0):
 garbage-first heap   total 131072K, used 51254K [0x00000000a0000000, 0x0000000100000000)
  region size 1024K, 3 young (3072K), 3 survivors (3072K)
 Metaspace       used 55510K, capacity 57274K, committed 57424K, reserved 1099776K
  class space    used 7126K, capacity 7789K, committed 7840K, reserved 1048576K
}
Event: 464.980 GC heap before
{Heap before GC invocations=15 (full 0):
 garbage-first heap   total 131072K, used 102454K [0x00000000a0000000, 0x0000000100000000)
  region size 1024K, 54 young (55296K), 3 survivors (3072K)
 Metaspace       used 58733K, capacity 60448K, committed 60508K, reserved 1101824K
  class space    used 7544K, capacity 8206K, committed 8224K, reserved 1048576K
}
Event: 464.986 GC heap after
{Heap after GC invocations=16 (full 0):
 garbage-first heap   total 131072K, used 51376K [0x00000000a0000000, 0x0000000100000000)
  region size 1024K, 3 young (3072K), 3 survivors (3072K)
 Metaspace       used 58733K, capacity 60448K, committed 60508K, reserved 1101824K
  class space    used 7544K, capacity 8206K, committed 8224K, reserved 1048576K
}

Deoptimization events (20 events):
Event: 492.074 Thread 0x00000280bce5b000 Uncommon trap: trap_request=0xffffffbe fr.pc=0x00000280ae1abe10 relative=0x0000000000002db0
Event: 492.074 Thread 0x00000280bce5b000 Uncommon trap: reason=profile_predicate action=maybe_recompile pc=0x00000280ae1abe10 method=java.util.TreeMap.put(Ljava/lang/Object;Ljava/lang/Object;)Ljava/lang/Object; @ 55 c2
Event: 492.074 Thread 0x00000280bce5b000 DEOPT PACKING pc=0x00000280ae1abe10 sp=0x000000e5560f29c0
Event: 492.074 Thread 0x00000280bce5b000 DEOPT UNPACKING pc=0x00000280a635a1af sp=0x000000e5560f29a8 mode 2
Event: 492.075 Thread 0x00000280bce5b000 Uncommon trap: trap_request=0xffffffbe fr.pc=0x00000280ae1abe10 relative=0x0000000000002db0
Event: 492.075 Thread 0x00000280bce5b000 Uncommon trap: reason=profile_predicate action=maybe_recompile pc=0x00000280ae1abe10 method=java.util.TreeMap.put(Ljava/lang/Object;Ljava/lang/Object;)Ljava/lang/Object; @ 55 c2
Event: 492.075 Thread 0x00000280bce5b000 DEOPT PACKING pc=0x00000280ae1abe10 sp=0x000000e5560f29f0
Event: 492.075 Thread 0x00000280bce5b000 DEOPT UNPACKING pc=0x00000280a635a1af sp=0x000000e5560f29d8 mode 2
Event: 493.183 Thread 0x00000280bce5b000 Uncommon trap: trap_request=0xffffff4d fr.pc=0x00000280ae1a3d30 relative=0x0000000000000410
Event: 493.183 Thread 0x00000280bce5b000 Uncommon trap: reason=unstable_if action=reinterpret pc=0x00000280ae1a3d30 method=org.objectweb.asm.Type.getArgumentsAndReturnSizes(Ljava/lang/String;)I @ 117 c2
Event: 493.183 Thread 0x00000280bce5b000 DEOPT PACKING pc=0x00000280ae1a3d30 sp=0x000000e5560f1970
Event: 493.183 Thread 0x00000280bce5b000 DEOPT UNPACKING pc=0x00000280a635a1af sp=0x000000e5560f18f0 mode 2
Event: 493.183 Thread 0x00000280bce5b000 Uncommon trap: trap_request=0xffffff4d fr.pc=0x00000280ae193bd0 relative=0x0000000000001bb0
Event: 493.183 Thread 0x00000280bce5b000 Uncommon trap: reason=unstable_if action=reinterpret pc=0x00000280ae193bd0 method=org.objectweb.asm.Type.getArgumentsAndReturnSizes(Ljava/lang/String;)I @ 117 c2
Event: 493.183 Thread 0x00000280bce5b000 DEOPT PACKING pc=0x00000280ae193bd0 sp=0x000000e5560f1720
Event: 493.183 Thread 0x00000280bce5b000 DEOPT UNPACKING pc=0x00000280a635a1af sp=0x000000e5560f15d8 mode 2
Event: 493.183 Thread 0x00000280bce5b000 Uncommon trap: trap_request=0xffffff4d fr.pc=0x00000280ae11f9e4 relative=0x00000000000006c4
Event: 493.183 Thread 0x00000280bce5b000 Uncommon trap: reason=unstable_if action=reinterpret pc=0x00000280ae11f9e4 method=org.objectweb.asm.Frame.getAbstractTypeFromDescriptor(Lorg/objectweb/asm/SymbolTable;Ljava/lang/String;I)I @ 5 c2
Event: 493.183 Thread 0x00000280bce5b000 DEOPT PACKING pc=0x00000280ae11f9e4 sp=0x000000e5560f15a0
Event: 493.183 Thread 0x00000280bce5b000 DEOPT UNPACKING pc=0x00000280a635a1af sp=0x000000e5560f1560 mode 2

Classes redefined (0 events):
No events

Internal exceptions (20 events):
Event: 435.366 Thread 0x00000280bce5b000 Exception <a 'java/lang/NoSuchMethodError'{0x00000000a7122868}: 'java.lang.Object java.lang.invoke.DirectMethodHandle$Holder.invokeStatic(java.lang.Object, java.lang.Object, java.lang.Object, java.lang.Object, int)'> (0x00000000a7122868) thrown at [./src/hotspot/share/interpreter/linkResolver.cpp, line 773]
Event: 435.366 Thread 0x00000280bce5b000 Exception <a 'java/lang/NoSuchMethodError'{0x00000000a71287a0}: 'java.lang.Object java.lang.invoke.DirectMethodHandle$Holder.invokeSpecial(java.lang.Object, java.lang.Object, java.lang.Object, java.lang.Object, java.lang.Object, int)'> (0x00000000a71287a0) thrown at [./src/hotspot/share/interpreter/linkResolver.cpp, line 773]
Event: 435.367 Thread 0x00000280bce5b000 Exception <a 'java/lang/NoSuchMethodError'{0x00000000a712e320}: 'java.lang.Object java.lang.invoke.Invokers$Holder.linkToTargetMethod(java.lang.Object, java.lang.Object, java.lang.Object, int, java.lang.Object)'> (0x00000000a712e320) thrown at [./src/hotspot/share/interpreter/linkResolver.cpp, line 773]
Event: 436.130 Thread 0x00000280bce5b000 Exception <a 'java/lang/NoSuchMethodError'{0x00000000a70bc880}: 'java.lang.Object java.lang.invoke.DirectMethodHandle$Holder.invokeSpecial(java.lang.Object, java.lang.Object, int, int, java.lang.Object, java.lang.Object, java.lang.Object)'> (0x00000000a70bc880) thrown at [./src/hotspot/share/interpreter/linkResolver.cpp, line 773]
Event: 436.131 Thread 0x00000280bce5b000 Exception <a 'java/lang/NoSuchMethodError'{0x00000000a70c2340}: 'java.lang.Object java.lang.invoke.DelegatingMethodHandle$Holder.reinvoke_L(java.lang.Object, int, int, java.lang.Object, java.lang.Object, java.lang.Object)'> (0x00000000a70c2340) thrown at [./src/hotspot/share/interpreter/linkResolver.cpp, line 773]
Event: 439.716 Thread 0x00000280bce5b000 Exception <a 'java/lang/IncompatibleClassChangeError'{0x00000000a6e88b58}: Found class java.lang.Object, but interface was expected> (0x00000000a6e88b58) thrown at [./src/hotspot/share/interpreter/linkResolver.cpp, line 839]
Event: 442.626 Thread 0x00000280bce5b000 Implicit null exception at 0x00000280ae143759 to 0x00000280ae143944
Event: 444.151 Thread 0x00000280bce5b000 Implicit null exception at 0x00000280ae02f254 to 0x00000280ae02f438
Event: 444.151 Thread 0x00000280bce5b000 Implicit null exception at 0x00000280ae0199c8 to 0x00000280ae01b568
Event: 447.992 Thread 0x00000280bce5b000 Exception <a 'java/lang/NoSuchMethodError'{0x00000000a6142cf8}: 'java.lang.Object java.lang.invoke.DirectMethodHandle$Holder.invokeStatic(java.lang.Object, int, java.lang.Object, java.lang.Object, java.lang.Object)'> (0x00000000a6142cf8) thrown at [./src/hotspot/share/interpreter/linkResolver.cpp, line 773]
Event: 447.993 Thread 0x00000280bce5b000 Exception <a 'java/lang/NoSuchMethodError'{0x00000000a6148c70}: 'java.lang.Object java.lang.invoke.DirectMethodHandle$Holder.invokeSpecial(java.lang.Object, java.lang.Object, int, java.lang.Object, java.lang.Object, java.lang.Object)'> (0x00000000a6148c70) thrown at [./src/hotspot/share/interpreter/linkResolver.cpp, line 773]
Event: 450.822 Thread 0x00000280bce5b000 Exception <a 'java/lang/ClassNotFoundException'{0x00000000a5718d78}: org/gradle/api/plugins/internal/DefaultBasePluginConventionBeanInfo> (0x00000000a5718d78) thrown at [./src/hotspot/share/classfile/systemDictionary.cpp, line 231]
Event: 450.824 Thread 0x00000280bce5b000 Exception <a 'java/lang/ClassNotFoundException'{0x00000000a57599b8}: org/gradle/api/plugins/BasePluginConventionBeanInfo> (0x00000000a57599b8) thrown at [./src/hotspot/share/classfile/systemDictionary.cpp, line 231]
Event: 450.825 Thread 0x00000280bce5b000 Exception <a 'java/lang/ClassNotFoundException'{0x00000000a579aa28}: org/gradle/api/plugins/BasePluginConventionCustomizer> (0x00000000a579aa28) thrown at [./src/hotspot/share/classfile/systemDictionary.cpp, line 231]
Event: 450.827 Thread 0x00000280bce5b000 Exception <a 'java/lang/ClassNotFoundException'{0x00000000a57ebcb8}: org/gradle/api/plugins/internal/DefaultBasePluginConventionCustomizer> (0x00000000a57ebcb8) thrown at [./src/hotspot/share/classfile/systemDictionary.cpp, line 231]
Event: 450.833 Thread 0x00000280bce5b000 Exception <a 'java/lang/ClassNotFoundException'{0x00000000a5672d00}: org/gradle/api/plugins/internal/DefaultJavaPluginConventionBeanInfo> (0x00000000a5672d00) thrown at [./src/hotspot/share/classfile/systemDictionary.cpp, line 231]
Event: 450.836 Thread 0x00000280bce5b000 Exception <a 'java/lang/ClassNotFoundException'{0x00000000a56b3dc0}: org/gradle/api/plugins/JavaPluginConventionBeanInfo> (0x00000000a56b3dc0) thrown at [./src/hotspot/share/classfile/systemDictionary.cpp, line 231]
Event: 450.838 Thread 0x00000280bce5b000 Exception <a 'java/lang/ClassNotFoundException'{0x00000000a56f4be8}: org/gradle/api/plugins/JavaPluginConventionCustomizer> (0x00000000a56f4be8) thrown at [./src/hotspot/share/classfile/systemDictionary.cpp, line 231]
Event: 450.842 Thread 0x00000280bce5b000 Exception <a 'java/lang/ClassNotFoundException'{0x00000000a55505a0}: org/gradle/api/plugins/internal/DefaultJavaPluginConventionCustomizer> (0x00000000a55505a0) thrown at [./src/hotspot/share/classfile/systemDictionary.cpp, line 231]
Event: 477.660 Thread 0x00000280bce5b000 Exception <a 'java/lang/NoSuchMethodError'{0x00000000a63dee08}: 'java.lang.Object java.lang.invoke.Invokers$Holder.linkToTargetMethod(java.lang.Object, int, java.lang.Object)'> (0x00000000a63dee08) thrown at [./src/hotspot/share/interpreter/linkResolver.cpp, line 773]

Events (20 events):
Event: 492.389 loading class org/gradle/api/internal/tasks/testing/filter/DefaultTestFilter
Event: 492.389 loading class org/gradle/api/internal/tasks/testing/filter/DefaultTestFilter done
Event: 493.173 loading class org/gradle/api/tasks/options/Option
Event: 493.173 loading class org/gradle/api/tasks/options/Option done
Event: 493.193 loading class org/gradle/api/internal/tasks/testing/logging/DefaultTestLoggingContainer
Event: 493.193 loading class org/gradle/api/internal/tasks/testing/logging/DefaultTestLoggingContainer done
Event: 493.196 loading class org/gradle/api/tasks/testing/logging/TestLogEvent
Event: 493.196 loading class org/gradle/api/tasks/testing/logging/TestLogEvent done
Event: 493.197 loading class org/gradle/api/tasks/testing/logging/TestStackTraceFilter
Event: 493.197 loading class org/gradle/api/tasks/testing/logging/TestStackTraceFilter done
Event: 493.198 loading class org/gradle/api/tasks/testing/logging/TestExceptionFormat
Event: 493.198 loading class org/gradle/api/tasks/testing/logging/TestExceptionFormat done
Event: 493.215 loading class org/gradle/api/internal/tasks/testing/logging/DefaultTestLogging
Event: 493.215 loading class org/gradle/api/internal/tasks/testing/logging/DefaultTestLogging done
Event: 493.346 loading class org/gradle/api/internal/tasks/testing/DefaultTestTaskReports
Event: 493.346 loading class org/gradle/api/internal/tasks/testing/DefaultTestTaskReports done
Event: 493.347 loading class org/gradle/api/reporting/internal/TaskReportContainer
Event: 493.347 loading class org/gradle/api/reporting/internal/TaskReportContainer done
Event: 493.360 loading class org/gradle/api/reporting/internal/DefaultReportContainer
Event: 493.360 loading class org/gradle/api/reporting/internal/DefaultReportContainer done


Dynamic libraries:
0x00007ff7e6eb0000 - 0x00007ff7e6eba000 	C:\Program Files\Android\Android Studio\jre\bin\java.exe
0x00007ffbb2d70000 - 0x00007ffbb2f66000 	C:\Windows\SYSTEM32\ntdll.dll
0x00007ffbb1630000 - 0x00007ffbb16ed000 	C:\Windows\System32\KERNEL32.DLL
0x00007ffbb04c0000 - 0x00007ffbb0788000 	C:\Windows\System32\KERNELBASE.dll
0x00007ffbb0a00000 - 0x00007ffbb0b00000 	C:\Windows\System32\ucrtbase.dll
0x00007ffba3480000 - 0x00007ffba3499000 	C:\Program Files\Android\Android Studio\jre\bin\jli.dll
0x00007ffbb1cb0000 - 0x00007ffbb1e50000 	C:\Windows\System32\USER32.dll
0x00007ffbb0d30000 - 0x00007ffbb0d52000 	C:\Windows\System32\win32u.dll
0x00007ffbb0de0000 - 0x00007ffbb0e0a000 	C:\Windows\System32\GDI32.dll
0x00007ffbb08f0000 - 0x00007ffbb09f9000 	C:\Windows\System32\gdi32full.dll
0x00007ffbb0c40000 - 0x00007ffbb0cdd000 	C:\Windows\System32\msvcp_win.dll
0x00007ffb7f8b0000 - 0x00007ffb7f8c7000 	C:\Program Files\Android\Android Studio\jre\bin\VCRUNTIME140.dll
0x00007ffb947a0000 - 0x00007ffb94a3b000 	C:\Windows\WinSxS\amd64_microsoft.windows.common-controls_6595b64144ccf1df_6.0.19041.488_none_ca04af081b815d21\COMCTL32.dll
0x00007ffbb1e50000 - 0x00007ffbb1eee000 	C:\Windows\System32\msvcrt.dll
0x00007ffbb1bf0000 - 0x00007ffbb1c20000 	C:\Windows\System32\IMM32.DLL
0x00007ffb795f0000 - 0x00007ffb7968d000 	C:\Program Files\Android\Android Studio\jre\bin\msvcp140.dll
0x00007ffb570a0000 - 0x00007ffb57ba2000 	C:\Program Files\Android\Android Studio\jre\bin\server\jvm.dll
0x00007ffbb17d0000 - 0x00007ffbb187a000 	C:\Windows\System32\ADVAPI32.dll
0x00007ffbb1460000 - 0x00007ffbb14fb000 	C:\Windows\System32\sechost.dll
0x00007ffbb1ef0000 - 0x00007ffbb2014000 	C:\Windows\System32\RPCRT4.dll
0x00007ffbb0fe0000 - 0x00007ffbb0fe8000 	C:\Windows\System32\PSAPI.DLL
0x00007ffbad6f0000 - 0x00007ffbad6f9000 	C:\Windows\SYSTEM32\WSOCK32.dll
0x00007ffb9da40000 - 0x00007ffb9da67000 	C:\Windows\SYSTEM32\WINMM.dll
0x00007ffbb1760000 - 0x00007ffbb17cb000 	C:\Windows\System32\WS2_32.dll
0x00007ffba63b0000 - 0x00007ffba63ba000 	C:\Windows\SYSTEM32\VERSION.dll
0x00007ffbae410000 - 0x00007ffbae422000 	C:\Windows\SYSTEM32\kernel.appcore.dll
0x00007ffb7efe0000 - 0x00007ffb7eff1000 	C:\Program Files\Android\Android Studio\jre\bin\verify.dll
0x00007ffb94af0000 - 0x00007ffb94cd4000 	C:\Windows\SYSTEM32\DBGHELP.DLL
0x00007ffb94ac0000 - 0x00007ffb94aec000 	C:\Windows\SYSTEM32\dbgcore.DLL
0x00007ffbb0d60000 - 0x00007ffbb0ddf000 	C:\Windows\System32\bcryptPrimitives.dll
0x00007ffb7dcd0000 - 0x00007ffb7dcf9000 	C:\Program Files\Android\Android Studio\jre\bin\java.dll
0x00007ffba3470000 - 0x00007ffba347b000 	C:\Program Files\Android\Android Studio\jre\bin\jimage.dll
0x00007ffb7ed30000 - 0x00007ffb7ed48000 	C:\Program Files\Android\Android Studio\jre\bin\zip.dll
0x00007ffbb2590000 - 0x00007ffbb2cd0000 	C:\Windows\System32\SHELL32.dll
0x00007ffbae610000 - 0x00007ffbaeda4000 	C:\Windows\SYSTEM32\windows.storage.dll
0x00007ffbb21d0000 - 0x00007ffbb2525000 	C:\Windows\System32\combase.dll
0x00007ffbaff30000 - 0x00007ffbaff5c000 	C:\Windows\SYSTEM32\Wldp.dll
0x00007ffbb0e10000 - 0x00007ffbb0ebe000 	C:\Windows\System32\SHCORE.dll
0x00007ffbb1700000 - 0x00007ffbb1755000 	C:\Windows\System32\shlwapi.dll
0x00007ffbb03f0000 - 0x00007ffbb0416000 	C:\Windows\SYSTEM32\profapi.dll
0x00007ffb7e4b0000 - 0x00007ffb7e4ca000 	C:\Program Files\Android\Android Studio\jre\bin\net.dll
0x00007ffba0900000 - 0x00007ffba0a00000 	C:\Windows\SYSTEM32\WINHTTP.dll
0x00007ffbafcb0000 - 0x00007ffbafd1a000 	C:\Windows\system32\mswsock.dll
0x00007ffb7e2a0000 - 0x00007ffb7e2b4000 	C:\Program Files\Android\Android Studio\jre\bin\nio.dll
0x00007ffb7f220000 - 0x00007ffb7f247000 	C:\Users\elaaf\.gradle\native\e1d6ef7f7dcc3fd88c89a11ec53ec762bb8ba0a96d01ffa2cd45eb1d1d8dd5c5\windows-amd64\native-platform.dll
0x00007ffb75780000 - 0x00007ffb758c4000 	C:\Users\elaaf\.gradle\native\0d407fdbe67a94daf76414ababcb853783967236a71b16ec16e742cd7a986fd3\windows-amd64\native-platform-file-events.dll
0x00007ffb8f990000 - 0x00007ffb8f99a000 	C:\Program Files\Android\Android Studio\jre\bin\management.dll
0x00007ffb8f120000 - 0x00007ffb8f12d000 	C:\Program Files\Android\Android Studio\jre\bin\management_ext.dll
0x00007ffbafe80000 - 0x00007ffbafe98000 	C:\Windows\SYSTEM32\CRYPTSP.dll
0x00007ffbaf5d0000 - 0x00007ffbaf604000 	C:\Windows\system32\rsaenh.dll
0x00007ffbb0bb0000 - 0x00007ffbb0bd7000 	C:\Windows\System32\bcrypt.dll
0x00007ffbb0370000 - 0x00007ffbb039e000 	C:\Windows\SYSTEM32\USERENV.dll
0x00007ffbafea0000 - 0x00007ffbafeac000 	C:\Windows\SYSTEM32\CRYPTBASE.dll
0x00007ffbaf950000 - 0x00007ffbaf98b000 	C:\Windows\SYSTEM32\IPHLPAPI.DLL
0x00007ffbb16f0000 - 0x00007ffbb16f9000 	C:\Windows\System32\NSI.dll
0x00007ffba5ec0000 - 0x00007ffba5ed7000 	C:\Windows\SYSTEM32\dhcpcsvc6.DLL
0x00007ffba7410000 - 0x00007ffba742d000 	C:\Windows\SYSTEM32\dhcpcsvc.DLL
0x00007ffbaf9a0000 - 0x00007ffbafa6b000 	C:\Windows\SYSTEM32\DNSAPI.dll

dbghelp: loaded successfully - version: 4.0.5 - missing functions: none
symbol engine: initialized successfully - sym options: 0x614 - pdb path: .;C:\Program Files\Android\Android Studio\jre\bin;C:\Windows\SYSTEM32;C:\Windows\WinSxS\amd64_microsoft.windows.common-controls_6595b64144ccf1df_6.0.19041.488_none_ca04af081b815d21;C:\Program Files\Android\Android Studio\jre\bin\server;C:\Users\elaaf\.gradle\native\e1d6ef7f7dcc3fd88c89a11ec53ec762bb8ba0a96d01ffa2cd45eb1d1d8dd5c5\windows-amd64;C:\Users\elaaf\.gradle\native\0d407fdbe67a94daf76414ababcb853783967236a71b16ec16e742cd7a986fd3\windows-amd64

VM Arguments:
jvm_args: --add-opens=java.base/java.util=ALL-UNNAMED --add-opens=java.base/java.lang=ALL-UNNAMED --add-opens=java.base/java.lang.invoke=ALL-UNNAMED --add-opens=java.base/java.util=ALL-UNNAMED --add-opens=java.prefs/java.util.prefs=ALL-UNNAMED --add-opens=java.prefs/java.util.prefs=ALL-UNNAMED --add-opens=java.base/java.nio.charset=ALL-UNNAMED --add-opens=java.base/java.net=ALL-UNNAMED --add-opens=java.base/java.util.concurrent.atomic=ALL-UNNAMED -Xmx1536M -Dfile.encoding=windows-1256 -Duser.country=US -Duser.language=en -Duser.variant 
java_command: org.gradle.launcher.daemon.bootstrap.GradleDaemon 7.5
java_class_path (initial): C:\Users\elaaf\.gradle\wrapper\dists\gradle-7.5-all\6qsw290k5lz422uaf8jf6m7co\gradle-7.5\lib\gradle-launcher-7.5.jar
Launcher Type: SUN_STANDARD

[Global flags]
     intx CICompilerCount                          = 3                                         {product} {ergonomic}
     uint ConcGCThreads                            = 1                                         {product} {ergonomic}
     uint G1ConcRefinementThreads                  = 4                                         {product} {ergonomic}
   size_t G1HeapRegionSize                         = 1048576                                   {product} {ergonomic}
    uintx GCDrainStackTargetSize                   = 64                                        {product} {ergonomic}
   size_t InitialHeapSize                          = 134217728                                 {product} {ergonomic}
   size_t MarkStackSize                            = 4194304                                   {product} {ergonomic}
   size_t MaxHeapSize                              = 1610612736                                {product} {command line}
   size_t MaxNewSize                               = 965738496                                 {product} {ergonomic}
   size_t MinHeapDeltaBytes                        = 1048576                                   {product} {ergonomic}
    uintx NonNMethodCodeHeapSize                   = 5830732                                {pd product} {ergonomic}
    uintx NonProfiledCodeHeapSize                  = 122913754                              {pd product} {ergonomic}
    uintx ProfiledCodeHeapSize                     = 122913754                              {pd product} {ergonomic}
    uintx ReservedCodeCacheSize                    = 251658240                              {pd product} {ergonomic}
     bool SegmentedCodeCache                       = true                                      {product} {ergonomic}
     bool UseCompressedClassPointers               = true                                 {lp64_product} {ergonomic}
     bool UseCompressedOops                        = true                                 {lp64_product} {ergonomic}
     bool UseG1GC                                  = true                                      {product} {ergonomic}
     bool UseLargePagesIndividualAllocation        = false                                  {pd product} {ergonomic}

Logging:
Log output configuration:
 #0: stdout all=warning uptime,level,tags
 #1: stderr all=off uptime,level,tags

Environment Variables:
JAVA_HOME=C:\Program Files\Android\Android Studio\jre
CLASSPATH=E:\sham_prize\android\\gradle\wrapper\gradle-wrapper.jar
PATH=C:\Program Files\Android\Android Studio\jre\bin;C:\oraclexe\app\oracle\product\11.2.0\server\bin;C:\Program Files (x86)\VMware\VMware Workstation\bin\;C:\Program Files (x86)\Common Files\Oracle\Java\javapath;C:\Windows\system32;C:\Windows;C:\Windows\System32\Wbem;C:\Windows\System32\WindowsPowerShell\v1.0\;C:\Windows\System32\OpenSSH\;C:\Program Files\Git\cmd;C:\Program Files\dotnet\;C:\xampp\php;C:\Chrone;C:\Program Files (x86)\Microsoft Emulator Manager\1.0\;C:\Program Files\nodejs\;E:\App;C:\Program Files (x86)\Microsoft SQL Server\150\DTS\Binn\;C:\Program Files\Azure Data Studio\bin;C:\Program Files\Microsoft SQL Server\Client SDK\ODBC\170\Tools\Binn\;C:\Program Files (x86)\Microsoft SQL Server\150\Tools\Binn\;C:\Program Files\Microsoft SQL Server\150\Tools\Binn\;C:\Program Files\Microsoft SQL Server\150\DTS\Binn\;D:\apache-maven-3.9.6\bin;C:\ProgramData\anaconda3\Lib\site-packages\jupyter.py;C:\Users\elaaf\miniconda3;C:\Users\elaaf\miniconda3\Library\mingw-w64\bin;C:\Users\elaaf\miniconda3\Library\usr\bin;C:\Users\elaaf\miniconda3\Library\bin;C:\Users\elaaf\miniconda3\Scripts;C:\Users\elaaf\AppData\Local\Programs\Python\Python312\Scripts\;C:\Users\elaaf\AppData\Local\Programs\Python\Python312\;C:\Users\elaaf\AppData\Local\Programs\Python\Launcher\;C:\Users\elaaf\AppData\Local\Microsoft\WindowsApps;C:\Users\elaaf\AppData\Local\Programs\Microsoft VS Code\bin;D:\flutter\src\flutter\bin;C:\Program Files\Java\jdk1.8.0_241\bin;C:\Users\elaaf\AppData\Local\Android\Sdk\platform-tools;C:\Users\elaaf\AppData\Local\Android\Sdk\tools;C:\Users\elaaf\AppData\Local\Android\Sdk\build-tools\30.0.3\lib;C:\Program Files\Android\Android Studio1;C:\Program Files\Android\Android Studio1\bin;C:\Program Files\Android\Android Studio1\jre;E:\IntelliJ IDEA Community Edition 2022.2.3\bin;;C:\Users\elaaf\AppData\Roaming\Composer\vendor\bin;C:\Program Files\heroku\bin;C:\Users\elaaf\AppData\Roaming\npm;C:\Program Files\Azure Data Studio\bin;D:\apache-maven-3.9.6\bin;;C:\Program Files\JetB
USERNAME=elaaf
OS=Windows_NT
PROCESSOR_IDENTIFIER=Intel64 Family 6 Model 60 Stepping 3, GenuineIntel



---------------  S Y S T E M  ---------------

OS: Windows 10 , 64 bit Build 19041 (10.0.19041.546)
OS uptime: 6 days 20:40 hours

CPU:total 4 (initial active 4) (2 cores per cpu, 2 threads per core) family 6 model 60 stepping 3 microcode 0x27, cmov, cx8, fxsr, mmx, sse, sse2, sse3, ssse3, sse4.1, sse4.2, popcnt, avx, avx2, aes, clmul, erms, lzcnt, ht, tsc, tscinvbit, bmi1, bmi2, fma

Memory: 4k page, system-wide physical 8097M (188M free)
TotalPageFile size 26847M (AvailPageFile size 169M)
current process WorkingSet (physical memory assigned to process): 300M, peak: 308M
current process commit charge ("private bytes"): 334M, peak: 342M

vm_info: OpenJDK 64-Bit Server VM (11.0.13+0-b1751.21-8125866) for windows-amd64 JRE (11.0.13+0-b1751.21-8125866), built on Feb  2 2022 03:00:22 by "builder" with MS VC++ 14.0 (VS2015)

END.
