#
# There is insufficient memory for the Java Runtime Environment to continue.
# Native memory allocation (malloc) failed to allocate 1018176 bytes for Chunk::new
# Possible reasons:
#   The system is out of physical RAM or swap space
#   The process is running with CompressedOops enabled, and the Java Heap may be blocking the growth of the native heap
# Possible solutions:
#   Reduce memory load on the system
#   Increase physical memory or swap space
#   Check if swap backing store is full
#   Decrease Java heap size (-Xmx/-Xms)
#   Decrease number of Java threads
#   Decrease Java thread stack sizes (-Xss)
#   Set larger code cache with -XX:ReservedCodeCacheSize=
#   JVM is running with Unscaled Compressed Oops mode in which the Java heap is
#     placed in the first 4GB address space. The Java Heap base address is the
#     maximum limit for the native heap growth. Please use -XX:HeapBaseMinAddress
#     to set the Java Heap base and to place the Java Heap above 4GB virtual address.
# This output file may be truncated or incomplete.
#
#  Out of Memory Error (./src/hotspot/share/memory/arena.cpp:197), pid=10092, tid=14316
#
# JRE version: OpenJDK Runtime Environment (11.0.13) (build 11.0.13+0-b1751.21-8125866)
# Java VM: OpenJDK 64-Bit Server VM (11.0.13+0-b1751.21-8125866, mixed mode, tiered, compressed oops, g1 gc, windows-amd64)
# No core dump will be written. Minidumps are not enabled by default on client versions of Windows
#

---------------  S U M M A R Y ------------

Command Line: --add-opens=java.base/java.util=ALL-UNNAMED --add-opens=java.base/java.lang=ALL-UNNAMED --add-opens=java.base/java.lang.invoke=ALL-UNNAMED --add-opens=java.base/java.util=ALL-UNNAMED --add-opens=java.prefs/java.util.prefs=ALL-UNNAMED --add-opens=java.prefs/java.util.prefs=ALL-UNNAMED --add-opens=java.base/java.nio.charset=ALL-UNNAMED --add-opens=java.base/java.net=ALL-UNNAMED --add-opens=java.base/java.util.concurrent.atomic=ALL-UNNAMED -Xmx1536M -Dfile.encoding=windows-1256 -Duser.country=US -Duser.language=en -Duser.variant org.gradle.launcher.daemon.bootstrap.GradleDaemon 7.5

Host: Intel(R) Core(TM) i5-4310M CPU @ 2.70GHz, 4 cores, 7G,  Windows 10 , 64 bit Build 19041 (10.0.19041.546)
Time: Wed Apr 24 22:08:21 2024 Turkey Standard Time elapsed time: 2383.822712 seconds (0d 0h 39m 43s)

---------------  T H R E A D  ---------------

Current thread (0x0000021fa3590800):  JavaThread "C2 CompilerThread0" daemon [_thread_in_native, id=14316, stack(0x000000bd2ec00000,0x000000bd2ed00000)]


Current CompileTask:
C2:2383822 7351 %     4       org.gradle.internal.instantiation.generator.AbstractClassGenerator::inspectType @ 107 (560 bytes)

Stack: [0x000000bd2ec00000,0x000000bd2ed00000]
Native frames: (J=compiled Java code, j=interpreted, Vv=VM code, C=native code)
V  [jvm.dll+0x6100fa]
V  [jvm.dll+0x747090]
V  [jvm.dll+0x7486ad]
V  [jvm.dll+0x748d83]
V  [jvm.dll+0x24ab48]
V  [jvm.dll+0xc04dc]
V  [jvm.dll+0xc0a0c]
V  [jvm.dll+0x2bfab4]
V  [jvm.dll+0x524238]
V  [jvm.dll+0x204802]
V  [jvm.dll+0x2023c2]
V  [jvm.dll+0x188e01]
V  [jvm.dll+0x21106b]
V  [jvm.dll+0x20f8c1]
V  [jvm.dll+0x70de0f]
V  [jvm.dll+0x706a75]
V  [jvm.dll+0x60ed66]
C  [ucrtbase.dll+0x214c2]
C  [KERNEL32.DLL+0x17034]
C  [ntdll.dll+0x4cec1]


---------------  P R O C E S S  ---------------

Threads class SMR info:
_java_thread_list=0x0000021fa9f2ca10, length=81, elements={
0x0000021f8ac5e800, 0x0000021fa356d000, 0x0000021fa356e000, 0x0000021fa358b800,
0x0000021fa358c000, 0x0000021fa358d000, 0x0000021fa3590800, 0x0000021fa359e800,
0x0000021fa35bc800, 0x0000021fa4042000, 0x0000021fa56e2800, 0x0000021fa41fb800,
0x0000021fa44a9000, 0x0000021fa5142000, 0x0000021fa5534000, 0x0000021fa54c7000,
0x0000021fa3fa4800, 0x0000021fa524f000, 0x0000021fa5298000, 0x0000021fa51b7800,
0x0000021fa53d7000, 0x0000021fa53d8000, 0x0000021fa53d5000, 0x0000021fa53d9800,
0x0000021fa53da800, 0x0000021fa53db800, 0x0000021fa53d5800, 0x0000021fa53d6800,
0x0000021fa6bbd800, 0x0000021fa6bc1000, 0x0000021fa6bbf800, 0x0000021fa6bbc000,
0x0000021fa6bc2800, 0x0000021fa6bbe800, 0x0000021fa6bc0000, 0x0000021fa6bbd000,
0x0000021fa6bc6000, 0x0000021fa6bc3800, 0x0000021fa6bc7800, 0x0000021fa6bc8800,
0x0000021fa6bc6800, 0x0000021fa6bc9000, 0x0000021fa6bca000, 0x0000021fa6bc4800,
0x0000021fa6bc5000, 0x0000021fa53d9000, 0x0000021fa5fdd000, 0x0000021fa5fdc800,
0x0000021fa5fdf000, 0x0000021fa5fdb000, 0x0000021fa5fdb800, 0x0000021fa5fde000,
0x0000021fa5fd9000, 0x0000021fa5fdf800, 0x0000021fa5fda000, 0x0000021fa5fe4800,
0x0000021fa5fe4000, 0x0000021fa5fe3000, 0x0000021fa5fe6000, 0x0000021fa5fe1800,
0x0000021fa5fe2000, 0x0000021fa5fe5800, 0x0000021fa5fe0800, 0x0000021fa5fe7000,
0x0000021fa5fe8000, 0x0000021fa8a4e000, 0x0000021fa8a4c800, 0x0000021fa8a4b800,
0x0000021fa8a4a000, 0x0000021fa8a4d800, 0x0000021fa8a4b000, 0x0000021fa8a4f000,
0x0000021fa8a49800, 0x0000021fa8a54800, 0x0000021fa8a50800, 0x0000021fa8a55800,
0x0000021fa8a51800, 0x0000021fa8a52800, 0x0000021fa8a54000, 0x0000021fa8a53000,
0x0000021fa8a50000
}

Java Threads: ( => current thread )
  0x0000021f8ac5e800 JavaThread "main" [_thread_blocked, id=15584, stack(0x000000bd2e000000,0x000000bd2e100000)]
  0x0000021fa356d000 JavaThread "Reference Handler" daemon [_thread_blocked, id=14160, stack(0x000000bd2e700000,0x000000bd2e800000)]
  0x0000021fa356e000 JavaThread "Finalizer" daemon [_thread_blocked, id=6324, stack(0x000000bd2e800000,0x000000bd2e900000)]
  0x0000021fa358b800 JavaThread "Signal Dispatcher" daemon [_thread_blocked, id=12396, stack(0x000000bd2e900000,0x000000bd2ea00000)]
  0x0000021fa358c000 JavaThread "Attach Listener" daemon [_thread_blocked, id=17672, stack(0x000000bd2ea00000,0x000000bd2eb00000)]
  0x0000021fa358d000 JavaThread "Service Thread" daemon [_thread_blocked, id=13116, stack(0x000000bd2eb00000,0x000000bd2ec00000)]
=>0x0000021fa3590800 JavaThread "C2 CompilerThread0" daemon [_thread_in_native, id=14316, stack(0x000000bd2ec00000,0x000000bd2ed00000)]
  0x0000021fa359e800 JavaThread "C1 CompilerThread0" daemon [_thread_blocked, id=18112, stack(0x000000bd2ed00000,0x000000bd2ee00000)]
  0x0000021fa35bc800 JavaThread "Sweeper thread" daemon [_thread_blocked, id=17344, stack(0x000000bd2ee00000,0x000000bd2ef00000)]
  0x0000021fa4042000 JavaThread "Common-Cleaner" daemon [_thread_blocked, id=6212, stack(0x000000bd2ef00000,0x000000bd2f000000)]
  0x0000021fa56e2800 JavaThread "Daemon health stats" [_thread_blocked, id=10052, stack(0x000000bd2de00000,0x000000bd2df00000)]
  0x0000021fa41fb800 JavaThread "Incoming local TCP Connector on port 56775" [_thread_in_native, id=16948, stack(0x000000bd2f500000,0x000000bd2f600000)]
  0x0000021fa44a9000 JavaThread "Daemon periodic checks" [_thread_blocked, id=11760, stack(0x000000bd2f600000,0x000000bd2f700000)]
  0x0000021fa5142000 JavaThread "Daemon" [_thread_blocked, id=6408, stack(0x000000bd2f700000,0x000000bd2f800000)]
  0x0000021fa5534000 JavaThread "Handler for socket connection from /127.0.0.1:56775 to /127.0.0.1:56777" [_thread_in_native, id=10644, stack(0x000000bd2f800000,0x000000bd2f900000)]
  0x0000021fa54c7000 JavaThread "Cancel handler" [_thread_blocked, id=328, stack(0x000000bd2df00000,0x000000bd2e000000)]
  0x0000021fa3fa4800 JavaThread "Daemon worker" [_thread_blocked, id=360, stack(0x000000bd2f900000,0x000000bd2fa00000)]
  0x0000021fa524f000 JavaThread "Asynchronous log dispatcher for DefaultDaemonConnection: socket connection from /127.0.0.1:56775 to /127.0.0.1:56777" [_thread_blocked, id=19944, stack(0x000000bd2fa00000,0x000000bd2fb00000)]
  0x0000021fa5298000 JavaThread "Stdin handler" [_thread_blocked, id=19844, stack(0x000000bd2fb00000,0x000000bd2fc00000)]
  0x0000021fa51b7800 JavaThread "Daemon client event forwarder" [_thread_blocked, id=15544, stack(0x000000bd2fc00000,0x000000bd2fd00000)]
  0x0000021fa53d7000 JavaThread "Cache worker for journal cache (C:\Users\elaaf\.gradle\caches\journal-1)" [_thread_blocked, id=19764, stack(0x000000bd2f300000,0x000000bd2f400000)]
  0x0000021fa53d8000 JavaThread "File lock request listener" [_thread_in_native, id=17032, stack(0x000000bd2f400000,0x000000bd2f500000)]
  0x0000021fa53d5000 JavaThread "Cache worker for file hash cache (C:\Users\elaaf\.gradle\caches\7.5\fileHashes)" [_thread_blocked, id=20152, stack(0x000000bd2fe00000,0x000000bd2ff00000)]
  0x0000021fa53d9800 JavaThread "File watcher server" daemon [_thread_in_native, id=13396, stack(0x000000bd2ff00000,0x000000bd30000000)]
  0x0000021fa53da800 JavaThread "File watcher consumer" daemon [_thread_blocked, id=13208, stack(0x000000bd30000000,0x000000bd30100000)]
  0x0000021fa53db800 JavaThread "Cache worker for checksums cache (E:\sham_prize\android\.gradle\7.5\checksums)" [_thread_blocked, id=11504, stack(0x000000bd30100000,0x000000bd30200000)]
  0x0000021fa53d5800 JavaThread "Cache worker for cache directory md-rule (C:\Users\elaaf\.gradle\caches\7.5\md-rule)" [_thread_blocked, id=16580, stack(0x000000bd30300000,0x000000bd30400000)]
  0x0000021fa53d6800 JavaThread "Cache worker for file content cache (C:\Users\elaaf\.gradle\caches\7.5\fileContent)" [_thread_blocked, id=20880, stack(0x000000bd30400000,0x000000bd30500000)]
  0x0000021fa6bbd800 JavaThread "Cache worker for file hash cache (E:\sham_prize\android\.gradle\7.5\fileHashes)" [_thread_blocked, id=20780, stack(0x000000bd30500000,0x000000bd30600000)]
  0x0000021fa6bc1000 JavaThread "Cache worker for cache directory md-supplier (C:\Users\elaaf\.gradle\caches\7.5\md-supplier)" [_thread_blocked, id=21028, stack(0x000000bd30600000,0x000000bd30700000)]
  0x0000021fa6bbf800 JavaThread "Cache worker for execution history cache (C:\Users\elaaf\.gradle\caches\7.5\executionHistory)" [_thread_blocked, id=4624, stack(0x000000bd30700000,0x000000bd30800000)]
  0x0000021fa6bbc000 JavaThread "jar transforms" [_thread_blocked, id=21380, stack(0x000000bd30800000,0x000000bd30900000)]
  0x0000021fa6bc2800 JavaThread "jar transforms Thread 2" [_thread_blocked, id=21164, stack(0x000000bd30900000,0x000000bd30a00000)]
  0x0000021fa6bbe800 JavaThread "jar transforms Thread 3" [_thread_blocked, id=11192, stack(0x000000bd30a00000,0x000000bd30b00000)]
  0x0000021fa6bc0000 JavaThread "jar transforms Thread 4" [_thread_blocked, id=5720, stack(0x000000bd30b00000,0x000000bd30c00000)]
  0x0000021fa6bbd000 JavaThread "Cache worker for dependencies-accessors (E:\sham_prize\android\.gradle\7.5\dependencies-accessors)" [_thread_blocked, id=22052, stack(0x000000bd30c00000,0x000000bd30d00000)]
  0x0000021fa6bc6000 JavaThread "Cache worker for Build Output Cleanup Cache (E:\sham_prize\android\.gradle\buildOutputCleanup)" [_thread_blocked, id=21868, stack(0x000000bd30d00000,0x000000bd30e00000)]
  0x0000021fa6bc3800 JavaThread "Unconstrained build operations" [_thread_blocked, id=2712, stack(0x000000bd30e00000,0x000000bd30f00000)]
  0x0000021fa6bc7800 JavaThread "Unconstrained build operations Thread 2" [_thread_blocked, id=20592, stack(0x000000bd30f00000,0x000000bd31000000)]
  0x0000021fa6bc8800 JavaThread "Unconstrained build operations Thread 3" [_thread_blocked, id=23052, stack(0x000000bd31000000,0x000000bd31100000)]
  0x0000021fa6bc6800 JavaThread "Unconstrained build operations Thread 4" [_thread_blocked, id=23092, stack(0x000000bd31100000,0x000000bd31200000)]
  0x0000021fa6bc9000 JavaThread "Unconstrained build operations Thread 5" [_thread_blocked, id=16736, stack(0x000000bd31200000,0x000000bd31300000)]
  0x0000021fa6bca000 JavaThread "Unconstrained build operations Thread 6" [_thread_blocked, id=22644, stack(0x000000bd31300000,0x000000bd31400000)]
  0x0000021fa6bc4800 JavaThread "Unconstrained build operations Thread 7" [_thread_blocked, id=384, stack(0x000000bd31400000,0x000000bd31500000)]
  0x0000021fa6bc5000 JavaThread "Unconstrained build operations Thread 8" [_thread_blocked, id=23272, stack(0x000000bd31500000,0x000000bd31600000)]
  0x0000021fa53d9000 JavaThread "Unconstrained build operations Thread 9" [_thread_blocked, id=23508, stack(0x000000bd31600000,0x000000bd31700000)]
  0x0000021fa5fdd000 JavaThread "Unconstrained build operations Thread 10" [_thread_blocked, id=22764, stack(0x000000bd31700000,0x000000bd31800000)]
  0x0000021fa5fdc800 JavaThread "Unconstrained build operations Thread 11" [_thread_blocked, id=10756, stack(0x000000bd31800000,0x000000bd31900000)]
  0x0000021fa5fdf000 JavaThread "Unconstrained build operations Thread 12" [_thread_blocked, id=13228, stack(0x000000bd31900000,0x000000bd31a00000)]
  0x0000021fa5fdb000 JavaThread "Unconstrained build operations Thread 13" [_thread_blocked, id=9204, stack(0x000000bd31a00000,0x000000bd31b00000)]
  0x0000021fa5fdb800 JavaThread "Unconstrained build operations Thread 14" [_thread_blocked, id=14228, stack(0x000000bd31b00000,0x000000bd31c00000)]
  0x0000021fa5fde000 JavaThread "Unconstrained build operations Thread 15" [_thread_blocked, id=23492, stack(0x000000bd31c00000,0x000000bd31d00000)]
  0x0000021fa5fd9000 JavaThread "Unconstrained build operations Thread 16" [_thread_blocked, id=20500, stack(0x000000bd31d00000,0x000000bd31e00000)]
  0x0000021fa5fdf800 JavaThread "Unconstrained build operations Thread 17" [_thread_blocked, id=22592, stack(0x000000bd31e00000,0x000000bd31f00000)]
  0x0000021fa5fda000 JavaThread "Unconstrained build operations Thread 18" [_thread_blocked, id=17880, stack(0x000000bd31f00000,0x000000bd32000000)]
  0x0000021fa5fe4800 JavaThread "Unconstrained build operations Thread 19" [_thread_blocked, id=23380, stack(0x000000bd32000000,0x000000bd32100000)]
  0x0000021fa5fe4000 JavaThread "Unconstrained build operations Thread 20" [_thread_blocked, id=23108, stack(0x000000bd32100000,0x000000bd32200000)]
  0x0000021fa5fe3000 JavaThread "Unconstrained build operations Thread 21" [_thread_blocked, id=23464, stack(0x000000bd32200000,0x000000bd32300000)]
  0x0000021fa5fe6000 JavaThread "Unconstrained build operations Thread 22" [_thread_blocked, id=21816, stack(0x000000bd32300000,0x000000bd32400000)]
  0x0000021fa5fe1800 JavaThread "Unconstrained build operations Thread 23" [_thread_blocked, id=22796, stack(0x000000bd32400000,0x000000bd32500000)]
  0x0000021fa5fe2000 JavaThread "Unconstrained build operations Thread 24" [_thread_blocked, id=19984, stack(0x000000bd32500000,0x000000bd32600000)]
  0x0000021fa5fe5800 JavaThread "Unconstrained build operations Thread 25" [_thread_blocked, id=14348, stack(0x000000bd32600000,0x000000bd32700000)]
  0x0000021fa5fe0800 JavaThread "Unconstrained build operations Thread 26" [_thread_blocked, id=9296, stack(0x000000bd32700000,0x000000bd32800000)]
  0x0000021fa5fe7000 JavaThread "Unconstrained build operations Thread 27" [_thread_blocked, id=19728, stack(0x000000bd32800000,0x000000bd32900000)]
  0x0000021fa5fe8000 JavaThread "Unconstrained build operations Thread 28" [_thread_blocked, id=23480, stack(0x000000bd32900000,0x000000bd32a00000)]
  0x0000021fa8a4e000 JavaThread "Unconstrained build operations Thread 29" [_thread_blocked, id=23256, stack(0x000000bd32a00000,0x000000bd32b00000)]
  0x0000021fa8a4c800 JavaThread "Unconstrained build operations Thread 30" [_thread_blocked, id=21908, stack(0x000000bd32b00000,0x000000bd32c00000)]
  0x0000021fa8a4b800 JavaThread "Unconstrained build operations Thread 31" [_thread_blocked, id=21364, stack(0x000000bd32c00000,0x000000bd32d00000)]
  0x0000021fa8a4a000 JavaThread "Unconstrained build operations Thread 32" [_thread_blocked, id=23348, stack(0x000000bd32d00000,0x000000bd32e00000)]
  0x0000021fa8a4d800 JavaThread "Unconstrained build operations Thread 33" [_thread_blocked, id=21912, stack(0x000000bd32e00000,0x000000bd32f00000)]
  0x0000021fa8a4b000 JavaThread "Unconstrained build operations Thread 34" [_thread_blocked, id=21996, stack(0x000000bd32f00000,0x000000bd33000000)]
  0x0000021fa8a4f000 JavaThread "Unconstrained build operations Thread 35" [_thread_blocked, id=4748, stack(0x000000bd33000000,0x000000bd33100000)]
  0x0000021fa8a49800 JavaThread "Unconstrained build operations Thread 36" [_thread_blocked, id=21628, stack(0x000000bd33100000,0x000000bd33200000)]
  0x0000021fa8a54800 JavaThread "Unconstrained build operations Thread 37" [_thread_blocked, id=22772, stack(0x000000bd33200000,0x000000bd33300000)]
  0x0000021fa8a50800 JavaThread "Unconstrained build operations Thread 38" [_thread_blocked, id=8200, stack(0x000000bd33300000,0x000000bd33400000)]
  0x0000021fa8a55800 JavaThread "Unconstrained build operations Thread 39" [_thread_blocked, id=22588, stack(0x000000bd33400000,0x000000bd33500000)]
  0x0000021fa8a51800 JavaThread "Unconstrained build operations Thread 40" [_thread_blocked, id=22812, stack(0x000000bd33500000,0x000000bd33600000)]
  0x0000021fa8a52800 JavaThread "Cache worker for kotlin-dsl (C:\Users\elaaf\.gradle\caches\7.5\kotlin-dsl)" [_thread_blocked, id=5176, stack(0x000000bd30200000,0x000000bd30300000)]
  0x0000021fa8a54000 JavaThread "File lock release action executor Thread 5" [_thread_blocked, id=21728, stack(0x000000bd33600000,0x000000bd33700000)]
  0x0000021fa8a53000 JavaThread "Cache worker for Build Output Cleanup Cache (D:\flutter\src\flutter\packages\flutter_tools\gradle\.gradle\buildOutputCleanup)" [_thread_blocked, id=24532, stack(0x000000bd33700000,0x000000bd33800000)]
  0x0000021fa8a50000 JavaThread "Memory manager" [_thread_blocked, id=24448, stack(0x000000bd33800000,0x000000bd33900000)]

Other Threads:
  0x0000021fa3569800 VMThread "VM Thread" [stack: 0x000000bd2e600000,0x000000bd2e700000] [id=4676]
  0x0000021fa4051000 WatcherThread [stack: 0x000000bd2f000000,0x000000bd2f100000] [id=972]
  0x0000021f8ac78000 GCTaskThread "GC Thread#0" [stack: 0x000000bd2e100000,0x000000bd2e200000] [id=10132]
  0x0000021fa4279800 GCTaskThread "GC Thread#1" [stack: 0x000000bd2f100000,0x000000bd2f200000] [id=6588]
  0x0000021fa45b9800 GCTaskThread "GC Thread#2" [stack: 0x000000bd2f200000,0x000000bd2f300000] [id=7924]
  0x0000021fa4c2d000 GCTaskThread "GC Thread#3" [stack: 0x000000bd2fd00000,0x000000bd2fe00000] [id=19664]
  0x0000021f8ac9d000 ConcurrentGCThread "G1 Main Marker" [stack: 0x000000bd2e200000,0x000000bd2e300000] [id=10452]
  0x0000021f8ac9e800 ConcurrentGCThread "G1 Conc#0" [stack: 0x000000bd2e300000,0x000000bd2e400000] [id=2528]
  0x0000021f8ad2b800 ConcurrentGCThread "G1 Refine#0" [stack: 0x000000bd2e400000,0x000000bd2e500000] [id=3692]
  0x0000021f8ad2c800 ConcurrentGCThread "G1 Young RemSet Sampling" [stack: 0x000000bd2e500000,0x000000bd2e600000] [id=7944]

Threads with active compile tasks:
C2 CompilerThread02394398 7351 %     4       org.gradle.internal.instantiation.generator.AbstractClassGenerator::inspectType @ 107 (560 bytes)

VM state:at safepoint (normal execution)

VM Mutex/Monitor currently owned by a thread:  ([mutex/lock_event])
[0x0000021f8ac5a8d0] Threads_lock - owner thread: 0x0000021fa3569800
[0x0000021f8ac5dff0] Heap_lock - owner thread: 0x0000021fa3fa4800

Heap address: 0x00000000a0000000, size: 1536 MB, Compressed Oops mode: 32-bit
Narrow klass base: 0x0000000000000000, Narrow klass shift: 3
Compressed class space size: 1073741824 Address: 0x0000000100000000

Heap:
 garbage-first heap   total 131072K, used 52004K [0x00000000a0000000, 0x0000000100000000)
  region size 1024K, 2 young (2048K), 2 survivors (2048K)
 Metaspace       used 61270K, capacity 63232K, committed 63312K, reserved 1112064K
  class space    used 7928K, capacity 8651K, committed 8704K, reserved 1048576K
Heap Regions: E=young(eden), S=young(survivor), O=old, HS=humongous(starts), HC=humongous(continues), CS=collection set, F=free, A=archive, TAMS=top-at-mark-start (previous, next)
|   0|0x00000000a0000000, 0x00000000a0100000, 0x00000000a0100000|100%|HS|  |TAMS 0x00000000a0100000, 0x00000000a0100000| Complete 
|   1|0x00000000a0100000, 0x00000000a0200000, 0x00000000a0200000|100%|HC|  |TAMS 0x00000000a0200000, 0x00000000a0200000| Complete 
|   2|0x00000000a0200000, 0x00000000a0300000, 0x00000000a0300000|100%|HC|  |TAMS 0x00000000a0300000, 0x00000000a0300000| Complete 
|   3|0x00000000a0300000, 0x00000000a0400000, 0x00000000a0400000|100%| O|  |TAMS 0x00000000a0400000, 0x00000000a0400000| Untracked 
|   4|0x00000000a0400000, 0x00000000a0500000, 0x00000000a0500000|100%| O|  |TAMS 0x00000000a0500000, 0x00000000a0500000| Untracked 
|   5|0x00000000a0500000, 0x00000000a0600000, 0x00000000a0600000|100%| O|  |TAMS 0x00000000a0600000, 0x00000000a0600000| Untracked 
|   6|0x00000000a0600000, 0x00000000a0700000, 0x00000000a0700000|100%| O|  |TAMS 0x00000000a0700000, 0x00000000a0700000| Untracked 
|   7|0x00000000a0700000, 0x00000000a0800000, 0x00000000a0800000|100%| O|  |TAMS 0x00000000a0800000, 0x00000000a0800000| Untracked 
|   8|0x00000000a0800000, 0x00000000a0900000, 0x00000000a0900000|100%| O|  |TAMS 0x00000000a0900000, 0x00000000a0900000| Untracked 
|   9|0x00000000a0900000, 0x00000000a0a00000, 0x00000000a0a00000|100%| O|  |TAMS 0x00000000a0a00000, 0x00000000a0a00000| Untracked 
|  10|0x00000000a0a00000, 0x00000000a0b00000, 0x00000000a0b00000|100%| O|  |TAMS 0x00000000a0b00000, 0x00000000a0b00000| Untracked 
|  11|0x00000000a0b00000, 0x00000000a0c00000, 0x00000000a0c00000|100%| O|  |TAMS 0x00000000a0c00000, 0x00000000a0c00000| Untracked 
|  12|0x00000000a0c00000, 0x00000000a0d00000, 0x00000000a0d00000|100%| O|  |TAMS 0x00000000a0d00000, 0x00000000a0d00000| Untracked 
|  13|0x00000000a0d00000, 0x00000000a0e00000, 0x00000000a0e00000|100%| O|  |TAMS 0x00000000a0e00000, 0x00000000a0e00000| Untracked 
|  14|0x00000000a0e00000, 0x00000000a0f00000, 0x00000000a0f00000|100%| O|  |TAMS 0x00000000a0f00000, 0x00000000a0f00000| Untracked 
|  15|0x00000000a0f00000, 0x00000000a1000000, 0x00000000a1000000|100%| O|  |TAMS 0x00000000a1000000, 0x00000000a1000000| Untracked 
|  16|0x00000000a1000000, 0x00000000a1100000, 0x00000000a1100000|100%| O|  |TAMS 0x00000000a1100000, 0x00000000a1100000| Untracked 
|  17|0x00000000a1100000, 0x00000000a1200000, 0x00000000a1200000|100%| O|  |TAMS 0x00000000a1200000, 0x00000000a1200000| Untracked 
|  18|0x00000000a1200000, 0x00000000a1300000, 0x00000000a1300000|100%| O|  |TAMS 0x00000000a1300000, 0x00000000a1300000| Untracked 
|  19|0x00000000a1300000, 0x00000000a1400000, 0x00000000a1400000|100%| O|  |TAMS 0x00000000a1400000, 0x00000000a1400000| Untracked 
|  20|0x00000000a1400000, 0x00000000a1500000, 0x00000000a1500000|100%| O|  |TAMS 0x00000000a1500000, 0x00000000a1500000| Untracked 
|  21|0x00000000a1500000, 0x00000000a1600000, 0x00000000a1600000|100%| O|  |TAMS 0x00000000a1600000, 0x00000000a1600000| Untracked 
|  22|0x00000000a1600000, 0x00000000a1700000, 0x00000000a1700000|100%| O|  |TAMS 0x00000000a1700000, 0x00000000a1700000| Untracked 
|  23|0x00000000a1700000, 0x00000000a1800000, 0x00000000a1800000|100%| O|  |TAMS 0x00000000a1800000, 0x00000000a1800000| Untracked 
|  24|0x00000000a1800000, 0x00000000a1900000, 0x00000000a1900000|100%| O|  |TAMS 0x00000000a1900000, 0x00000000a1900000| Untracked 
|  25|0x00000000a1900000, 0x00000000a1a00000, 0x00000000a1a00000|100%| O|  |TAMS 0x00000000a1a00000, 0x00000000a1a00000| Untracked 
|  26|0x00000000a1a00000, 0x00000000a1b00000, 0x00000000a1b00000|100%| O|  |TAMS 0x00000000a1b00000, 0x00000000a1b00000| Untracked 
|  27|0x00000000a1b00000, 0x00000000a1c00000, 0x00000000a1c00000|100%| O|  |TAMS 0x00000000a1c00000, 0x00000000a1c00000| Untracked 
|  28|0x00000000a1c00000, 0x00000000a1d00000, 0x00000000a1d00000|100%| O|  |TAMS 0x00000000a1d00000, 0x00000000a1d00000| Untracked 
|  29|0x00000000a1d00000, 0x00000000a1e00000, 0x00000000a1e00000|100%| O|  |TAMS 0x00000000a1e00000, 0x00000000a1e00000| Untracked 
|  30|0x00000000a1e00000, 0x00000000a1f00000, 0x00000000a1f00000|100%| O|  |TAMS 0x00000000a1f00000, 0x00000000a1f00000| Untracked 
|  31|0x00000000a1f00000, 0x00000000a2000000, 0x00000000a2000000|100%|HS|  |TAMS 0x00000000a2000000, 0x00000000a2000000| Complete 
|  32|0x00000000a2000000, 0x00000000a2100000, 0x00000000a2100000|100%|HS|  |TAMS 0x00000000a2100000, 0x00000000a2100000| Complete 
|  33|0x00000000a2100000, 0x00000000a2200000, 0x00000000a2200000|100%|HS|  |TAMS 0x00000000a2200000, 0x00000000a2200000| Complete 
|  34|0x00000000a2200000, 0x00000000a2300000, 0x00000000a2300000|100%|HS|  |TAMS 0x00000000a2300000, 0x00000000a2300000| Complete 
|  35|0x00000000a2300000, 0x00000000a2400000, 0x00000000a2400000|100%|HC|  |TAMS 0x00000000a2400000, 0x00000000a2400000| Complete 
|  36|0x00000000a2400000, 0x00000000a2500000, 0x00000000a2500000|100%|HC|  |TAMS 0x00000000a2500000, 0x00000000a2500000| Complete 
|  37|0x00000000a2500000, 0x00000000a2500000, 0x00000000a2600000|  0%| F|  |TAMS 0x00000000a2500000, 0x00000000a2500000| Untracked 
|  38|0x00000000a2600000, 0x00000000a2700000, 0x00000000a2700000|100%| O|  |TAMS 0x00000000a2700000, 0x00000000a2700000| Untracked 
|  39|0x00000000a2700000, 0x00000000a2800000, 0x00000000a2800000|100%| O|  |TAMS 0x00000000a2800000, 0x00000000a2800000| Untracked 
|  40|0x00000000a2800000, 0x00000000a2900000, 0x00000000a2900000|100%| O|  |TAMS 0x00000000a2900000, 0x00000000a2900000| Untracked 
|  41|0x00000000a2900000, 0x00000000a2a00000, 0x00000000a2a00000|100%|HS|  |TAMS 0x00000000a2a00000, 0x00000000a2a00000| Complete 
|  42|0x00000000a2a00000, 0x00000000a2b00000, 0x00000000a2b00000|100%|HC|  |TAMS 0x00000000a2b00000, 0x00000000a2b00000| Complete 
|  43|0x00000000a2b00000, 0x00000000a2c00000, 0x00000000a2c00000|100%| O|  |TAMS 0x00000000a2c00000, 0x00000000a2c00000| Untracked 
|  44|0x00000000a2c00000, 0x00000000a2d00000, 0x00000000a2d00000|100%| O|  |TAMS 0x00000000a2d00000, 0x00000000a2d00000| Untracked 
|  45|0x00000000a2d00000, 0x00000000a2e00000, 0x00000000a2e00000|100%| O|  |TAMS 0x00000000a2e00000, 0x00000000a2e00000| Untracked 
|  46|0x00000000a2e00000, 0x00000000a2f00000, 0x00000000a2f00000|100%| O|  |TAMS 0x00000000a2f00000, 0x00000000a2f00000| Untracked 
|  47|0x00000000a2f00000, 0x00000000a3000000, 0x00000000a3000000|100%| O|  |TAMS 0x00000000a3000000, 0x00000000a3000000| Untracked 
|  48|0x00000000a3000000, 0x00000000a3100000, 0x00000000a3100000|100%| O|  |TAMS 0x00000000a3100000, 0x00000000a3100000| Untracked 
|  49|0x00000000a3100000, 0x00000000a31f6000, 0x00000000a3200000| 96%| O|  |TAMS 0x00000000a31f6000, 0x00000000a31f6000| Untracked 
|  50|0x00000000a3200000, 0x00000000a3200000, 0x00000000a3300000|  0%| F|  |TAMS 0x00000000a3200000, 0x00000000a3200000| Untracked 
|  51|0x00000000a3300000, 0x00000000a3300000, 0x00000000a3400000|  0%| F|  |TAMS 0x00000000a3300000, 0x00000000a3300000| Untracked 
|  52|0x00000000a3400000, 0x00000000a3400000, 0x00000000a3500000|  0%| F|  |TAMS 0x00000000a3400000, 0x00000000a3400000| Untracked 
|  53|0x00000000a3500000, 0x00000000a3500000, 0x00000000a3600000|  0%| F|  |TAMS 0x00000000a3500000, 0x00000000a3500000| Untracked 
|  54|0x00000000a3600000, 0x00000000a3600000, 0x00000000a3700000|  0%| F|  |TAMS 0x00000000a3600000, 0x00000000a3600000| Untracked 
|  55|0x00000000a3700000, 0x00000000a3700000, 0x00000000a3800000|  0%| F|  |TAMS 0x00000000a3700000, 0x00000000a3700000| Untracked 
|  56|0x00000000a3800000, 0x00000000a3800000, 0x00000000a3900000|  0%| F|  |TAMS 0x00000000a3800000, 0x00000000a3800000| Untracked 
|  57|0x00000000a3900000, 0x00000000a3900000, 0x00000000a3a00000|  0%| F|  |TAMS 0x00000000a3900000, 0x00000000a3900000| Untracked 
|  58|0x00000000a3a00000, 0x00000000a3a00000, 0x00000000a3b00000|  0%| F|  |TAMS 0x00000000a3a00000, 0x00000000a3a00000| Untracked 
|  59|0x00000000a3b00000, 0x00000000a3b00000, 0x00000000a3c00000|  0%| F|  |TAMS 0x00000000a3b00000, 0x00000000a3b00000| Untracked 
|  60|0x00000000a3c00000, 0x00000000a3c00000, 0x00000000a3d00000|  0%| F|  |TAMS 0x00000000a3c00000, 0x00000000a3c00000| Untracked 
|  61|0x00000000a3d00000, 0x00000000a3d00000, 0x00000000a3e00000|  0%| F|  |TAMS 0x00000000a3d00000, 0x00000000a3d00000| Untracked 
|  62|0x00000000a3e00000, 0x00000000a3e00000, 0x00000000a3f00000|  0%| F|  |TAMS 0x00000000a3e00000, 0x00000000a3e00000| Untracked 
|  63|0x00000000a3f00000, 0x00000000a3f00000, 0x00000000a4000000|  0%| F|  |TAMS 0x00000000a3f00000, 0x00000000a3f00000| Untracked 
|  64|0x00000000a4000000, 0x00000000a4000000, 0x00000000a4100000|  0%| F|  |TAMS 0x00000000a4000000, 0x00000000a4000000| Untracked 
|  65|0x00000000a4100000, 0x00000000a4100000, 0x00000000a4200000|  0%| F|  |TAMS 0x00000000a4100000, 0x00000000a4100000| Untracked 
|  66|0x00000000a4200000, 0x00000000a4200000, 0x00000000a4300000|  0%| F|  |TAMS 0x00000000a4200000, 0x00000000a4200000| Untracked 
|  67|0x00000000a4300000, 0x00000000a4300000, 0x00000000a4400000|  0%| F|  |TAMS 0x00000000a4300000, 0x00000000a4300000| Untracked 
|  68|0x00000000a4400000, 0x00000000a4400000, 0x00000000a4500000|  0%| F|  |TAMS 0x00000000a4400000, 0x00000000a4400000| Untracked 
|  69|0x00000000a4500000, 0x00000000a4500000, 0x00000000a4600000|  0%| F|  |TAMS 0x00000000a4500000, 0x00000000a4500000| Untracked 
|  70|0x00000000a4600000, 0x00000000a4600000, 0x00000000a4700000|  0%| F|  |TAMS 0x00000000a4600000, 0x00000000a4600000| Untracked 
|  71|0x00000000a4700000, 0x00000000a4700000, 0x00000000a4800000|  0%| F|  |TAMS 0x00000000a4700000, 0x00000000a4700000| Untracked 
|  72|0x00000000a4800000, 0x00000000a4800000, 0x00000000a4900000|  0%| F|  |TAMS 0x00000000a4800000, 0x00000000a4800000| Untracked 
|  73|0x00000000a4900000, 0x00000000a4900000, 0x00000000a4a00000|  0%| F|  |TAMS 0x00000000a4900000, 0x00000000a4900000| Untracked 
|  74|0x00000000a4a00000, 0x00000000a4a00000, 0x00000000a4b00000|  0%| F|  |TAMS 0x00000000a4a00000, 0x00000000a4a00000| Untracked 
|  75|0x00000000a4b00000, 0x00000000a4b00000, 0x00000000a4c00000|  0%| F|  |TAMS 0x00000000a4b00000, 0x00000000a4b00000| Untracked 
|  76|0x00000000a4c00000, 0x00000000a4c00000, 0x00000000a4d00000|  0%| F|  |TAMS 0x00000000a4c00000, 0x00000000a4c00000| Untracked 
|  77|0x00000000a4d00000, 0x00000000a4d00000, 0x00000000a4e00000|  0%| F|  |TAMS 0x00000000a4d00000, 0x00000000a4d00000| Untracked 
|  78|0x00000000a4e00000, 0x00000000a4e00000, 0x00000000a4f00000|  0%| F|  |TAMS 0x00000000a4e00000, 0x00000000a4e00000| Untracked 
|  79|0x00000000a4f00000, 0x00000000a4f00000, 0x00000000a5000000|  0%| F|  |TAMS 0x00000000a4f00000, 0x00000000a4f00000| Untracked 
|  80|0x00000000a5000000, 0x00000000a5000000, 0x00000000a5100000|  0%| F|  |TAMS 0x00000000a5000000, 0x00000000a5000000| Untracked 
|  81|0x00000000a5100000, 0x00000000a5100000, 0x00000000a5200000|  0%| F|  |TAMS 0x00000000a5100000, 0x00000000a5100000| Untracked 
|  82|0x00000000a5200000, 0x00000000a5200000, 0x00000000a5300000|  0%| F|  |TAMS 0x00000000a5200000, 0x00000000a5200000| Untracked 
|  83|0x00000000a5300000, 0x00000000a5300000, 0x00000000a5400000|  0%| F|  |TAMS 0x00000000a5300000, 0x00000000a5300000| Untracked 
|  84|0x00000000a5400000, 0x00000000a5400000, 0x00000000a5500000|  0%| F|  |TAMS 0x00000000a5400000, 0x00000000a5400000| Untracked 
|  85|0x00000000a5500000, 0x00000000a5500000, 0x00000000a5600000|  0%| F|  |TAMS 0x00000000a5500000, 0x00000000a5500000| Untracked 
|  86|0x00000000a5600000, 0x00000000a5600000, 0x00000000a5700000|  0%| F|  |TAMS 0x00000000a5600000, 0x00000000a5600000| Untracked 
|  87|0x00000000a5700000, 0x00000000a5700000, 0x00000000a5800000|  0%| F|  |TAMS 0x00000000a5700000, 0x00000000a5700000| Untracked 
|  88|0x00000000a5800000, 0x00000000a5800000, 0x00000000a5900000|  0%| F|  |TAMS 0x00000000a5800000, 0x00000000a5800000| Untracked 
|  89|0x00000000a5900000, 0x00000000a5900000, 0x00000000a5a00000|  0%| F|  |TAMS 0x00000000a5900000, 0x00000000a5900000| Untracked 
|  90|0x00000000a5a00000, 0x00000000a5a00000, 0x00000000a5b00000|  0%| F|  |TAMS 0x00000000a5a00000, 0x00000000a5a00000| Untracked 
|  91|0x00000000a5b00000, 0x00000000a5b00000, 0x00000000a5c00000|  0%| F|  |TAMS 0x00000000a5b00000, 0x00000000a5b00000| Untracked 
|  92|0x00000000a5c00000, 0x00000000a5c00000, 0x00000000a5d00000|  0%| F|  |TAMS 0x00000000a5c00000, 0x00000000a5c00000| Untracked 
|  93|0x00000000a5d00000, 0x00000000a5d00000, 0x00000000a5e00000|  0%| F|  |TAMS 0x00000000a5d00000, 0x00000000a5d00000| Untracked 
|  94|0x00000000a5e00000, 0x00000000a5e00000, 0x00000000a5f00000|  0%| F|  |TAMS 0x00000000a5e00000, 0x00000000a5e00000| Untracked 
|  95|0x00000000a5f00000, 0x00000000a5f00000, 0x00000000a6000000|  0%| F|  |TAMS 0x00000000a5f00000, 0x00000000a5f00000| Untracked 
|  96|0x00000000a6000000, 0x00000000a6000000, 0x00000000a6100000|  0%| F|  |TAMS 0x00000000a6000000, 0x00000000a6000000| Untracked 
|  97|0x00000000a6100000, 0x00000000a6100000, 0x00000000a6200000|  0%| F|  |TAMS 0x00000000a6100000, 0x00000000a6100000| Untracked 
|  98|0x00000000a6200000, 0x00000000a6200000, 0x00000000a6300000|  0%| F|  |TAMS 0x00000000a6200000, 0x00000000a6200000| Untracked 
|  99|0x00000000a6300000, 0x00000000a6300000, 0x00000000a6400000|  0%| F|  |TAMS 0x00000000a6300000, 0x00000000a6300000| Untracked 
| 100|0x00000000a6400000, 0x00000000a6400000, 0x00000000a6500000|  0%| F|  |TAMS 0x00000000a6400000, 0x00000000a6400000| Untracked 
| 101|0x00000000a6500000, 0x00000000a6500000, 0x00000000a6600000|  0%| F|  |TAMS 0x00000000a6500000, 0x00000000a6500000| Untracked 
| 102|0x00000000a6600000, 0x00000000a6600000, 0x00000000a6700000|  0%| F|  |TAMS 0x00000000a6600000, 0x00000000a6600000| Untracked 
| 103|0x00000000a6700000, 0x00000000a6700000, 0x00000000a6800000|  0%| F|  |TAMS 0x00000000a6700000, 0x00000000a6700000| Untracked 
| 104|0x00000000a6800000, 0x00000000a6800000, 0x00000000a6900000|  0%| F|  |TAMS 0x00000000a6800000, 0x00000000a6800000| Untracked 
| 105|0x00000000a6900000, 0x00000000a6900000, 0x00000000a6a00000|  0%| F|  |TAMS 0x00000000a6900000, 0x00000000a6900000| Untracked 
| 106|0x00000000a6a00000, 0x00000000a6a00000, 0x00000000a6b00000|  0%| F|  |TAMS 0x00000000a6a00000, 0x00000000a6a00000| Untracked 
| 107|0x00000000a6b00000, 0x00000000a6b00000, 0x00000000a6c00000|  0%| F|  |TAMS 0x00000000a6b00000, 0x00000000a6b00000| Untracked 
| 108|0x00000000a6c00000, 0x00000000a6c00000, 0x00000000a6d00000|  0%| F|  |TAMS 0x00000000a6c00000, 0x00000000a6c00000| Untracked 
| 109|0x00000000a6d00000, 0x00000000a6d00000, 0x00000000a6e00000|  0%| F|  |TAMS 0x00000000a6d00000, 0x00000000a6d00000| Untracked 
| 110|0x00000000a6e00000, 0x00000000a6e00000, 0x00000000a6f00000|  0%| F|  |TAMS 0x00000000a6e00000, 0x00000000a6e00000| Untracked 
| 111|0x00000000a6f00000, 0x00000000a6f00000, 0x00000000a7000000|  0%| F|  |TAMS 0x00000000a6f00000, 0x00000000a6f00000| Untracked 
| 112|0x00000000a7000000, 0x00000000a7000000, 0x00000000a7100000|  0%| F|  |TAMS 0x00000000a7000000, 0x00000000a7000000| Untracked 
| 113|0x00000000a7100000, 0x00000000a71d3260, 0x00000000a7200000| 82%| S|CS|TAMS 0x00000000a7100000, 0x00000000a7100000| Complete 
| 114|0x00000000a7200000, 0x00000000a7300000, 0x00000000a7300000|100%| S|CS|TAMS 0x00000000a7200000, 0x00000000a7200000| Complete 
| 115|0x00000000a7300000, 0x00000000a7300000, 0x00000000a7400000|  0%| F|  |TAMS 0x00000000a7300000, 0x00000000a7300000| Untracked 
| 116|0x00000000a7400000, 0x00000000a7400000, 0x00000000a7500000|  0%| F|  |TAMS 0x00000000a7400000, 0x00000000a7400000| Untracked 
| 117|0x00000000a7500000, 0x00000000a7500000, 0x00000000a7600000|  0%| F|  |TAMS 0x00000000a7500000, 0x00000000a7500000| Untracked 
| 118|0x00000000a7600000, 0x00000000a7600000, 0x00000000a7700000|  0%| F|  |TAMS 0x00000000a7600000, 0x00000000a7600000| Untracked 
| 119|0x00000000a7700000, 0x00000000a7700000, 0x00000000a7800000|  0%| F|  |TAMS 0x00000000a7700000, 0x00000000a7700000| Untracked 
| 120|0x00000000a7800000, 0x00000000a7800000, 0x00000000a7900000|  0%| F|  |TAMS 0x00000000a7800000, 0x00000000a7800000| Untracked 
| 121|0x00000000a7900000, 0x00000000a7900000, 0x00000000a7a00000|  0%| F|  |TAMS 0x00000000a7900000, 0x00000000a7900000| Untracked 
| 122|0x00000000a7a00000, 0x00000000a7a00000, 0x00000000a7b00000|  0%| F|  |TAMS 0x00000000a7a00000, 0x00000000a7a00000| Untracked 
| 123|0x00000000a7b00000, 0x00000000a7b00000, 0x00000000a7c00000|  0%| F|  |TAMS 0x00000000a7b00000, 0x00000000a7b00000| Untracked 
| 124|0x00000000a7c00000, 0x00000000a7c00000, 0x00000000a7d00000|  0%| F|  |TAMS 0x00000000a7c00000, 0x00000000a7c00000| Untracked 
| 125|0x00000000a7d00000, 0x00000000a7d00000, 0x00000000a7e00000|  0%| F|  |TAMS 0x00000000a7d00000, 0x00000000a7d00000| Untracked 
| 126|0x00000000a7e00000, 0x00000000a7e00000, 0x00000000a7f00000|  0%| F|  |TAMS 0x00000000a7e00000, 0x00000000a7e00000| Untracked 
| 127|0x00000000a7f00000, 0x00000000a7f00000, 0x00000000a8000000|  0%| F|  |TAMS 0x00000000a7f00000, 0x00000000a7f00000| Untracked 

Card table byte_map: [0x0000021f9da80000,0x0000021f9dd80000] _byte_map_base: 0x0000021f9d580000

Marking Bits (Prev, Next): (CMBitMap*) 0x0000021f8ac963e8, (CMBitMap*) 0x0000021f8ac96420
 Prev Bits: [0x0000021f9e080000, 0x0000021f9f880000)
 Next Bits: [0x0000021f9f880000, 0x0000021fa1080000)

Polling page: 0x0000021f88b50000

Metaspace:

Usage:
  Non-class:     53.30 MB capacity,    52.09 MB ( 98%) used,     1.02 MB (  2%) free+waste,   189.50 KB ( <1%) overhead. 
      Class:      8.45 MB capacity,     7.74 MB ( 92%) used,   631.77 KB (  7%) free+waste,    90.75 KB (  1%) overhead. 
       Both:     61.75 MB capacity,    59.83 MB ( 97%) used,     1.64 MB (  3%) free+waste,   280.25 KB ( <1%) overhead. 

Virtual space:
  Non-class space:       62.00 MB reserved,      53.33 MB ( 86%) committed 
      Class space:        1.00 GB reserved,       8.50 MB ( <1%) committed 
             Both:        1.06 GB reserved,      61.83 MB (  6%) committed 

Chunk freelists:
   Non-Class:  27.00 KB
       Class:  21.00 KB
        Both:  48.00 KB

MaxMetaspaceSize: 17179869184.00 GB
CompressedClassSpaceSize: 1.00 GB
Initial GC threshold: 20.80 MB
Current GC threshold: 99.83 MB
CDS: off

CodeHeap 'non-profiled nmethods': size=120064Kb used=4704Kb max_used=4704Kb free=115359Kb
 bounds [0x0000021f96240000, 0x0000021f966e0000, 0x0000021f9d780000]
CodeHeap 'profiled nmethods': size=120000Kb used=15731Kb max_used=15731Kb free=104268Kb
 bounds [0x0000021f8ed10000, 0x0000021f8fc70000, 0x0000021f96240000]
CodeHeap 'non-nmethods': size=5696Kb used=2330Kb max_used=2363Kb free=3365Kb
 bounds [0x0000021f8e780000, 0x0000021f8e9f0000, 0x0000021f8ed10000]
 total_blobs=8171 nmethods=7328 adapters=755
 compilation: enabled
              stopped_count=0, restarted_count=0
 full_count=0

Compilation events (20 events):
Event: 2379.489 Thread 0x0000021fa3590800 nmethod 7341 0x0000021f966d7090 code [0x0000021f966d7240, 0x0000021f966d72e8]
Event: 2379.490 Thread 0x0000021fa3590800 7342       4       java.util.TreeMap$ValueIterator::next (8 bytes)
Event: 2379.491 Thread 0x0000021fa359e800 7343       3       org.gradle.internal.instantiation.generator.AbstractClassGenerator$PropertyMetadata::addSetter (41 bytes)
Event: 2379.492 Thread 0x0000021fa359e800 nmethod 7343 0x0000021f8fc5b390 code [0x0000021f8fc5b580, 0x0000021f8fc5ba58]
Event: 2379.496 Thread 0x0000021fa3590800 nmethod 7342 0x0000021f966d7390 code [0x0000021f966d7520, 0x0000021f966d77d8]
Event: 2379.517 Thread 0x0000021fa359e800 7344       3       org.objectweb.asm.Frame::execute (2318 bytes)
Event: 2379.518 Thread 0x0000021fa3590800 7346       4       org.objectweb.asm.Frame::pop (44 bytes)
Event: 2379.519 Thread 0x0000021fa3590800 nmethod 7346 0x0000021f966d7990 code [0x0000021f966d7b20, 0x0000021f966d7bb8]
Event: 2379.520 Thread 0x0000021fa3590800 7348       4       org.gradle.internal.instantiation.generator.AbstractClassGenerator$MethodMetadata::getReturnType (8 bytes)
Event: 2379.521 Thread 0x0000021fa3590800 nmethod 7348 0x0000021f966d7c90 code [0x0000021f966d7e20, 0x0000021f966d7e98]
Event: 2379.525 Thread 0x0000021fa359e800 nmethod 7344 0x0000021f8fc5bc10 code [0x0000021f8fc5c980, 0x0000021f8fc630b8]
Event: 2379.525 Thread 0x0000021fa359e800 7347       3       org.objectweb.asm.Type::getArgumentsAndReturnSizes (140 bytes)
Event: 2379.528 Thread 0x0000021fa359e800 nmethod 7347 0x0000021f8fc64d90 code [0x0000021f8fc651a0, 0x0000021f8fc67138]
Event: 2379.528 Thread 0x0000021fa359e800 7345       3       org.objectweb.asm.Frame::getAbstractTypeFromDescriptor (415 bytes)
Event: 2379.530 Thread 0x0000021fa359e800 nmethod 7345 0x0000021f8fc67d10 code [0x0000021f8fc680c0, 0x0000021f8fc69c58]
Event: 2379.535 Thread 0x0000021fa3590800 7349       4       org.objectweb.asm.ByteVector::putByteArray (49 bytes)
Event: 2379.537 Thread 0x0000021fa3590800 nmethod 7349 0x0000021f966d7f90 code [0x0000021f966d8120, 0x0000021f966d8278]
Event: 2379.539 Thread 0x0000021fa359e800 7350       3       org.gradle.internal.instantiation.generator.AbstractClassGenerator$ExtensibleTypePropertyHandler::applyTo (228 bytes)
Event: 2379.541 Thread 0x0000021fa359e800 nmethod 7350 0x0000021f8fc6a590 code [0x0000021f8fc6a980, 0x0000021f8fc6c638]
Event: 2379.863 Thread 0x0000021fa3590800 7351 %     4       org.gradle.internal.instantiation.generator.AbstractClassGenerator::inspectType @ 107 (560 bytes)

GC Heap History (20 events):
Event: 2334.853 GC heap before
{Heap before GC invocations=43 (full 0):
 garbage-first heap   total 131072K, used 71943K [0x00000000a0000000, 0x0000000100000000)
  region size 1024K, 23 young (23552K), 1 survivors (1024K)
 Metaspace       used 54212K, capacity 55912K, committed 56144K, reserved 1097728K
  class space    used 6932K, capacity 7569K, committed 7680K, reserved 1048576K
}
Event: 2334.857 GC heap after
{Heap after GC invocations=44 (full 0):
 garbage-first heap   total 131072K, used 50377K [0x00000000a0000000, 0x0000000100000000)
  region size 1024K, 2 young (2048K), 2 survivors (2048K)
 Metaspace       used 54212K, capacity 55912K, committed 56144K, reserved 1097728K
  class space    used 6932K, capacity 7569K, committed 7680K, reserved 1048576K
}
Event: 2344.645 GC heap before
{Heap before GC invocations=44 (full 0):
 garbage-first heap   total 131072K, used 75977K [0x00000000a0000000, 0x0000000100000000)
  region size 1024K, 28 young (28672K), 2 survivors (2048K)
 Metaspace       used 55844K, capacity 57649K, committed 57936K, reserved 1099776K
  class space    used 7162K, capacity 7847K, committed 7936K, reserved 1048576K
}
Event: 2345.493 GC heap after
{Heap after GC invocations=45 (full 0):
 garbage-first heap   total 131072K, used 51140K [0x00000000a0000000, 0x0000000100000000)
  region size 1024K, 3 young (3072K), 3 survivors (3072K)
 Metaspace       used 55844K, capacity 57649K, committed 57936K, reserved 1099776K
  class space    used 7162K, capacity 7847K, committed 7936K, reserved 1048576K
}
Event: 2346.101 GC heap before
{Heap before GC invocations=45 (full 0):
 garbage-first heap   total 131072K, used 57284K [0x00000000a0000000, 0x0000000100000000)
  region size 1024K, 9 young (9216K), 3 survivors (3072K)
 Metaspace       used 56177K, capacity 57937K, committed 58192K, reserved 1099776K
  class space    used 7208K, capacity 7879K, committed 7936K, reserved 1048576K
}
Event: 2346.340 GC heap after
{Heap after GC invocations=46 (full 0):
 garbage-first heap   total 131072K, used 51241K [0x00000000a0000000, 0x0000000100000000)
  region size 1024K, 1 young (1024K), 1 survivors (1024K)
 Metaspace       used 56177K, capacity 57937K, committed 58192K, reserved 1099776K
  class space    used 7208K, capacity 7879K, committed 7936K, reserved 1048576K
}
Event: 2347.270 GC heap before
{Heap before GC invocations=46 (full 0):
 garbage-first heap   total 131072K, used 56361K [0x00000000a0000000, 0x0000000100000000)
  region size 1024K, 6 young (6144K), 1 survivors (1024K)
 Metaspace       used 56456K, capacity 58225K, committed 58448K, reserved 1099776K
  class space    used 7246K, capacity 7911K, committed 7936K, reserved 1048576K
}
Event: 2347.272 GC heap after
{Heap after GC invocations=47 (full 0):
 garbage-first heap   total 131072K, used 51431K [0x00000000a0000000, 0x0000000100000000)
  region size 1024K, 1 young (1024K), 1 survivors (1024K)
 Metaspace       used 56456K, capacity 58225K, committed 58448K, reserved 1099776K
  class space    used 7246K, capacity 7911K, committed 7936K, reserved 1048576K
}
Event: 2347.380 GC heap before
{Heap before GC invocations=47 (full 0):
 garbage-first heap   total 131072K, used 57575K [0x00000000a0000000, 0x0000000100000000)
  region size 1024K, 7 young (7168K), 1 survivors (1024K)
 Metaspace       used 56862K, capacity 58609K, committed 58832K, reserved 1099776K
  class space    used 7299K, capacity 7975K, committed 8064K, reserved 1048576K
}
Event: 2347.382 GC heap after
{Heap after GC invocations=48 (full 0):
 garbage-first heap   total 131072K, used 51400K [0x00000000a0000000, 0x0000000100000000)
  region size 1024K, 1 young (1024K), 1 survivors (1024K)
 Metaspace       used 56862K, capacity 58609K, committed 58832K, reserved 1099776K
  class space    used 7299K, capacity 7975K, committed 8064K, reserved 1048576K
}
Event: 2348.849 GC heap before
{Heap before GC invocations=48 (full 0):
 garbage-first heap   total 131072K, used 59592K [0x00000000a0000000, 0x0000000100000000)
  region size 1024K, 9 young (9216K), 1 survivors (1024K)
 Metaspace       used 57426K, capacity 59185K, committed 59344K, reserved 1101824K
  class space    used 7370K, capacity 8039K, committed 8064K, reserved 1048576K
}
Event: 2348.851 GC heap after
{Heap after GC invocations=49 (full 0):
 garbage-first heap   total 131072K, used 51436K [0x00000000a0000000, 0x0000000100000000)
  region size 1024K, 1 young (1024K), 1 survivors (1024K)
 Metaspace       used 57426K, capacity 59185K, committed 59344K, reserved 1101824K
  class space    used 7370K, capacity 8039K, committed 8064K, reserved 1048576K
}
Event: 2350.522 GC heap before
{Heap before GC invocations=49 (full 0):
 garbage-first heap   total 131072K, used 62700K [0x00000000a0000000, 0x0000000100000000)
  region size 1024K, 12 young (12288K), 1 survivors (1024K)
 Metaspace       used 58071K, capacity 59857K, committed 59984K, reserved 1101824K
  class space    used 7462K, capacity 8135K, committed 8192K, reserved 1048576K
}
Event: 2350.524 GC heap after
{Heap after GC invocations=50 (full 0):
 garbage-first heap   total 131072K, used 51562K [0x00000000a0000000, 0x0000000100000000)
  region size 1024K, 1 young (1024K), 1 survivors (1024K)
 Metaspace       used 58071K, capacity 59857K, committed 59984K, reserved 1101824K
  class space    used 7462K, capacity 8135K, committed 8192K, reserved 1048576K
}
Event: 2351.052 GC heap before
{Heap before GC invocations=50 (full 0):
 garbage-first heap   total 131072K, used 56682K [0x00000000a0000000, 0x0000000100000000)
  region size 1024K, 7 young (7168K), 1 survivors (1024K)
 Metaspace       used 58495K, capacity 60215K, committed 60240K, reserved 1101824K
  class space    used 7501K, capacity 8168K, committed 8192K, reserved 1048576K
}
Event: 2351.055 GC heap after
{Heap after GC invocations=51 (full 0):
 garbage-first heap   total 131072K, used 51711K [0x00000000a0000000, 0x0000000100000000)
  region size 1024K, 1 young (1024K), 1 survivors (1024K)
 Metaspace       used 58495K, capacity 60215K, committed 60240K, reserved 1101824K
  class space    used 7501K, capacity 8168K, committed 8192K, reserved 1048576K
}
Event: 2358.947 GC heap before
{Heap before GC invocations=52 (full 0):
 garbage-first heap   total 131072K, used 66047K [0x00000000a0000000, 0x0000000100000000)
  region size 1024K, 16 young (16384K), 1 survivors (1024K)
 Metaspace       used 58965K, capacity 60703K, committed 60880K, reserved 1101824K
  class space    used 7550K, capacity 8220K, committed 8320K, reserved 1048576K
}
Event: 2358.950 GC heap after
{Heap after GC invocations=53 (full 0):
 garbage-first heap   total 131072K, used 50999K [0x00000000a0000000, 0x0000000100000000)
  region size 1024K, 1 young (1024K), 1 survivors (1024K)
 Metaspace       used 58965K, capacity 60703K, committed 60880K, reserved 1101824K
  class space    used 7550K, capacity 8220K, committed 8320K, reserved 1048576K
}
Event: 2364.077 GC heap before
{Heap before GC invocations=54 (full 0):
 garbage-first heap   total 131072K, used 70455K [0x00000000a0000000, 0x0000000100000000)
  region size 1024K, 20 young (20480K), 1 survivors (1024K)
 Metaspace       used 60404K, capacity 62393K, committed 62672K, reserved 1103872K
  class space    used 7790K, capacity 8481K, committed 8576K, reserved 1048576K
}
Event: 2364.083 GC heap after
{Heap after GC invocations=55 (full 0):
 garbage-first heap   total 131072K, used 51689K [0x00000000a0000000, 0x0000000100000000)
  region size 1024K, 2 young (2048K), 2 survivors (2048K)
 Metaspace       used 60404K, capacity 62393K, committed 62672K, reserved 1103872K
  class space    used 7790K, capacity 8481K, committed 8576K, reserved 1048576K
}

Deoptimization events (20 events):
Event: 2378.275 Thread 0x0000021fa3fa4800 Uncommon trap: trap_request=0xffffffbe fr.pc=0x0000021f966c9f10 relative=0x0000000000002db0
Event: 2378.275 Thread 0x0000021fa3fa4800 Uncommon trap: reason=profile_predicate action=maybe_recompile pc=0x0000021f966c9f10 method=java.util.TreeMap.put(Ljava/lang/Object;Ljava/lang/Object;)Ljava/lang/Object; @ 55 c2
Event: 2378.275 Thread 0x0000021fa3fa4800 DEOPT PACKING pc=0x0000021f966c9f10 sp=0x000000bd2f9f2cf0
Event: 2378.275 Thread 0x0000021fa3fa4800 DEOPT UNPACKING pc=0x0000021f8e7ca1af sp=0x000000bd2f9f2cd8 mode 2
Event: 2378.276 Thread 0x0000021fa3fa4800 Uncommon trap: trap_request=0xffffffbe fr.pc=0x0000021f966c9f10 relative=0x0000000000002db0
Event: 2378.277 Thread 0x0000021fa3fa4800 Uncommon trap: reason=profile_predicate action=maybe_recompile pc=0x0000021f966c9f10 method=java.util.TreeMap.put(Ljava/lang/Object;Ljava/lang/Object;)Ljava/lang/Object; @ 55 c2
Event: 2378.279 Thread 0x0000021fa3fa4800 DEOPT PACKING pc=0x0000021f966c9f10 sp=0x000000bd2f9f2d20
Event: 2378.279 Thread 0x0000021fa3fa4800 DEOPT UNPACKING pc=0x0000021f8e7ca1af sp=0x000000bd2f9f2d08 mode 2
Event: 2379.514 Thread 0x0000021fa3fa4800 Uncommon trap: trap_request=0xffffff4d fr.pc=0x0000021f966ce430 relative=0x0000000000000410
Event: 2379.514 Thread 0x0000021fa3fa4800 Uncommon trap: reason=unstable_if action=reinterpret pc=0x0000021f966ce430 method=org.objectweb.asm.Type.getArgumentsAndReturnSizes(Ljava/lang/String;)I @ 117 c2
Event: 2379.514 Thread 0x0000021fa3fa4800 DEOPT PACKING pc=0x0000021f966ce430 sp=0x000000bd2f9f1ca0
Event: 2379.514 Thread 0x0000021fa3fa4800 DEOPT UNPACKING pc=0x0000021f8e7ca1af sp=0x000000bd2f9f1c20 mode 2
Event: 2379.516 Thread 0x0000021fa3fa4800 Uncommon trap: trap_request=0xffffff4d fr.pc=0x0000021f96547934 relative=0x0000000000001674
Event: 2379.516 Thread 0x0000021fa3fa4800 Uncommon trap: reason=unstable_if action=reinterpret pc=0x0000021f96547934 method=org.objectweb.asm.Type.getArgumentsAndReturnSizes(Ljava/lang/String;)I @ 117 c2
Event: 2379.516 Thread 0x0000021fa3fa4800 DEOPT PACKING pc=0x0000021f96547934 sp=0x000000bd2f9f1a50
Event: 2379.516 Thread 0x0000021fa3fa4800 DEOPT UNPACKING pc=0x0000021f8e7ca1af sp=0x000000bd2f9f1908 mode 2
Event: 2379.517 Thread 0x0000021fa3fa4800 Uncommon trap: trap_request=0xffffff4d fr.pc=0x0000021f96647464 relative=0x00000000000006c4
Event: 2379.517 Thread 0x0000021fa3fa4800 Uncommon trap: reason=unstable_if action=reinterpret pc=0x0000021f96647464 method=org.objectweb.asm.Frame.getAbstractTypeFromDescriptor(Lorg/objectweb/asm/SymbolTable;Ljava/lang/String;I)I @ 5 c2
Event: 2379.517 Thread 0x0000021fa3fa4800 DEOPT PACKING pc=0x0000021f96647464 sp=0x000000bd2f9f18d0
Event: 2379.517 Thread 0x0000021fa3fa4800 DEOPT UNPACKING pc=0x0000021f8e7ca1af sp=0x000000bd2f9f1890 mode 2

Classes redefined (0 events):
No events

Internal exceptions (20 events):
Event: 2321.832 Thread 0x0000021fa3fa4800 Exception <a 'java/lang/NoSuchMethodError'{0x00000000a7babd38}: 'java.lang.Object java.lang.invoke.DirectMethodHandle$Holder.invokeStatic(java.lang.Object, java.lang.Object, java.lang.Object, java.lang.Object, int)'> (0x00000000a7babd38) thrown at [./src/hotspot/share/interpreter/linkResolver.cpp, line 773]
Event: 2321.833 Thread 0x0000021fa3fa4800 Exception <a 'java/lang/NoSuchMethodError'{0x00000000a7bb1c70}: 'java.lang.Object java.lang.invoke.DirectMethodHandle$Holder.invokeSpecial(java.lang.Object, java.lang.Object, java.lang.Object, java.lang.Object, java.lang.Object, int)'> (0x00000000a7bb1c70) thrown at [./src/hotspot/share/interpreter/linkResolver.cpp, line 773]
Event: 2321.833 Thread 0x0000021fa3fa4800 Exception <a 'java/lang/NoSuchMethodError'{0x00000000a7bb77f0}: 'java.lang.Object java.lang.invoke.Invokers$Holder.linkToTargetMethod(java.lang.Object, java.lang.Object, java.lang.Object, int, java.lang.Object)'> (0x00000000a7bb77f0) thrown at [./src/hotspot/share/interpreter/linkResolver.cpp, line 773]
Event: 2322.196 Thread 0x0000021fa3fa4800 Exception <a 'java/lang/NoSuchMethodError'{0x00000000a7985d90}: 'java.lang.Object java.lang.invoke.DirectMethodHandle$Holder.invokeSpecial(java.lang.Object, java.lang.Object, int, int, java.lang.Object, java.lang.Object, java.lang.Object)'> (0x00000000a7985d90) thrown at [./src/hotspot/share/interpreter/linkResolver.cpp, line 773]
Event: 2322.199 Thread 0x0000021fa3fa4800 Exception <a 'java/lang/NoSuchMethodError'{0x00000000a798b850}: 'java.lang.Object java.lang.invoke.DelegatingMethodHandle$Holder.reinvoke_L(java.lang.Object, int, int, java.lang.Object, java.lang.Object, java.lang.Object)'> (0x00000000a798b850) thrown at [./src/hotspot/share/interpreter/linkResolver.cpp, line 773]
Event: 2326.066 Thread 0x0000021fa3fa4800 Exception <a 'java/lang/IncompatibleClassChangeError'{0x00000000a7738240}: Found class java.lang.Object, but interface was expected> (0x00000000a7738240) thrown at [./src/hotspot/share/interpreter/linkResolver.cpp, line 839]
Event: 2329.664 Thread 0x0000021fa3fa4800 Implicit null exception at 0x0000021f9666ffd9 to 0x0000021f966701bc
Event: 2330.511 Thread 0x0000021fa3fa4800 Implicit null exception at 0x0000021f966335d4 to 0x0000021f966337b8
Event: 2330.511 Thread 0x0000021fa3fa4800 Implicit null exception at 0x0000021f96527650 to 0x0000021f965292c4
Event: 2334.395 Thread 0x0000021fa3fa4800 Exception <a 'java/lang/NoSuchMethodError'{0x00000000a6af9738}: 'java.lang.Object java.lang.invoke.DirectMethodHandle$Holder.invokeStatic(java.lang.Object, int, java.lang.Object, java.lang.Object, java.lang.Object)'> (0x00000000a6af9738) thrown at [./src/hotspot/share/interpreter/linkResolver.cpp, line 773]
Event: 2334.396 Thread 0x0000021fa3fa4800 Exception <a 'java/lang/NoSuchMethodError'{0x00000000a6aff6b0}: 'java.lang.Object java.lang.invoke.DirectMethodHandle$Holder.invokeSpecial(java.lang.Object, java.lang.Object, int, java.lang.Object, java.lang.Object, java.lang.Object)'> (0x00000000a6aff6b0) thrown at [./src/hotspot/share/interpreter/linkResolver.cpp, line 773]
Event: 2337.244 Thread 0x0000021fa3fa4800 Exception <a 'java/lang/ClassNotFoundException'{0x00000000a77fbdd8}: org/gradle/api/plugins/internal/DefaultBasePluginConventionBeanInfo> (0x00000000a77fbdd8) thrown at [./src/hotspot/share/classfile/systemDictionary.cpp, line 231]
Event: 2337.247 Thread 0x0000021fa3fa4800 Exception <a 'java/lang/ClassNotFoundException'{0x00000000a763cf58}: org/gradle/api/plugins/BasePluginConventionBeanInfo> (0x00000000a763cf58) thrown at [./src/hotspot/share/classfile/systemDictionary.cpp, line 231]
Event: 2337.249 Thread 0x0000021fa3fa4800 Exception <a 'java/lang/ClassNotFoundException'{0x00000000a767dff0}: org/gradle/api/plugins/BasePluginConventionCustomizer> (0x00000000a767dff0) thrown at [./src/hotspot/share/classfile/systemDictionary.cpp, line 231]
Event: 2337.252 Thread 0x0000021fa3fa4800 Exception <a 'java/lang/ClassNotFoundException'{0x00000000a76cf280}: org/gradle/api/plugins/internal/DefaultBasePluginConventionCustomizer> (0x00000000a76cf280) thrown at [./src/hotspot/share/classfile/systemDictionary.cpp, line 231]
Event: 2337.258 Thread 0x0000021fa3fa4800 Exception <a 'java/lang/ClassNotFoundException'{0x00000000a75564d8}: org/gradle/api/plugins/internal/DefaultJavaPluginConventionBeanInfo> (0x00000000a75564d8) thrown at [./src/hotspot/share/classfile/systemDictionary.cpp, line 231]
Event: 2337.260 Thread 0x0000021fa3fa4800 Exception <a 'java/lang/ClassNotFoundException'{0x00000000a75975a0}: org/gradle/api/plugins/JavaPluginConventionBeanInfo> (0x00000000a75975a0) thrown at [./src/hotspot/share/classfile/systemDictionary.cpp, line 231]
Event: 2337.263 Thread 0x0000021fa3fa4800 Exception <a 'java/lang/ClassNotFoundException'{0x00000000a75d83c8}: org/gradle/api/plugins/JavaPluginConventionCustomizer> (0x00000000a75d83c8) thrown at [./src/hotspot/share/classfile/systemDictionary.cpp, line 231]
Event: 2337.267 Thread 0x0000021fa3fa4800 Exception <a 'java/lang/ClassNotFoundException'{0x00000000a74339c0}: org/gradle/api/plugins/internal/DefaultJavaPluginConventionCustomizer> (0x00000000a74339c0) thrown at [./src/hotspot/share/classfile/systemDictionary.cpp, line 231]
Event: 2364.105 Thread 0x0000021fa3fa4800 Exception <a 'java/lang/NoSuchMethodError'{0x00000000a7fe10c0}: 'java.lang.Object java.lang.invoke.Invokers$Holder.linkToTargetMethod(java.lang.Object, int, java.lang.Object)'> (0x00000000a7fe10c0) thrown at [./src/hotspot/share/interpreter/linkResolver.cpp, line 773]

Events (20 events):
Event: 2379.531 loading class org/gradle/api/tasks/testing/logging/TestExceptionFormat
Event: 2379.531 loading class org/gradle/api/tasks/testing/logging/TestExceptionFormat done
Event: 2379.536 loading class org/gradle/api/internal/tasks/testing/logging/DefaultTestLogging
Event: 2379.536 loading class org/gradle/api/internal/tasks/testing/logging/DefaultTestLogging done
Event: 2379.542 loading class org/gradle/api/internal/tasks/testing/DefaultTestTaskReports
Event: 2379.542 loading class org/gradle/api/internal/tasks/testing/DefaultTestTaskReports done
Event: 2379.556 loading class org/gradle/api/reporting/internal/TaskReportContainer
Event: 2379.556 loading class org/gradle/api/reporting/internal/TaskReportContainer done
Event: 2379.851 loading class org/gradle/api/reporting/internal/DefaultReportContainer
Event: 2379.851 loading class org/gradle/api/reporting/internal/DefaultReportContainer done
Event: 2379.855 loading class org/gradle/api/reporting/ReportContainer$ImmutableViolationException
Event: 2379.855 loading class org/gradle/api/reporting/ReportContainer$ImmutableViolationException done
Event: 2379.857 loading class org/gradle/api/tasks/testing/JUnitXmlReport
Event: 2379.857 loading class org/gradle/api/tasks/testing/JUnitXmlReport done
Event: 2379.867 loading class org/gradle/api/reporting/Report$1
Event: 2379.867 loading class org/gradle/api/reporting/Report$1 done
Event: 2379.869 loading class org/gradle/api/reporting/internal/DefaultReportContainer$1
Event: 2379.869 loading class org/gradle/api/reporting/internal/DefaultReportContainer$1 done
Event: 2379.871 loading class org/gradle/api/internal/DefaultCollectionCallbackActionDecorator$1
Event: 2379.871 loading class org/gradle/api/internal/DefaultCollectionCallbackActionDecorator$1 done


Dynamic libraries:
0x00007ff7e6eb0000 - 0x00007ff7e6eba000 	C:\Program Files\Android\Android Studio\jre\bin\java.exe
0x00007ffbb2d70000 - 0x00007ffbb2f66000 	C:\Windows\SYSTEM32\ntdll.dll
0x00007ffbb1630000 - 0x00007ffbb16ed000 	C:\Windows\System32\KERNEL32.DLL
0x00007ffbb04c0000 - 0x00007ffbb0788000 	C:\Windows\System32\KERNELBASE.dll
0x00007ffbb0a00000 - 0x00007ffbb0b00000 	C:\Windows\System32\ucrtbase.dll
0x00007ffba3480000 - 0x00007ffba3499000 	C:\Program Files\Android\Android Studio\jre\bin\jli.dll
0x00007ffbb1cb0000 - 0x00007ffbb1e50000 	C:\Windows\System32\USER32.dll
0x00007ffbb0d30000 - 0x00007ffbb0d52000 	C:\Windows\System32\win32u.dll
0x00007ffbb0de0000 - 0x00007ffbb0e0a000 	C:\Windows\System32\GDI32.dll
0x00007ffbb08f0000 - 0x00007ffbb09f9000 	C:\Windows\System32\gdi32full.dll
0x00007ffbb0c40000 - 0x00007ffbb0cdd000 	C:\Windows\System32\msvcp_win.dll
0x00007ffb7f8b0000 - 0x00007ffb7f8c7000 	C:\Program Files\Android\Android Studio\jre\bin\VCRUNTIME140.dll
0x00007ffb947a0000 - 0x00007ffb94a3b000 	C:\Windows\WinSxS\amd64_microsoft.windows.common-controls_6595b64144ccf1df_6.0.19041.488_none_ca04af081b815d21\COMCTL32.dll
0x00007ffbb1e50000 - 0x00007ffbb1eee000 	C:\Windows\System32\msvcrt.dll
0x00007ffbb1bf0000 - 0x00007ffbb1c20000 	C:\Windows\System32\IMM32.DLL
0x00007ffb795f0000 - 0x00007ffb7968d000 	C:\Program Files\Android\Android Studio\jre\bin\msvcp140.dll
0x00007ffb570a0000 - 0x00007ffb57ba2000 	C:\Program Files\Android\Android Studio\jre\bin\server\jvm.dll
0x00007ffbb17d0000 - 0x00007ffbb187a000 	C:\Windows\System32\ADVAPI32.dll
0x00007ffbb1460000 - 0x00007ffbb14fb000 	C:\Windows\System32\sechost.dll
0x00007ffbb1ef0000 - 0x00007ffbb2014000 	C:\Windows\System32\RPCRT4.dll
0x00007ffbb0fe0000 - 0x00007ffbb0fe8000 	C:\Windows\System32\PSAPI.DLL
0x00007ffbad6f0000 - 0x00007ffbad6f9000 	C:\Windows\SYSTEM32\WSOCK32.dll
0x00007ffbb1760000 - 0x00007ffbb17cb000 	C:\Windows\System32\WS2_32.dll
0x00007ffb9da40000 - 0x00007ffb9da67000 	C:\Windows\SYSTEM32\WINMM.dll
0x00007ffba63b0000 - 0x00007ffba63ba000 	C:\Windows\SYSTEM32\VERSION.dll
0x00007ffbae410000 - 0x00007ffbae422000 	C:\Windows\SYSTEM32\kernel.appcore.dll
0x00007ffb7efe0000 - 0x00007ffb7eff1000 	C:\Program Files\Android\Android Studio\jre\bin\verify.dll
0x00007ffb94af0000 - 0x00007ffb94cd4000 	C:\Windows\SYSTEM32\DBGHELP.DLL
0x00007ffb94ac0000 - 0x00007ffb94aec000 	C:\Windows\SYSTEM32\dbgcore.DLL
0x00007ffbb0d60000 - 0x00007ffbb0ddf000 	C:\Windows\System32\bcryptPrimitives.dll
0x00007ffb7dcd0000 - 0x00007ffb7dcf9000 	C:\Program Files\Android\Android Studio\jre\bin\java.dll
0x00007ffba3470000 - 0x00007ffba347b000 	C:\Program Files\Android\Android Studio\jre\bin\jimage.dll
0x00007ffb7ed30000 - 0x00007ffb7ed48000 	C:\Program Files\Android\Android Studio\jre\bin\zip.dll
0x00007ffbb2590000 - 0x00007ffbb2cd0000 	C:\Windows\System32\SHELL32.dll
0x00007ffbae610000 - 0x00007ffbaeda4000 	C:\Windows\SYSTEM32\windows.storage.dll
0x00007ffbb21d0000 - 0x00007ffbb2525000 	C:\Windows\System32\combase.dll
0x00007ffbaff30000 - 0x00007ffbaff5c000 	C:\Windows\SYSTEM32\Wldp.dll
0x00007ffbb0e10000 - 0x00007ffbb0ebe000 	C:\Windows\System32\SHCORE.dll
0x00007ffbb1700000 - 0x00007ffbb1755000 	C:\Windows\System32\shlwapi.dll
0x00007ffbb03f0000 - 0x00007ffbb0416000 	C:\Windows\SYSTEM32\profapi.dll
0x00007ffb7e4b0000 - 0x00007ffb7e4ca000 	C:\Program Files\Android\Android Studio\jre\bin\net.dll
0x00007ffba0900000 - 0x00007ffba0a00000 	C:\Windows\SYSTEM32\WINHTTP.dll
0x00007ffbafcb0000 - 0x00007ffbafd1a000 	C:\Windows\system32\mswsock.dll
0x00007ffb7e2a0000 - 0x00007ffb7e2b4000 	C:\Program Files\Android\Android Studio\jre\bin\nio.dll
0x00007ffb7f220000 - 0x00007ffb7f247000 	C:\Users\elaaf\.gradle\native\e1d6ef7f7dcc3fd88c89a11ec53ec762bb8ba0a96d01ffa2cd45eb1d1d8dd5c5\windows-amd64\native-platform.dll
0x00007ffb75780000 - 0x00007ffb758c4000 	C:\Users\elaaf\.gradle\native\0d407fdbe67a94daf76414ababcb853783967236a71b16ec16e742cd7a986fd3\windows-amd64\native-platform-file-events.dll
0x00007ffb8f990000 - 0x00007ffb8f99a000 	C:\Program Files\Android\Android Studio\jre\bin\management.dll
0x00007ffb8f120000 - 0x00007ffb8f12d000 	C:\Program Files\Android\Android Studio\jre\bin\management_ext.dll
0x00007ffbafe80000 - 0x00007ffbafe98000 	C:\Windows\SYSTEM32\CRYPTSP.dll
0x00007ffbaf5d0000 - 0x00007ffbaf604000 	C:\Windows\system32\rsaenh.dll
0x00007ffbb0bb0000 - 0x00007ffbb0bd7000 	C:\Windows\System32\bcrypt.dll
0x00007ffbb0370000 - 0x00007ffbb039e000 	C:\Windows\SYSTEM32\USERENV.dll
0x00007ffbafea0000 - 0x00007ffbafeac000 	C:\Windows\SYSTEM32\CRYPTBASE.dll
0x00007ffbaf950000 - 0x00007ffbaf98b000 	C:\Windows\SYSTEM32\IPHLPAPI.DLL
0x00007ffbb16f0000 - 0x00007ffbb16f9000 	C:\Windows\System32\NSI.dll
0x00007ffba5ec0000 - 0x00007ffba5ed7000 	C:\Windows\SYSTEM32\dhcpcsvc6.DLL
0x00007ffba7410000 - 0x00007ffba742d000 	C:\Windows\SYSTEM32\dhcpcsvc.DLL
0x00007ffbaf9a0000 - 0x00007ffbafa6b000 	C:\Windows\SYSTEM32\DNSAPI.dll

dbghelp: loaded successfully - version: 4.0.5 - missing functions: none
symbol engine: initialized successfully - sym options: 0x614 - pdb path: .;C:\Program Files\Android\Android Studio\jre\bin;C:\Windows\SYSTEM32;C:\Windows\WinSxS\amd64_microsoft.windows.common-controls_6595b64144ccf1df_6.0.19041.488_none_ca04af081b815d21;C:\Program Files\Android\Android Studio\jre\bin\server;C:\Users\elaaf\.gradle\native\e1d6ef7f7dcc3fd88c89a11ec53ec762bb8ba0a96d01ffa2cd45eb1d1d8dd5c5\windows-amd64;C:\Users\elaaf\.gradle\native\0d407fdbe67a94daf76414ababcb853783967236a71b16ec16e742cd7a986fd3\windows-amd64

VM Arguments:
jvm_args: --add-opens=java.base/java.util=ALL-UNNAMED --add-opens=java.base/java.lang=ALL-UNNAMED --add-opens=java.base/java.lang.invoke=ALL-UNNAMED --add-opens=java.base/java.util=ALL-UNNAMED --add-opens=java.prefs/java.util.prefs=ALL-UNNAMED --add-opens=java.prefs/java.util.prefs=ALL-UNNAMED --add-opens=java.base/java.nio.charset=ALL-UNNAMED --add-opens=java.base/java.net=ALL-UNNAMED --add-opens=java.base/java.util.concurrent.atomic=ALL-UNNAMED -Xmx1536M -Dfile.encoding=windows-1256 -Duser.country=US -Duser.language=en -Duser.variant 
java_command: org.gradle.launcher.daemon.bootstrap.GradleDaemon 7.5
java_class_path (initial): C:\Users\elaaf\.gradle\wrapper\dists\gradle-7.5-all\6qsw290k5lz422uaf8jf6m7co\gradle-7.5\lib\gradle-launcher-7.5.jar
Launcher Type: SUN_STANDARD

[Global flags]
     intx CICompilerCount                          = 3                                         {product} {ergonomic}
     uint ConcGCThreads                            = 1                                         {product} {ergonomic}
     uint G1ConcRefinementThreads                  = 4                                         {product} {ergonomic}
   size_t G1HeapRegionSize                         = 1048576                                   {product} {ergonomic}
    uintx GCDrainStackTargetSize                   = 64                                        {product} {ergonomic}
   size_t InitialHeapSize                          = 134217728                                 {product} {ergonomic}
   size_t MarkStackSize                            = 4194304                                   {product} {ergonomic}
   size_t MaxHeapSize                              = 1610612736                                {product} {command line}
   size_t MaxNewSize                               = 965738496                                 {product} {ergonomic}
   size_t MinHeapDeltaBytes                        = 1048576                                   {product} {ergonomic}
    uintx NonNMethodCodeHeapSize                   = 5830732                                {pd product} {ergonomic}
    uintx NonProfiledCodeHeapSize                  = 122913754                              {pd product} {ergonomic}
    uintx ProfiledCodeHeapSize                     = 122913754                              {pd product} {ergonomic}
    uintx ReservedCodeCacheSize                    = 251658240                              {pd product} {ergonomic}
     bool SegmentedCodeCache                       = true                                      {product} {ergonomic}
     bool UseCompressedClassPointers               = true                                 {lp64_product} {ergonomic}
     bool UseCompressedOops                        = true                                 {lp64_product} {ergonomic}
     bool UseG1GC                                  = true                                      {product} {ergonomic}
     bool UseLargePagesIndividualAllocation        = false                                  {pd product} {ergonomic}

Logging:
Log output configuration:
 #0: stdout all=warning uptime,level,tags
 #1: stderr all=off uptime,level,tags

Environment Variables:
JAVA_HOME=C:\Program Files\Android\Android Studio\jre
CLASSPATH=E:\sham_prize\android\\gradle\wrapper\gradle-wrapper.jar
PATH=C:\Program Files\Android\Android Studio\jre\bin;C:\oraclexe\app\oracle\product\11.2.0\server\bin;C:\Program Files (x86)\VMware\VMware Workstation\bin\;C:\Program Files (x86)\Common Files\Oracle\Java\javapath;C:\Windows\system32;C:\Windows;C:\Windows\System32\Wbem;C:\Windows\System32\WindowsPowerShell\v1.0\;C:\Windows\System32\OpenSSH\;C:\Program Files\Git\cmd;C:\Program Files\dotnet\;C:\xampp\php;C:\Chrone;C:\Program Files (x86)\Microsoft Emulator Manager\1.0\;C:\Program Files\nodejs\;E:\App;C:\Program Files (x86)\Microsoft SQL Server\150\DTS\Binn\;C:\Program Files\Azure Data Studio\bin;C:\Program Files\Microsoft SQL Server\Client SDK\ODBC\170\Tools\Binn\;C:\Program Files (x86)\Microsoft SQL Server\150\Tools\Binn\;C:\Program Files\Microsoft SQL Server\150\Tools\Binn\;C:\Program Files\Microsoft SQL Server\150\DTS\Binn\;D:\apache-maven-3.9.6\bin;C:\ProgramData\anaconda3\Lib\site-packages\jupyter.py;C:\Users\elaaf\miniconda3;C:\Users\elaaf\miniconda3\Library\mingw-w64\bin;C:\Users\elaaf\miniconda3\Library\usr\bin;C:\Users\elaaf\miniconda3\Library\bin;C:\Users\elaaf\miniconda3\Scripts;C:\Users\elaaf\AppData\Local\Programs\Python\Python312\Scripts\;C:\Users\elaaf\AppData\Local\Programs\Python\Python312\;C:\Users\elaaf\AppData\Local\Programs\Python\Launcher\;C:\Users\elaaf\AppData\Local\Microsoft\WindowsApps;C:\Users\elaaf\AppData\Local\Programs\Microsoft VS Code\bin;D:\flutter\src\flutter\bin;C:\Program Files\Java\jdk1.8.0_241\bin;C:\Users\elaaf\AppData\Local\Android\Sdk\platform-tools;C:\Users\elaaf\AppData\Local\Android\Sdk\tools;C:\Users\elaaf\AppData\Local\Android\Sdk\build-tools\30.0.3\lib;C:\Program Files\Android\Android Studio1;C:\Program Files\Android\Android Studio1\bin;C:\Program Files\Android\Android Studio1\jre;E:\IntelliJ IDEA Community Edition 2022.2.3\bin;;C:\Users\elaaf\AppData\Roaming\Composer\vendor\bin;C:\Program Files\heroku\bin;C:\Users\elaaf\AppData\Roaming\npm;C:\Program Files\Azure Data Studio\bin;D:\apache-maven-3.9.6\bin;;C:\Program Files\JetB
USERNAME=elaaf
OS=Windows_NT
PROCESSOR_IDENTIFIER=Intel64 Family 6 Model 60 Stepping 3, GenuineIntel



---------------  S Y S T E M  ---------------

OS: Windows 10 , 64 bit Build 19041 (10.0.19041.546)
OS uptime: 6 days 20:40 hours

CPU:total 4 (initial active 4) (2 cores per cpu, 2 threads per core) family 6 model 60 stepping 3 microcode 0x27, cmov, cx8, fxsr, mmx, sse, sse2, sse3, ssse3, sse4.1, sse4.2, popcnt, avx, avx2, aes, clmul, erms, lzcnt, ht, tsc, tscinvbit, bmi1, bmi2, fma

Memory: 4k page, system-wide physical 8097M (179M free)
TotalPageFile size 26847M (AvailPageFile size 161M)
current process WorkingSet (physical memory assigned to process): 236M, peak: 236M
current process commit charge ("private bytes"): 342M, peak: 344M

vm_info: OpenJDK 64-Bit Server VM (11.0.13+0-b1751.21-8125866) for windows-amd64 JRE (11.0.13+0-b1751.21-8125866), built on Feb  2 2022 03:00:22 by "builder" with MS VC++ 14.0 (VS2015)

END.
