#
# There is insufficient memory for the Java Runtime Environment to continue.
# Native memory allocation (malloc) failed to allocate 997056 bytes for Chunk::new
# Possible reasons:
#   The system is out of physical RAM or swap space
#   The process is running with CompressedOops enabled, and the Java Heap may be blocking the growth of the native heap
# Possible solutions:
#   Reduce memory load on the system
#   Increase physical memory or swap space
#   Check if swap backing store is full
#   Decrease Java heap size (-Xmx/-Xms)
#   Decrease number of Java threads
#   Decrease Java thread stack sizes (-Xss)
#   Set larger code cache with -XX:ReservedCodeCacheSize=
#   JVM is running with Unscaled Compressed Oops mode in which the Java heap is
#     placed in the first 4GB address space. The Java Heap base address is the
#     maximum limit for the native heap growth. Please use -XX:HeapBaseMinAddress
#     to set the Java Heap base and to place the Java Heap above 4GB virtual address.
# This output file may be truncated or incomplete.
#
#  Out of Memory Error (./src/hotspot/share/memory/arena.cpp:197), pid=11608, tid=18852
#
# JRE version: OpenJDK Runtime Environment (11.0.13) (build 11.0.13+0-b1751.21-8125866)
# Java VM: OpenJDK 64-Bit Server VM (11.0.13+0-b1751.21-8125866, mixed mode, tiered, compressed oops, g1 gc, windows-amd64)
# No core dump will be written. Minidumps are not enabled by default on client versions of Windows
#

---------------  S U M M A R Y ------------

Command Line: --add-opens=java.base/java.util=ALL-UNNAMED --add-opens=java.base/java.lang=ALL-UNNAMED --add-opens=java.base/java.lang.invoke=ALL-UNNAMED --add-opens=java.base/java.util=ALL-UNNAMED --add-opens=java.prefs/java.util.prefs=ALL-UNNAMED --add-opens=java.prefs/java.util.prefs=ALL-UNNAMED --add-opens=java.base/java.nio.charset=ALL-UNNAMED --add-opens=java.base/java.net=ALL-UNNAMED --add-opens=java.base/java.util.concurrent.atomic=ALL-UNNAMED -Xmx1536M -Dfile.encoding=windows-1256 -Duser.country=US -Duser.language=en -Duser.variant org.gradle.launcher.daemon.bootstrap.GradleDaemon 7.5

Host: Intel(R) Core(TM) i5-4310M CPU @ 2.70GHz, 4 cores, 7G,  Windows 10 , 64 bit Build 19041 (10.0.19041.546)
Time: Wed Apr 24 22:08:21 2024 Turkey Standard Time elapsed time: 2185.841424 seconds (0d 0h 36m 25s)

---------------  T H R E A D  ---------------

Current thread (0x00000116ff6c8000):  JavaThread "C2 CompilerThread0" daemon [_thread_in_native, id=18852, stack(0x000000043fb00000,0x000000043fc00000)]


Current CompileTask:
C2:2185841 6985 %     4       org.gradle.internal.instantiation.generator.AbstractClassGenerator::inspectType @ 207 (560 bytes)

Stack: [0x000000043fb00000,0x000000043fc00000]
Native frames: (J=compiled Java code, j=interpreted, Vv=VM code, C=native code)
V  [jvm.dll+0x6100fa]
V  [jvm.dll+0x747090]
V  [jvm.dll+0x7486ad]
V  [jvm.dll+0x748d83]
V  [jvm.dll+0x24ab48]
V  [jvm.dll+0xc04dc]
V  [jvm.dll+0xc0a0c]
V  [jvm.dll+0x2bfab4]
V  [jvm.dll+0x524238]
V  [jvm.dll+0x20491a]
V  [jvm.dll+0x2023c2]
V  [jvm.dll+0x188e01]
V  [jvm.dll+0x21106b]
V  [jvm.dll+0x20f8c1]
V  [jvm.dll+0x70de0f]
V  [jvm.dll+0x706a75]
V  [jvm.dll+0x60ed66]
C  [ucrtbase.dll+0x214c2]
C  [KERNEL32.DLL+0x17034]
C  [ntdll.dll+0x4cec1]


---------------  P R O C E S S  ---------------

Threads class SMR info:
_java_thread_list=0x000001169619e190, length=81, elements={
0x00000116f7da1000, 0x00000116ff6a6000, 0x00000116ff6b3800, 0x00000116ff6c3000,
0x00000116ff6c3800, 0x00000116ff6c4800, 0x00000116ff6c8000, 0x00000116ff6cd000,
0x0000011691088800, 0x0000011691194000, 0x0000011692ffd000, 0x0000011691bf1000,
0x00000116926ca800, 0x0000011691c47000, 0x00000116925d3800, 0x00000116920fa800,
0x0000011692624000, 0x00000116923c1800, 0x0000011692817800, 0x0000011692818000,
0x0000011692961000, 0x0000011692962000, 0x0000011692960000, 0x000001169295c000,
0x000001169295e800, 0x0000011692962800, 0x000001169295d800, 0x000001169295f800,
0x0000011692e9d000, 0x0000011692e9a800, 0x0000011692e9b800, 0x0000011692e99800,
0x0000011692e9e000, 0x0000011692e98000, 0x0000011692ea1000, 0x0000011692e9f800,
0x0000011692ea2000, 0x0000011692ea2800, 0x0000011692ea3800, 0x0000011692ea0000,
0x0000011692ea4800, 0x0000011692e9e800, 0x0000011692ea6000, 0x0000011692ea6800,
0x0000011692ea5000, 0x000001169295d000, 0x0000011695c44000, 0x0000011695c47000,
0x0000011695c43000, 0x0000011695c44800, 0x0000011695c45800, 0x0000011695c46800,
0x0000011695c48000, 0x0000011695c42800, 0x0000011695c4d000, 0x0000011695c49800,
0x0000011695c4c000, 0x0000011695c4d800, 0x0000011695c4e800, 0x0000011695c49000,
0x0000011695c4f800, 0x0000011695c50000, 0x0000011695c4a800, 0x0000011695c51000,
0x0000011695c4b000, 0x0000011693167800, 0x0000011693168800, 0x0000011693169800,
0x0000011693166000, 0x000001169316a000, 0x000001169316b000, 0x0000011693165000,
0x000001169316c000, 0x000001169316c800, 0x0000011693167000, 0x0000011693172800,
0x0000011693173000, 0x000001169316d800, 0x000001169316f000, 0x0000011693174000,
0x0000011693171800
}

Java Threads: ( => current thread )
  0x00000116f7da1000 JavaThread "main" [_thread_blocked, id=16576, stack(0x000000043ef00000,0x000000043f000000)]
  0x00000116ff6a6000 JavaThread "Reference Handler" daemon [_thread_blocked, id=20428, stack(0x000000043f600000,0x000000043f700000)]
  0x00000116ff6b3800 JavaThread "Finalizer" daemon [_thread_blocked, id=7476, stack(0x000000043f700000,0x000000043f800000)]
  0x00000116ff6c3000 JavaThread "Signal Dispatcher" daemon [_thread_blocked, id=1396, stack(0x000000043f800000,0x000000043f900000)]
  0x00000116ff6c3800 JavaThread "Attach Listener" daemon [_thread_blocked, id=19636, stack(0x000000043f900000,0x000000043fa00000)]
  0x00000116ff6c4800 JavaThread "Service Thread" daemon [_thread_blocked, id=368, stack(0x000000043fa00000,0x000000043fb00000)]
=>0x00000116ff6c8000 JavaThread "C2 CompilerThread0" daemon [_thread_in_native, id=18852, stack(0x000000043fb00000,0x000000043fc00000)]
  0x00000116ff6cd000 JavaThread "C1 CompilerThread0" daemon [_thread_in_native, id=14664, stack(0x000000043fc00000,0x000000043fd00000)]
  0x0000011691088800 JavaThread "Sweeper thread" daemon [_thread_blocked, id=18204, stack(0x000000043fd00000,0x000000043fe00000)]
  0x0000011691194000 JavaThread "Common-Cleaner" daemon [_thread_blocked, id=15380, stack(0x000000043fe00000,0x000000043ff00000)]
  0x0000011692ffd000 JavaThread "Daemon health stats" [_thread_blocked, id=13204, stack(0x000000043ee00000,0x000000043ef00000)]
  0x0000011691bf1000 JavaThread "Incoming local TCP Connector on port 49744" [_thread_in_native, id=23164, stack(0x0000000440200000,0x0000000440300000)]
  0x00000116926ca800 JavaThread "Daemon periodic checks" [_thread_blocked, id=22616, stack(0x0000000440300000,0x0000000440400000)]
  0x0000011691c47000 JavaThread "Daemon" [_thread_blocked, id=10736, stack(0x0000000440700000,0x0000000440800000)]
  0x00000116925d3800 JavaThread "Handler for socket connection from /127.0.0.1:49744 to /127.0.0.1:49773" [_thread_in_native, id=12028, stack(0x0000000440800000,0x0000000440900000)]
  0x00000116920fa800 JavaThread "Cancel handler" [_thread_blocked, id=19336, stack(0x0000000440000000,0x0000000440100000)]
  0x0000011692624000 JavaThread "Daemon worker" [_thread_in_vm, id=7752, stack(0x0000000440100000,0x0000000440200000)]
  0x00000116923c1800 JavaThread "Asynchronous log dispatcher for DefaultDaemonConnection: socket connection from /127.0.0.1:49744 to /127.0.0.1:49773" [_thread_blocked, id=13364, stack(0x0000000440900000,0x0000000440a00000)]
  0x0000011692817800 JavaThread "Stdin handler" [_thread_blocked, id=21336, stack(0x0000000440a00000,0x0000000440b00000)]
  0x0000011692818000 JavaThread "Daemon client event forwarder" [_thread_blocked, id=11596, stack(0x0000000440b00000,0x0000000440c00000)]
  0x0000011692961000 JavaThread "Cache worker for journal cache (C:\Users\elaaf\.gradle\caches\journal-1)" [_thread_blocked, id=20716, stack(0x0000000440c00000,0x0000000440d00000)]
  0x0000011692962000 JavaThread "File lock request listener" [_thread_in_native, id=23376, stack(0x0000000440d00000,0x0000000440e00000)]
  0x0000011692960000 JavaThread "Cache worker for file hash cache (C:\Users\elaaf\.gradle\caches\7.5\fileHashes)" [_thread_blocked, id=1588, stack(0x0000000440e00000,0x0000000440f00000)]
  0x000001169295c000 JavaThread "File watcher server" daemon [_thread_in_native, id=22816, stack(0x0000000440f00000,0x0000000441000000)]
  0x000001169295e800 JavaThread "File watcher consumer" daemon [_thread_blocked, id=22928, stack(0x0000000441000000,0x0000000441100000)]
  0x0000011692962800 JavaThread "Cache worker for checksums cache (E:\sham_prize\android\.gradle\7.5\checksums)" [_thread_blocked, id=1432, stack(0x0000000441100000,0x0000000441200000)]
  0x000001169295d800 JavaThread "Cache worker for cache directory md-rule (C:\Users\elaaf\.gradle\caches\7.5\md-rule)" [_thread_blocked, id=23548, stack(0x0000000441300000,0x0000000441400000)]
  0x000001169295f800 JavaThread "Cache worker for file content cache (C:\Users\elaaf\.gradle\caches\7.5\fileContent)" [_thread_blocked, id=15144, stack(0x0000000441400000,0x0000000441500000)]
  0x0000011692e9d000 JavaThread "Cache worker for file hash cache (E:\sham_prize\android\.gradle\7.5\fileHashes)" [_thread_blocked, id=22836, stack(0x0000000441500000,0x0000000441600000)]
  0x0000011692e9a800 JavaThread "Cache worker for cache directory md-supplier (C:\Users\elaaf\.gradle\caches\7.5\md-supplier)" [_thread_blocked, id=22408, stack(0x0000000441600000,0x0000000441700000)]
  0x0000011692e9b800 JavaThread "Cache worker for execution history cache (C:\Users\elaaf\.gradle\caches\7.5\executionHistory)" [_thread_blocked, id=11808, stack(0x0000000441700000,0x0000000441800000)]
  0x0000011692e99800 JavaThread "jar transforms" [_thread_blocked, id=21496, stack(0x0000000441800000,0x0000000441900000)]
  0x0000011692e9e000 JavaThread "jar transforms Thread 2" [_thread_blocked, id=23828, stack(0x0000000441a00000,0x0000000441b00000)]
  0x0000011692e98000 JavaThread "jar transforms Thread 3" [_thread_blocked, id=24260, stack(0x0000000441b00000,0x0000000441c00000)]
  0x0000011692ea1000 JavaThread "jar transforms Thread 4" [_thread_blocked, id=24472, stack(0x0000000441c00000,0x0000000441d00000)]
  0x0000011692e9f800 JavaThread "Cache worker for dependencies-accessors (E:\sham_prize\android\.gradle\7.5\dependencies-accessors)" [_thread_blocked, id=20424, stack(0x0000000441d00000,0x0000000441e00000)]
  0x0000011692ea2000 JavaThread "Cache worker for Build Output Cleanup Cache (E:\sham_prize\android\.gradle\buildOutputCleanup)" [_thread_blocked, id=21724, stack(0x0000000440500000,0x0000000440600000)]
  0x0000011692ea2800 JavaThread "Unconstrained build operations" [_thread_blocked, id=5712, stack(0x0000000440600000,0x0000000440700000)]
  0x0000011692ea3800 JavaThread "Unconstrained build operations Thread 2" [_thread_blocked, id=23652, stack(0x0000000441200000,0x0000000441300000)]
  0x0000011692ea0000 JavaThread "Unconstrained build operations Thread 3" [_thread_blocked, id=23988, stack(0x0000000441e00000,0x0000000441f00000)]
  0x0000011692ea4800 JavaThread "Unconstrained build operations Thread 4" [_thread_blocked, id=14396, stack(0x0000000441f00000,0x0000000442000000)]
  0x0000011692e9e800 JavaThread "Unconstrained build operations Thread 5" [_thread_blocked, id=1592, stack(0x0000000442000000,0x0000000442100000)]
  0x0000011692ea6000 JavaThread "Unconstrained build operations Thread 6" [_thread_blocked, id=10016, stack(0x0000000442100000,0x0000000442200000)]
  0x0000011692ea6800 JavaThread "Unconstrained build operations Thread 7" [_thread_blocked, id=10884, stack(0x0000000442200000,0x0000000442300000)]
  0x0000011692ea5000 JavaThread "Unconstrained build operations Thread 8" [_thread_blocked, id=20220, stack(0x0000000442300000,0x0000000442400000)]
  0x000001169295d000 JavaThread "Unconstrained build operations Thread 9" [_thread_blocked, id=24088, stack(0x0000000442400000,0x0000000442500000)]
  0x0000011695c44000 JavaThread "Unconstrained build operations Thread 10" [_thread_blocked, id=24092, stack(0x0000000442500000,0x0000000442600000)]
  0x0000011695c47000 JavaThread "Unconstrained build operations Thread 11" [_thread_blocked, id=24044, stack(0x0000000442600000,0x0000000442700000)]
  0x0000011695c43000 JavaThread "Unconstrained build operations Thread 12" [_thread_blocked, id=19676, stack(0x0000000442700000,0x0000000442800000)]
  0x0000011695c44800 JavaThread "Unconstrained build operations Thread 13" [_thread_blocked, id=23868, stack(0x0000000442800000,0x0000000442900000)]
  0x0000011695c45800 JavaThread "Unconstrained build operations Thread 14" [_thread_blocked, id=24324, stack(0x0000000442900000,0x0000000442a00000)]
  0x0000011695c46800 JavaThread "Unconstrained build operations Thread 15" [_thread_blocked, id=24264, stack(0x0000000442a00000,0x0000000442b00000)]
  0x0000011695c48000 JavaThread "Unconstrained build operations Thread 16" [_thread_blocked, id=24320, stack(0x0000000442b00000,0x0000000442c00000)]
  0x0000011695c42800 JavaThread "Unconstrained build operations Thread 17" [_thread_blocked, id=23880, stack(0x0000000442c00000,0x0000000442d00000)]
  0x0000011695c4d000 JavaThread "Unconstrained build operations Thread 18" [_thread_blocked, id=24176, stack(0x0000000442d00000,0x0000000442e00000)]
  0x0000011695c49800 JavaThread "Unconstrained build operations Thread 19" [_thread_blocked, id=24020, stack(0x0000000442e00000,0x0000000442f00000)]
  0x0000011695c4c000 JavaThread "Unconstrained build operations Thread 20" [_thread_blocked, id=23976, stack(0x0000000442f00000,0x0000000443000000)]
  0x0000011695c4d800 JavaThread "Unconstrained build operations Thread 21" [_thread_blocked, id=24048, stack(0x0000000443000000,0x0000000443100000)]
  0x0000011695c4e800 JavaThread "Unconstrained build operations Thread 22" [_thread_blocked, id=24024, stack(0x0000000443100000,0x0000000443200000)]
  0x0000011695c49000 JavaThread "Unconstrained build operations Thread 23" [_thread_blocked, id=24136, stack(0x0000000443200000,0x0000000443300000)]
  0x0000011695c4f800 JavaThread "Unconstrained build operations Thread 24" [_thread_blocked, id=24408, stack(0x0000000443300000,0x0000000443400000)]
  0x0000011695c50000 JavaThread "Unconstrained build operations Thread 25" [_thread_blocked, id=24352, stack(0x0000000443400000,0x0000000443500000)]
  0x0000011695c4a800 JavaThread "Unconstrained build operations Thread 26" [_thread_blocked, id=24468, stack(0x0000000443500000,0x0000000443600000)]
  0x0000011695c51000 JavaThread "Unconstrained build operations Thread 27" [_thread_blocked, id=8980, stack(0x0000000443600000,0x0000000443700000)]
  0x0000011695c4b000 JavaThread "Unconstrained build operations Thread 28" [_thread_blocked, id=7760, stack(0x0000000443700000,0x0000000443800000)]
  0x0000011693167800 JavaThread "Unconstrained build operations Thread 29" [_thread_blocked, id=24168, stack(0x0000000443800000,0x0000000443900000)]
  0x0000011693168800 JavaThread "Unconstrained build operations Thread 30" [_thread_blocked, id=24464, stack(0x0000000443900000,0x0000000443a00000)]
  0x0000011693169800 JavaThread "Unconstrained build operations Thread 31" [_thread_blocked, id=24116, stack(0x0000000443a00000,0x0000000443b00000)]
  0x0000011693166000 JavaThread "Unconstrained build operations Thread 32" [_thread_blocked, id=24220, stack(0x0000000443b00000,0x0000000443c00000)]
  0x000001169316a000 JavaThread "Unconstrained build operations Thread 33" [_thread_blocked, id=24228, stack(0x0000000443c00000,0x0000000443d00000)]
  0x000001169316b000 JavaThread "Unconstrained build operations Thread 34" [_thread_blocked, id=24188, stack(0x0000000443d00000,0x0000000443e00000)]
  0x0000011693165000 JavaThread "Unconstrained build operations Thread 35" [_thread_blocked, id=23920, stack(0x0000000443e00000,0x0000000443f00000)]
  0x000001169316c000 JavaThread "Unconstrained build operations Thread 36" [_thread_blocked, id=6704, stack(0x0000000443f00000,0x0000000444000000)]
  0x000001169316c800 JavaThread "Unconstrained build operations Thread 37" [_thread_blocked, id=24284, stack(0x0000000444000000,0x0000000444100000)]
  0x0000011693167000 JavaThread "Unconstrained build operations Thread 38" [_thread_blocked, id=23956, stack(0x0000000444100000,0x0000000444200000)]
  0x0000011693172800 JavaThread "Unconstrained build operations Thread 39" [_thread_blocked, id=23952, stack(0x0000000444200000,0x0000000444300000)]
  0x0000011693173000 JavaThread "Unconstrained build operations Thread 40" [_thread_blocked, id=24276, stack(0x0000000444300000,0x0000000444400000)]
  0x000001169316d800 JavaThread "Cache worker for kotlin-dsl (C:\Users\elaaf\.gradle\caches\7.5\kotlin-dsl)" [_thread_blocked, id=22720, stack(0x0000000441900000,0x0000000441a00000)]
  0x000001169316f000 JavaThread "File lock release action executor Thread 3" [_thread_blocked, id=23672, stack(0x0000000444400000,0x0000000444500000)]
  0x0000011693174000 JavaThread "Cache worker for Build Output Cleanup Cache (D:\flutter\src\flutter\packages\flutter_tools\gradle\.gradle\buildOutputCleanup)" [_thread_blocked, id=22888, stack(0x0000000444500000,0x0000000444600000)]
  0x0000011693171800 JavaThread "Memory manager" [_thread_blocked, id=23972, stack(0x0000000444600000,0x0000000444700000)]

Other Threads:
  0x00000116ff681000 VMThread "VM Thread" [stack: 0x000000043f500000,0x000000043f600000] [id=19752]
  0x00000116911c8800 WatcherThread [stack: 0x000000043ff00000,0x0000000440000000] [id=13720]
  0x00000116f7dba800 GCTaskThread "GC Thread#0" [stack: 0x000000043f000000,0x000000043f100000] [id=18004]
  0x00000116913aa000 GCTaskThread "GC Thread#1" [stack: 0x000000043ec00000,0x000000043ed00000] [id=1320]
  0x0000011691247800 GCTaskThread "GC Thread#2" [stack: 0x000000043ed00000,0x000000043ee00000] [id=14884]
  0x0000011691b39000 GCTaskThread "GC Thread#3" [stack: 0x0000000440400000,0x0000000440500000] [id=22612]
  0x00000116f7ddf800 ConcurrentGCThread "G1 Main Marker" [stack: 0x000000043f100000,0x000000043f200000] [id=13880]
  0x00000116f7de1000 ConcurrentGCThread "G1 Conc#0" [stack: 0x000000043f200000,0x000000043f300000] [id=11804]
  0x00000116f7e72000 ConcurrentGCThread "G1 Refine#0" [stack: 0x000000043f300000,0x000000043f400000] [id=18556]
  0x00000116f7e73000 ConcurrentGCThread "G1 Young RemSet Sampling" [stack: 0x000000043f400000,0x000000043f500000] [id=12336]

Threads with active compile tasks:
C2 CompilerThread02195977 6985 %     4       org.gradle.internal.instantiation.generator.AbstractClassGenerator::inspectType @ 207 (560 bytes)
C1 CompilerThread02195978 6990   !   3       org.gradle.internal.instantiation.generator.AbstractClassGenerator::generateUnderLock (702 bytes)

VM state:synchronizing (normal execution)

VM Mutex/Monitor currently owned by a thread:  ([mutex/lock_event])
[0x00000116f7d9e020] Threads_lock - owner thread: 0x00000116ff681000

Heap address: 0x00000000a0000000, size: 1536 MB, Compressed Oops mode: 32-bit
Narrow klass base: 0x0000000000000000, Narrow klass shift: 3
Compressed class space size: 1073741824 Address: 0x0000000100000000

Heap:
 garbage-first heap   total 131072K, used 91997K [0x00000000a0000000, 0x0000000100000000)
  region size 1024K, 45 young (46080K), 3 survivors (3072K)
 Metaspace       used 61203K, capacity 63189K, committed 63440K, reserved 1103872K
  class space    used 7939K, capacity 8661K, committed 8736K, reserved 1048576K
Heap Regions: E=young(eden), S=young(survivor), O=old, HS=humongous(starts), HC=humongous(continues), CS=collection set, F=free, A=archive, TAMS=top-at-mark-start (previous, next)
|   0|0x00000000a0000000, 0x00000000a0100000, 0x00000000a0100000|100%|HS|  |TAMS 0x00000000a0100000, 0x00000000a0000000| Complete 
|   1|0x00000000a0100000, 0x00000000a0200000, 0x00000000a0200000|100%|HC|  |TAMS 0x00000000a0200000, 0x00000000a0100000| Complete 
|   2|0x00000000a0200000, 0x00000000a0300000, 0x00000000a0300000|100%|HC|  |TAMS 0x00000000a0300000, 0x00000000a0200000| Complete 
|   3|0x00000000a0300000, 0x00000000a0400000, 0x00000000a0400000|100%| O|  |TAMS 0x00000000a0400000, 0x00000000a0300000| Untracked 
|   4|0x00000000a0400000, 0x00000000a0500000, 0x00000000a0500000|100%| O|  |TAMS 0x00000000a0500000, 0x00000000a0400000| Untracked 
|   5|0x00000000a0500000, 0x00000000a0600000, 0x00000000a0600000|100%| O|  |TAMS 0x00000000a0600000, 0x00000000a0500000| Untracked 
|   6|0x00000000a0600000, 0x00000000a0700000, 0x00000000a0700000|100%| O|  |TAMS 0x00000000a0700000, 0x00000000a0600000| Untracked 
|   7|0x00000000a0700000, 0x00000000a0800000, 0x00000000a0800000|100%| O|  |TAMS 0x00000000a0800000, 0x00000000a0700000| Untracked 
|   8|0x00000000a0800000, 0x00000000a0900000, 0x00000000a0900000|100%| O|  |TAMS 0x00000000a0900000, 0x00000000a0800000| Untracked 
|   9|0x00000000a0900000, 0x00000000a0a00000, 0x00000000a0a00000|100%| O|  |TAMS 0x00000000a0a00000, 0x00000000a0900000| Untracked 
|  10|0x00000000a0a00000, 0x00000000a0b00000, 0x00000000a0b00000|100%| O|  |TAMS 0x00000000a0b00000, 0x00000000a0a00000| Untracked 
|  11|0x00000000a0b00000, 0x00000000a0c00000, 0x00000000a0c00000|100%| O|  |TAMS 0x00000000a0c00000, 0x00000000a0b00000| Untracked 
|  12|0x00000000a0c00000, 0x00000000a0d00000, 0x00000000a0d00000|100%| O|  |TAMS 0x00000000a0d00000, 0x00000000a0c00000| Untracked 
|  13|0x00000000a0d00000, 0x00000000a0e00000, 0x00000000a0e00000|100%| O|  |TAMS 0x00000000a0e00000, 0x00000000a0d00000| Untracked 
|  14|0x00000000a0e00000, 0x00000000a0f00000, 0x00000000a0f00000|100%| O|  |TAMS 0x00000000a0f00000, 0x00000000a0e00000| Untracked 
|  15|0x00000000a0f00000, 0x00000000a1000000, 0x00000000a1000000|100%| O|  |TAMS 0x00000000a1000000, 0x00000000a0f00000| Untracked 
|  16|0x00000000a1000000, 0x00000000a1100000, 0x00000000a1100000|100%| O|  |TAMS 0x00000000a1100000, 0x00000000a1000000| Untracked 
|  17|0x00000000a1100000, 0x00000000a1200000, 0x00000000a1200000|100%| O|  |TAMS 0x00000000a1200000, 0x00000000a1100000| Untracked 
|  18|0x00000000a1200000, 0x00000000a1300000, 0x00000000a1300000|100%| O|  |TAMS 0x00000000a1300000, 0x00000000a1200000| Untracked 
|  19|0x00000000a1300000, 0x00000000a1400000, 0x00000000a1400000|100%| O|  |TAMS 0x00000000a1400000, 0x00000000a1300000| Untracked 
|  20|0x00000000a1400000, 0x00000000a1500000, 0x00000000a1500000|100%| O|  |TAMS 0x00000000a1500000, 0x00000000a1400000| Untracked 
|  21|0x00000000a1500000, 0x00000000a1600000, 0x00000000a1600000|100%| O|  |TAMS 0x00000000a1600000, 0x00000000a1500000| Untracked 
|  22|0x00000000a1600000, 0x00000000a1700000, 0x00000000a1700000|100%| O|  |TAMS 0x00000000a1700000, 0x00000000a1600000| Untracked 
|  23|0x00000000a1700000, 0x00000000a1800000, 0x00000000a1800000|100%| O|  |TAMS 0x00000000a1800000, 0x00000000a1700000| Untracked 
|  24|0x00000000a1800000, 0x00000000a1900000, 0x00000000a1900000|100%| O|  |TAMS 0x00000000a1900000, 0x00000000a1800000| Untracked 
|  25|0x00000000a1900000, 0x00000000a1a00000, 0x00000000a1a00000|100%| O|  |TAMS 0x00000000a1a00000, 0x00000000a1900000| Untracked 
|  26|0x00000000a1a00000, 0x00000000a1b00000, 0x00000000a1b00000|100%|HS|  |TAMS 0x00000000a1b00000, 0x00000000a1a00000| Complete 
|  27|0x00000000a1b00000, 0x00000000a1c00000, 0x00000000a1c00000|100%|HS|  |TAMS 0x00000000a1c00000, 0x00000000a1b00000| Complete 
|  28|0x00000000a1c00000, 0x00000000a1d00000, 0x00000000a1d00000|100%|HS|  |TAMS 0x00000000a1d00000, 0x00000000a1c00000| Complete 
|  29|0x00000000a1d00000, 0x00000000a1e00000, 0x00000000a1e00000|100%|HS|  |TAMS 0x00000000a1e00000, 0x00000000a1d00000| Complete 
|  30|0x00000000a1e00000, 0x00000000a1f00000, 0x00000000a1f00000|100%|HC|  |TAMS 0x00000000a1f00000, 0x00000000a1e00000| Complete 
|  31|0x00000000a1f00000, 0x00000000a2000000, 0x00000000a2000000|100%|HC|  |TAMS 0x00000000a2000000, 0x00000000a1f00000| Complete 
|  32|0x00000000a2000000, 0x00000000a2100000, 0x00000000a2100000|100%| O|  |TAMS 0x00000000a2100000, 0x00000000a2000000| Untracked 
|  33|0x00000000a2100000, 0x00000000a2200000, 0x00000000a2200000|100%|HS|  |TAMS 0x00000000a2200000, 0x00000000a2100000| Complete 
|  34|0x00000000a2200000, 0x00000000a2300000, 0x00000000a2300000|100%|HC|  |TAMS 0x00000000a2300000, 0x00000000a2200000| Complete 
|  35|0x00000000a2300000, 0x00000000a2400000, 0x00000000a2400000|100%| O|  |TAMS 0x00000000a2400000, 0x00000000a2300000| Untracked 
|  36|0x00000000a2400000, 0x00000000a2500000, 0x00000000a2500000|100%| O|  |TAMS 0x00000000a2500000, 0x00000000a2400000| Untracked 
|  37|0x00000000a2500000, 0x00000000a2600000, 0x00000000a2600000|100%| O|  |TAMS 0x00000000a2600000, 0x00000000a2500000| Untracked 
|  38|0x00000000a2600000, 0x00000000a2700000, 0x00000000a2700000|100%| O|  |TAMS 0x00000000a2700000, 0x00000000a2600000| Untracked 
|  39|0x00000000a2700000, 0x00000000a2800000, 0x00000000a2800000|100%| O|  |TAMS 0x00000000a2800000, 0x00000000a2700000| Untracked 
|  40|0x00000000a2800000, 0x00000000a2900000, 0x00000000a2900000|100%| O|  |TAMS 0x00000000a2900000, 0x00000000a2800000| Untracked 
|  41|0x00000000a2900000, 0x00000000a2a00000, 0x00000000a2a00000|100%| O|  |TAMS 0x00000000a2a00000, 0x00000000a2900000| Untracked 
|  42|0x00000000a2a00000, 0x00000000a2b00000, 0x00000000a2b00000|100%| O|  |TAMS 0x00000000a2b00000, 0x00000000a2a00000| Untracked 
|  43|0x00000000a2b00000, 0x00000000a2c00000, 0x00000000a2c00000|100%| O|  |TAMS 0x00000000a2c00000, 0x00000000a2b00000| Untracked 
|  44|0x00000000a2c00000, 0x00000000a2d00000, 0x00000000a2d00000|100%| O|  |TAMS 0x00000000a2d00000, 0x00000000a2c00000| Untracked 
|  45|0x00000000a2d00000, 0x00000000a2e00000, 0x00000000a2e00000|100%| O|  |TAMS 0x00000000a2e00000, 0x00000000a2d00000| Untracked 
|  46|0x00000000a2e00000, 0x00000000a2f00000, 0x00000000a2f00000|100%| O|  |TAMS 0x00000000a2f00000, 0x00000000a2e00000| Untracked 
|  47|0x00000000a2f00000, 0x00000000a2f72600, 0x00000000a3000000| 44%| O|  |TAMS 0x00000000a2f72600, 0x00000000a2f00000| Untracked 
|  48|0x00000000a3000000, 0x00000000a3000000, 0x00000000a3100000|  0%| F|  |TAMS 0x00000000a3000000, 0x00000000a3000000| Untracked 
|  49|0x00000000a3100000, 0x00000000a3100000, 0x00000000a3200000|  0%| F|  |TAMS 0x00000000a3100000, 0x00000000a3100000| Untracked 
|  50|0x00000000a3200000, 0x00000000a3200000, 0x00000000a3300000|  0%| F|  |TAMS 0x00000000a3200000, 0x00000000a3200000| Untracked 
|  51|0x00000000a3300000, 0x00000000a3300000, 0x00000000a3400000|  0%| F|  |TAMS 0x00000000a3300000, 0x00000000a3300000| Untracked 
|  52|0x00000000a3400000, 0x00000000a3400000, 0x00000000a3500000|  0%| F|  |TAMS 0x00000000a3400000, 0x00000000a3400000| Untracked 
|  53|0x00000000a3500000, 0x00000000a3500000, 0x00000000a3600000|  0%| F|  |TAMS 0x00000000a3500000, 0x00000000a3500000| Untracked 
|  54|0x00000000a3600000, 0x00000000a3600000, 0x00000000a3700000|  0%| F|  |TAMS 0x00000000a3600000, 0x00000000a3600000| Untracked 
|  55|0x00000000a3700000, 0x00000000a3700000, 0x00000000a3800000|  0%| F|  |TAMS 0x00000000a3700000, 0x00000000a3700000| Untracked 
|  56|0x00000000a3800000, 0x00000000a3800000, 0x00000000a3900000|  0%| F|  |TAMS 0x00000000a3800000, 0x00000000a3800000| Untracked 
|  57|0x00000000a3900000, 0x00000000a3900000, 0x00000000a3a00000|  0%| F|  |TAMS 0x00000000a3900000, 0x00000000a3900000| Untracked 
|  58|0x00000000a3a00000, 0x00000000a3a00000, 0x00000000a3b00000|  0%| F|  |TAMS 0x00000000a3a00000, 0x00000000a3a00000| Untracked 
|  59|0x00000000a3b00000, 0x00000000a3b00000, 0x00000000a3c00000|  0%| F|  |TAMS 0x00000000a3b00000, 0x00000000a3b00000| Untracked 
|  60|0x00000000a3c00000, 0x00000000a3c00000, 0x00000000a3d00000|  0%| F|  |TAMS 0x00000000a3c00000, 0x00000000a3c00000| Untracked 
|  61|0x00000000a3d00000, 0x00000000a3d00000, 0x00000000a3e00000|  0%| F|  |TAMS 0x00000000a3d00000, 0x00000000a3d00000| Untracked 
|  62|0x00000000a3e00000, 0x00000000a3e00000, 0x00000000a3f00000|  0%| F|  |TAMS 0x00000000a3e00000, 0x00000000a3e00000| Untracked 
|  63|0x00000000a3f00000, 0x00000000a3f00000, 0x00000000a4000000|  0%| F|  |TAMS 0x00000000a3f00000, 0x00000000a3f00000| Untracked 
|  64|0x00000000a4000000, 0x00000000a4000000, 0x00000000a4100000|  0%| F|  |TAMS 0x00000000a4000000, 0x00000000a4000000| Untracked 
|  65|0x00000000a4100000, 0x00000000a4100000, 0x00000000a4200000|  0%| F|  |TAMS 0x00000000a4100000, 0x00000000a4100000| Untracked 
|  66|0x00000000a4200000, 0x00000000a4200000, 0x00000000a4300000|  0%| F|  |TAMS 0x00000000a4200000, 0x00000000a4200000| Untracked 
|  67|0x00000000a4300000, 0x00000000a4300000, 0x00000000a4400000|  0%| F|  |TAMS 0x00000000a4300000, 0x00000000a4300000| Untracked 
|  68|0x00000000a4400000, 0x00000000a4400000, 0x00000000a4500000|  0%| F|  |TAMS 0x00000000a4400000, 0x00000000a4400000| Untracked 
|  69|0x00000000a4500000, 0x00000000a4500000, 0x00000000a4600000|  0%| F|  |TAMS 0x00000000a4500000, 0x00000000a4500000| Untracked 
|  70|0x00000000a4600000, 0x00000000a4600000, 0x00000000a4700000|  0%| F|  |TAMS 0x00000000a4600000, 0x00000000a4600000| Untracked 
|  71|0x00000000a4700000, 0x00000000a4700000, 0x00000000a4800000|  0%| F|  |TAMS 0x00000000a4700000, 0x00000000a4700000| Untracked 
|  72|0x00000000a4800000, 0x00000000a4800000, 0x00000000a4900000|  0%| F|  |TAMS 0x00000000a4800000, 0x00000000a4800000| Untracked 
|  73|0x00000000a4900000, 0x00000000a4900000, 0x00000000a4a00000|  0%| F|  |TAMS 0x00000000a4900000, 0x00000000a4900000| Untracked 
|  74|0x00000000a4a00000, 0x00000000a4a00000, 0x00000000a4b00000|  0%| F|  |TAMS 0x00000000a4a00000, 0x00000000a4a00000| Untracked 
|  75|0x00000000a4b00000, 0x00000000a4b00000, 0x00000000a4c00000|  0%| F|  |TAMS 0x00000000a4b00000, 0x00000000a4b00000| Untracked 
|  76|0x00000000a4c00000, 0x00000000a4c00000, 0x00000000a4d00000|  0%| F|  |TAMS 0x00000000a4c00000, 0x00000000a4c00000| Untracked 
|  77|0x00000000a4d00000, 0x00000000a4d00000, 0x00000000a4e00000|  0%| F|  |TAMS 0x00000000a4d00000, 0x00000000a4d00000| Untracked 
|  78|0x00000000a4e00000, 0x00000000a4e00000, 0x00000000a4f00000|  0%| F|  |TAMS 0x00000000a4e00000, 0x00000000a4e00000| Untracked 
|  79|0x00000000a4f00000, 0x00000000a4f00000, 0x00000000a5000000|  0%| F|  |TAMS 0x00000000a4f00000, 0x00000000a4f00000| Untracked 
|  80|0x00000000a5000000, 0x00000000a5000000, 0x00000000a5100000|  0%| F|  |TAMS 0x00000000a5000000, 0x00000000a5000000| Untracked 
|  81|0x00000000a5100000, 0x00000000a5100000, 0x00000000a5200000|  0%| F|  |TAMS 0x00000000a5100000, 0x00000000a5100000| Untracked 
|  82|0x00000000a5200000, 0x00000000a5200000, 0x00000000a5300000|  0%| F|  |TAMS 0x00000000a5200000, 0x00000000a5200000| Untracked 
|  83|0x00000000a5300000, 0x00000000a53034a8, 0x00000000a5400000|  1%| E|  |TAMS 0x00000000a5300000, 0x00000000a5300000| Complete 
|  84|0x00000000a5400000, 0x00000000a5500000, 0x00000000a5500000|100%| E|CS|TAMS 0x00000000a5400000, 0x00000000a5400000| Complete 
|  85|0x00000000a5500000, 0x00000000a5600000, 0x00000000a5600000|100%| E|CS|TAMS 0x00000000a5500000, 0x00000000a5500000| Complete 
|  86|0x00000000a5600000, 0x00000000a5700000, 0x00000000a5700000|100%| E|CS|TAMS 0x00000000a5600000, 0x00000000a5600000| Complete 
|  87|0x00000000a5700000, 0x00000000a5800000, 0x00000000a5800000|100%| E|CS|TAMS 0x00000000a5700000, 0x00000000a5700000| Complete 
|  88|0x00000000a5800000, 0x00000000a5900000, 0x00000000a5900000|100%| E|CS|TAMS 0x00000000a5800000, 0x00000000a5800000| Complete 
|  89|0x00000000a5900000, 0x00000000a5a00000, 0x00000000a5a00000|100%| E|CS|TAMS 0x00000000a5900000, 0x00000000a5900000| Complete 
|  90|0x00000000a5a00000, 0x00000000a5b00000, 0x00000000a5b00000|100%| E|CS|TAMS 0x00000000a5a00000, 0x00000000a5a00000| Complete 
|  91|0x00000000a5b00000, 0x00000000a5b65178, 0x00000000a5c00000| 39%| S|CS|TAMS 0x00000000a5b00000, 0x00000000a5b00000| Complete 
|  92|0x00000000a5c00000, 0x00000000a5d00000, 0x00000000a5d00000|100%| S|CS|TAMS 0x00000000a5c00000, 0x00000000a5c00000| Complete 
|  93|0x00000000a5d00000, 0x00000000a5e00000, 0x00000000a5e00000|100%| S|CS|TAMS 0x00000000a5d00000, 0x00000000a5d00000| Complete 
|  94|0x00000000a5e00000, 0x00000000a5f00000, 0x00000000a5f00000|100%| E|CS|TAMS 0x00000000a5e00000, 0x00000000a5e00000| Complete 
|  95|0x00000000a5f00000, 0x00000000a6000000, 0x00000000a6000000|100%| E|CS|TAMS 0x00000000a5f00000, 0x00000000a5f00000| Complete 
|  96|0x00000000a6000000, 0x00000000a6100000, 0x00000000a6100000|100%| E|CS|TAMS 0x00000000a6000000, 0x00000000a6000000| Complete 
|  97|0x00000000a6100000, 0x00000000a6200000, 0x00000000a6200000|100%| E|CS|TAMS 0x00000000a6100000, 0x00000000a6100000| Complete 
|  98|0x00000000a6200000, 0x00000000a6300000, 0x00000000a6300000|100%| E|CS|TAMS 0x00000000a6200000, 0x00000000a6200000| Complete 
|  99|0x00000000a6300000, 0x00000000a6400000, 0x00000000a6400000|100%| E|CS|TAMS 0x00000000a6300000, 0x00000000a6300000| Complete 
| 100|0x00000000a6400000, 0x00000000a6500000, 0x00000000a6500000|100%| E|CS|TAMS 0x00000000a6400000, 0x00000000a6400000| Complete 
| 101|0x00000000a6500000, 0x00000000a6600000, 0x00000000a6600000|100%| E|CS|TAMS 0x00000000a6500000, 0x00000000a6500000| Complete 
| 102|0x00000000a6600000, 0x00000000a6700000, 0x00000000a6700000|100%| E|CS|TAMS 0x00000000a6600000, 0x00000000a6600000| Complete 
| 103|0x00000000a6700000, 0x00000000a6800000, 0x00000000a6800000|100%| E|CS|TAMS 0x00000000a6700000, 0x00000000a6700000| Complete 
| 104|0x00000000a6800000, 0x00000000a6900000, 0x00000000a6900000|100%| E|CS|TAMS 0x00000000a6800000, 0x00000000a6800000| Complete 
| 105|0x00000000a6900000, 0x00000000a6a00000, 0x00000000a6a00000|100%| E|CS|TAMS 0x00000000a6900000, 0x00000000a6900000| Complete 
| 106|0x00000000a6a00000, 0x00000000a6b00000, 0x00000000a6b00000|100%| E|CS|TAMS 0x00000000a6a00000, 0x00000000a6a00000| Complete 
| 107|0x00000000a6b00000, 0x00000000a6c00000, 0x00000000a6c00000|100%| E|CS|TAMS 0x00000000a6b00000, 0x00000000a6b00000| Complete 
| 108|0x00000000a6c00000, 0x00000000a6d00000, 0x00000000a6d00000|100%| E|CS|TAMS 0x00000000a6c00000, 0x00000000a6c00000| Complete 
| 109|0x00000000a6d00000, 0x00000000a6e00000, 0x00000000a6e00000|100%| E|CS|TAMS 0x00000000a6d00000, 0x00000000a6d00000| Complete 
| 110|0x00000000a6e00000, 0x00000000a6f00000, 0x00000000a6f00000|100%| E|CS|TAMS 0x00000000a6e00000, 0x00000000a6e00000| Complete 
| 111|0x00000000a6f00000, 0x00000000a7000000, 0x00000000a7000000|100%| E|CS|TAMS 0x00000000a6f00000, 0x00000000a6f00000| Complete 
| 112|0x00000000a7000000, 0x00000000a7100000, 0x00000000a7100000|100%| E|CS|TAMS 0x00000000a7000000, 0x00000000a7000000| Complete 
| 113|0x00000000a7100000, 0x00000000a7200000, 0x00000000a7200000|100%| E|CS|TAMS 0x00000000a7100000, 0x00000000a7100000| Complete 
| 114|0x00000000a7200000, 0x00000000a7300000, 0x00000000a7300000|100%| E|CS|TAMS 0x00000000a7200000, 0x00000000a7200000| Complete 
| 115|0x00000000a7300000, 0x00000000a7400000, 0x00000000a7400000|100%| E|CS|TAMS 0x00000000a7300000, 0x00000000a7300000| Complete 
| 116|0x00000000a7400000, 0x00000000a7500000, 0x00000000a7500000|100%| E|CS|TAMS 0x00000000a7400000, 0x00000000a7400000| Complete 
| 117|0x00000000a7500000, 0x00000000a7600000, 0x00000000a7600000|100%| E|CS|TAMS 0x00000000a7500000, 0x00000000a7500000| Complete 
| 118|0x00000000a7600000, 0x00000000a7700000, 0x00000000a7700000|100%| E|CS|TAMS 0x00000000a7600000, 0x00000000a7600000| Complete 
| 119|0x00000000a7700000, 0x00000000a7800000, 0x00000000a7800000|100%| E|CS|TAMS 0x00000000a7700000, 0x00000000a7700000| Complete 
| 120|0x00000000a7800000, 0x00000000a7900000, 0x00000000a7900000|100%| E|CS|TAMS 0x00000000a7800000, 0x00000000a7800000| Complete 
| 121|0x00000000a7900000, 0x00000000a7a00000, 0x00000000a7a00000|100%| E|CS|TAMS 0x00000000a7900000, 0x00000000a7900000| Complete 
| 122|0x00000000a7a00000, 0x00000000a7b00000, 0x00000000a7b00000|100%| E|  |TAMS 0x00000000a7a00000, 0x00000000a7a00000| Complete 
| 123|0x00000000a7b00000, 0x00000000a7c00000, 0x00000000a7c00000|100%| E|CS|TAMS 0x00000000a7b00000, 0x00000000a7b00000| Complete 
| 124|0x00000000a7c00000, 0x00000000a7d00000, 0x00000000a7d00000|100%| E|CS|TAMS 0x00000000a7c00000, 0x00000000a7c00000| Complete 
| 125|0x00000000a7d00000, 0x00000000a7e00000, 0x00000000a7e00000|100%| E|CS|TAMS 0x00000000a7d00000, 0x00000000a7d00000| Complete 
| 126|0x00000000a7e00000, 0x00000000a7f00000, 0x00000000a7f00000|100%| E|CS|TAMS 0x00000000a7e00000, 0x00000000a7e00000| Complete 
| 127|0x00000000a7f00000, 0x00000000a8000000, 0x00000000a8000000|100%| E|CS|TAMS 0x00000000a7f00000, 0x00000000a7f00000| Complete 

Card table byte_map: [0x00000116fbbc0000,0x00000116fbec0000] _byte_map_base: 0x00000116fb6c0000

Marking Bits (Prev, Next): (CMBitMap*) 0x00000116f7dd8d20, (CMBitMap*) 0x00000116f7dd8ce8
 Prev Bits: [0x00000116fd9c0000, 0x00000116ff1c0000)
 Next Bits: [0x00000116fc1c0000, 0x00000116fd9c0000)

Polling page: 0x00000116f5d30000

Metaspace:

Usage:
  Non-class:     53.25 MB capacity,    52.01 MB ( 98%) used,     1.05 MB (  2%) free+waste,   190.13 KB ( <1%) overhead. 
      Class:      8.46 MB capacity,     7.75 MB ( 92%) used,   629.86 KB (  7%) free+waste,    91.38 KB (  1%) overhead. 
       Both:     61.71 MB capacity,    59.77 MB ( 97%) used,     1.66 MB (  3%) free+waste,   281.50 KB ( <1%) overhead. 

Virtual space:
  Non-class space:       54.00 MB reserved,      53.42 MB ( 99%) committed 
      Class space:        1.00 GB reserved,       8.53 MB ( <1%) committed 
             Both:        1.05 GB reserved,      61.95 MB (  6%) committed 

Chunk freelists:
   Non-Class:  48.00 KB
       Class:  11.00 KB
        Both:  59.00 KB

MaxMetaspaceSize: 17179869184.00 GB
CompressedClassSpaceSize: 1.00 GB
Initial GC threshold: 20.80 MB
Current GC threshold: 99.02 MB
CDS: off

CodeHeap 'non-profiled nmethods': size=120064Kb used=3986Kb max_used=3986Kb free=116077Kb
 bounds [0x0000011687ac0000, 0x0000011687eb0000, 0x000001168f000000]
CodeHeap 'profiled nmethods': size=120000Kb used=14747Kb max_used=14747Kb free=105252Kb
 bounds [0x0000011680590000, 0x0000011681400000, 0x0000011687ac0000]
CodeHeap 'non-nmethods': size=5696Kb used=2329Kb max_used=2367Kb free=3366Kb
 bounds [0x0000011680000000, 0x0000011680270000, 0x0000011680590000]
 total_blobs=7821 nmethods=6978 adapters=755
 compilation: enabled
              stopped_count=0, restarted_count=0
 full_count=0

Compilation events (20 events):
Event: 2181.663 Thread 0x00000116ff6c8000 nmethod 6976 0x0000011687ea2990 code [0x0000011687ea2b20, 0x0000011687ea2e58]
Event: 2181.664 Thread 0x00000116ff6c8000 6977       4       java.util.ArrayList$ArrayListSpliterator::tryAdvance (79 bytes)
Event: 2181.666 Thread 0x00000116ff6cd000 6979       3       org.objectweb.asm.Frame::execute (2318 bytes)
Event: 2181.672 Thread 0x00000116ff6c8000 nmethod 6977 0x0000011687ea2f90 code [0x0000011687ea3160, 0x0000011687ea35f8]
Event: 2181.672 Thread 0x00000116ff6c8000 6978       4       org.gradle.internal.instantiation.generator.AbstractClassGenerator$PropertyMetadata::getType (34 bytes)
Event: 2181.673 Thread 0x00000116ff6cd000 nmethod 6979 0x00000116813e4c90 code [0x00000116813e5a00, 0x00000116813ec138]
Event: 2181.673 Thread 0x00000116ff6cd000 6980       3       org.objectweb.asm.Type::getArgumentsAndReturnSizes (140 bytes)
Event: 2181.676 Thread 0x00000116ff6cd000 nmethod 6980 0x00000116813ede10 code [0x00000116813ee220, 0x00000116813f01b8]
Event: 2181.676 Thread 0x00000116ff6cd000 6981       3       org.objectweb.asm.Frame::getAbstractTypeFromDescriptor (415 bytes)
Event: 2181.677 Thread 0x00000116ff6c8000 nmethod 6978 0x0000011687ea3a10 code [0x0000011687ea3bc0, 0x0000011687ea3e38]
Event: 2181.677 Thread 0x00000116ff6c8000 6982       4       org.objectweb.asm.Frame::pop (44 bytes)
Event: 2181.678 Thread 0x00000116ff6c8000 nmethod 6982 0x0000011687ea4090 code [0x0000011687ea4220, 0x0000011687ea42b8]
Event: 2181.678 Thread 0x00000116ff6cd000 nmethod 6981 0x00000116813f0d90 code [0x00000116813f1140, 0x00000116813f2cd8]
Event: 2181.681 Thread 0x00000116ff6c8000 6983       4       java.lang.Class::forName (47 bytes)
Event: 2181.682 Thread 0x00000116ff6c8000 nmethod 6983 0x0000011687ea4390 code [0x0000011687ea4540, 0x0000011687ea45e8]
Event: 2181.682 Thread 0x00000116ff6c8000 6984       4       org.objectweb.asm.Frame::getLocal (46 bytes)
Event: 2181.683 Thread 0x00000116ff6c8000 nmethod 6984 0x0000011687ea4690 code [0x0000011687ea4820, 0x0000011687ea48d8]
Event: 2181.685 Thread 0x00000116ff6c8000 6985 %     4       org.gradle.internal.instantiation.generator.AbstractClassGenerator::inspectType @ 207 (560 bytes)
Event: 2181.686 Thread 0x00000116ff6cd000 6986       3       org.gradle.internal.instantiation.generator.AbstractClassGenerator$ExtensibleTypePropertyHandler::applyTo (228 bytes)
Event: 2181.688 Thread 0x00000116ff6cd000 nmethod 6986 0x00000116813f3610 code [0x00000116813f3a00, 0x00000116813f56b8]

GC Heap History (20 events):
Event: 1829.566 GC heap before
{Heap before GC invocations=5 (full 0):
 garbage-first heap   total 131072K, used 51727K [0x00000000a0000000, 0x0000000100000000)
  region size 1024K, 36 young (36864K), 2 survivors (2048K)
 Metaspace       used 24336K, capacity 24931K, committed 25084K, reserved 1071104K
  class space    used 3072K, capacity 3318K, committed 3404K, reserved 1048576K
}
Event: 1829.571 GC heap after
{Heap after GC invocations=6 (full 0):
 garbage-first heap   total 131072K, used 17976K [0x00000000a0000000, 0x0000000100000000)
  region size 1024K, 3 young (3072K), 3 survivors (3072K)
 Metaspace       used 24336K, capacity 24931K, committed 25084K, reserved 1071104K
  class space    used 3072K, capacity 3318K, committed 3404K, reserved 1048576K
}
Event: 1852.685 GC heap before
{Heap before GC invocations=6 (full 0):
 garbage-first heap   total 131072K, used 70200K [0x00000000a0000000, 0x0000000100000000)
  region size 1024K, 54 young (55296K), 3 survivors (3072K)
 Metaspace       used 29507K, capacity 30184K, committed 30460K, reserved 1075200K
  class space    used 3867K, capacity 4140K, committed 4172K, reserved 1048576K
}
Event: 1852.692 GC heap after
{Heap after GC invocations=7 (full 0):
 garbage-first heap   total 131072K, used 19744K [0x00000000a0000000, 0x0000000100000000)
  region size 1024K, 5 young (5120K), 5 survivors (5120K)
 Metaspace       used 29507K, capacity 30184K, committed 30460K, reserved 1075200K
  class space    used 3867K, capacity 4140K, committed 4172K, reserved 1048576K
}
Event: 1872.278 GC heap before
{Heap before GC invocations=7 (full 0):
 garbage-first heap   total 131072K, used 48416K [0x00000000a0000000, 0x0000000100000000)
  region size 1024K, 34 young (34816K), 5 survivors (5120K)
 Metaspace       used 35181K, capacity 35953K, committed 36048K, reserved 1081344K
  class space    used 4499K, capacity 4827K, committed 4896K, reserved 1048576K
}
Event: 1872.291 GC heap after
{Heap after GC invocations=8 (full 0):
 garbage-first heap   total 131072K, used 22122K [0x00000000a0000000, 0x0000000100000000)
  region size 1024K, 6 young (6144K), 6 survivors (6144K)
 Metaspace       used 35181K, capacity 35953K, committed 36048K, reserved 1081344K
  class space    used 4499K, capacity 4827K, committed 4896K, reserved 1048576K
}
Event: 1889.513 GC heap before
{Heap before GC invocations=9 (full 0):
 garbage-first heap   total 131072K, used 84586K [0x00000000a0000000, 0x0000000100000000)
  region size 1024K, 65 young (66560K), 6 survivors (6144K)
 Metaspace       used 40314K, capacity 41443K, committed 41552K, reserved 1085440K
  class space    used 5063K, capacity 5483K, committed 5536K, reserved 1048576K
}
Event: 1889.745 GC heap after
{Heap after GC invocations=10 (full 0):
 garbage-first heap   total 131072K, used 26454K [0x00000000a0000000, 0x0000000100000000)
  region size 1024K, 9 young (9216K), 9 survivors (9216K)
 Metaspace       used 40314K, capacity 41443K, committed 41552K, reserved 1085440K
  class space    used 5063K, capacity 5483K, committed 5536K, reserved 1048576K
}
Event: 1926.462 GC heap before
{Heap before GC invocations=10 (full 0):
 garbage-first heap   total 131072K, used 62294K [0x00000000a0000000, 0x0000000100000000)
  region size 1024K, 44 young (45056K), 9 survivors (9216K)
 Metaspace       used 43257K, capacity 44363K, committed 44624K, reserved 1087488K
  class space    used 5528K, capacity 5960K, committed 6048K, reserved 1048576K
}
Event: 1926.512 GC heap after
{Heap after GC invocations=11 (full 0):
 garbage-first heap   total 131072K, used 27924K [0x00000000a0000000, 0x0000000100000000)
  region size 1024K, 2 young (2048K), 2 survivors (2048K)
 Metaspace       used 43257K, capacity 44363K, committed 44624K, reserved 1087488K
  class space    used 5528K, capacity 5960K, committed 6048K, reserved 1048576K
}
Event: 1943.278 GC heap before
{Heap before GC invocations=11 (full 0):
 garbage-first heap   total 131072K, used 88340K [0x00000000a0000000, 0x0000000100000000)
  region size 1024K, 61 young (62464K), 2 survivors (2048K)
 Metaspace       used 47485K, capacity 48801K, committed 48976K, reserved 1091584K
  class space    used 6047K, capacity 6525K, committed 6560K, reserved 1048576K
}
Event: 1943.287 GC heap after
{Heap after GC invocations=12 (full 0):
 garbage-first heap   total 131072K, used 30412K [0x00000000a0000000, 0x0000000100000000)
  region size 1024K, 5 young (5120K), 5 survivors (5120K)
 Metaspace       used 47485K, capacity 48801K, committed 48976K, reserved 1091584K
  class space    used 6047K, capacity 6525K, committed 6560K, reserved 1048576K
}
Event: 1971.193 GC heap before
{Heap before GC invocations=12 (full 0):
 garbage-first heap   total 131072K, used 91852K [0x00000000a0000000, 0x0000000100000000)
  region size 1024K, 66 young (67584K), 5 survivors (5120K)
 Metaspace       used 49358K, capacity 50743K, committed 51024K, reserved 1093632K
  class space    used 6212K, capacity 6716K, committed 6816K, reserved 1048576K
}
Event: 1971.206 GC heap after
{Heap after GC invocations=13 (full 0):
 garbage-first heap   total 131072K, used 32793K [0x00000000a0000000, 0x0000000100000000)
  region size 1024K, 7 young (7168K), 7 survivors (7168K)
 Metaspace       used 49358K, capacity 50743K, committed 51024K, reserved 1093632K
  class space    used 6212K, capacity 6716K, committed 6816K, reserved 1048576K
}
Event: 2124.273 GC heap before
{Heap before GC invocations=13 (full 0):
 garbage-first heap   total 131072K, used 104473K [0x00000000a0000000, 0x0000000100000000)
  region size 1024K, 69 young (70656K), 7 survivors (7168K)
 Metaspace       used 51739K, capacity 53324K, committed 53456K, reserved 1095680K
  class space    used 6612K, capacity 7199K, committed 7200K, reserved 1048576K
}
Event: 2124.485 GC heap after
{Heap after GC invocations=14 (full 0):
 garbage-first heap   total 131072K, used 47488K [0x00000000a0000000, 0x0000000100000000)
  region size 1024K, 9 young (9216K), 9 survivors (9216K)
 Metaspace       used 51739K, capacity 53324K, committed 53456K, reserved 1095680K
  class space    used 6612K, capacity 7199K, committed 7200K, reserved 1048576K
}
Event: 2149.446 GC heap before
{Heap before GC invocations=14 (full 0):
 garbage-first heap   total 131072K, used 101760K [0x00000000a0000000, 0x0000000100000000)
  region size 1024K, 62 young (63488K), 9 survivors (9216K)
 Metaspace       used 56346K, capacity 58126K, committed 58320K, reserved 1099776K
  class space    used 7258K, capacity 7945K, committed 7968K, reserved 1048576K
}
Event: 2149.561 GC heap after
{Heap after GC invocations=15 (full 0):
 garbage-first heap   total 131072K, used 50924K [0x00000000a0000000, 0x0000000100000000)
  region size 1024K, 3 young (3072K), 3 survivors (3072K)
 Metaspace       used 56346K, capacity 58126K, committed 58320K, reserved 1099776K
  class space    used 7258K, capacity 7945K, committed 7968K, reserved 1048576K
}
Event: 2153.399 GC heap before
{Heap before GC invocations=15 (full 0):
 garbage-first heap   total 131072K, used 84716K [0x00000000a0000000, 0x0000000100000000)
  region size 1024K, 37 young (37888K), 3 survivors (3072K)
 Metaspace       used 58677K, capacity 60372K, committed 60508K, reserved 1101824K
  class space    used 7543K, capacity 8202K, committed 8224K, reserved 1048576K
}
Event: 2153.567 GC heap after
{Heap after GC invocations=16 (full 0):
 garbage-first heap   total 131072K, used 51037K [0x00000000a0000000, 0x0000000100000000)
  region size 1024K, 3 young (3072K), 3 survivors (3072K)
 Metaspace       used 58677K, capacity 60372K, committed 60508K, reserved 1101824K
  class space    used 7543K, capacity 8202K, committed 8224K, reserved 1048576K
}

Deoptimization events (20 events):
Event: 2180.637 Thread 0x0000011692624000 Uncommon trap: trap_request=0xffffffbe fr.pc=0x0000011687e994cc relative=0x0000000000002d6c
Event: 2180.637 Thread 0x0000011692624000 Uncommon trap: reason=profile_predicate action=maybe_recompile pc=0x0000011687e994cc method=java.util.TreeMap.put(Ljava/lang/Object;Ljava/lang/Object;)Ljava/lang/Object; @ 55 c2
Event: 2180.637 Thread 0x0000011692624000 DEOPT PACKING pc=0x0000011687e994cc sp=0x00000004401f2a10
Event: 2180.637 Thread 0x0000011692624000 DEOPT UNPACKING pc=0x000001168004a1af sp=0x00000004401f29f8 mode 2
Event: 2180.644 Thread 0x0000011692624000 Uncommon trap: trap_request=0xffffffbe fr.pc=0x0000011687e994cc relative=0x0000000000002d6c
Event: 2180.644 Thread 0x0000011692624000 Uncommon trap: reason=profile_predicate action=maybe_recompile pc=0x0000011687e994cc method=java.util.TreeMap.put(Ljava/lang/Object;Ljava/lang/Object;)Ljava/lang/Object; @ 55 c2
Event: 2180.644 Thread 0x0000011692624000 DEOPT PACKING pc=0x0000011687e994cc sp=0x00000004401f2a40
Event: 2180.644 Thread 0x0000011692624000 DEOPT UNPACKING pc=0x000001168004a1af sp=0x00000004401f2a28 mode 2
Event: 2181.665 Thread 0x0000011692624000 Uncommon trap: trap_request=0xffffff4d fr.pc=0x0000011687e40b30 relative=0x0000000000000410
Event: 2181.665 Thread 0x0000011692624000 Uncommon trap: reason=unstable_if action=reinterpret pc=0x0000011687e40b30 method=org.objectweb.asm.Type.getArgumentsAndReturnSizes(Ljava/lang/String;)I @ 117 c2
Event: 2181.665 Thread 0x0000011692624000 DEOPT PACKING pc=0x0000011687e40b30 sp=0x00000004401f19c0
Event: 2181.665 Thread 0x0000011692624000 DEOPT UNPACKING pc=0x000001168004a1af sp=0x00000004401f1940 mode 2
Event: 2181.665 Thread 0x0000011692624000 Uncommon trap: trap_request=0xffffff4d fr.pc=0x0000011687e7c598 relative=0x0000000000001b58
Event: 2181.665 Thread 0x0000011692624000 Uncommon trap: reason=unstable_if action=reinterpret pc=0x0000011687e7c598 method=org.objectweb.asm.Type.getArgumentsAndReturnSizes(Ljava/lang/String;)I @ 117 c2
Event: 2181.665 Thread 0x0000011692624000 DEOPT PACKING pc=0x0000011687e7c598 sp=0x00000004401f1720
Event: 2181.665 Thread 0x0000011692624000 DEOPT UNPACKING pc=0x000001168004a1af sp=0x00000004401f15d8 mode 2
Event: 2181.665 Thread 0x0000011692624000 Uncommon trap: trap_request=0xffffff4d fr.pc=0x0000011687dfe8dc relative=0x00000000000016dc
Event: 2181.666 Thread 0x0000011692624000 Uncommon trap: reason=unstable_if action=reinterpret pc=0x0000011687dfe8dc method=org.objectweb.asm.Frame.getAbstractTypeFromDescriptor(Lorg/objectweb/asm/SymbolTable;Ljava/lang/String;I)I @ 5 c2
Event: 2181.666 Thread 0x0000011692624000 DEOPT PACKING pc=0x0000011687dfe8dc sp=0x00000004401f15a0
Event: 2181.666 Thread 0x0000011692624000 DEOPT UNPACKING pc=0x000001168004a1af sp=0x00000004401f1560 mode 2

Classes redefined (0 events):
No events

Internal exceptions (20 events):
Event: 2124.209 Thread 0x0000011692624000 Exception <a 'java/lang/NoSuchMethodError'{0x00000000a426e120}: 'java.lang.Object java.lang.invoke.DirectMethodHandle$Holder.invokeStatic(java.lang.Object, java.lang.Object, java.lang.Object, java.lang.Object, int)'> (0x00000000a426e120) thrown at [./src/hotspot/share/interpreter/linkResolver.cpp, line 773]
Event: 2124.210 Thread 0x0000011692624000 Exception <a 'java/lang/NoSuchMethodError'{0x00000000a4274058}: 'java.lang.Object java.lang.invoke.DirectMethodHandle$Holder.invokeSpecial(java.lang.Object, java.lang.Object, java.lang.Object, java.lang.Object, java.lang.Object, int)'> (0x00000000a4274058) thrown at [./src/hotspot/share/interpreter/linkResolver.cpp, line 773]
Event: 2124.210 Thread 0x0000011692624000 Exception <a 'java/lang/NoSuchMethodError'{0x00000000a4279bd8}: 'java.lang.Object java.lang.invoke.Invokers$Holder.linkToTargetMethod(java.lang.Object, java.lang.Object, java.lang.Object, int, java.lang.Object)'> (0x00000000a4279bd8) thrown at [./src/hotspot/share/interpreter/linkResolver.cpp, line 773]
Event: 2124.680 Thread 0x0000011692624000 Exception <a 'java/lang/NoSuchMethodError'{0x00000000a7e0c8d8}: 'java.lang.Object java.lang.invoke.DirectMethodHandle$Holder.invokeSpecial(java.lang.Object, java.lang.Object, int, int, java.lang.Object, java.lang.Object, java.lang.Object)'> (0x00000000a7e0c8d8) thrown at [./src/hotspot/share/interpreter/linkResolver.cpp, line 773]
Event: 2124.680 Thread 0x0000011692624000 Exception <a 'java/lang/NoSuchMethodError'{0x00000000a7e12398}: 'java.lang.Object java.lang.invoke.DelegatingMethodHandle$Holder.reinvoke_L(java.lang.Object, int, int, java.lang.Object, java.lang.Object, java.lang.Object)'> (0x00000000a7e12398) thrown at [./src/hotspot/share/interpreter/linkResolver.cpp, line 773]
Event: 2128.237 Thread 0x0000011692624000 Exception <a 'java/lang/IncompatibleClassChangeError'{0x00000000a7dd2358}: Found class java.lang.Object, but interface was expected> (0x00000000a7dd2358) thrown at [./src/hotspot/share/interpreter/linkResolver.cpp, line 839]
Event: 2131.164 Thread 0x0000011692624000 Implicit null exception at 0x0000011687e25bd9 to 0x0000011687e25dc8
Event: 2132.653 Thread 0x0000011692624000 Implicit null exception at 0x0000011687d1cbd4 to 0x0000011687d1cdb8
Event: 2132.653 Thread 0x0000011692624000 Implicit null exception at 0x0000011687d12b5b to 0x0000011687d13468
Event: 2136.578 Thread 0x0000011692624000 Exception <a 'java/lang/NoSuchMethodError'{0x00000000a7047cc8}: 'java.lang.Object java.lang.invoke.DirectMethodHandle$Holder.invokeStatic(java.lang.Object, int, java.lang.Object, java.lang.Object, java.lang.Object)'> (0x00000000a7047cc8) thrown at [./src/hotspot/share/interpreter/linkResolver.cpp, line 773]
Event: 2136.578 Thread 0x0000011692624000 Exception <a 'java/lang/NoSuchMethodError'{0x00000000a704dc40}: 'java.lang.Object java.lang.invoke.DirectMethodHandle$Holder.invokeSpecial(java.lang.Object, java.lang.Object, int, java.lang.Object, java.lang.Object, java.lang.Object)'> (0x00000000a704dc40) thrown at [./src/hotspot/share/interpreter/linkResolver.cpp, line 773]
Event: 2139.522 Thread 0x0000011692624000 Exception <a 'java/lang/ClassNotFoundException'{0x00000000a67f16c0}: org/gradle/api/plugins/internal/DefaultBasePluginConventionBeanInfo> (0x00000000a67f16c0) thrown at [./src/hotspot/share/classfile/systemDictionary.cpp, line 231]
Event: 2139.524 Thread 0x0000011692624000 Exception <a 'java/lang/ClassNotFoundException'{0x00000000a662fde0}: org/gradle/api/plugins/BasePluginConventionBeanInfo> (0x00000000a662fde0) thrown at [./src/hotspot/share/classfile/systemDictionary.cpp, line 231]
Event: 2139.526 Thread 0x0000011692624000 Exception <a 'java/lang/ClassNotFoundException'{0x00000000a666e1b8}: org/gradle/api/plugins/BasePluginConventionCustomizer> (0x00000000a666e1b8) thrown at [./src/hotspot/share/classfile/systemDictionary.cpp, line 231]
Event: 2139.528 Thread 0x0000011692624000 Exception <a 'java/lang/ClassNotFoundException'{0x00000000a66bcc38}: org/gradle/api/plugins/internal/DefaultBasePluginConventionCustomizer> (0x00000000a66bcc38) thrown at [./src/hotspot/share/classfile/systemDictionary.cpp, line 231]
Event: 2139.536 Thread 0x0000011692624000 Exception <a 'java/lang/ClassNotFoundException'{0x00000000a6540978}: org/gradle/api/plugins/internal/DefaultJavaPluginConventionBeanInfo> (0x00000000a6540978) thrown at [./src/hotspot/share/classfile/systemDictionary.cpp, line 231]
Event: 2139.538 Thread 0x0000011692624000 Exception <a 'java/lang/ClassNotFoundException'{0x00000000a657ed88}: org/gradle/api/plugins/JavaPluginConventionBeanInfo> (0x00000000a657ed88) thrown at [./src/hotspot/share/classfile/systemDictionary.cpp, line 231]
Event: 2139.540 Thread 0x0000011692624000 Exception <a 'java/lang/ClassNotFoundException'{0x00000000a65bd3a0}: org/gradle/api/plugins/JavaPluginConventionCustomizer> (0x00000000a65bd3a0) thrown at [./src/hotspot/share/classfile/systemDictionary.cpp, line 231]
Event: 2139.543 Thread 0x0000011692624000 Exception <a 'java/lang/ClassNotFoundException'{0x00000000a64162c0}: org/gradle/api/plugins/internal/DefaultJavaPluginConventionCustomizer> (0x00000000a64162c0) thrown at [./src/hotspot/share/classfile/systemDictionary.cpp, line 231]
Event: 2166.245 Thread 0x0000011692624000 Exception <a 'java/lang/NoSuchMethodError'{0x00000000a623f1c8}: 'java.lang.Object java.lang.invoke.Invokers$Holder.linkToTargetMethod(java.lang.Object, int, java.lang.Object)'> (0x00000000a623f1c8) thrown at [./src/hotspot/share/interpreter/linkResolver.cpp, line 773]

Events (20 events):
Event: 2180.912 loading class org/gradle/api/internal/tasks/testing/logging/TestCountLogger
Event: 2180.912 loading class org/gradle/api/internal/tasks/testing/logging/TestCountLogger done
Event: 2180.923 loading class org/gradle/api/internal/tasks/testing/filter/DefaultTestFilter
Event: 2180.923 loading class org/gradle/api/internal/tasks/testing/filter/DefaultTestFilter done
Event: 2181.659 loading class org/gradle/api/tasks/options/Option
Event: 2181.659 loading class org/gradle/api/tasks/options/Option done
Event: 2181.675 loading class org/gradle/api/internal/tasks/testing/logging/DefaultTestLoggingContainer
Event: 2181.675 loading class org/gradle/api/internal/tasks/testing/logging/DefaultTestLoggingContainer done
Event: 2181.677 loading class org/gradle/api/tasks/testing/logging/TestLogEvent
Event: 2181.677 loading class org/gradle/api/tasks/testing/logging/TestLogEvent done
Event: 2181.678 loading class org/gradle/api/tasks/testing/logging/TestStackTraceFilter
Event: 2181.678 loading class org/gradle/api/tasks/testing/logging/TestStackTraceFilter done
Event: 2181.679 loading class org/gradle/api/tasks/testing/logging/TestExceptionFormat
Event: 2181.679 loading class org/gradle/api/tasks/testing/logging/TestExceptionFormat done
Event: 2181.684 loading class org/gradle/api/internal/tasks/testing/logging/DefaultTestLogging
Event: 2181.684 loading class org/gradle/api/internal/tasks/testing/logging/DefaultTestLogging done
Event: 2181.689 loading class org/gradle/api/internal/tasks/testing/DefaultTestTaskReports
Event: 2181.689 loading class org/gradle/api/internal/tasks/testing/DefaultTestTaskReports done
Event: 2181.728 loading class org/gradle/api/reporting/internal/TaskReportContainer
Event: 2181.728 loading class org/gradle/api/reporting/internal/TaskReportContainer done


Dynamic libraries:
0x00007ff7e6eb0000 - 0x00007ff7e6eba000 	C:\Program Files\Android\Android Studio\jre\bin\java.exe
0x00007ffbb2d70000 - 0x00007ffbb2f66000 	C:\Windows\SYSTEM32\ntdll.dll
0x00007ffbb1630000 - 0x00007ffbb16ed000 	C:\Windows\System32\KERNEL32.DLL
0x00007ffbb04c0000 - 0x00007ffbb0788000 	C:\Windows\System32\KERNELBASE.dll
0x00007ffbb0a00000 - 0x00007ffbb0b00000 	C:\Windows\System32\ucrtbase.dll
0x00007ffb7f8b0000 - 0x00007ffb7f8c7000 	C:\Program Files\Android\Android Studio\jre\bin\VCRUNTIME140.dll
0x00007ffba3480000 - 0x00007ffba3499000 	C:\Program Files\Android\Android Studio\jre\bin\jli.dll
0x00007ffb947a0000 - 0x00007ffb94a3b000 	C:\Windows\WinSxS\amd64_microsoft.windows.common-controls_6595b64144ccf1df_6.0.19041.488_none_ca04af081b815d21\COMCTL32.dll
0x00007ffbb1cb0000 - 0x00007ffbb1e50000 	C:\Windows\System32\USER32.dll
0x00007ffbb1e50000 - 0x00007ffbb1eee000 	C:\Windows\System32\msvcrt.dll
0x00007ffbb0d30000 - 0x00007ffbb0d52000 	C:\Windows\System32\win32u.dll
0x00007ffbb0de0000 - 0x00007ffbb0e0a000 	C:\Windows\System32\GDI32.dll
0x00007ffbb08f0000 - 0x00007ffbb09f9000 	C:\Windows\System32\gdi32full.dll
0x00007ffbb0c40000 - 0x00007ffbb0cdd000 	C:\Windows\System32\msvcp_win.dll
0x00007ffbb1bf0000 - 0x00007ffbb1c20000 	C:\Windows\System32\IMM32.DLL
0x00007ffb795f0000 - 0x00007ffb7968d000 	C:\Program Files\Android\Android Studio\jre\bin\msvcp140.dll
0x00007ffb570a0000 - 0x00007ffb57ba2000 	C:\Program Files\Android\Android Studio\jre\bin\server\jvm.dll
0x00007ffbb17d0000 - 0x00007ffbb187a000 	C:\Windows\System32\ADVAPI32.dll
0x00007ffbb1460000 - 0x00007ffbb14fb000 	C:\Windows\System32\sechost.dll
0x00007ffbb1ef0000 - 0x00007ffbb2014000 	C:\Windows\System32\RPCRT4.dll
0x00007ffbb0fe0000 - 0x00007ffbb0fe8000 	C:\Windows\System32\PSAPI.DLL
0x00007ffbad6f0000 - 0x00007ffbad6f9000 	C:\Windows\SYSTEM32\WSOCK32.dll
0x00007ffbb1760000 - 0x00007ffbb17cb000 	C:\Windows\System32\WS2_32.dll
0x00007ffb9da40000 - 0x00007ffb9da67000 	C:\Windows\SYSTEM32\WINMM.dll
0x00007ffba63b0000 - 0x00007ffba63ba000 	C:\Windows\SYSTEM32\VERSION.dll
0x00007ffbae410000 - 0x00007ffbae422000 	C:\Windows\SYSTEM32\kernel.appcore.dll
0x00007ffb7efe0000 - 0x00007ffb7eff1000 	C:\Program Files\Android\Android Studio\jre\bin\verify.dll
0x00007ffb94af0000 - 0x00007ffb94cd4000 	C:\Windows\SYSTEM32\DBGHELP.DLL
0x00007ffb94ac0000 - 0x00007ffb94aec000 	C:\Windows\SYSTEM32\dbgcore.DLL
0x00007ffbb0d60000 - 0x00007ffbb0ddf000 	C:\Windows\System32\bcryptPrimitives.dll
0x00007ffb7dcd0000 - 0x00007ffb7dcf9000 	C:\Program Files\Android\Android Studio\jre\bin\java.dll
0x00007ffba3470000 - 0x00007ffba347b000 	C:\Program Files\Android\Android Studio\jre\bin\jimage.dll
0x00007ffb7ed30000 - 0x00007ffb7ed48000 	C:\Program Files\Android\Android Studio\jre\bin\zip.dll
0x00007ffbb2590000 - 0x00007ffbb2cd0000 	C:\Windows\System32\SHELL32.dll
0x00007ffbae610000 - 0x00007ffbaeda4000 	C:\Windows\SYSTEM32\windows.storage.dll
0x00007ffbb21d0000 - 0x00007ffbb2525000 	C:\Windows\System32\combase.dll
0x00007ffbaff30000 - 0x00007ffbaff5c000 	C:\Windows\SYSTEM32\Wldp.dll
0x00007ffbb0e10000 - 0x00007ffbb0ebe000 	C:\Windows\System32\SHCORE.dll
0x00007ffbb1700000 - 0x00007ffbb1755000 	C:\Windows\System32\shlwapi.dll
0x00007ffbb03f0000 - 0x00007ffbb0416000 	C:\Windows\SYSTEM32\profapi.dll
0x00007ffb7e4b0000 - 0x00007ffb7e4ca000 	C:\Program Files\Android\Android Studio\jre\bin\net.dll
0x00007ffba0900000 - 0x00007ffba0a00000 	C:\Windows\SYSTEM32\WINHTTP.dll
0x00007ffbafcb0000 - 0x00007ffbafd1a000 	C:\Windows\system32\mswsock.dll
0x00007ffb7e2a0000 - 0x00007ffb7e2b4000 	C:\Program Files\Android\Android Studio\jre\bin\nio.dll
0x00007ffb7f220000 - 0x00007ffb7f247000 	C:\Users\elaaf\.gradle\native\e1d6ef7f7dcc3fd88c89a11ec53ec762bb8ba0a96d01ffa2cd45eb1d1d8dd5c5\windows-amd64\native-platform.dll
0x00007ffb75780000 - 0x00007ffb758c4000 	C:\Users\elaaf\.gradle\native\0d407fdbe67a94daf76414ababcb853783967236a71b16ec16e742cd7a986fd3\windows-amd64\native-platform-file-events.dll
0x00007ffb8f990000 - 0x00007ffb8f99a000 	C:\Program Files\Android\Android Studio\jre\bin\management.dll
0x00007ffb8f120000 - 0x00007ffb8f12d000 	C:\Program Files\Android\Android Studio\jre\bin\management_ext.dll
0x00007ffbafe80000 - 0x00007ffbafe98000 	C:\Windows\SYSTEM32\CRYPTSP.dll
0x00007ffbaf5d0000 - 0x00007ffbaf604000 	C:\Windows\system32\rsaenh.dll
0x00007ffbb0bb0000 - 0x00007ffbb0bd7000 	C:\Windows\System32\bcrypt.dll
0x00007ffbb0370000 - 0x00007ffbb039e000 	C:\Windows\SYSTEM32\USERENV.dll
0x00007ffbafea0000 - 0x00007ffbafeac000 	C:\Windows\SYSTEM32\CRYPTBASE.dll
0x00007ffbaf950000 - 0x00007ffbaf98b000 	C:\Windows\SYSTEM32\IPHLPAPI.DLL
0x00007ffbb16f0000 - 0x00007ffbb16f9000 	C:\Windows\System32\NSI.dll
0x00007ffba5ec0000 - 0x00007ffba5ed7000 	C:\Windows\SYSTEM32\dhcpcsvc6.DLL
0x00007ffba7410000 - 0x00007ffba742d000 	C:\Windows\SYSTEM32\dhcpcsvc.DLL
0x00007ffbaf9a0000 - 0x00007ffbafa6b000 	C:\Windows\SYSTEM32\DNSAPI.dll

dbghelp: loaded successfully - version: 4.0.5 - missing functions: none
symbol engine: initialized successfully - sym options: 0x614 - pdb path: .;C:\Program Files\Android\Android Studio\jre\bin;C:\Windows\SYSTEM32;C:\Windows\WinSxS\amd64_microsoft.windows.common-controls_6595b64144ccf1df_6.0.19041.488_none_ca04af081b815d21;C:\Program Files\Android\Android Studio\jre\bin\server;C:\Users\elaaf\.gradle\native\e1d6ef7f7dcc3fd88c89a11ec53ec762bb8ba0a96d01ffa2cd45eb1d1d8dd5c5\windows-amd64;C:\Users\elaaf\.gradle\native\0d407fdbe67a94daf76414ababcb853783967236a71b16ec16e742cd7a986fd3\windows-amd64

VM Arguments:
jvm_args: --add-opens=java.base/java.util=ALL-UNNAMED --add-opens=java.base/java.lang=ALL-UNNAMED --add-opens=java.base/java.lang.invoke=ALL-UNNAMED --add-opens=java.base/java.util=ALL-UNNAMED --add-opens=java.prefs/java.util.prefs=ALL-UNNAMED --add-opens=java.prefs/java.util.prefs=ALL-UNNAMED --add-opens=java.base/java.nio.charset=ALL-UNNAMED --add-opens=java.base/java.net=ALL-UNNAMED --add-opens=java.base/java.util.concurrent.atomic=ALL-UNNAMED -Xmx1536M -Dfile.encoding=windows-1256 -Duser.country=US -Duser.language=en -Duser.variant 
java_command: org.gradle.launcher.daemon.bootstrap.GradleDaemon 7.5
java_class_path (initial): C:\Users\elaaf\.gradle\wrapper\dists\gradle-7.5-all\6qsw290k5lz422uaf8jf6m7co\gradle-7.5\lib\gradle-launcher-7.5.jar
Launcher Type: SUN_STANDARD

[Global flags]
     intx CICompilerCount                          = 3                                         {product} {ergonomic}
     uint ConcGCThreads                            = 1                                         {product} {ergonomic}
     uint G1ConcRefinementThreads                  = 4                                         {product} {ergonomic}
   size_t G1HeapRegionSize                         = 1048576                                   {product} {ergonomic}
    uintx GCDrainStackTargetSize                   = 64                                        {product} {ergonomic}
   size_t InitialHeapSize                          = 134217728                                 {product} {ergonomic}
   size_t MarkStackSize                            = 4194304                                   {product} {ergonomic}
   size_t MaxHeapSize                              = 1610612736                                {product} {command line}
   size_t MaxNewSize                               = 965738496                                 {product} {ergonomic}
   size_t MinHeapDeltaBytes                        = 1048576                                   {product} {ergonomic}
    uintx NonNMethodCodeHeapSize                   = 5830732                                {pd product} {ergonomic}
    uintx NonProfiledCodeHeapSize                  = 122913754                              {pd product} {ergonomic}
    uintx ProfiledCodeHeapSize                     = 122913754                              {pd product} {ergonomic}
    uintx ReservedCodeCacheSize                    = 251658240                              {pd product} {ergonomic}
     bool SegmentedCodeCache                       = true                                      {product} {ergonomic}
     bool UseCompressedClassPointers               = true                                 {lp64_product} {ergonomic}
     bool UseCompressedOops                        = true                                 {lp64_product} {ergonomic}
     bool UseG1GC                                  = true                                      {product} {ergonomic}
     bool UseLargePagesIndividualAllocation        = false                                  {pd product} {ergonomic}

Logging:
Log output configuration:
 #0: stdout all=warning uptime,level,tags
 #1: stderr all=off uptime,level,tags

Environment Variables:
JAVA_HOME=C:\Program Files\Android\Android Studio\jre
CLASSPATH=E:\sham_prize\android\\gradle\wrapper\gradle-wrapper.jar
PATH=C:\Program Files\Android\Android Studio\jre\bin;C:\oraclexe\app\oracle\product\11.2.0\server\bin;C:\Program Files (x86)\VMware\VMware Workstation\bin\;C:\Program Files (x86)\Common Files\Oracle\Java\javapath;C:\Windows\system32;C:\Windows;C:\Windows\System32\Wbem;C:\Windows\System32\WindowsPowerShell\v1.0\;C:\Windows\System32\OpenSSH\;C:\Program Files\Git\cmd;C:\Program Files\dotnet\;C:\xampp\php;C:\Chrone;C:\Program Files (x86)\Microsoft Emulator Manager\1.0\;C:\Program Files\nodejs\;E:\App;C:\Program Files (x86)\Microsoft SQL Server\150\DTS\Binn\;C:\Program Files\Azure Data Studio\bin;C:\Program Files\Microsoft SQL Server\Client SDK\ODBC\170\Tools\Binn\;C:\Program Files (x86)\Microsoft SQL Server\150\Tools\Binn\;C:\Program Files\Microsoft SQL Server\150\Tools\Binn\;C:\Program Files\Microsoft SQL Server\150\DTS\Binn\;D:\apache-maven-3.9.6\bin;C:\ProgramData\anaconda3\Lib\site-packages\jupyter.py;C:\Users\elaaf\miniconda3;C:\Users\elaaf\miniconda3\Library\mingw-w64\bin;C:\Users\elaaf\miniconda3\Library\usr\bin;C:\Users\elaaf\miniconda3\Library\bin;C:\Users\elaaf\miniconda3\Scripts;C:\Users\elaaf\AppData\Local\Programs\Python\Python312\Scripts\;C:\Users\elaaf\AppData\Local\Programs\Python\Python312\;C:\Users\elaaf\AppData\Local\Programs\Python\Launcher\;C:\Users\elaaf\AppData\Local\Microsoft\WindowsApps;C:\Users\elaaf\AppData\Local\Programs\Microsoft VS Code\bin;D:\flutter\src\flutter\bin;C:\Program Files\Java\jdk1.8.0_241\bin;C:\Users\elaaf\AppData\Local\Android\Sdk\platform-tools;C:\Users\elaaf\AppData\Local\Android\Sdk\tools;C:\Users\elaaf\AppData\Local\Android\Sdk\build-tools\30.0.3\lib;C:\Program Files\Android\Android Studio1;C:\Program Files\Android\Android Studio1\bin;C:\Program Files\Android\Android Studio1\jre;E:\IntelliJ IDEA Community Edition 2022.2.3\bin;;C:\Users\elaaf\AppData\Roaming\Composer\vendor\bin;C:\Program Files\heroku\bin;C:\Users\elaaf\AppData\Roaming\npm;C:\Program Files\Azure Data Studio\bin;D:\apache-maven-3.9.6\bin;;C:\Program Files\JetB
USERNAME=elaaf
OS=Windows_NT
PROCESSOR_IDENTIFIER=Intel64 Family 6 Model 60 Stepping 3, GenuineIntel



---------------  S Y S T E M  ---------------

OS: Windows 10 , 64 bit Build 19041 (10.0.19041.546)
OS uptime: 6 days 20:40 hours

CPU:total 4 (initial active 4) (2 cores per cpu, 2 threads per core) family 6 model 60 stepping 3 microcode 0x27, cmov, cx8, fxsr, mmx, sse, sse2, sse3, ssse3, sse4.1, sse4.2, popcnt, avx, avx2, aes, clmul, erms, lzcnt, ht, tsc, tscinvbit, bmi1, bmi2, fma

Memory: 4k page, system-wide physical 8097M (179M free)
TotalPageFile size 26847M (AvailPageFile size 160M)
current process WorkingSet (physical memory assigned to process): 291M, peak: 301M
current process commit charge ("private bytes"): 332M, peak: 343M

vm_info: OpenJDK 64-Bit Server VM (11.0.13+0-b1751.21-8125866) for windows-amd64 JRE (11.0.13+0-b1751.21-8125866), built on Feb  2 2022 03:00:22 by "builder" with MS VC++ 14.0 (VS2015)

END.
